"../../../Engine/Content/EditorBlueprintResources/StandardMacros.uasset" 0
"../../../GameJam/Content/FirstPersonBP/Blueprints/KillZ.uasset" 1
"../../../GameJam/Content/material/stone.uasset" 2
"../../../Engine/Content/Functions/Engine_MaterialFunctions01/Opacity/CameraDepthFade.uasset" 3
"../../../Engine/Content/EngineMaterials/T_Default_Material_Grid_M.uasset" 4
"../../../Engine/Content/EngineMaterials/T_Default_Material_Grid_N.uasset" 5
"../../../Engine/Content/EngineMaterials/DefaultMaterial.uasset" 6
"../../../Engine/Content/BasicShapes/Sphere.uasset" 7
"../../../GameJam/Content/FirstPersonBP/Blueprints/RollingStone.uasset" 8
"../../../GameJam/Content/material/texture/sandrockNORMAL.uasset" 9
"../../../GameJam/Content/material/roughstone.uasset" 10
"../../../Engine/Content/EngineMaterials/WorldGridMaterial.uasset" 11
"../../../Engine/Content/BasicShapes/Cube.uasset" 12
"../../../GameJam/Content/FirstPersonBP/Blueprints/Door.uasset" 13
"../../../GameJam/Content/material/texture/stonefloor.uasset" 14
"../../../GameJam/Content/material/stonefloor.uasset" 15
"../../../GameJam/Content/FirstPersonBP/Blueprints/UtilityBox.uasset" 16
"../../../GameJam/Content/material/Redlight.uasset" 17
"../../../Engine/Content/BasicShapes/Cylinder.uasset" 18
"../../../GameJam/Content/FirstPersonBP/Blueprints/WhatDoesThisButtonDo.uasset" 19
"../../../GameJam/Content/FirstPersonBP/Blueprints/WhatKindofButtonisThis.uasset" 20
"../../../GameJam/Content/FirstPersonBP/Blueprints/ThisButton.uasset" 21
"../../../GameJam/Content/FirstPersonBP/Blueprints/Door2.uasset" 22
"../../../GameJam/Content/FirstPersonBP/Blueprints/ThisButton2.uasset" 23
"../../../GameJam/Content/FirstPersonBP/Blueprints/BacktrackWidget.uasset" 24
"../../../GameJam/Content/FirstPersonBP/Blueprints/FirstPersonCharacter.uasset" 25
"../../../Engine/Content/EngineSky/C_Sky_Cloud_Color.uasset" 26
"../../../Engine/Content/EngineSky/C_Sky_Horizon_Color.uasset" 27
"../../../Engine/Content/EngineSky/C_Sky_Zenith_Color.uasset" 28
"../../../Engine/Content/EngineSky/T_Sky_Blue.uasset" 29
"../../../Engine/Content/EngineSky/T_Sky_Clouds_M.uasset" 30
"../../../Engine/Content/EngineSky/T_Sky_Stars.uasset" 31
"../../../Engine/Content/EngineSky/SM_SkySphere.uasset" 32
"../../../Engine/Content/EngineSky/M_Sky_Panning_Clouds2.uasset" 33
"../../../Engine/Content/EngineSky/BP_Sky_Sphere.uasset" 34
"../../../GameJam/Content/FirstPersonBP/Blueprints/TextTrigger.uasset" 35
"../../../Engine/Content/EngineFonts/RobotoDistanceField.uasset" 36
"../../../Engine/Content/Functions/Engine_MaterialFunctions03/Procedurals/ComputeFilterWidth.uasset" 37
"../../../Engine/Content/EngineMaterials/AntiAliasedTextMaterialTranslucent.uasset" 38
"../../../GameJam/Content/Geometry/Meshes/CubeMaterial.uasset" 39
"../../../GameJam/Content/Geometry/Meshes/1M_Cube.uasset" 40
"../../../GameJam/Content/FirstPersonBP/Maps/FirstPersonExampleMap.umap" 41
"../../../GameJam/Content/Mesh/SM_Giant.uasset" 42
"../../../GameJam/Content/Mesh/SM_Giant_broken.uasset" 43
"../../../GameJam/Content/Mesh/SM_Giant_hand.uasset" 44
"../../../GameJam/Content/Maps/Level0.umap" 45
"../../../GameJam/Content/FirstPersonBP/Blueprints/KillStone.uasset" 46
"../../../GameJam/Content/FirstPersonBP/Blueprints/FirstPersonHUD.uasset" 47
"../../../GameJam/Content/FirstPersonBP/Blueprints/FirstPersonGameMode.uasset" 48
"../../../GameJam/Content/FirstPersonBP/Blueprints/WinWidget.uasset" 49
"../../../GameJam/Content/FirstPersonBP/Blueprints/WinBox.uasset" 50
"../../../Engine/Content/BasicShapes/BasicShapeMaterial.uasset" 51
"../../../GameJam/Content/material/cubelight.uasset" 52
"../../../GameJam/Content/material/cubelight2.uasset" 53
"../../../GameJam/Content/material/texture/snowgloss.uasset" 54
"../../../GameJam/Content/material/snow.uasset" 55
"../../../Engine/Content/EngineMaterials/DefaultPhysicalMaterial.uasset" 56
"../../../GameJam/Content/Mesh/snowcube.uasset" 57
"../../../GameJam/Content/AuditoryCheesecake_Beautide.uasset" 58
"../../../GameJam/Content/Music.uasset" 59
"../../../GameJam/Content/Particles/Materials/m_flare_01.uasset" 60
"../../../GameJam/Content/Particles/P_Debris.uasset" 61
"../../../GameJam/Content/Maps/Level0polish.umap" 62
"../../../GameJam/Content/FirstPersonBP/MM_Actor.uasset" 63
"../../../GameJam/Content/FirstPersonBP/MM_Widget.uasset" 64
"../../../GameJam/Content/FirstPersonBP/MainMenu.uasset" 65
"../../../GameJam/Content/material/texture/floored.uasset" 66
"../../../GameJam/Content/material/floor.uasset" 67
"../../../GameJam/Content/Maps/MainMenu.umap" 68
"../../../Engine/Content/EngineMaterials/DefaultDiffuse.uasset" 69
"../../../Engine/Content/EngineMaterials/DefaultNormal.uasset" 70
"../../../Engine/Content/Maps/Entry.umap" 71
"../../../Engine/Content/EditorResources/S_Actor.uasset" 72
"../../../Engine/Content/Maps/Templates/Thumbnails/Default.uasset" 73
"../../../Engine/Content/EditorMaterials/ParticleSystems/PSysThumbnail_NoImage.uasset" 74
"../../../Engine/Content/EditorMaterials/ParticleSystems/PSysThumbnail_OOD.uasset" 75
"../../../Engine/Content/EditorLandscapeResources/DataLayer.uasset" 76
"../../../Engine/Content/EngineFonts/Roboto.uasset" 77
"../../../Engine/Content/Functions/Engine_MaterialFunctions01/Shading/PowerToRoughness.uasset" 78
"../../../Engine/Content/EngineMaterials/DefaultDeferredDecalMaterial.uasset" 79
"../../../Engine/Content/EngineMaterials/DefaultLightFunctionMaterial.uasset" 80
"../../../Engine/Content/Functions/Engine_MaterialFunctions02/Utility/BreakOutFloat2Components.uasset" 81
"../../../Engine/Content/EngineMaterials/DefaultPostProcessMaterial.uasset" 82
"../../../Engine/Content/EngineResources/DefaultTexture.uasset" 83
"../../../Engine/Content/Functions/Engine_MaterialFunctions02/Texturing/ScreenAlignedUVs.uasset" 84
"../../../Engine/Content/EngineResources/WhiteSquareTexture.uasset" 85
"../../../Engine/Content/EngineMaterials/Widget3DPassThrough.uasset" 86
"../../../Engine/Content/EngineMaterials/Widget3DPassThrough_Translucent.uasset" 87
"../../../Engine/Content/EngineMaterials/Widget3DPassThrough_Translucent_OneSided.uasset" 88
"../../../Engine/Content/EngineMaterials/Widget3DPassThrough_Opaque.uasset" 89
"../../../Engine/Content/EngineMaterials/Widget3DPassThrough_Opaque_OneSided.uasset" 90
"../../../Engine/Content/EngineMaterials/Widget3DPassThrough_Masked.uasset" 91
"../../../Engine/Content/EngineMaterials/Widget3DPassThrough_Masked_OneSided.uasset" 92
"../../../Engine/Content/EngineDamageTypes/DmgTypeBP_Environmental.uasset" 93
"../../../Engine/Content/EngineMeshes/Sphere.uasset" 94
"../../../Engine/Content/EngineMaterials/DefaultTextMaterialOpaque.uasset" 95
"../../../Engine/Content/EditorResources/S_Trigger.uasset" 96
"../../../Engine/Content/EngineResources/GradientTexture0.uasset" 97
"../../../Engine/Content/EngineResources/Black.uasset" 98
"../../../Engine/Content/EditorMaterials/MatineeGroups/MAT_Groups_Float.uasset" 99
"../../../Engine/Content/EditorMaterials/MatineeGroups/MAT_Groups_Director.uasset" 100
"../../../Engine/Content/EditorMaterials/MatineeGroups/MAT_Groups_Event.uasset" 101
"../../../Engine/Content/EditorMaterials/MatineeGroups/MAT_Groups_Anim.uasset" 102
"../../../Engine/Content/EditorMaterials/MatineeGroups/MAT_Groups_Fade.uasset" 103
"../../../Engine/Content/EditorMaterials/MatineeGroups/MAT_Groups_Move.uasset" 104
"../../../Engine/Content/EditorMaterials/MatineeGroups/MAT_Groups_Slomo.uasset" 105
"../../../Engine/Content/EditorMaterials/MatineeGroups/MAT_ColorTrack.uasset" 106
"../../../Engine/Content/EditorMaterials/MAT_Groups_Toggle.uasset" 107
"../../../Engine/Content/EditorMaterials/MatineeGroups/MAT_Groups_AudioMaster.uasset" 108
"../../../Engine/Content/EditorMaterials/MatineeGroups/MAT_Groups_Sound.uasset" 109
"../../../Engine/Content/EditorMaterials/MatineeGroups/MAT_Groups_Vector.uasset" 110
"../../../Engine/Content/EditorMaterials/MAT_Groups_Visibility.uasset" 111
"../../../Engine/Content/EngineResources/DefaultTextureCube.uasset" 112
"../../../Engine/Content/EngineMeshes/Cylinder.uasset" 113
"../../../Engine/Content/EngineTireTypes/DefaultTireType.uasset" 114
"../../../Engine/Content/EngineResources/AICON-Red.uasset" 115
"../../../Engine/Content/EngineResources/AICON-Green.uasset" 116
"../../../Engine/Content/Tutorial/Basics/TutorialAssets/icon_tab_Levels_40x.uasset" 117
"../../../Engine/Content/Tutorial/Basics/LevelEditorOverview.uasset" 118
"../../../Engine/Content/Tutorial/Basics/LevelEditorAttract.uasset" 119
"../../../Engine/Content/Tutorial/ContentIntroCurve.uasset" 120
"../../../Engine/Plugins/2D/Paper2D/Content/PlaceholderTextures/DummySpriteTexture.uasset" 121
"../../../Engine/Plugins/2D/Paper2D/Content/DummySpriteTexture.uasset" 122
"../../../Engine/Plugins/2D/Paper2D/Content/DefaultSpriteMaterial.uasset" 123
"../../../Engine/Plugins/2D/Paper2D/Content/MaskedUnlitSpriteMaterial.uasset" 124
"../../../Engine/Plugins/2D/Paper2D/Content/OpaqueUnlitSpriteMaterial.uasset" 125
"../../../Engine/Plugins/2D/Paper2D/Content/DummySprite.uasset" 126
"../../../Engine/Plugins/2D/Paper2D/Content/DefaultPaperTerrainMaterial.uasset" 127
"../../../Engine/Plugins/Runtime/LeapMotionController/Content/LM_CapsuleMesh.uasset" 128
"../../../Engine/Plugins/Runtime/LeapMotionController/Content/LM_TorusMesh.uasset" 129
"../../../Engine/Plugins/Runtime/LeapMotionController/Content/LM_HandColor.uasset" 130
"../../../Engine/Plugins/Runtime/LeapMotionController/Content/LM_SampleDistortion.uasset" 131
"../../../Engine/Plugins/Runtime/LeapMotionController/Content/LM_TestTexture.uasset" 132
"../../../Engine/Plugins/Runtime/LeapMotionController/Content/LM_PassthroughMaterial.uasset" 133
"../../../Engine/Content/EngineMaterials/RemoveSurfaceMaterial.uasset" 134
"../../../Engine/Content/EngineDebugMaterials/DebugMeshMaterial.uasset" 135
"../../../Engine/Content/EngineMaterials/InvalidLightmapSettings.uasset" 136
"../../../Engine/Content/EngineMaterials/M_InvalidLightmapSettings.uasset" 137
"../../../Engine/Content/EditorMaterials/GizmoMaterial.uasset" 138
"../../../Engine/Content/EngineMaterials/Good64x64TilingNoiseHighFreq.uasset" 139
"../../../Engine/Content/EngineMaterials/DefaultBokeh.uasset" 140
"../../../Engine/Content/EngineMaterials/PreintegratedSkinBRDF.uasset" 141
"../../../Engine/Content/EngineMaterials/MiniFont.uasset" 142
"../../../Engine/Content/EngineMaterials/WeightMapPlaceholderTexture.uasset" 143
"../../../Engine/Content/EngineFonts/RobotoTiny.uasset" 144
"../../../GameJam/Content/Mesh/giant.uasset" 145
"../../../GameJam/Content/Particles/Materials/m_flare_02.uasset" 146
"../../../GameJam/Content/Particles/P_Test.uasset" 147
"../../../GameJam/Content/Textures/T_Burst_M.uasset" 148
"../../../GameJam/Content/Particles/Materials/M_Burst.uasset" 149
"../../../GameJam/Content/Textures/T_Dust_Particle_D.uasset" 150
"../../../GameJam/Content/Particles/Materials/M_Dust_Particle.uasset" 151
"../../../GameJam/Content/Textures/T_Explosion_SubUV.uasset" 152
"../../../GameJam/Content/Particles/Materials/M_explosion_subUV.uasset" 153
"../../../GameJam/Content/Textures/T_Fire_SubUV.uasset" 154
"../../../GameJam/Content/Textures/T_Fire_Tiled_D.uasset" 155
"../../../GameJam/Content/Particles/Materials/M_Fire_SubUV.uasset" 156
"../../../GameJam/Content/Textures/T_Water_N.uasset" 157
"../../../GameJam/Content/Particles/Materials/M_Heat_Distortion.uasset" 158
"../../../Engine/Content/Functions/Engine_MaterialFunctions01/Gradient/RadialGradient.uasset" 159
"../../../GameJam/Content/Particles/Materials/M_Radial_Gradient.uasset" 160
"../../../GameJam/Content/Particles/Materials/M_radial_ramp.uasset" 161
"../../../GameJam/Content/Textures/T_Smoke_SubUV.uasset" 162
"../../../GameJam/Content/Textures/T_Smoke_Tiled_D.uasset" 163
"../../../GameJam/Content/Particles/Materials/M_smoke_subUV.uasset" 164
"../../../GameJam/Content/Textures/T_Spark_Core.uasset" 165
"../../../GameJam/Content/Particles/Materials/M_Spark.uasset" 166
"../../../Engine/Content/MobileResources/T_MobileControls_texture.uasset" 167
"../../../Engine/Content/MobileResources/HUD/AnalogHat.uasset" 168
"../../../Engine/Content/MobileResources/HUD/VirtualJoystick_Background.uasset" 169
"../../../Engine/Content/MobileResources/HUD/VirtualJoystick_Thumb.uasset" 170
"../../../Engine/Content/MobileResources/HUD/DefaultVirtualJoysticks.uasset" 171
"../../../Engine/Content/MobileResources/HUD/MobileHUDButton2_off.uasset" 172
"../../../Engine/Content/MobileResources/HUD/MobileHUDDirectionPad2.uasset" 173
"../../../Engine/Content/MobileResources/HUD/T_Castle_ThumbstickInner.uasset" 174
"../../../GameJam/Content/FirstPersonBP/Blueprints/Button.uasset" 175
"../../../GameJam/Content/FirstPersonBP/Blueprints/Box.uasset" 176
"../../../GameJam/Content/FirstPersonBP/FirstPersonOverview.uasset" 177
"../../../GameJam/Content/MovingLight.uasset" 178
"../../../Engine/Content/MobileResources/HUD/MobileHUDButton1_on.uasset" 179
"../../../Engine/Content/MobileResources/HUD/LeftVirtualJoystickOnly.uasset" 180
"../../../Engine/Content/MobileResources/T_MobileMenu2.uasset" 181
"../../../GameJam/Content/FirstPersonBP/Blueprints/RedBUtton.uasset" 182
"../../../GameJam/Content/FirstPersonBP/Blueprints/InvisiblePlatform.uasset" 183
"../../../GameJam/Content/FirstPersonBP/Blueprints/GreenDoor.uasset" 184
"../../../GameJam/Content/FirstPerson/Meshes/BaseMaterial.uasset" 185
"../../../GameJam/Content/FirstPerson/Meshes/FirstPersonProjectileMaterial.uasset" 186
"../../../GameJam/Content/FirstPerson/Meshes/FirstPersonProjectileMesh.uasset" 187
"../../../GameJam/Content/FirstPersonBP/Blueprints/FirstPersonProjectile.uasset" 188
"../../../Engine/Content/MobileResources/HUD/T_Castle_ThumbstickOutter.uasset" 189
"../../../Engine/Content/MobileResources/HUD/MobileHUDDirectionPad.uasset" 190
"../../../Engine/Content/EditorResources/EmptyActor.uasset" 191
"../../../Engine/Content/EditorResources/AudioIcons/S_AudioComponent_AutoActivate.uasset" 192
"../../../GameJam/Content/material/glow.uasset" 193
"../../../GameJam/Content/Geometry/Meshes/TemplateFloor.uasset" 194
"../../../GameJam/Content/Geometry/Meshes/1M_Cube_Chamfer.uasset" 195
"../../../Engine/Content/MobileResources/HUD/MobileHUDDirectionStick.uasset" 196
"../../../Engine/Content/MobileResources/HUD/MobileHUDButton3.uasset" 197
"../../../Engine/Content/EditorResources/LightIcons/S_LightError.uasset" 198
"../../../GameJam/Content/material/sandrockNORMAL.uasset" 199
"../../../Engine/Content/MobileResources/HUD/MobileHUDDirectionPad3.uasset" 200
"../../../Engine/Content/MobileResources/HUD/MobileHUDButtonFire.uasset" 201
"../../../Engine/Content/MobileResources/HUD/MobileHUDButton1_off.uasset" 202
"../../../Engine/Content/MobileResources/HUD/MobileHUDButton2_on.uasset" 203
"../../../Engine/Content/EditorMaterials/PhAT_JointLimitMaterial.uasset" 204
"../../../Engine/Content/EditorMaterials/PreviewShadowIndicator.uasset" 205
"../../../Engine/Content/EditorMaterials/PreviewShadowIndicatorMaterial.uasset" 206
"../../../Engine/Content/EditorMeshes/ColorCalibrator/M_ChromeBall.uasset" 207
"../../../Engine/Content/EditorMeshes/ColorCalibrator/M_ClearCoat.uasset" 208
"../../../Engine/Content/EditorMeshes/ColorCalibrator/M_ClearCoatBlack.uasset" 209
"../../../Engine/Content/EditorMeshes/ColorCalibrator/T_ColorGrid.uasset" 210
"../../../Engine/Content/EditorMeshes/ColorCalibrator/M_ColorGrid.uasset" 211
"../../../Engine/Content/EditorMeshes/ColorCalibrator/M_GreyBall.uasset" 212
"../../../Engine/Content/EditorMeshes/ColorCalibrator/SM_ColorCalibrator.uasset" 213
"../../../Engine/Content/EditorResources/BSPVertex.uasset" 214
"../../../Engine/Content/EngineDebugMaterials/HeatmapGradient.uasset" 215
"../../../Engine/Content/EngineDebugMaterials/BoneWeightMaterial.uasset" 216
"../../../Engine/Content/EngineDebugMaterials/GeomMaterial.uasset" 217
"../../../Engine/Content/Functions/Engine_MaterialFunctions01/Shading/ConvertFromDiffSpec.uasset" 218
"../../../Engine/Content/EngineDebugMaterials/LevelColorationLitMaterial.uasset" 219
"../../../Engine/Content/EngineDebugMaterials/LevelColorationUnlitMaterial.uasset" 220
"../../../Engine/Content/EngineMaterials/DefaultWhiteGrid.uasset" 221
"../../../Engine/Content/EngineDebugMaterials/MAT_LevelColorationLitLightmapUV.uasset" 222
"../../../Engine/Content/EngineDebugMaterials/ShadedLevelColorationLitMaterial.uasset" 223
"../../../Engine/Content/EngineDebugMaterials/ShadedLevelColorationUnlitMateri.uasset" 224
"../../../Engine/Content/EngineDebugMaterials/VertexColorMaterial.uasset" 225
"../../../Engine/Content/EngineDebugMaterials/VertexColorViewMode_AlphaAsColor.uasset" 226
"../../../Engine/Content/EngineDebugMaterials/VertexColorViewMode_BlueOnly.uasset" 227
"../../../Engine/Content/EngineDebugMaterials/VertexColorViewMode_ColorOnly.uasset" 228
"../../../Engine/Content/EngineDebugMaterials/VertexColorViewMode_GreenOnly.uasset" 229
"../../../Engine/Content/EngineDebugMaterials/VertexColorViewMode_RedOnly.uasset" 230
"../../../Engine/Content/EngineDebugMaterials/WireframeMaterial.uasset" 231
"../../../Engine/Content/EngineMaterials/EditorBrushMaterial.uasset" 232
"../../../Engine/Content/Tutorial/BlueprintTutorials/TutorialAssets/Blueprint_64x.uasset" 233
"../../../Engine/Content/Tutorial/BlueprintTutorials/BlueprintEditorTutorial.uasset" 234
"../../../Engine/Content/Tutorial/BlueprintTutorials/TutorialAssets/BlueprintInterface_64x.uasset" 235
"../../../Engine/Content/Tutorial/BlueprintTutorials/TutorialAssets/Tutorial_BP_Interface.uasset" 236
"../../../Engine/Content/Tutorial/BlueprintTutorials/BlueprintInterfacesEditorOverview.uasset" 237
"../../../Engine/Content/Tutorial/BlueprintTutorials/TutorialAssets/BlueprintMacroLibrary_64x.uasset" 238
"../../../Engine/Content/Tutorial/BlueprintTutorials/TutorialAssets/Tutorial_BP_MacroLib.uasset" 239
"../../../Engine/Content/Tutorial/BlueprintTutorials/BlueprintMacroLibrariesEditorOverview.uasset" 240
"../../../Engine/Content/Tutorial/BlueprintTutorials/LevelBlueprintEditorOverview.uasset" 241
"../../../Engine/Content/Tutorial/Foliage/TutorialAssets/Foliage.uasset" 242
"../../../Engine/Content/Tutorial/Foliage/Foliage_Settings_Tutorial.uasset" 243
"../../../Engine/Content/Tutorial/Foliage/Foliage_Using_The_Tool_Tutorial.uasset" 244
"../../../Engine/Content/Tutorial/Foliage/Foliage_Intro_Tutorial.uasset" 245
"../../../Engine/Content/Tutorial/Landscape/TutorialAssets/Landscape.uasset" 246
"../../../Engine/Content/Tutorial/Landscape/Landscape_Painting_Mode.uasset" 247
"../../../Engine/Content/Tutorial/Landscape/Landscape_Sculpt_Mode.uasset" 248
"../../../Engine/Content/Tutorial/Landscape/Landscape_Manage_Mode.uasset" 249
"../../../Engine/Content/Tutorial/Paper2D/TutorialAssets/Paper2DFlipbook_TutorialIcon.uasset" 250
"../../../Engine/Content/Tutorial/Paper2D/FlipbookEditorTutorial.uasset" 251
"../../../Engine/Content/Tutorial/Paper2D/TutorialAssets/Paper2DSprite_TutorialIcon.uasset" 252
"../../../Engine/Content/Tutorial/Paper2D/SpriteEditorTutorial.uasset" 253
"../../../Engine/Content/EditorMeshes/EditorCube.uasset" 254
"../../../Engine/Content/Tutorial/SubEditors/TutorialAssets/Tutorial_DM.uasset" 255
"../../../Engine/Content/Tutorial/SubEditors/DestructibleMeshEditorTutorial.uasset" 256
"../../../Engine/Content/Tutorial/SubEditors/TutorialAssets/TutorialMaterial.uasset" 257
"../../../Engine/Content/Tutorial/SubEditors/MaterialEditorTutorial.uasset" 258
"../../../Engine/Content/Tutorial/SubEditors/TutorialAssets/T_SmokeSubUV_8X8.uasset" 259
"../../../Engine/Content/Tutorial/SubEditors/TutorialAssets/T_soft_smoke.uasset" 260
"../../../Engine/Content/Tutorial/SubEditors/TutorialAssets/M_smoke_subUV_blackbody.uasset" 261
"../../../Engine/Content/Tutorial/SubEditors/TutorialAssets/TutorialParticleSystem.uasset" 262
"../../../Engine/Content/Tutorial/SubEditors/ParticleSystemEditorTutorial.uasset" 263
"../../../Engine/Content/Tutorial/SubEditors/TutorialAssets/icon_ShowSkeletalMeshes_40x.uasset" 264
"../../../Engine/Content/Tutorial/SubEditors/TutorialAssets/Character/TutorialTPP_Mat.uasset" 265
"../../../Engine/Content/Tutorial/SubEditors/TutorialAssets/Character/TutorialTPP_PhysicsAsset.uasset" 266
"../../../Engine/Content/Tutorial/SubEditors/TutorialAssets/Character/TutorialTPP.uasset" 267
"../../../Engine/Content/Tutorial/SubEditors/TutorialAssets/Character/TutorialTPP_Skeleton.uasset" 268
"../../../Engine/Content/Tutorial/SubEditors/TutorialAssets/Character/Tutorial_Idle.uasset" 269
"../../../Engine/Content/Tutorial/SubEditors/TutorialAssets/Character/Tutorial_Walk_Fwd.uasset" 270
"../../../Engine/Content/Tutorial/SubEditors/TutorialAssets/Character/NewBlendSpace1D.uasset" 271
"../../../Engine/Content/Tutorial/SubEditors/TutorialAssets/Character/TutorialCharacter.uasset" 272
"../../../Engine/Content/Tutorial/SubEditors/TutorialAssets/Character/TutorialTPP_AnimBlueprint.uasset" 273
"../../../Engine/Content/Tutorial/SubEditors/PersonaAnimBlueprintEditorWalkthrough.uasset" 274
"../../../Engine/Content/Tutorial/SubEditors/PersonaAnimEditorWalkthrough.uasset" 275
"../../../Engine/Content/Tutorial/SubEditors/PersonaAnimEditorTutorial.uasset" 276
"../../../Engine/Content/EngineMeshes/Cube.uasset" 277
"../../../Engine/Content/Tutorial/SubEditors/StaticMeshEditorTutorial.uasset" 278
"../../../Engine/Content/Tutorial/SubEditors/TutorialAssets/icon_Editor_Preferences_General_40x.uasset" 279
