[2016.01.10-15.17.07:147][  0]Log file open, 01/10/16 23:17:07
[2016.01.10-15.17.07:147][  0]LogInit:Display: Running engine for game: GameJam
[2016.01.10-15.17.07:147][  0]LogInit:Display: RandInit(83825926) SRandInit(83825926).
[2016.01.10-15.17.07:147][  0]LogTaskGraph: Started task graph with 4 named threads and 7 total threads.
[2016.01.10-15.17.07:147][  0]LogStats: Stats thread started at 0.065841
[2016.01.10-15.17.07:147][  0]LogInit: Version: 4.9.2-2707645+++depot+UE4-Releases+4.9
[2016.01.10-15.17.07:147][  0]LogInit: API Version: 2672455
[2016.01.10-15.17.07:147][  0]LogInit: Compiled (64-bit): Sep 28 2015 10:25:44
[2016.01.10-15.17.07:147][  0]LogInit: Compiled with Visual C++: 18.00.21005.01
[2016.01.10-15.17.07:147][  0]LogInit: Build Configuration: Development
[2016.01.10-15.17.07:147][  0]LogInit: Branch Name: ++depot+UE4-Releases+4.9
[2016.01.10-15.17.07:147][  0]LogInit: Command line:  
[2016.01.10-15.17.07:147][  0]LogInit: Base directory: D:/program/ue4/Epic Games/4.9/Engine/Binaries/Win64/
[2016.01.10-15.17.07:147][  0]LogInit: Rocket: 1
[2016.01.10-15.17.07:219][  0]LogInit: Using libcurl 7.41.0
[2016.01.10-15.17.07:219][  0]LogInit:  - built for x86_64-pc-win32
[2016.01.10-15.17.07:219][  0]LogInit:  - supports SSL with WinSSL
[2016.01.10-15.17.07:219][  0]LogInit:  - other features:
[2016.01.10-15.17.07:219][  0]LogInit:      CURL_VERSION_SSL
[2016.01.10-15.17.07:219][  0]LogInit:      CURL_VERSION_IPV6
[2016.01.10-15.17.07:219][  0]LogInit:      CURL_VERSION_ASYNCHDNS
[2016.01.10-15.17.07:219][  0]LogInit:      CURL_VERSION_LARGEFILE
[2016.01.10-15.17.07:219][  0]LogInit:      CURL_VERSION_IDN
[2016.01.10-15.17.07:219][  0]LogInit:  CurlRequestOptions (configurable via config and command line):
[2016.01.10-15.17.07:219][  0]LogInit:  - bVerifyPeer = true  - Libcurl will verify peer certificate
[2016.01.10-15.17.07:219][  0]LogInit:  - bUseHttpProxy = false  - Libcurl will NOT use HTTP proxy
[2016.01.10-15.17.07:219][  0]LogInit:  - bDontReuseConnections = false  - Libcurl will reuse connections
[2016.01.10-15.17.07:219][  0]LogInit:  - CertBundlePath = nullptr  - Libcurl will use whatever was configured at build time.
[2016.01.10-15.17.07:228][  0]LogInit: Presizing for 0 objects not considered by GC, pre-allocating 0 bytes.
[2016.01.10-15.17.07:240][  0]LogInit: Object subsystem initialized
[2016.01.10-15.17.07:242][  0]LogInit: Selected Device Profile: [Windows]
[2016.01.10-15.17.07:242][  0]LogInit: Applying CVar settings loaded from the selected device profile: [Windows]
[2016.01.10-15.17.07:250][  0]LogInit: Computer: ADMIN
[2016.01.10-15.17.07:250][  0]LogInit: User: user
[2016.01.10-15.17.07:250][  0]LogInit: CPU Page size=4096, Cores=4
[2016.01.10-15.17.07:250][  0]LogInit: High frequency timer resolution =3.515637 MHz
[2016.01.10-15.17.07:250][  0]LogMemory: Memory total: Physical=8.0GB (8GB approx)
[2016.01.10-15.17.07:250][  0]LogMemory: Platform Memory Stats for Windows
[2016.01.10-15.17.07:250][  0]LogMemory: Process Physical Memory: 51.87 MB used, 51.87 MB peak
[2016.01.10-15.17.07:250][  0]LogMemory: Process Virtual Memory: 56.84 MB used, 56.84 MB peak
[2016.01.10-15.17.07:250][  0]LogMemory: Physical Memory: 5647.47 MB used, 8141.13 MB total
[2016.01.10-15.17.07:250][  0]LogMemory: Virtual Memory: 345.18 MB used, 134217728.00 MB total
[2016.01.10-15.17.07:278][  0]LogTextLocalizationManager: No specific translations for ('en-GB') exist, so ('en') translations will be used.
[2016.01.10-15.17.07:865][  0]LogD3D11RHI: Found D3D11 adapter 0: NVIDIA GeForce GTX 750 Ti (Feature Level 11_0)
[2016.01.10-15.17.07:865][  0]LogD3D11RHI: Adapter has 1988MB of dedicated video memory, 0MB of dedicated system memory, and 2048MB of shared system memory, 1 output[s]
[2016.01.10-15.17.07:866][  0]LogD3D11RHI: Found D3D11 adapter 1: Microsoft Basic Render Driver (Feature Level 11_0)
[2016.01.10-15.17.07:866][  0]LogD3D11RHI: Adapter has 0MB of dedicated video memory, 0MB of dedicated system memory, and 256MB of shared system memory, 0 output[s]
[2016.01.10-15.17.07:866][  0]LogD3D11RHI: Chosen D3D11 Adapter Id = 0
[2016.01.10-15.17.07:869][  0]LogD3D11RHI: !Direct3DDevice
[2016.01.10-15.17.07:869][  0]LogRHI: Texture pool is 1361 MB (70% of 1945 MB)
[2016.01.10-15.17.07:876][  0]LogD3D11RHI: Async texture creation enabled
[2016.01.10-15.17.08:269][  0]LogShaderCompilers: Guid format shader working directory is 15 characters bigger than the processId version (../../../../../../../WORK/gamejam/Intermediate/Shaders/WorkingDirectory/7752/).
[2016.01.10-15.17.08:269][  0]LogShaderCompilers: Cleaned the shader compiler working directory '../../../../../../../WORK/gamejam/Intermediate/Shaders/tmp/F51EDB904026D9C161876D96EF4D79AB/'.
[2016.01.10-15.17.08:269][  0]LogShaderCompilers:Display: Using Local Shader Compiler.
[2016.01.10-15.17.10:001][  0]LogTemp:Display: Loaded TP AllDesktopTargetPlatform
[2016.01.10-15.17.10:004][  0]LogTemp:Display: Loaded TP WindowsClientTargetPlatform
[2016.01.10-15.17.10:007][  0]LogTemp:Display: Loaded TP WindowsNoEditorTargetPlatform
[2016.01.10-15.17.10:010][  0]LogTemp:Display: Loaded TP WindowsServerTargetPlatform
[2016.01.10-15.17.10:013][  0]LogTemp:Display: Loaded TP WindowsTargetPlatform
[2016.01.10-15.17.10:016][  0]LogTemp:Display: Loaded TP AndroidTargetPlatform
[2016.01.10-15.17.10:018][  0]LogTemp:Display: Loaded TP Android_ASTCTargetPlatform
[2016.01.10-15.17.10:020][  0]LogTemp:Display: Loaded TP Android_ATCTargetPlatform
[2016.01.10-15.17.10:022][  0]LogTemp:Display: Loaded TP Android_DXTTargetPlatform
[2016.01.10-15.17.10:024][  0]LogTemp:Display: Loaded TP Android_ETC1TargetPlatform
[2016.01.10-15.17.10:027][  0]LogTemp:Display: Loaded TP Android_ETC2TargetPlatform
[2016.01.10-15.17.10:029][  0]LogTemp:Display: Loaded TP Android_PVRTCTargetPlatform
[2016.01.10-15.17.10:029][  0]LogTemp:Display: Loaded TP HTML5TargetPlatform
[2016.01.10-15.17.10:044][  0]LogTemp:Display: Loaded TP IOSTargetPlatform
[2016.01.10-15.17.10:046][  0]LogTemp:Display: Loaded TP LinuxNoEditorTargetPlatform
[2016.01.10-15.17.10:048][  0]LogTemp:Display: Loaded TP LinuxServerTargetPlatform
[2016.01.10-15.17.10:051][  0]LogTemp:Display: Loaded TP LinuxTargetPlatform
[2016.01.10-15.17.10:051][  0]LogTargetPlatformManager:Display: Building Assets For Windows
[2016.01.10-15.17.10:097][  0]LogDerivedDataCache:Display: Max Cache Size: 512 MB
[2016.01.10-15.17.10:569][  0]LogDerivedDataCache: Loaded boot cache 0.46s 41MB C:/Users/user/AppData/Local/UnrealEngine/4.9/DerivedDataCache/Boot.ddc.
[2016.01.10-15.17.10:570][  0]LogDerivedDataCache:Display: Loaded Boot cache: C:/Users/user/AppData/Local/UnrealEngine/4.9/DerivedDataCache/Boot.ddc
[2016.01.10-15.17.10:570][  0]LogDerivedDataCache: FDerivedDataBackendGraph:  Pak pak cache file ../../../../../../../WORK/gamejam/DerivedDataCache/DDC.ddp not found, will not use a pak cache.
[2016.01.10-15.17.10:570][  0]LogDerivedDataCache: Unable to find inner node Pak for hierarchical cache Hierarchy.
[2016.01.10-15.17.10:570][  0]LogDerivedDataCache: FDerivedDataBackendGraph:  CompressedPak pak cache file ../../../../../../../WORK/gamejam/DerivedDataCache/Compressed.ddp not found, will not use a pak cache.
[2016.01.10-15.17.10:570][  0]LogDerivedDataCache: Unable to find inner node CompressedPak for hierarchical cache Hierarchy.
[2016.01.10-15.17.10:725][  0]LogDerivedDataCache:Display: Pak cache opened for reading ../../../Engine/DerivedDataCache/Compressed.ddp.
[2016.01.10-15.17.10:737][  0]LogDerivedDataCache: Using Local data cache path C:/Users/user/AppData/Local/UnrealEngine/Common/DerivedDataCache: Writable
[2016.01.10-15.17.17:486][  0]LogInit: Selected Device Profile: [Windows]
[2016.01.10-15.17.17:546][  0]LogContentStreaming: Texture pool size is 0.000000MB
[2016.01.10-15.17.18:976][  0]LogMeshUtilities: No automatic mesh reduction module available
[2016.01.10-15.17.18:976][  0]LogMeshUtilities: No automatic mesh merging module available
[2016.01.10-15.17.22:322][  0]LogInit: WinSock: version 1.1 (2.2), MaxSocks=32767, MaxUdp=65467
[2016.01.10-15.17.55:375][  0]UdpMessaging: Initializing bridge on interface 0.0.0.0:0 to multicast group 230.0.0.1:6666.
[2016.01.10-15.17.56:021][  0]LogAssetRegistry: FAssetRegistry took 0.0141 seconds to start up
[2016.01.10-15.17.59:447][  0]SourceControl: Info Source control is disabled
[2016.01.10-15.17.59:516][  0]SourceControl: Info Source control is disabled
[2016.01.10-15.17.59:670][  0]SourceControl: Info Source control is disabled
[2016.01.10-15.17.59:825][  0]SourceControl: Info Source control is disabled
[2016.01.10-15.18.00:715][  0]LogLinker:Warning: Asset '../../../Engine/Plugins/Runtime/LeapMotionController/Content/LM_PassthroughMaterial.uasset' has been saved with empty engine version. The asset will be loaded but may be incompatible.
[2016.01.10-15.18.01:168][  0]LogObj: 28361 objects as part of root set at end of initial load.
[2016.01.10-15.18.01:168][  0]LogUObjectAllocator: 6038872 out of 0 bytes used by permanent object pool.
[2016.01.10-15.18.01:841][  0]LogEngine: Initializing Engine...
[2016.01.10-15.18.01:871][  0]LogHMD: Can't find Oculus library dev build: is proper Runtime installed? Version: 0.7.0.0
[2016.01.10-15.18.02:223][  0]LogHMD: SteamVR failed to initialize.  Err: 108
[2016.01.10-15.18.03:186][  0]LogAIModule: Creating AISystem for world NewWorld
[2016.01.10-15.18.03:326][  0]LogInit: XAudio2 using 'Headphones (S)"%2i! R!7 r)sm %!d3et)' : 2 channels at 44.1 kHz using 16 bits per sample (channel mask 0x3)
[2016.01.10-15.18.03:354][  0]LogInit: FAudioDevice initialized.
[2016.01.10-15.18.03:378][  0]LogDerivedDataCache: Saved boot cache 0.02s 41MB C:/Users/user/AppData/Local/UnrealEngine/4.9/DerivedDataCache/Boot.ddc.
[2016.01.10-15.18.03:385][  0]LogInit: Texture streaming: Enabled
[2016.01.10-15.18.03:527][  0]LogAnalytics: Creating configured Analytics provider AnalyticsET
[2016.01.10-15.18.03:527][  0]LogAnalytics: [UEEditor.Rocket.Release] APIServer = http://et2.epicgames.com/ET2/. AppVersion = 4.9.2-2707645+++depot+UE4-Releases+4.9
[2016.01.10-15.18.03:527][  0]LogAnalytics: [UEEditor.Rocket.Release] SetUserId 063ef5e840611d3826e0a3a0a7689965|bdf101df1db24ab0b29feb25013572ab|508531e8-b6df-41a8-944b-227a8d127274
[2016.01.10-15.18.03:540][  0]LogAnalytics: [UEEditor.Rocket.Release] AnalyticsET::StartSession
[2016.01.10-15.18.03:867][  0]LogInit: Transaction tracking system initialized
[2016.01.10-15.18.05:301][  0]BlueprintLog: New page: Editor Load
[2016.01.10-15.18.11:304][  0]LocalizationService: Info Localization service is disabled
[2016.01.10-15.18.12:761][  0]LogConsoleResponse:Display: 
[2016.01.10-15.18.17:241][  0]LogFileCache: Scanning file cache for directory 'D:/WORK/gamejam/Content/' took 0.05s
[2016.01.10-15.18.17:241][  0]LogCook:Display: Done creating registry. It took  0.00s.
[2016.01.10-15.18.19:192][  0]SourceControl: Info Source control is disabled
[2016.01.10-15.18.19:247][  0]Cmd: MAP LOAD FILE="../../../../../../../WORK/gamejam/Content/Maps/Level0polish.umap" TEMPLATE=0 SHOWPROGRESS=1 FEATURELEVEL=3
[2016.01.10-15.18.19:359][  0]LightingResults: New page: Lighting Build
[2016.01.10-15.18.19:387][  0]MapCheck: New page: Map Check
[2016.01.10-15.18.19:387][  0]LightingResults: New page: Lighting Build
[2016.01.10-15.18.19:517][  0]LogParticles: Destroying 0 GPU particle simulations for FXSystem 0x0000004956105D00
[2016.01.10-15.18.32:679][  0]LogAIModule: Creating AISystem for world Level0polish
[2016.01.10-15.18.36:292][  0]LogEditorServer: Finished looking for orphan Actors (0.000 secs)
[2016.01.10-15.18.36:339][  0]Cmd: MAP CHECKDEP NOCLEARLOG
[2016.01.10-15.18.36:397][  0]MapCheck: Info Map check complete: 0 Error(s), 0 Warning(s), took 58.827ms to complete.
[2016.01.10-15.18.36:408][  0]LogFileHelpers: Loading map 'Level0polish' took 17.169
[2016.01.10-15.18.37:415][  0]LogCollectionManager: Loaded 0 collections in 0.003293 seconds
[2016.01.10-15.18.37:496][  0]LogFileCache: Scanning file cache for directory 'D:/WORK/gamejam/Saved/Collections/' took 0.01s
[2016.01.10-15.18.37:496][  0]LogFileCache: Scanning file cache for directory 'D:/WORK/gamejam/Content/Developers/user/Collections/' took 0.01s
[2016.01.10-15.18.37:496][  0]LogFileCache: Scanning file cache for directory 'D:/WORK/gamejam/Content/Collections/' took 0.01s
[2016.01.10-15.18.37:496][  0]LogContentBrowser: Native class hierarchy populated in 0.0167 seconds. Added 1867 classes and 333 folders.
[2016.01.10-15.18.37:556][  0]LogCollectionManager: Rebuilt the GUID cache for 0 collections in 0.000003 seconds
[2016.01.10-15.18.37:627][  0]LogContentBrowser: Native class hierarchy updated for 'WidgetCarousel' in 0.0003 seconds. Added 0 classes and 0 folders.
[2016.01.10-15.18.38:642][  0]LogContentBrowser: Native class hierarchy updated for 'AddContentDialog' in 0.0005 seconds. Added 0 classes and 0 folders.
[2016.01.10-15.18.39:101][  0]LogContentBrowser: Native class hierarchy updated for 'SceneOutliner' in 0.0003 seconds. Added 1 classes and 2 folders.
[2016.01.10-15.18.39:391][  0]LogCrashTracker: Crashtracker disabled due to settings.
[2016.01.10-15.18.39:478][  0]LogUObjectGlobals:Warning: Failed to find object 'Class None.'
[2016.01.10-15.18.39:529][  0]LogLoad: Full Startup: 93.01 seconds (BP compile: 0.75 seconds)
[2016.01.10-15.18.39:869][  0]LoadErrors:Error: Error /Game/Maps/Level0polish : Failed import for CurveFloat /Game/FirstPersonBP/Blueprints/Door2.Door2_C:CurveFloat_0__256DA8D9
[2016.01.10-15.18.39:869][  0]LoadErrors:Error: Error /Game/Maps/Level0polish : Failed import for CurveFloat /Game/FirstPersonBP/Blueprints/ThisButton2.ThisButton2_C:CurveFloat_0_1_2_3__B219A375__B6BB1B11
[2016.01.10-15.18.39:869][  0]LoadErrors:Error: Error /Game/Maps/Level0polish : Failed import for CurveFloat /Game/FirstPersonBP/Blueprints/ThisButton2.ThisButton2_C:CurveFloat_0_1__71EEED09__79CD0ECA
[2016.01.10-15.18.39:869][  0]LoadErrors:Error: Error /Game/Maps/Level0polish : Failed import for CurveFloat /Game/FirstPersonBP/Blueprints/ThisButton2.ThisButton2_C:CurveFloat_0__256DA8D9
[2016.01.10-15.18.40:384][  0]LogContentStreaming: Texture pool size now 400 MB
[2016.01.10-15.18.41:385][  0]LogRenderer: Reallocating scene render targets to support 744x632 (Frame:2).
[2016.01.10-15.18.41:831][  1]Cmd: UpdateLandscapeEditorData -warnings
[2016.01.10-15.18.42:002][  1]LogFileCache: Retrieving MD5 hashes for directory 'D:/WORK/gamejam/Content/' took 2.12s
[2016.01.10-15.18.46:015][ 13]LogAssetRegistry: Asset discovery search completed in 50.0068 seconds
[2016.01.10-15.18.46:015][ 13]LogCollectionManager: Rebuilt the object cache for 0 collections in 0.000001 seconds (found 0 objects)
[2016.01.10-15.18.46:015][ 13]LogCollectionManager: Fixed up redirectors for 0 collections in 0.000063 seconds (updated 0 objects)
[2016.01.10-15.18.46:427][ 14]AssetReimport: New page: Outstanding source content changes 07:18:46
[2016.01.10-15.18.46:495][ 14]LogFactory: FactoryCreateBinary: Texture with ReimportTextureFactory (0 0 D:/WORK/gamejam/Content/texture/rockpillar/pillar_DefaultMaterial_BaseColor.tga)
[2016.01.10-15.18.47:272][ 15]LogFactory: FactoryCreateBinary: Texture with ReimportTextureFactory (0 0 D:/WORK/gamejam/Content/texture/rockpillar/pillar_DefaultMaterial_Normal.tga)
[2016.01.10-15.18.47:611][ 16]LogFactory: FactoryCreateBinary: Texture with ReimportTextureFactory (0 0 D:/WORK/gamejam/Content/texture/rockpillar/pillar_DefaultMaterial_RoughnessMetallic.tga)
[2016.01.10-15.18.48:435][ 17]LogSavePackage: Save=156.697922ms
[2016.01.10-15.18.48:435][ 17]LogSavePackage: Moving '../../../../../../../WORK/gamejam/Saved/pillar_DefaultMaterial_BaseColor6083E214418DCAD0F6449390B8A1BD16.tmp' to '../../../../../../../WORK/gamejam/Content/texture/rockpillar/pillar_DefaultMaterial_BaseColor.uasset'
[2016.01.10-15.18.48:436][ 17]LogSavePackage: Total save time: 180.615347ms
[2016.01.10-15.18.48:436][ 17]LogSavePackage:Warning: Finished SavePackage ../../../../../../../WORK/gamejam/Content/texture/rockpillar/pillar_DefaultMaterial_BaseColor.uasset
[2016.01.10-15.18.48:505][ 17]Cmd: OBJ SAVEPACKAGE PACKAGE="/Game/texture/rockpillar/pillar_DefaultMaterial_Normal" FILE="../../../../../../../WORK/gamejam/Content/texture/rockpillar/pillar_DefaultMaterial_Normal.uasset" SILENT=true
[2016.01.10-15.18.48:641][ 17]LogSavePackage: Save=133.721710ms
[2016.01.10-15.18.48:641][ 17]LogSavePackage: Moving '../../../../../../../WORK/gamejam/Saved/pillar_DefaultMaterial_Normal9B406EBE4A3C9C8B2B242BBD047690D1.tmp' to '../../../../../../../WORK/gamejam/Content/texture/rockpillar/pillar_DefaultMaterial_Normal.uasset'
[2016.01.10-15.18.48:642][ 17]LogSavePackage: Total save time: 135.915626ms
[2016.01.10-15.18.48:642][ 17]LogSavePackage:Warning: Finished SavePackage ../../../../../../../WORK/gamejam/Content/texture/rockpillar/pillar_DefaultMaterial_Normal.uasset
[2016.01.10-15.18.48:764][ 17]LogSavePackage: Save=103.001251ms
[2016.01.10-15.18.48:764][ 17]LogSavePackage: Moving '../../../../../../../WORK/gamejam/Saved/pillar_DefaultMaterial_RoughnessMetallic3E3E33CD435329123150A586ED85E992.tmp' to '../../../../../../../WORK/gamejam/Content/texture/rockpillar/pillar_DefaultMaterial_RoughnessMetallic.uasset'
[2016.01.10-15.18.48:765][ 17]LogSavePackage: Total save time: 104.187947ms
[2016.01.10-15.18.48:765][ 17]LogSavePackage:Warning: Finished SavePackage ../../../../../../../WORK/gamejam/Content/texture/rockpillar/pillar_DefaultMaterial_RoughnessMetallic.uasset
[2016.01.10-15.18.51:804][ 27]AssetReimport: Info Importing new asset /Game/texture/rockpillar/pillar_DefaultMaterial_BaseColor.
[2016.01.10-15.18.51:804][ 27]AssetReimport: Info Importing new asset /Game/texture/rockpillar/pillar_DefaultMaterial_Normal.
[2016.01.10-15.18.51:804][ 27]AssetReimport: Info Importing new asset /Game/texture/rockpillar/pillar_DefaultMaterial_RoughnessMetallic.
[2016.01.10-15.19.55:506][382]LogMaterial: Missing cached shader map for material rockpillar, compiling. 
[2016.01.10-15.19.55:898][382]LogMaterial: Missing cached shader map for material rockpillar, compiling. 
[2016.01.10-15.19.55:906][382]LogMaterial: 0.000059 seconds spent updating 1 materials, 1 interfaces, 0 instances, 0 with static permutations.
[2016.01.10-15.19.57:327][424]MaterialEditorStats: Info Base pass shader with only dynamic lighting: 31 instructions
[2016.01.10-15.19.57:327][424]MaterialEditorStats: Info Vertex shader: 31 instructions
[2016.01.10-15.19.57:327][424]MaterialEditorStats: Info Texture samplers: 0/16
[2016.01.10-15.20.04:159][115]LogMaterial: Missing cached shader map for material rockpillar, compiling. 
[2016.01.10-15.20.04:163][115]LogMaterial: 0.000122 seconds spent updating 1 materials, 1 interfaces, 0 instances, 0 with static permutations.
[2016.01.10-15.20.04:192][115]LogMaterial: Missing cached shader map for material FMatExpressionPreview MaterialExpressionTextureSample_0, compiling. 
[2016.01.10-15.20.04:222][115]LogMaterial: Missing cached shader map for material FMatExpressionPreview MaterialExpressionTextureSample_0, compiling. 
[2016.01.10-15.20.04:236][115]LogMaterial: Missing cached shader map for material rockpillar, compiling. 
[2016.01.10-15.20.04:242][115]LogMaterial: 0.000024 seconds spent updating 1 materials, 1 interfaces, 0 instances, 0 with static permutations.
[2016.01.10-15.20.04:243][115]LogMaterial: Missing cached shader map for material FMatExpressionPreview MaterialExpressionTextureSample_1, compiling. 
[2016.01.10-15.20.04:317][115]LogMaterial: Missing cached shader map for material FMatExpressionPreview MaterialExpressionTextureSample_0, compiling. 
[2016.01.10-15.20.04:319][115]LogMaterial: Missing cached shader map for material FMatExpressionPreview MaterialExpressionTextureSample_1, compiling. 
[2016.01.10-15.20.04:344][115]LogMaterial: Missing cached shader map for material rockpillar, compiling. 
[2016.01.10-15.20.04:351][115]LogMaterial: 0.000043 seconds spent updating 1 materials, 1 interfaces, 0 instances, 0 with static permutations.
[2016.01.10-15.20.04:352][115]LogMaterial: Missing cached shader map for material FMatExpressionPreview MaterialExpressionTextureSample_2, compiling. 
[2016.01.10-15.20.04:378][115]LogMaterial: Missing cached shader map for material FMatExpressionPreview MaterialExpressionTextureSample_0, compiling. 
[2016.01.10-15.20.04:382][115]LogMaterial: Missing cached shader map for material FMatExpressionPreview MaterialExpressionTextureSample_1, compiling. 
[2016.01.10-15.20.04:416][115]LogMaterial: Missing cached shader map for material FMatExpressionPreview MaterialExpressionTextureSample_2, compiling. 
[2016.01.10-15.20.04:964][157]MaterialEditorStats: Info Base pass shader with only dynamic lighting: 31 instructions
[2016.01.10-15.20.04:964][157]MaterialEditorStats: Info Vertex shader: 31 instructions
[2016.01.10-15.20.04:964][157]MaterialEditorStats: Info Texture samplers: 0/16
[2016.01.10-15.20.16:166][322]LogMaterial: Missing cached shader map for material rockpillar, compiling. 
[2016.01.10-15.20.16:171][322]LogMaterial: 0.000111 seconds spent updating 1 materials, 1 interfaces, 0 instances, 0 with static permutations.
[2016.01.10-15.20.16:240][322]LogMaterial: Missing cached shader map for material FMatExpressionPreview MaterialExpressionTextureSample_2, compiling. 
[2016.01.10-15.20.16:735][381]MaterialEditorStats: Info Base pass shader with only dynamic lighting: 32 instructions
[2016.01.10-15.20.16:735][381]MaterialEditorStats: Info Vertex shader: 33 instructions
[2016.01.10-15.20.16:735][381]MaterialEditorStats: Info Texture samplers: 1/16
[2016.01.10-15.20.22:788][100]LogMaterial: Missing cached shader map for material rockpillar, compiling. 
[2016.01.10-15.20.22:792][100]LogMaterial: 0.000129 seconds spent updating 1 materials, 1 interfaces, 0 instances, 0 with static permutations.
[2016.01.10-15.20.22:821][100]LogMaterial: Missing cached shader map for material FMatExpressionPreview MaterialExpressionTextureSample_1, compiling. 
[2016.01.10-15.20.23:377][165]MaterialEditorStats: Info Base pass shader with only dynamic lighting: 47 instructions
[2016.01.10-15.20.23:377][165]MaterialEditorStats: Info Vertex shader: 33 instructions
[2016.01.10-15.20.23:377][165]MaterialEditorStats: Info Texture samplers: 2/16
[2016.01.10-15.20.29:655][910]LogMaterial: Missing cached shader map for material rockpillar, compiling. 
[2016.01.10-15.20.29:667][910]LogMaterial: 0.000209 seconds spent updating 1 materials, 1 interfaces, 0 instances, 0 with static permutations.
[2016.01.10-15.20.29:715][910]LogMaterial: Missing cached shader map for material FMatExpressionPreview MaterialExpressionTextureSample_0, compiling. 
[2016.01.10-15.20.30:282][977]MaterialEditorStats: Info Base pass shader with only dynamic lighting: 50 instructions
[2016.01.10-15.20.30:282][977]MaterialEditorStats: Info Vertex shader: 33 instructions
[2016.01.10-15.20.30:282][977]MaterialEditorStats: Info Texture samplers: 3/16
[2016.01.10-15.20.32:785][273]LogMaterial: Missing cached shader map for material rockpillar, compiling. 
[2016.01.10-15.20.32:792][273]LogMaterial: 0.000144 seconds spent updating 1 materials, 1 interfaces, 0 instances, 0 with static permutations.
[2016.01.10-15.20.32:822][273]LogMaterial: Missing cached shader map for material FMatExpressionPreview MaterialExpressionTextureSample_0, compiling. 
[2016.01.10-15.20.33:390][340]MaterialEditorStats: Info Base pass shader with only dynamic lighting: 54 instructions
[2016.01.10-15.20.33:390][340]MaterialEditorStats: Info Vertex shader: 33 instructions
[2016.01.10-15.20.33:390][340]MaterialEditorStats: Info Texture samplers: 3/16
[2016.01.10-15.20.36:951][766]LogMaterialEditor: Applying material rockpillar
[2016.01.10-15.20.37:439][766]LogMaterial: Missing cached shader map for material rockpillar, compiling. 
[2016.01.10-15.20.37:455][766]LogMaterial: 0.000083 seconds spent updating 1 materials, 1 interfaces, 0 instances, 0 with static permutations.
[2016.01.10-15.20.37:536][766]LogMaterial: Missing cached shader map for material rockpillar, compiling. 
[2016.01.10-15.20.37:603][766]LogMaterial: Missing cached shader map for material rockpillar, compiling. 
[2016.01.10-15.20.37:614][766]LogMaterial: 0.002852 seconds spent updating 1 materials, 1 interfaces, 0 instances, 0 with static permutations.
[2016.01.10-15.20.39:229][956]MaterialEditorStats: Info Base pass shader with only dynamic lighting: 73 instructions
[2016.01.10-15.20.39:229][956]MaterialEditorStats: Info Vertex shader: 33 instructions
[2016.01.10-15.20.39:229][956]MaterialEditorStats: Info Texture samplers: 6/16
[2016.01.10-15.20.42:993][371]LogMaterial: Missing cached shader map for material PreviewMaterial_0, compiling. 
[2016.01.10-15.20.43:033][371]LogMaterial: Missing cached shader map for material PreviewMaterial_0, compiling. 
[2016.01.10-15.20.43:037][371]LogMaterial: 0.000104 seconds spent updating 1 materials, 1 interfaces, 0 instances, 0 with static permutations.
[2016.01.10-15.20.43:088][371]LogMaterial: Missing cached shader map for material FMatExpressionPreview MaterialExpressionTextureSample_2, compiling. 
[2016.01.10-15.20.43:092][371]LogMaterial: Missing cached shader map for material FMatExpressionPreview MaterialExpressionTextureSample_0, compiling. 
[2016.01.10-15.20.43:095][371]LogMaterial: Missing cached shader map for material FMatExpressionPreview MaterialExpressionTextureSample_1, compiling. 
[2016.01.10-15.20.43:616][413]MaterialEditorStats: Info Base pass shader with only dynamic lighting: 54 instructions
[2016.01.10-15.20.43:617][413]MaterialEditorStats: Info Vertex shader: 33 instructions
[2016.01.10-15.20.43:617][413]MaterialEditorStats: Info Texture samplers: 3/16
[2016.01.10-15.20.44:160][470]LogMaterialEditor: Saving and Compiling material rockpillar
[2016.01.10-15.20.44:223][470]Cmd: OBJ SAVEPACKAGE PACKAGE="/Game/texture/rockpillar/rockpillar" FILE="../../../../../../../WORK/gamejam/Content/texture/rockpillar/rockpillar.uasset" SILENT=true
[2016.01.10-15.20.44:242][470]LogSavePackage: Save=18.007832ms
[2016.01.10-15.20.44:242][470]LogSavePackage: Moving '../../../../../../../WORK/gamejam/Saved/rockpillarB1EA02CF4AD33CD7A1F4EB8C26E03EE4.tmp' to '../../../../../../../WORK/gamejam/Content/texture/rockpillar/rockpillar.uasset'
[2016.01.10-15.20.44:245][470]LogSavePackage: Total save time: 21.119643ms
[2016.01.10-15.20.44:245][470]LogSavePackage:Warning: Finished SavePackage ../../../../../../../WORK/gamejam/Content/texture/rockpillar/rockpillar.uasset
[2016.01.10-15.20.55:080][ 72]LogFactory: FactoryCreateBinary: StaticMesh with FbxFactory (0 0 C:/Users/user/Desktop/pillar.obj)
[2016.01.10-15.20.55:261][ 72]LogFbx: Loading FBX Scene from C:/Users/user/Desktop/pillar.obj
[2016.01.10-15.20.55:276][ 72]LogFbx: FBX Scene Loaded Succesfully
[2016.01.10-15.20.57:323][ 72]LogFbx: Loading FBX Scene from C:/Users/user/Desktop/pillar.obj
[2016.01.10-15.20.57:326][ 72]LogFbx: FBX Scene Loaded Succesfully
[2016.01.10-15.20.57:329][ 72]LogLinker:Warning: Can't find file '/Game/props/pillarMat'
[2016.01.10-15.20.57:329][ 72]LogLinker:Warning: Can't find file '/Game/props/pillarMat'
[2016.01.10-15.20.57:374][ 72]LogMaterial: Missing cached shader map for material pillarMat, compiling. 
[2016.01.10-15.20.57:396][ 72]LogFbx:Warning: Triangulating static mesh pillar
[2016.01.10-15.20.57:499][ 72]LogStaticMesh: Building static mesh pillar...
[2016.01.10-15.20.57:550][ 72]LogStaticMesh: Built static mesh [0.087074.2s] /Game/props/pillar.pillar
[2016.01.10-15.20.59:920][272]LogActorFactory: Actor Factory created pillar
[2016.01.10-15.21.00:958][381]LogActorFactory: Actor Factory created pillar
[2016.01.10-15.21.15:006][961]LogParticles: Destroying 0 GPU particle simulations for FXSystem 0x000000495BBD3E20
[2016.01.10-15.21.15:007][961]LogParticles: Destroying 0 GPU particle simulations for FXSystem 0x0000004902648F40
[2016.01.10-15.21.47:182][300]LogEditorViewport: Clicking on Actor (LMB): StaticMeshActor (pillar)
[2016.01.10-15.21.52:510][749]LogEditorViewport: Clicking on Actor (LMB): StaticMeshActor (pillar)
[2016.01.10-15.22.02:012][806]Cmd: DELETE
[2016.01.10-15.22.02:012][806]Cmd: ACTOR DELETE
[2016.01.10-15.22.02:165][806]LogEditorActor: Deleted Actor: Brush
[2016.01.10-15.22.03:153][806]LogEditorActor: Deleted 1 Actors (0.994 secs)
[2016.01.10-15.22.03:927][895]LogEditorViewport: Clicking on Actor (LMB): StaticMeshActor (pillar)
[2016.01.10-15.22.06:709][213]LogEditorViewport: Clicking on Actor (LMB): Landscape (Landscape)
[2016.01.10-15.22.15:520][182]LogEditorViewport: Clicking on Actor (LMB): StaticMeshActor (pillar)
[2016.01.10-15.23.08:131][228]LogRenderer: Reallocating scene render targets to support 968x632 (Frame:18193).
[2016.01.10-15.23.12:986][630]LogEditorViewport: Clicking on Actor (LMB): StaticMeshActor (pillar)
[2016.01.10-15.23.25:266][511]LogEditorViewport: Clicking on Actor (LMB): StaticMeshActor (rockrough_low)
[2016.01.10-15.23.31:329][896]LogEditorViewport: Clicking on Actor (LMB): Landscape (Landscape)
[2016.01.10-15.23.34:651][103]LogEditorViewport: Clicking on Actor (LMB): StaticMeshActor (batu_low2)
[2016.01.10-15.23.43:340][636]LogEditorViewport: Clicking on Actor (LMB): Landscape (Landscape)
[2016.01.10-15.23.46:107][798]LogEditorViewport: Clicking on Actor (LMB): Stairs_C (Stairs)
[2016.01.10-15.23.48:460][944]Cmd: DELETE
[2016.01.10-15.23.48:460][944]Cmd: ACTOR DELETE
[2016.01.10-15.23.48:462][944]LogEditorActor: Deleted Actor: Stairs_C
[2016.01.10-15.23.48:472][944]LogEditorActor: Deleted 1 Actors (0.012 secs)
[2016.01.10-15.23.57:938][595]LogEditorViewport: Clicking on Actor (LMB): Emitter (P_Debris5)
[2016.01.10-15.23.58:911][650]LogEditorViewport: Clicking on Actor (LMB): StaticMeshActor (pillar2)
[2016.01.10-15.24.08:093][209]LogEditorViewport: Clicking on Actor (LMB): StaticMeshActor (rockrough_low3)
[2016.01.10-15.24.26:134][265]LogEditorViewport: Clicking on Actor (LMB): Landscape (Landscape)
[2016.01.10-15.24.26:799][300]LogEditorViewport: Clicking on Actor (LMB): StaticMeshActor (batu_low2)
[2016.01.10-15.24.31:375][556]LogEditorViewport: Clicking on Actor (LMB): StaticMeshActor (batu_low2)
[2016.01.10-15.24.34:260][720]LogEditorViewport: Clicking on Actor (LMB): Landscape (Landscape)
[2016.01.10-15.24.34:976][760]Cmd: TRANSACTION UNDO
[2016.01.10-15.24.34:992][760]LogEditorTransaction: Undo Clicking on Actors
[2016.01.10-15.24.55:480][904]LogRenderer: Reallocating scene render targets to support 1100x632 (Frame:25455).
[2016.01.10-15.24.55:526][905]LogRenderer: Reallocating scene render targets to support 1368x768 (Frame:25457).
[2016.01.10-15.24.58:409][ 51]LogEditorViewport: Clicking on Actor (LMB): StaticMeshActor (Cube20)
[2016.01.10-15.24.59:443][106]LogEditorViewport: Clicking on Actor (LMB): StaticMeshActor (pillar)
[2016.01.10-15.25.03:834][393]LogEditorViewport: Clicking Background
[2016.01.10-15.25.11:233][922]LogEditorViewport: Clicking on Actor (LMB): StaticMeshActor (pillar3)
[2016.01.10-15.25.13:331][ 62]Cmd: TRANSACTION UNDO
[2016.01.10-15.25.13:331][ 62]LogEditorTransaction: Undo Move Actors
[2016.01.10-15.25.14:336][ 95]Cmd: TRANSACTION UNDO
[2016.01.10-15.25.14:336][ 95]LogEditorTransaction: Undo Clicking on Actors
[2016.01.10-15.25.15:512][181]LogEditorViewport: Clicking on Actor (LMB): StaticMeshActor (pillar3)
[2016.01.10-15.25.16:613][258]Cmd: DELETE
[2016.01.10-15.25.16:613][258]Cmd: ACTOR DELETE
[2016.01.10-15.25.16:614][258]LogEditorActor: Deleted Actor: StaticMeshActor
[2016.01.10-15.25.16:626][258]LogEditorActor: Deleted 1 Actors (0.014 secs)
[2016.01.10-15.25.17:131][295]LogEditorViewport: Clicking on Actor (LMB): StaticMeshActor (pillar)
[2016.01.10-15.25.17:974][354]LogEditorViewport: Clicking on Actor (CTRL LMB): StaticMeshActor (pillar2)
[2016.01.10-15.25.24:415][773]LogEditorViewport: Clicking Background
[2016.01.10-15.26.07:898][787]Cmd: TRANSACTION UNDO
[2016.01.10-15.26.07:898][787]LogEditorTransaction: Undo Move Actors
[2016.01.10-15.26.07:916][787]LogActorComponent: ~FComponentReregisterContext: (/Game/Maps/Level0polish.Level0polish:PersistentLevel.BoxBrush33.BrushComponent0) Component already registered.
[2016.01.10-15.26.07:916][787]LogActorComponent: ~FComponentReregisterContext: (/Game/Maps/Level0polish.Level0polish:PersistentLevel.BoxBrush18.BrushComponent0) Component already registered.
[2016.01.10-15.26.07:916][787]LogActorComponent: ~FComponentReregisterContext: (/Game/Maps/Level0polish.Level0polish:PersistentLevel.BoxBrush38.BrushComponent0) Component already registered.
[2016.01.10-15.26.07:925][787]LogActorComponent: ~FComponentReregisterContext: (/Game/Maps/Level0polish.Level0polish:PersistentLevel.BoxBrush11.BrushComponent0) Component already registered.
[2016.01.10-15.26.07:925][787]LogActorComponent: ~FComponentReregisterContext: (/Game/Maps/Level0polish.Level0polish:PersistentLevel.BoxBrush4.BrushComponent0) Component already registered.
[2016.01.10-15.26.07:925][787]LogActorComponent: ~FComponentReregisterContext: (/Game/Maps/Level0polish.Level0polish:PersistentLevel.BoxBrush73.BrushComponent0) Component already registered.
[2016.01.10-15.26.07:926][787]LogActorComponent: ~FComponentReregisterContext: (/Game/Maps/Level0polish.Level0polish:PersistentLevel.BoxBrush54.BrushComponent0) Component already registered.
[2016.01.10-15.26.07:927][787]LogActorComponent: ~FComponentReregisterContext: (/Game/Maps/Level0polish.Level0polish:PersistentLevel.BoxBrush44.BrushComponent0) Component already registered.
[2016.01.10-15.26.07:927][787]LogActorComponent: ~FComponentReregisterContext: (/Game/Maps/Level0polish.Level0polish:PersistentLevel.BoxBrush8_4.BrushComponent0) Component already registered.
[2016.01.10-15.26.07:927][787]LogActorComponent: ~FComponentReregisterContext: (/Game/Maps/Level0polish.Level0polish:PersistentLevel.BoxBrush46.BrushComponent0) Component already registered.
[2016.01.10-15.26.23:207][754]LogEditorViewport: Clicking on Actor (LMB): StaticMeshActor (batu_low2)
[2016.01.10-15.26.30:537][257]Cmd: OBJ SAVEPACKAGE PACKAGE="/Game/Maps/Level0polish" FILE="../../../../../../../WORK/gamejam/Content/Maps/Level0polish.umap" SILENT=true AUTOSAVING=false KEEPDIRTY=false
[2016.01.10-15.26.31:518][257]LogSavePackage: Save=806.584412ms
[2016.01.10-15.26.31:518][257]LogSavePackage: Moving '../../../../../../../WORK/gamejam/Saved/Level0polish0332E897409A017862881D8C65840750.tmp' to '../../../../../../../WORK/gamejam/Content/Maps/Level0polish.umap'
[2016.01.10-15.26.31:519][257]LogSavePackage: Total save time: 969.763942ms
[2016.01.10-15.26.31:520][257]LogSavePackage:Warning: Finished SavePackage ../../../../../../../WORK/gamejam/Content/Maps/Level0polish.umap
[2016.01.10-15.26.38:230][678]Cmd: OBJ SAVEPACKAGE PACKAGE="/Game/Maps/Level0polish" FILE="../../../../../../../WORK/gamejam/Content/Maps/Level0polish.umap" SILENT=true AUTOSAVING=false KEEPDIRTY=false
[2016.01.10-15.26.38:828][678]LogSavePackage: Save=583.881409ms
[2016.01.10-15.26.38:828][678]LogSavePackage: Moving '../../../../../../../WORK/gamejam/Saved/Level0polish7369B80449B7848AC2767B900174A41C.tmp' to '../../../../../../../WORK/gamejam/Content/Maps/Level0polish.umap'
[2016.01.10-15.26.38:829][678]LogSavePackage: Total save time: 586.369414ms
[2016.01.10-15.26.38:829][678]LogSavePackage:Warning: Finished SavePackage ../../../../../../../WORK/gamejam/Content/Maps/Level0polish.umap
[2016.01.10-15.26.40:454][787]LogBlueprintUserMessages: Early PlayInEditor Detection: Level '/Game/Maps/Level0polish.Level0polish:PersistentLevel' has LevelScriptBlueprint '/Game/Maps/Level0polish.Level0polish:PersistentLevel.Level0polish' with GeneratedClass '/Game/Maps/Level0polish.Level0polish_C' with ClassGeneratedBy '/Game/Maps/Level0polish.Level0polish:PersistentLevel.Level0polish'
[2016.01.10-15.26.40:454][787]LogPlayLevel: PlayLevel: No blueprints needed recompiling
[2016.01.10-15.26.40:473][787]PIE: New page: PIE session: Level0polish (11 Jan 2016 07:26:40)
[2016.01.10-15.26.40:473][787]LogPlayLevel: Creating play world package: /Game/Maps/UEDPIE_0_Level0polish
[2016.01.10-15.26.40:553][787]LogPlayLevel: PIE: StaticDuplicateObject took: (0.079680s)
[2016.01.10-15.26.40:554][787]LogAIModule: Creating AISystem for world Level0polish
[2016.01.10-15.26.40:554][787]LogPlayLevel: PIE: World Init took: (0.000831s)
[2016.01.10-15.26.40:554][787]LogPlayLevel: PIE: Created PIE world by copying editor world from /Game/Maps/Level0polish.Level0polish to /Game/Maps/UEDPIE_0_Level0polish.Level0polish (0.080728s)
[2016.01.10-15.26.40:590][787]LogInit: XAudio2 using 'Headphones (S)"%2i! R!7 r)sm %!d3et)' : 2 channels at 44.1 kHz using 16 bits per sample (channel mask 0x3)
[2016.01.10-15.26.40:594][787]LogInit: FAudioDevice initialized.
[2016.01.10-15.26.40:714][787]LogWorld: Game class is 'FirstPersonGameMode_C'
[2016.01.10-15.26.40:792][787]LogWorld: Bringing World /Game/Maps/UEDPIE_0_Level0polish.Level0polish up for play (max tick rate 0) at 2016.01.10-23.26.40
[2016.01.10-15.26.40:792][787]LogActor:Warning: GameSession /Game/Maps/UEDPIE_0_Level0polish.Level0polish:PersistentLevel.GameSession_0 has natively added scene component(s), but none of them were set as the actor's RootComponent - picking one arbitrarily
[2016.01.10-15.26.40:793][787]LogActor:Warning: GameNetworkManager /Game/Maps/UEDPIE_0_Level0polish.Level0polish:PersistentLevel.GameNetworkManager_0 has natively added scene component(s), but none of them were set as the actor's RootComponent - picking one arbitrarily
[2016.01.10-15.26.40:856][787]LogWorld: Bringing up level for play took: 0.091561
[2016.01.10-15.26.41:038][787]PIE: Info Play in editor start time for /Game/Maps/UEDPIE_0_Level0polish -0.146
[2016.01.10-15.26.41:039][787]LogBlueprintUserMessages: Late PlayInEditor Detection: Level '/Game/Maps/Level0polish.Level0polish:PersistentLevel' has LevelScriptBlueprint '/Game/Maps/Level0polish.Level0polish:PersistentLevel.Level0polish' with GeneratedClass '/Game/Maps/Level0polish.Level0polish_C' with ClassGeneratedBy '/Game/Maps/Level0polish.Level0polish:PersistentLevel.Level0polish'
[2016.01.10-15.26.44:751][204]Cmd: LevelEditor.ToggleImmersive
[2016.01.10-15.27.44:711][370]LogBlueprintUserMessages: Early EndPlayMap Detection: Level '/Game/Maps/Level0polish.Level0polish:PersistentLevel' has LevelScriptBlueprint '/Game/Maps/Level0polish.Level0polish:PersistentLevel.Level0polish' with GeneratedClass '/Game/Maps/Level0polish.Level0polish_C' with ClassGeneratedBy '/Game/Maps/Level0polish.Level0polish:PersistentLevel.Level0polish'
[2016.01.10-15.27.44:901][370]LogBlueprintUserMessages: Late EndPlayMap Detection: Level '/Game/Maps/Level0polish.Level0polish:PersistentLevel' has LevelScriptBlueprint '/Game/Maps/Level0polish.Level0polish:PersistentLevel.Level0polish' with GeneratedClass '/Game/Maps/Level0polish.Level0polish_C' with ClassGeneratedBy '/Game/Maps/Level0polish.Level0polish:PersistentLevel.Level0polish'
[2016.01.10-15.27.44:937][370]LogParticles: Destroying 0 GPU particle simulations for FXSystem 0x000000494EDABD80
[2016.01.10-15.27.52:537][827]LogActorFactory: Actor Factory created rockstairs
[2016.01.10-15.27.52:548][828]LogActorFactory: Actor Factory created rockstairs
[2016.01.10-15.28.53:807][249]LogEditorViewport: Clicking on Actor (LMB): Stairs_C (Stairs4)
[2016.01.10-15.28.54:410][278]Cmd: TRANSACTION UNDO
[2016.01.10-15.28.54:410][278]LogEditorTransaction: Undo Clicking on Actors
[2016.01.10-15.29.08:507][ 79]LogEditorViewport: Clicking on Actor (LMB): Landscape (Landscape)
[2016.01.10-15.29.24:352][953]Cmd: OBJ SAVEPACKAGE PACKAGE="/Game/Maps/Level0polish" FILE="../../../../../../../WORK/gamejam/Content/Maps/Level0polish.umap" SILENT=true AUTOSAVING=false KEEPDIRTY=false
[2016.01.10-15.29.24:976][953]LogSavePackage: Save=605.815979ms
[2016.01.10-15.29.24:976][953]LogSavePackage: Moving '../../../../../../../WORK/gamejam/Saved/Level0polish55D1A0DC4437F9FD3BB69CB745453286.tmp' to '../../../../../../../WORK/gamejam/Content/Maps/Level0polish.umap'
[2016.01.10-15.29.24:978][953]LogSavePackage: Total save time: 609.142806ms
[2016.01.10-15.29.24:978][953]LogSavePackage:Warning: Finished SavePackage ../../../../../../../WORK/gamejam/Content/Maps/Level0polish.umap
[2016.01.10-15.29.27:666][104]LogBlueprintUserMessages: Early PlayInEditor Detection: Level '/Game/Maps/Level0polish.Level0polish:PersistentLevel' has LevelScriptBlueprint '/Game/Maps/Level0polish.Level0polish:PersistentLevel.Level0polish' with GeneratedClass '/Game/Maps/Level0polish.Level0polish_C' with ClassGeneratedBy '/Game/Maps/Level0polish.Level0polish:PersistentLevel.Level0polish'
[2016.01.10-15.29.27:666][104]LogPlayLevel: PlayLevel: No blueprints needed recompiling
[2016.01.10-15.29.27:667][104]PIE: New page: PIE session: Level0polish (11 Jan 2016 07:29:27)
[2016.01.10-15.29.27:667][104]LogPlayLevel: Creating play world package: /Game/Maps/UEDPIE_0_Level0polish
[2016.01.10-15.29.27:712][104]LogPlayLevel: PIE: StaticDuplicateObject took: (0.044935s)
[2016.01.10-15.29.27:712][104]LogAIModule: Creating AISystem for world Level0polish
[2016.01.10-15.29.27:712][104]LogPlayLevel: PIE: World Init took: (0.000724s)
[2016.01.10-15.29.27:712][104]LogPlayLevel: PIE: Created PIE world by copying editor world from /Game/Maps/Level0polish.Level0polish to /Game/Maps/UEDPIE_0_Level0polish.Level0polish (0.045850s)
[2016.01.10-15.29.27:725][104]LogInit: XAudio2 using 'Headphones (S)"%2i! R!7 r)sm %!d3et)' : 2 channels at 44.1 kHz using 16 bits per sample (channel mask 0x3)
[2016.01.10-15.29.27:729][104]LogInit: FAudioDevice initialized.
[2016.01.10-15.29.27:761][104]LogWorld: Game class is 'FirstPersonGameMode_C'
[2016.01.10-15.29.27:785][104]LogWorld: Bringing World /Game/Maps/UEDPIE_0_Level0polish.Level0polish up for play (max tick rate 0) at 2016.01.10-23.29.27
[2016.01.10-15.29.27:785][104]LogActor:Warning: GameSession /Game/Maps/UEDPIE_0_Level0polish.Level0polish:PersistentLevel.GameSession_1 has natively added scene component(s), but none of them were set as the actor's RootComponent - picking one arbitrarily
[2016.01.10-15.29.27:785][104]LogActor:Warning: GameNetworkManager /Game/Maps/UEDPIE_0_Level0polish.Level0polish:PersistentLevel.GameNetworkManager_1 has natively added scene component(s), but none of them were set as the actor's RootComponent - picking one arbitrarily
[2016.01.10-15.29.27:788][104]LogWorld: Bringing up level for play took: 0.025814
[2016.01.10-15.29.27:810][104]PIE: Info Play in editor start time for /Game/Maps/UEDPIE_0_Level0polish 0.626
[2016.01.10-15.29.27:810][104]LogBlueprintUserMessages: Late PlayInEditor Detection: Level '/Game/Maps/Level0polish.Level0polish:PersistentLevel' has LevelScriptBlueprint '/Game/Maps/Level0polish.Level0polish:PersistentLevel.Level0polish' with GeneratedClass '/Game/Maps/Level0polish.Level0polish_C' with ClassGeneratedBy '/Game/Maps/Level0polish.Level0polish:PersistentLevel.Level0polish'
[2016.01.10-15.29.32:666][686]Cmd: LevelEditor.ToggleImmersive
[2016.01.10-15.30.00:510][  6]LogBlueprintUserMessages: Early EndPlayMap Detection: Level '/Game/Maps/Level0polish.Level0polish:PersistentLevel' has LevelScriptBlueprint '/Game/Maps/Level0polish.Level0polish:PersistentLevel.Level0polish' with GeneratedClass '/Game/Maps/Level0polish.Level0polish_C' with ClassGeneratedBy '/Game/Maps/Level0polish.Level0polish:PersistentLevel.Level0polish'
[2016.01.10-15.30.00:586][  6]LogBlueprintUserMessages: Late EndPlayMap Detection: Level '/Game/Maps/Level0polish.Level0polish:PersistentLevel' has LevelScriptBlueprint '/Game/Maps/Level0polish.Level0polish:PersistentLevel.Level0polish' with GeneratedClass '/Game/Maps/Level0polish.Level0polish_C' with ClassGeneratedBy '/Game/Maps/Level0polish.Level0polish:PersistentLevel.Level0polish'
[2016.01.10-15.30.00:599][  6]LogParticles: Destroying 0 GPU particle simulations for FXSystem 0x0000004979F879C0
[2016.01.10-15.30.01:528][ 63]LogEditorViewport: Clicking on Actor (LMB): Stairs_C (Stairs)
[2016.01.10-15.30.05:358][300]LogEditorViewport: Clicking on Actor (LMB): Stairs_C (Stairs2)
[2016.01.10-15.30.07:844][461]LogEditorViewport: Clicking on Actor (LMB): Stairs_C (Stairs)
[2016.01.10-15.30.10:093][605]LogEditorViewport: Clicking on Actor (LMB): Emitter (P_Debris5)
[2016.01.10-15.30.10:882][654]LogEditorViewport: Clicking on Actor (LMB): Stairs_C (Stairs2)
[2016.01.10-15.30.15:319][911]LogEditorViewport: Clicking on Actor (LMB): Stairs_C (Stairs3)
[2016.01.10-15.30.21:429][275]LogEditorViewport: Clicking on Actor (LMB): Stairs_C (Stairs5)
[2016.01.10-15.30.24:380][451]LogEditorViewport: Clicking on Actor (LMB): StaticMeshActor (batu_low5)
[2016.01.10-15.30.26:549][572]LogEditorViewport: Clicking on Actor (LMB): StaticMeshActor (batu_low2)
[2016.01.10-15.30.29:489][755]LogEditorViewport: Clicking on Actor (LMB): Landscape (Landscape)
[2016.01.10-15.30.34:730][ 60]LogEditorViewport: Clicking on Actor (LMB): StaticMeshActor (rockrough_low3)
[2016.01.10-15.30.38:090][264]LogEditorViewport: Clicking on Actor (LMB): StaticMeshActor (batu_low13)
[2016.01.10-15.30.47:978][834]Cmd: OBJ SAVEPACKAGE PACKAGE="/Game/Maps/Level0polish" FILE="../../../../../../../WORK/gamejam/Content/Maps/Level0polish.umap" SILENT=true AUTOSAVING=false KEEPDIRTY=false
[2016.01.10-15.30.48:584][834]LogSavePackage: Save=593.963501ms
[2016.01.10-15.30.48:584][834]LogSavePackage: Moving '../../../../../../../WORK/gamejam/Saved/Level0polish5E0E6F9F4C4F1C40041769B44B049F46.tmp' to '../../../../../../../WORK/gamejam/Content/Maps/Level0polish.umap'
[2016.01.10-15.30.48:586][834]LogSavePackage: Total save time: 597.166885ms
[2016.01.10-15.30.48:586][834]LogSavePackage:Warning: Finished SavePackage ../../../../../../../WORK/gamejam/Content/Maps/Level0polish.umap
[2016.01.10-15.30.50:567][934]LogBlueprintUserMessages: Early PlayInEditor Detection: Level '/Game/Maps/Level0polish.Level0polish:PersistentLevel' has LevelScriptBlueprint '/Game/Maps/Level0polish.Level0polish:PersistentLevel.Level0polish' with GeneratedClass '/Game/Maps/Level0polish.Level0polish_C' with ClassGeneratedBy '/Game/Maps/Level0polish.Level0polish:PersistentLevel.Level0polish'
[2016.01.10-15.30.50:567][934]LogPlayLevel: PlayLevel: No blueprints needed recompiling
[2016.01.10-15.30.50:567][934]PIE: New page: PIE session: Level0polish (11 Jan 2016 07:30:50)
[2016.01.10-15.30.50:567][934]LogPlayLevel: Creating play world package: /Game/Maps/UEDPIE_0_Level0polish
[2016.01.10-15.30.50:612][934]LogPlayLevel: PIE: StaticDuplicateObject took: (0.045390s)
[2016.01.10-15.30.50:613][934]LogAIModule: Creating AISystem for world Level0polish
[2016.01.10-15.30.50:613][934]LogPlayLevel: PIE: World Init took: (0.000827s)
[2016.01.10-15.30.50:613][934]LogPlayLevel: PIE: Created PIE world by copying editor world from /Game/Maps/Level0polish.Level0polish to /Game/Maps/UEDPIE_0_Level0polish.Level0polish (0.046400s)
[2016.01.10-15.30.50:626][934]LogInit: XAudio2 using 'Headphones (S)"%2i! R!7 r)sm %!d3et)' : 2 channels at 44.1 kHz using 16 bits per sample (channel mask 0x3)
[2016.01.10-15.30.50:630][934]LogInit: FAudioDevice initialized.
[2016.01.10-15.30.50:662][934]LogWorld: Game class is 'FirstPersonGameMode_C'
[2016.01.10-15.30.50:685][934]LogWorld: Bringing World /Game/Maps/UEDPIE_0_Level0polish.Level0polish up for play (max tick rate 0) at 2016.01.10-23.30.50
[2016.01.10-15.30.50:685][934]LogActor:Warning: GameSession /Game/Maps/UEDPIE_0_Level0polish.Level0polish:PersistentLevel.GameSession_2 has natively added scene component(s), but none of them were set as the actor's RootComponent - picking one arbitrarily
[2016.01.10-15.30.50:685][934]LogActor:Warning: GameNetworkManager /Game/Maps/UEDPIE_0_Level0polish.Level0polish:PersistentLevel.GameNetworkManager_2 has natively added scene component(s), but none of them were set as the actor's RootComponent - picking one arbitrarily
[2016.01.10-15.30.50:688][934]LogWorld: Bringing up level for play took: 0.024690
[2016.01.10-15.30.50:690][934]PIE: Info Play in editor start time for /Game/Maps/UEDPIE_0_Level0polish -0.493
[2016.01.10-15.30.50:690][934]LogBlueprintUserMessages: Late PlayInEditor Detection: Level '/Game/Maps/Level0polish.Level0polish:PersistentLevel' has LevelScriptBlueprint '/Game/Maps/Level0polish.Level0polish:PersistentLevel.Level0polish' with GeneratedClass '/Game/Maps/Level0polish.Level0polish_C' with ClassGeneratedBy '/Game/Maps/Level0polish.Level0polish:PersistentLevel.Level0polish'
[2016.01.10-15.31.02:810][385]LogBlueprintUserMessages: Early EndPlayMap Detection: Level '/Game/Maps/Level0polish.Level0polish:PersistentLevel' has LevelScriptBlueprint '/Game/Maps/Level0polish.Level0polish:PersistentLevel.Level0polish' with GeneratedClass '/Game/Maps/Level0polish.Level0polish_C' with ClassGeneratedBy '/Game/Maps/Level0polish.Level0polish:PersistentLevel.Level0polish'
[2016.01.10-15.31.02:861][385]LogBlueprintUserMessages: Late EndPlayMap Detection: Level '/Game/Maps/Level0polish.Level0polish:PersistentLevel' has LevelScriptBlueprint '/Game/Maps/Level0polish.Level0polish:PersistentLevel.Level0polish' with GeneratedClass '/Game/Maps/Level0polish.Level0polish_C' with ClassGeneratedBy '/Game/Maps/Level0polish.Level0polish:PersistentLevel.Level0polish'
[2016.01.10-15.31.02:873][385]LogParticles: Destroying 0 GPU particle simulations for FXSystem 0x0000004903087100
[2016.01.10-15.31.03:438][415]LogEditorViewport: Clicking on Actor (LMB): Stairs_C (Stairs)
[2016.01.10-15.31.10:597][795]LogLinker:Warning: Asset '../../../Engine/Content/ArtTools/RenderToTexture/Macros/RenderToTextureMacros.uasset' has been saved with empty engine version. The asset will be loaded but may be incompatible.
[2016.01.10-15.31.11:304][795]LogContentBrowser: Native class hierarchy updated for 'BlueprintGraph' in 0.0011 seconds. Added 107 classes and 0 folders.
[2016.01.10-15.32.30:692][197]Cmd: OBJ SAVEPACKAGE PACKAGE="/Game/props/rockstairs" FILE="../../../../../../../WORK/gamejam/Content/props/rockstairs.uasset" SILENT=true
[2016.01.10-15.32.30:727][197]LogSavePackage: Save=30.243452ms
[2016.01.10-15.32.30:727][197]LogSavePackage: Moving '../../../../../../../WORK/gamejam/Saved/rockstairs63D729B04C79A54C457E79AF01D568CF.tmp' to '../../../../../../../WORK/gamejam/Content/props/rockstairs.uasset'
[2016.01.10-15.32.30:728][197]LogSavePackage: Total save time: 35.220075ms
[2016.01.10-15.32.30:728][197]LogSavePackage:Warning: Finished SavePackage ../../../../../../../WORK/gamejam/Content/props/rockstairs.uasset
[2016.01.10-15.32.36:179][457]LogBlueprintUserMessages: Early PlayInEditor Detection: Level '/Game/Maps/Level0polish.Level0polish:PersistentLevel' has LevelScriptBlueprint '/Game/Maps/Level0polish.Level0polish:PersistentLevel.Level0polish' with GeneratedClass '/Game/Maps/Level0polish.Level0polish_C' with ClassGeneratedBy '/Game/Maps/Level0polish.Level0polish:PersistentLevel.Level0polish'
[2016.01.10-15.32.36:179][457]LogPlayLevel: PlayLevel: No blueprints needed recompiling
[2016.01.10-15.32.36:179][457]PIE: New page: PIE session: Level0polish (11 Jan 2016 07:32:36)
[2016.01.10-15.32.36:179][457]LogPlayLevel: Creating play world package: /Game/Maps/UEDPIE_0_Level0polish
[2016.01.10-15.32.36:225][457]LogPlayLevel: PIE: StaticDuplicateObject took: (0.046037s)
[2016.01.10-15.32.36:226][457]LogAIModule: Creating AISystem for world Level0polish
[2016.01.10-15.32.36:226][457]LogPlayLevel: PIE: World Init took: (0.000757s)
[2016.01.10-15.32.36:226][457]LogPlayLevel: PIE: Created PIE world by copying editor world from /Game/Maps/Level0polish.Level0polish to /Game/Maps/UEDPIE_0_Level0polish.Level0polish (0.046989s)
[2016.01.10-15.32.36:246][457]LogParticles: Destroying 0 GPU particle simulations for FXSystem 0x000000496130B6A0
[2016.01.10-15.32.36:247][457]LogParticles: Destroying 0 GPU particle simulations for FXSystem 0x00000049108B5A80
[2016.01.10-15.32.36:252][457]LogInit: XAudio2 using 'Headphones (S)"%2i! R!7 r)sm %!d3et)' : 2 channels at 44.1 kHz using 16 bits per sample (channel mask 0x3)
[2016.01.10-15.32.36:257][457]LogInit: FAudioDevice initialized.
[2016.01.10-15.32.36:287][457]LogWorld: Game class is 'FirstPersonGameMode_C'
[2016.01.10-15.32.36:310][457]LogWorld: Bringing World /Game/Maps/UEDPIE_0_Level0polish.Level0polish up for play (max tick rate 0) at 2016.01.10-23.32.36
[2016.01.10-15.32.36:311][457]LogActor:Warning: GameSession /Game/Maps/UEDPIE_0_Level0polish.Level0polish:PersistentLevel.GameSession_3 has natively added scene component(s), but none of them were set as the actor's RootComponent - picking one arbitrarily
[2016.01.10-15.32.36:311][457]LogActor:Warning: GameNetworkManager /Game/Maps/UEDPIE_0_Level0polish.Level0polish:PersistentLevel.GameNetworkManager_3 has natively added scene component(s), but none of them were set as the actor's RootComponent - picking one arbitrarily
[2016.01.10-15.32.36:314][457]LogWorld: Bringing up level for play took: 0.025721
[2016.01.10-15.32.36:316][457]PIE: Info Play in editor start time for /Game/Maps/UEDPIE_0_Level0polish 1.132
[2016.01.10-15.32.36:316][457]LogBlueprintUserMessages: Late PlayInEditor Detection: Level '/Game/Maps/Level0polish.Level0polish:PersistentLevel' has LevelScriptBlueprint '/Game/Maps/Level0polish.Level0polish:PersistentLevel.Level0polish' with GeneratedClass '/Game/Maps/Level0polish.Level0polish_C' with ClassGeneratedBy '/Game/Maps/Level0polish.Level0polish:PersistentLevel.Level0polish'
[2016.01.10-15.32.54:299][611]LogBlueprintUserMessages: Early EndPlayMap Detection: Level '/Game/Maps/Level0polish.Level0polish:PersistentLevel' has LevelScriptBlueprint '/Game/Maps/Level0polish.Level0polish:PersistentLevel.Level0polish' with GeneratedClass '/Game/Maps/Level0polish.Level0polish_C' with ClassGeneratedBy '/Game/Maps/Level0polish.Level0polish:PersistentLevel.Level0polish'
[2016.01.10-15.32.54:336][611]LogBlueprintUserMessages: Late EndPlayMap Detection: Level '/Game/Maps/Level0polish.Level0polish:PersistentLevel' has LevelScriptBlueprint '/Game/Maps/Level0polish.Level0polish:PersistentLevel.Level0polish' with GeneratedClass '/Game/Maps/Level0polish.Level0polish_C' with ClassGeneratedBy '/Game/Maps/Level0polish.Level0polish:PersistentLevel.Level0polish'
[2016.01.10-15.32.54:356][611]LogParticles: Destroying 0 GPU particle simulations for FXSystem 0x000000492518C900
[2016.01.10-15.32.55:420][672]LogEditorViewport: Clicking on Actor (LMB): StaticMeshActor (rockstairs)
[2016.01.10-15.32.57:367][784]Cmd: DELETE
[2016.01.10-15.32.57:367][784]Cmd: ACTOR DELETE
[2016.01.10-15.32.57:369][784]LogEditorActor: Deleted Actor: StaticMeshActor
[2016.01.10-15.32.57:388][784]LogEditorActor: Deleted 1 Actors (0.021 secs)
[2016.01.10-15.32.58:154][833]LogEditorViewport: Clicking on Actor (LMB): StaticMeshActor (batu_low6)
[2016.01.10-15.32.58:533][853]LogEditorViewport: Clicking on Actor (LMB): StaticMeshActor (pillar)
[2016.01.10-15.33.01:554][ 22]LogEditorViewport: Clicking on Actor (LMB): StaticMeshActor (pillar3)
[2016.01.10-15.33.10:548][549]Cmd: OBJ SAVEPACKAGE PACKAGE="/Game/Maps/Level0polish" FILE="../../../../../../../WORK/gamejam/Content/Maps/Level0polish.umap" SILENT=true AUTOSAVING=false KEEPDIRTY=false
[2016.01.10-15.33.11:162][549]LogSavePackage: Save=587.324585ms
[2016.01.10-15.33.11:162][549]LogSavePackage: Moving '../../../../../../../WORK/gamejam/Saved/Level0polish3F65D809411ACB02D37E9583EB19B567.tmp' to '../../../../../../../WORK/gamejam/Content/Maps/Level0polish.umap'
[2016.01.10-15.33.11:163][549]LogSavePackage: Total save time: 596.453216ms
[2016.01.10-15.33.11:163][549]LogSavePackage:Warning: Finished SavePackage ../../../../../../../WORK/gamejam/Content/Maps/Level0polish.umap
[2016.01.10-15.33.14:237][721]LogEditorViewport: Clicking on Actor (LMB): StaticMeshActor (batu_low10)
[2016.01.10-15.34.08:683][218]LogEditorViewport: Clicking on Actor (LMB): Landscape (Landscape)
[2016.01.10-15.34.14:846][608]LogEditorViewport: Clicking on Actor (LMB): Landscape (Landscape)
[2016.01.10-15.34.16:378][703]Cmd: SELECT NONE
[2016.01.10-15.34.55:117][395]LogRenderer: Reallocating scene render targets to support 2732x1536 (Frame:70682).
[2016.01.10-15.34.55:454][395]LogClient: High resolution screenshot saved as D:/WORK/gamejam/Saved/Screenshots/Windows/HighresScreenshot00000.png
[2016.01.10-15.35.13:949][699]LogEditorViewport: Clicking on Actor (LMB): Landscape (Landscape)
[2016.01.10-15.35.29:635][609]LogEditorViewport: Clicking on Actor (LMB): PointLight (PointLight)
[2016.01.10-15.35.32:912][786]LogEditorViewport: Clicking on Actor (LMB): Landscape (Landscape)
[2016.01.10-15.35.36:447][974]LogEditorViewport: Clicking on Actor (LMB): PointLight (PointLight)
[2016.01.10-15.35.39:431][140]LogEditorViewport: Clicking on Actor (LMB): Landscape (Landscape)
[2016.01.10-15.35.44:899][424]LogTexture:Display: Building textures: Texture2D_2 (G8)
[2016.01.10-15.36.07:375][737]Cmd: TRANSACTION UNDO
[2016.01.10-15.36.07:375][737]LogEditorTransaction: Undo Landscape Editing: Sculpt
[2016.01.10-15.36.07:426][737]PIE:Warning: Warning AttachTo: '/Game/Maps/Level0polish.Level0polish:PersistentLevel.LandscapeGizmoActiveActor_0.GizmoRendererComponent0' is not static , cannot attach '/Game/Maps/Level0polish.Level0polish:PersistentLevel.LandscapeGizmoActiveActor_0.RootComponent0' which is static to it. Aborting.
[2016.01.10-15.36.36:871][323]Cmd: TRANSACTION UNDO
[2016.01.10-15.36.36:871][323]LogEditorTransaction: Undo Clicking on Actors
[2016.01.10-15.36.38:137][391]Cmd: TRANSACTION UNDO
[2016.01.10-15.36.38:137][391]LogEditorTransaction: Undo Move Actors
[2016.01.10-15.36.38:669][420]Cmd: TRANSACTION UNDO
[2016.01.10-15.36.38:669][420]LogEditorTransaction: Undo Clicking on Actors
[2016.01.10-15.36.38:906][432]Cmd: TRANSACTION UNDO
[2016.01.10-15.36.38:906][432]LogEditorTransaction: Undo Clicking on Actors
[2016.01.10-15.36.41:836][594]Cmd: TRANSACTION UNDO
[2016.01.10-15.36.41:836][594]LogEditorTransaction: Undo Move Actors
[2016.01.10-15.36.56:696][430]Cmd: TRANSACTION UNDO
[2016.01.10-15.36.56:696][430]LogEditorTransaction: Undo Landscape Editing: Smooth
[2016.01.10-15.37.18:634][650]Cmd: TRANSACTION UNDO
[2016.01.10-15.37.18:634][650]LogEditorTransaction: Undo Landscape Editing: Smooth
[2016.01.10-15.37.18:672][650]LogTexture:Display: Building textures: Texture2D_3 (BGRA8)
[2016.01.10-15.37.19:505][683]Cmd: TRANSACTION UNDO
[2016.01.10-15.37.19:505][683]LogEditorTransaction: Undo Landscape Editing: Smooth
[2016.01.10-15.37.29:883][229]Cmd: TRANSACTION UNDO
[2016.01.10-15.37.29:883][229]LogEditorTransaction: Undo Landscape Editing: Smooth
[2016.01.10-15.37.29:904][229]LogTexture:Display: Building textures: Texture2D_3 (BGRA8)
[2016.01.10-15.37.32:669][377]Cmd: TRANSACTION UNDO
[2016.01.10-15.37.32:669][377]LogEditorTransaction: Undo Landscape Editing: Smooth
[2016.01.10-15.38.06:408][144]Cmd: TRANSACTION UNDO
[2016.01.10-15.38.06:408][144]LogEditorTransaction: Undo Landscape Editing: Smooth
[2016.01.10-15.38.06:428][144]LogTexture:Display: Building textures: Texture2D_3 (BGRA8)
[2016.01.10-15.38.06:893][158]Cmd: TRANSACTION UNDO
[2016.01.10-15.38.06:893][158]LogEditorTransaction: Undo Landscape Editing: Smooth
[2016.01.10-15.38.06:914][158]LogTexture:Display: Building textures: Texture2D_3 (BGRA8)
[2016.01.10-15.38.10:719][348]LogTexture:Display: Building textures: Texture2D_4 (BGRA8)
[2016.01.10-15.38.10:796][349]Cmd: UpdateLandscapeEditorData
[2016.01.10-15.38.28:875][324]Cmd: TRANSACTION UNDO
[2016.01.10-15.38.28:875][324]LogEditorTransaction: Undo Landscape Editing: Sculpt
[2016.01.10-15.38.28:921][324]LogTexture:Display: Building textures: Texture2D_4 (BGRA8)
[2016.01.10-15.38.28:953][324]LogTexture:Display: Building textures: Texture2D_3 (BGRA8)
[2016.01.10-15.38.31:453][457]Cmd: TRANSACTION UNDO
[2016.01.10-15.38.31:453][457]LogEditorTransaction: Undo Landscape Editing: Sculpt
[2016.01.10-15.38.50:800][504]Cmd: TRANSACTION UNDO
[2016.01.10-15.38.50:801][504]LogEditorTransaction: Undo Landscape Editing: Smooth
[2016.01.10-15.38.50:872][504]LogTexture:Display: Building textures: Texture2D_4 (BGRA8)
[2016.01.10-15.38.50:873][504]LogTexture:Display: Building textures: Texture2D_3 (BGRA8)
[2016.01.10-15.39.04:281][209]Cmd: TRANSACTION UNDO
[2016.01.10-15.39.04:281][209]LogEditorTransaction: Undo Landscape Editing: Sculpt
[2016.01.10-15.39.04:326][209]LogTexture:Display: Building textures: Texture2D_4 (BGRA8)
[2016.01.10-15.39.04:345][209]LogTexture:Display: Building textures: Texture2D_3 (BGRA8)
[2016.01.10-15.39.12:431][631]LogTexture:Display: Building textures: Texture2D_5 (BGRA8)
[2016.01.10-15.39.12:461][632]Cmd: UpdateLandscapeEditorData
[2016.01.10-15.39.13:907][701]LogTexture:Display: Building textures: Texture2D_6 (BGRA8)
[2016.01.10-15.39.13:974][702]Cmd: UpdateLandscapeEditorData
[2016.01.10-15.39.38:216][ 13]Cmd: OBJ SAVEPACKAGE PACKAGE="/Game/Maps/Level0polish" FILE="../../../../../../../WORK/gamejam/Content/Maps/Level0polish.umap" SILENT=true AUTOSAVING=false KEEPDIRTY=false
[2016.01.10-15.39.38:289][ 13]LogTexture:Display: Building textures: Texture2D_3 (BGRA8)
[2016.01.10-15.39.38:360][ 13]LogTexture:Display: Building textures: Texture2D_6 (BGRA8)
[2016.01.10-15.39.38:362][ 13]LogTexture:Display: Building textures: Texture2D_5 (BGRA8)
[2016.01.10-15.39.38:363][ 13]LogTexture:Display: Building textures: Texture2D_4 (BGRA8)
[2016.01.10-15.39.39:110][ 13]LogSavePackage: Save=866.140625ms
[2016.01.10-15.39.39:112][ 13]LogSavePackage: Moving '../../../../../../../WORK/gamejam/Saved/Level0polish4A1F030C4B1137C4B8675A9B042BC45E.tmp' to '../../../../../../../WORK/gamejam/Content/Maps/Level0polish.umap'
[2016.01.10-15.39.39:119][ 13]LogSavePackage: Total save time: 882.162750ms
[2016.01.10-15.39.39:119][ 13]LogSavePackage:Warning: Finished SavePackage ../../../../../../../WORK/gamejam/Content/Maps/Level0polish.umap
[2016.01.10-15.39.45:004][192]Cmd: OBJ SAVEPACKAGE PACKAGE="/Game/props/pillar" FILE="../../../../../../../WORK/gamejam/Content/props/pillar.uasset" SILENT=true
[2016.01.10-15.39.45:053][192]LogSavePackage: Save=47.780247ms
[2016.01.10-15.39.45:053][192]LogSavePackage: Moving '../../../../../../../WORK/gamejam/Saved/pillar751A3FCD4BCADF34237DC5A8E0645DAE.tmp' to '../../../../../../../WORK/gamejam/Content/props/pillar.uasset'
[2016.01.10-15.39.45:056][192]LogSavePackage: Total save time: 50.517444ms
[2016.01.10-15.39.45:056][192]LogSavePackage:Warning: Finished SavePackage ../../../../../../../WORK/gamejam/Content/props/pillar.uasset
[2016.01.10-15.39.45:095][192]Cmd: OBJ SAVEPACKAGE PACKAGE="/Game/props/pillarMat" FILE="../../../../../../../WORK/gamejam/Content/props/pillarMat.uasset" SILENT=true
[2016.01.10-15.39.45:118][192]LogSavePackage: Save=21.143251ms
[2016.01.10-15.39.45:118][192]LogSavePackage: Moving '../../../../../../../WORK/gamejam/Saved/pillarMat9D966FE6413C3A56921FA7B90DFFFDBE.tmp' to '../../../../../../../WORK/gamejam/Content/props/pillarMat.uasset'
[2016.01.10-15.39.45:120][192]LogSavePackage: Total save time: 23.174461ms
[2016.01.10-15.39.45:120][192]LogSavePackage:Warning: Finished SavePackage ../../../../../../../WORK/gamejam/Content/props/pillarMat.uasset
[2016.01.10-15.39.45:256][192]LogWindowsTextInputMethodSystem:Display: IME system now deactivated.
[2016.01.10-15.39.45:256][192]LogWindowsTextInputMethodSystem:Display: IME system now deactivated.
[2016.01.10-15.39.45:555][193]Cmd: QUIT_EDITOR
[2016.01.10-15.39.46:109][193]LogExit: Preparing to exit.
[2016.01.10-15.39.46:904][193]LogExit: Editor shut down
[2016.01.10-15.39.46:905][193]LogExit: Transaction tracking system shut down
[2016.01.10-15.39.46:932][193]LogParticles: Destroying 0 GPU particle simulations for FXSystem 0x000000495CC432E0
[2016.01.10-15.39.46:933][193]LogParticles: Destroying 0 GPU particle simulations for FXSystem 0x0000004961C13880
[2016.01.10-15.39.46:934][193]LogParticles: Destroying 0 GPU particle simulations for FXSystem 0x0000004961B407C0
[2016.01.10-15.39.46:934][193]LogParticles: Destroying 0 GPU particle simulations for FXSystem 0x000000496DD27BA0
[2016.01.10-15.39.46:935][193]LogParticles: Destroying 0 GPU particle simulations for FXSystem 0x00000049618EB600
[2016.01.10-15.39.47:395][193]LogExit: Object subsystem successfully closed.
[2016.01.10-15.39.47:544][193]LogD3D11RHI: Shutdown
[2016.01.10-15.39.47:544][193]LogD3D11RHI: CleanupD3DDevice
[2016.01.10-15.39.47:701][193]LogD3D11RHI: ~FD3D11DynamicRHI
[2016.01.10-15.39.48:034][193]LogModuleManager: Shutting down and abandoning module StaticMeshEditor (200)
[2016.01.10-15.39.48:034][193]LogModuleManager: Shutting down and abandoning module BlueprintGraph (199)
[2016.01.10-15.39.48:034][193]LogModuleManager: Shutting down and abandoning module MaterialEditor (198)
[2016.01.10-15.39.48:034][193]LogModuleManager: Shutting down and abandoning module CrashTracker (197)
[2016.01.10-15.39.48:034][193]LogModuleManager: Shutting down and abandoning module SceneOutliner (196)
[2016.01.10-15.39.48:034][193]LogModuleManager: Shutting down and abandoning module SuperSearch (195)
[2016.01.10-15.39.48:034][193]LogModuleManager: Shutting down and abandoning module WidgetCarousel (194)
[2016.01.10-15.39.48:034][193]LogModuleManager: Shutting down and abandoning module AddContentDialog (193)
[2016.01.10-15.39.48:050][193]LogModuleManager: Shutting down and abandoning module EditorWidgets (192)
[2016.01.10-15.39.48:050][193]LogModuleManager: Shutting down and abandoning module CollectionManager (191)
[2016.01.10-15.39.48:051][193]LogModuleManager: Shutting down and abandoning module StatsViewer (190)
[2016.01.10-15.39.48:051][193]LogModuleManager: Shutting down and abandoning module FoliageEdit (189)
[2016.01.10-15.39.48:051][193]LogModuleManager: Shutting down and abandoning module LandscapeEditor (188)
[2016.01.10-15.39.48:066][193]LogModuleManager: Shutting down and abandoning module ActorPickerMode (187)
[2016.01.10-15.39.48:066][193]LogModuleManager: Shutting down and abandoning module GeometryMode (186)
[2016.01.10-15.39.48:067][193]LogModuleManager: Shutting down and abandoning module TextureAlignMode (185)
[2016.01.10-15.39.48:067][193]LogModuleManager: Shutting down and abandoning module BspMode (184)
[2016.01.10-15.39.48:067][193]LogModuleManager: Shutting down and abandoning module PlacementMode (183)
[2016.01.10-15.39.48:067][193]LogModuleManager: Shutting down and abandoning module AutomationWorker (182)
[2016.01.10-15.39.48:067][193]LogModuleManager: Shutting down and abandoning module CharacterAI (181)
[2016.01.10-15.39.48:067][193]LogModuleManager: Shutting down and abandoning module SmartSnapping (180)
[2016.01.10-15.39.48:067][193]LogModuleManager: Shutting down and abandoning module ViewportSnapping (179)
[2016.01.10-15.39.48:067][193]LogModuleManager: Shutting down and abandoning module LogVisualizer (178)
[2016.01.10-15.39.48:076][193]LogModuleManager: Shutting down and abandoning module GameProjectGeneration (177)
[2016.01.10-15.39.48:084][193]LogModuleManager: Shutting down and abandoning module IntroTutorials (176)
[2016.01.10-15.39.48:084][193]LogModuleManager: Shutting down and abandoning module EditorLiveStreaming (175)
[2016.01.10-15.39.48:084][193]LogModuleManager: Shutting down and abandoning module IOSPlatformEditor (174)
[2016.01.10-15.39.48:084][193]LogModuleManager: Shutting down and abandoning module HTML5PlatformEditor (173)
[2016.01.10-15.39.48:084][193]LogModuleManager: Shutting down and abandoning module AndroidDeviceDetection (172)
[2016.01.10-15.39.48:923][193]LogModuleManager: Shutting down and abandoning module AndroidPlatformEditor (171)
[2016.01.10-15.39.48:923][193]LogModuleManager: Shutting down and abandoning module IOSRuntimeSettings (170)
[2016.01.10-15.39.48:923][193]LogModuleManager: Shutting down and abandoning module AndroidRuntimeSettings (169)
[2016.01.10-15.39.48:923][193]LogModuleManager: Shutting down and abandoning module MergeActors (168)
[2016.01.10-15.39.48:944][193]LogModuleManager: Shutting down and abandoning module SizeMap (167)
[2016.01.10-15.39.48:944][193]LogModuleManager: Shutting down and abandoning module TreeMap (166)
[2016.01.10-15.39.48:944][193]LogModuleManager: Shutting down and abandoning module ReferenceViewer (165)
[2016.01.10-15.39.48:944][193]LogModuleManager: Shutting down and abandoning module LocalizationService (164)
[2016.01.10-15.39.48:944][193]LogModuleManager: Shutting down and abandoning module LocalizationDashboard (163)
[2016.01.10-15.39.48:959][193]LogModuleManager: Shutting down and abandoning module HardwareTargeting (162)
[2016.01.10-15.39.48:959][193]LogModuleManager: Shutting down and abandoning module DeviceProfileEditor (161)
[2016.01.10-15.39.48:959][193]LogModuleManager: Shutting down and abandoning module UndoHistory (160)
[2016.01.10-15.39.48:959][193]LogModuleManager: Shutting down and abandoning module GameplayTagsEditor (159)
[2016.01.10-15.39.48:959][193]LogModuleManager: Shutting down and abandoning module UserFeedback (158)
[2016.01.10-15.39.48:959][193]LogModuleManager: Shutting down and abandoning module XmlParser (157)
[2016.01.10-15.39.48:959][193]LogModuleManager: Shutting down and abandoning module Blutility (156)
[2016.01.10-15.39.48:959][193]LogModuleManager: Shutting down and abandoning module ProjectTargetPlatformEditor (155)
[2016.01.10-15.39.48:959][193]LogModuleManager: Shutting down and abandoning module ProjectSettingsViewer (154)
[2016.01.10-15.39.48:959][193]LogModuleManager: Shutting down and abandoning module InputBindingEditor (153)
[2016.01.10-15.39.48:960][193]LogModuleManager: Shutting down and abandoning module EditorSettingsViewer (152)
[2016.01.10-15.39.48:960][193]LogModuleManager: Shutting down and abandoning module SettingsEditor (151)
[2016.01.10-15.39.48:960][193]LogModuleManager: Shutting down and abandoning module ProjectLauncher (150)
[2016.01.10-15.39.48:960][193]LogModuleManager: Shutting down and abandoning module SessionFrontend (149)
[2016.01.10-15.39.48:960][193]LogModuleManager: Shutting down and abandoning module ProfilerClient (148)
[2016.01.10-15.39.48:973][193]LogModuleManager: Shutting down and abandoning module TargetDeviceServices (147)
[2016.01.10-15.39.48:973][193]LogModuleManager: Shutting down and abandoning module DeviceManager (146)
[2016.01.10-15.39.48:973][193]LogModuleManager: Shutting down and abandoning module AutomationController (145)
[2016.01.10-15.39.48:973][193]LogModuleManager: Shutting down and abandoning module AutomationWindow (144)
[2016.01.10-15.39.48:986][193]LogModuleManager: Shutting down and abandoning module Layers (143)
[2016.01.10-15.39.48:998][193]LogModuleManager: Shutting down and abandoning module ComponentVisualizers (142)
[2016.01.10-15.39.48:998][193]LogModuleManager: Shutting down and abandoning module DetailCustomizations (141)
[2016.01.10-15.39.48:998][193]LogModuleManager: Shutting down and abandoning module PackagesDialog (140)
[2016.01.10-15.39.48:998][193]LogModuleManager: Shutting down and abandoning module Persona (139)
[2016.01.10-15.39.49:005][193]LogModuleManager: Shutting down and abandoning module Kismet (138)
[2016.01.10-15.39.49:005][193]LogModuleManager: Shutting down and abandoning module GraphEditor (137)
[2016.01.10-15.39.49:005][193]LogModuleManager: Shutting down and abandoning module ClassViewer (136)
[2016.01.10-15.39.49:005][193]LogModuleManager: Shutting down and abandoning module Toolbox (135)
[2016.01.10-15.39.49:005][193]LogModuleManager: Shutting down and abandoning module ModuleUI (134)
[2016.01.10-15.39.49:017][193]LogModuleManager: Shutting down and abandoning module MovieSceneTools (133)
[2016.01.10-15.39.49:017][193]LogModuleManager: Shutting down and abandoning module OutputLog (132)
[2016.01.10-15.39.49:017][193]LogModuleManager: Shutting down and abandoning module GammaUI (131)
[2016.01.10-15.39.49:030][193]LogModuleManager: Shutting down and abandoning module Documentation (130)
[2016.01.10-15.39.49:030][193]LogModuleManager: Shutting down and abandoning module GameLiveStreaming (129)
[2016.01.10-15.39.49:045][193]LogModuleManager: Shutting down and abandoning module StreamingPauseRendering (128)
[2016.01.10-15.39.49:045][193]LogModuleManager: Shutting down and abandoning module AnalyticsET (127)
[2016.01.10-15.39.49:045][193]LogModuleManager: Shutting down and abandoning module Analytics (126)
[2016.01.10-15.39.49:045][193]LogModuleManager: Shutting down and abandoning module AITestSuite (125)
[2016.01.10-15.39.49:045][193]LogModuleManager: Shutting down and abandoning module GameplayDebugger (124)
[2016.01.10-15.39.49:045][193]LogModuleManager: Shutting down and abandoning module AIModule (123)
[2016.01.10-15.39.49:045][193]LogModuleManager: Shutting down and abandoning module ProfilerService (122)
[2016.01.10-15.39.49:264][193]LogModuleManager: Shutting down and abandoning module TaskGraph (121)
[2016.01.10-15.39.49:264][193]LogModuleManager: Shutting down and abandoning module SlateRemote (120)
[2016.01.10-15.39.49:265][193]LogModuleManager: Shutting down and abandoning module SteamVRController (119)
[2016.01.10-15.39.49:265][193]LogModuleManager: Shutting down and abandoning module SteamVR (118)
[2016.01.10-15.39.49:265][193]LogModuleManager: Shutting down and abandoning module ProceduralMeshComponent (117)
[2016.01.10-15.39.49:265][193]LogModuleManager: Shutting down and abandoning module OculusRift (116)
[2016.01.10-15.39.49:265][193]LogModuleManager: Shutting down and abandoning module OculusLibrary (115)
[2016.01.10-15.39.49:265][193]LogModuleManager: Shutting down and abandoning module LeapMotionController (114)
[2016.01.10-15.39.49:293][193]LogModuleManager: Shutting down and abandoning module CustomMeshComponent (113)
[2016.01.10-15.39.49:306][193]LogModuleManager: Shutting down and abandoning module CableComponent (112)
[2016.01.10-15.39.49:306][193]LogModuleManager: Shutting down and abandoning module ArchVisCharacter (111)
[2016.01.10-15.39.49:306][193]LogModuleManager: Shutting down and abandoning module MessagingDebugger (110)
[2016.01.10-15.39.49:318][193]LogModuleManager: Shutting down and abandoning module MediaPlayerEditor (109)
[2016.01.10-15.39.49:325][193]LogModuleManager: Shutting down and abandoning module HTML5Networking (108)
[2016.01.10-15.39.49:325][193]LogModuleManager: Shutting down and abandoning module SpeedTreeImporter (107)
[2016.01.10-15.39.49:325][193]LogModuleManager: Shutting down and abandoning module PluginBrowser (106)
[2016.01.10-15.39.49:325][193]LogModuleManager: Shutting down and abandoning module EpicSurvey (105)
[2016.01.10-15.39.49:325][193]LogModuleManager: Shutting down and abandoning module DesktopPlatform (104)
[2016.01.10-15.39.49:325][193]LogModuleManager: Shutting down and abandoning module VisualStudioSourceCodeAccess (103)
[2016.01.10-15.39.49:325][193]LogModuleManager: Shutting down and abandoning module UObjectPlugin (102)
[2016.01.10-15.39.49:325][193]LogModuleManager: Shutting down and abandoning module SubversionSourceControl (101)
[2016.01.10-15.39.49:325][193]LogModuleManager: Shutting down and abandoning module PerforceSourceControl (100)
[2016.01.10-15.39.49:325][193]LogModuleManager: Shutting down and abandoning module SourceControl (99)
[2016.01.10-15.39.49:326][193]LogModuleManager: Shutting down and abandoning module GitSourceControl (98)
[2016.01.10-15.39.49:326][193]LogModuleManager: Shutting down and abandoning module LightPropagationVolumeEditor (97)
[2016.01.10-15.39.49:326][193]LogModuleManager: Shutting down and abandoning module PaperTiledImporter (96)
[2016.01.10-15.39.49:326][193]LogModuleManager: Shutting down and abandoning module PaperSpriteSheetImporter (95)
[2016.01.10-15.39.49:326][193]LogModuleManager: Shutting down and abandoning module MeshPaint (94)
[2016.01.10-15.39.49:326][193]LogModuleManager: Shutting down and abandoning module SlateReflector (93)
[2016.01.10-15.39.49:336][193]LogModuleManager: Shutting down and abandoning module HotReload (92)
[2016.01.10-15.39.49:337][193]LogModuleManager: Shutting down and abandoning module MainFrame (91)
[2016.01.10-15.39.49:337][193]LogModuleManager: Shutting down and abandoning module LevelEditor (90)
[2016.01.10-15.39.49:339][193]LogModuleManager: Shutting down and abandoning module DirectoryWatcher (89)
[2016.01.10-15.39.49:347][193]LogModuleManager: Shutting down and abandoning module AssetRegistry (88)
[2016.01.10-15.39.49:504][193]LogModuleManager: Shutting down and abandoning module ContentBrowser (87)
[2016.01.10-15.39.49:506][193]LogModuleManager: Shutting down and abandoning module Paper2DEditor (86)
[2016.01.10-15.39.49:522][193]LogModuleManager: Shutting down and abandoning module UdpMessaging (85)
[2016.01.10-15.39.49:622][193]LogModuleManager: Shutting down and abandoning module LightPropagationVolumeRuntime (84)
[2016.01.10-15.39.49:622][193]LogModuleManager: Shutting down and abandoning module Paper2D (83)
[2016.01.10-15.39.49:622][193]LogModuleManager: Shutting down and abandoning module WindowsMoviePlayer (82)
[2016.01.10-15.39.49:652][193]LogModuleManager: Shutting down and abandoning module Media (81)
[2016.01.10-15.39.49:652][193]LogModuleManager: Shutting down and abandoning module WmfMedia (80)
[2016.01.10-15.39.49:653][193]LogModuleManager: Shutting down and abandoning module OnlineBlueprintSupport (79)
[2016.01.10-15.39.49:653][193]LogModuleManager: Shutting down and abandoning module GameplayTasksEditor (78)
[2016.01.10-15.39.49:653][193]LogModuleManager: Shutting down and abandoning module PropertyEditor (77)
[2016.01.10-15.39.49:653][193]LogModuleManager: Shutting down and abandoning module BehaviorTreeEditor (76)
[2016.01.10-15.39.49:653][193]LogModuleManager: Shutting down and abandoning module FunctionalTesting (75)
[2016.01.10-15.39.49:653][193]LogModuleManager: Shutting down and abandoning module CollisionAnalyzer (74)
[2016.01.10-15.39.49:654][193]LogModuleManager: Shutting down and abandoning module WorkspaceMenuStructure (73)
[2016.01.10-15.39.49:654][193]LogModuleManager: Shutting down and abandoning module MessageLog (72)
[2016.01.10-15.39.49:654][193]LogModuleManager: Shutting down and abandoning module Sequencer (71)
[2016.01.10-15.39.49:654][193]LogModuleManager: Shutting down and abandoning module AssetTools (70)
[2016.01.10-15.39.49:672][193]LogModuleManager: Shutting down and abandoning module UMGEditor (69)
[2016.01.10-15.39.49:686][193]LogModuleManager: Shutting down and abandoning module UMG (68)
[2016.01.10-15.39.49:686][193]LogModuleManager: Shutting down and abandoning module Slate (67)
[2016.01.10-15.39.49:686][193]LogModuleManager: Shutting down and abandoning module EditorStyle (66)
[2016.01.10-15.39.49:689][193]LogModuleManager: Shutting down and abandoning module SessionServices (65)
[2016.01.10-15.39.49:689][193]LogModuleManager: Shutting down and abandoning module SourceCodeAccess (64)
[2016.01.10-15.39.49:689][193]LogModuleManager: Shutting down and abandoning module HeadMountedDisplay (63)
[2016.01.10-15.39.49:689][193]LogModuleManager: Shutting down and abandoning module XAudio2 (62)
[2016.01.10-15.39.49:689][193]LogModuleManager: Shutting down and abandoning module Networking (60)
[2016.01.10-15.39.49:689][193]LogModuleManager: Shutting down and abandoning module Core (59)
[2016.01.10-15.39.49:689][193]LogModuleManager: Shutting down and abandoning module KismetCompiler (58)
[2016.01.10-15.39.49:689][193]LogModuleManager: Shutting down and abandoning module PhysXFormats (57)
[2016.01.10-15.39.49:689][193]LogModuleManager: Shutting down and abandoning module MeshUtilities (56)
[2016.01.10-15.39.49:689][193]LogModuleManager: Shutting down and abandoning module CookingStats (55)
[2016.01.10-15.39.49:699][193]LogModuleManager: Shutting down and abandoning module DerivedDataCache (54)
[2016.01.10-15.39.49:711][193]LogDerivedDataCache: Shutdown
[2016.01.10-15.39.49:711][193]LogModuleManager: Shutting down and abandoning module ShaderFormatOpenGL (53)
[2016.01.10-15.39.49:721][193]LogModuleManager: Shutting down and abandoning module ShaderFormatD3D (52)
[2016.01.10-15.39.49:730][193]LogModuleManager: Shutting down and abandoning module MetalShaderFormat (51)
[2016.01.10-15.39.49:739][193]LogModuleManager: Shutting down and abandoning module TextureFormatUncompressed (50)
[2016.01.10-15.39.49:739][193]LogModuleManager: Shutting down and abandoning module TextureFormatPVR (49)
[2016.01.10-15.39.49:739][193]LogModuleManager: Shutting down and abandoning module TextureFormatIntelISPCTexComp (48)
[2016.01.10-15.39.49:751][193]LogModuleManager: Shutting down and abandoning module TextureFormatDXT (47)
[2016.01.10-15.39.49:751][193]LogModuleManager: Shutting down and abandoning module ImageWrapper (46)
[2016.01.10-15.39.49:751][193]LogModuleManager: Shutting down and abandoning module TextureFormatASTC (45)
[2016.01.10-15.39.49:751][193]LogModuleManager: Shutting down and abandoning module TextureFormatAndroid (44)
[2016.01.10-15.39.49:751][193]LogModuleManager: Shutting down and abandoning module AudioFormatOpus (43)
[2016.01.10-15.39.49:765][193]LogModuleManager: Shutting down and abandoning module AudioFormatOgg (42)
[2016.01.10-15.39.49:781][193]LogModuleManager: Shutting down and abandoning module AudioFormatADPCM (41)
[2016.01.10-15.39.49:793][193]LogModuleManager: Shutting down and abandoning module LinuxTargetPlatform (40)
[2016.01.10-15.39.49:793][193]LogModuleManager: Shutting down and abandoning module LinuxServerTargetPlatform (39)
[2016.01.10-15.39.49:793][193]LogModuleManager: Shutting down and abandoning module LinuxNoEditorTargetPlatform (38)
[2016.01.10-15.39.49:794][193]LogModuleManager: Shutting down and abandoning module Messaging (37)
[2016.01.10-15.39.49:794][193]LogModuleManager: Shutting down and abandoning module IOSTargetPlatform (36)
[2016.01.10-15.39.49:794][193]LogModuleManager: Shutting down and abandoning module HTML5TargetPlatform (35)
[2016.01.10-15.39.49:794][193]LogModuleManager: Shutting down and abandoning module Android_PVRTCTargetPlatform (34)
[2016.01.10-15.39.49:808][193]LogModuleManager: Shutting down and abandoning module Android_ETC2TargetPlatform (33)
[2016.01.10-15.39.49:812][193]LogModuleManager: Shutting down and abandoning module Android_ETC1TargetPlatform (32)
[2016.01.10-15.39.49:824][193]LogModuleManager: Shutting down and abandoning module Android_DXTTargetPlatform (31)
[2016.01.10-15.39.49:834][193]LogModuleManager: Shutting down and abandoning module Android_ATCTargetPlatform (30)
[2016.01.10-15.39.49:849][193]LogModuleManager: Shutting down and abandoning module Android_ASTCTargetPlatform (29)
[2016.01.10-15.39.49:849][193]LogModuleManager: Shutting down and abandoning module AndroidTargetPlatform (28)
[2016.01.10-15.39.49:862][193]LogModuleManager: Shutting down and abandoning module WindowsTargetPlatform (27)
[2016.01.10-15.39.49:862][193]LogModuleManager: Shutting down and abandoning module WindowsServerTargetPlatform (26)
[2016.01.10-15.39.49:872][193]LogModuleManager: Shutting down and abandoning module WindowsNoEditorTargetPlatform (25)
[2016.01.10-15.39.49:880][193]LogModuleManager: Shutting down and abandoning module WindowsClientTargetPlatform (24)
[2016.01.10-15.39.49:887][193]LogModuleManager: Shutting down and abandoning module AllDesktopTargetPlatform (23)
[2016.01.10-15.39.49:895][193]LogModuleManager: Shutting down and abandoning module TargetPlatform (22)
[2016.01.10-15.39.49:895][193]LogModuleManager: Shutting down and abandoning module InputCore (21)
[2016.01.10-15.39.49:896][193]LogModuleManager: Shutting down and abandoning module Settings (20)
[2016.01.10-15.39.49:896][193]LogModuleManager: Shutting down and abandoning module OnlineSubsystem (18)
[2016.01.10-15.39.49:896][193]LogModuleManager: Shutting down and abandoning module HTTP (17)
[2016.01.10-15.39.51:899][193]LogModuleManager: Shutting down and abandoning module XMPP (16)
[2016.01.10-15.39.51:925][193]LogModuleManager: Shutting down and abandoning module ExampleDeviceProfileSelector (15)
[2016.01.10-15.39.51:925][193]LogModuleManager: Shutting down and abandoning module TextureCompressor (14)
[2016.01.10-15.39.51:925][193]LogModuleManager: Shutting down and abandoning module ShaderCore (13)
[2016.01.10-15.39.51:925][193]LogModuleManager: Shutting down and abandoning module Landscape (12)
[2016.01.10-15.39.51:925][193]LogModuleManager: Shutting down and abandoning module SlateRHIRenderer (11)
[2016.01.10-15.39.51:939][193]LogModuleManager: Shutting down and abandoning module OpenGLDrv (10)
[2016.01.10-15.39.51:949][193]LogModuleManager: Shutting down and abandoning module D3D11RHI (9)
[2016.01.10-15.39.51:949][193]LogModuleManager: Shutting down and abandoning module AnimGraphRuntime (8)
[2016.01.10-15.39.51:949][193]LogModuleManager: Shutting down and abandoning module Renderer (7)
[2016.01.10-15.39.51:949][193]LogModuleManager: Shutting down and abandoning module Engine (6)
[2016.01.10-15.39.51:949][193]LogModuleManager: Shutting down and abandoning module CoreUObject (5)
[2016.01.10-15.39.51:949][193]LogModuleManager: Shutting down and abandoning module NetworkFile (4)
[2016.01.10-15.39.51:965][193]LogModuleManager: Shutting down and abandoning module StreamingFile (3)
[2016.01.10-15.39.51:965][193]LogModuleManager: Shutting down and abandoning module SandboxFile (2)
[2016.01.10-15.39.51:975][193]LogModuleManager: Shutting down and abandoning module PakFile (1)
[2016.01.10-15.39.51:989][193]LogExit: Exiting.
[2016.01.10-15.39.52:001][193]Log file closed, 01/10/16 23:39:52
