[2016.01.10-10.56.47:229][  0]Log file open, 01/10/16 18:56:47
[2016.01.10-10.56.47:229][  0]LogInit:Display: Running engine for game: GameJam
[2016.01.10-10.56.47:229][  0]LogInit:Display: RandInit(994708663) SRandInit(994708664).
[2016.01.10-10.56.47:229][  0]LogTaskGraph: Started task graph with 4 named threads and 7 total threads.
[2016.01.10-10.56.47:229][  0]LogStats: Stats thread started at 0.066387
[2016.01.10-10.56.47:229][  0]LogInit: Version: 4.9.2-2707645+++depot+UE4-Releases+4.9
[2016.01.10-10.56.47:229][  0]LogInit: API Version: 2672455
[2016.01.10-10.56.47:229][  0]LogInit: Compiled (64-bit): Sep 28 2015 10:25:44
[2016.01.10-10.56.47:229][  0]LogInit: Compiled with Visual C++: 18.00.21005.01
[2016.01.10-10.56.47:229][  0]LogInit: Build Configuration: Development
[2016.01.10-10.56.47:229][  0]LogInit: Branch Name: ++depot+UE4-Releases+4.9
[2016.01.10-10.56.47:229][  0]LogInit: Command line:  
[2016.01.10-10.56.47:229][  0]LogInit: Base directory: D:/program/ue4/Epic Games/4.9/Engine/Binaries/Win64/
[2016.01.10-10.56.47:229][  0]LogInit: Rocket: 1
[2016.01.10-10.56.47:254][  0]LogInit: Using libcurl 7.41.0
[2016.01.10-10.56.47:254][  0]LogInit:  - built for x86_64-pc-win32
[2016.01.10-10.56.47:254][  0]LogInit:  - supports SSL with WinSSL
[2016.01.10-10.56.47:254][  0]LogInit:  - other features:
[2016.01.10-10.56.47:254][  0]LogInit:      CURL_VERSION_SSL
[2016.01.10-10.56.47:254][  0]LogInit:      CURL_VERSION_IPV6
[2016.01.10-10.56.47:254][  0]LogInit:      CURL_VERSION_ASYNCHDNS
[2016.01.10-10.56.47:254][  0]LogInit:      CURL_VERSION_LARGEFILE
[2016.01.10-10.56.47:254][  0]LogInit:      CURL_VERSION_IDN
[2016.01.10-10.56.47:254][  0]LogInit:  CurlRequestOptions (configurable via config and command line):
[2016.01.10-10.56.47:254][  0]LogInit:  - bVerifyPeer = true  - Libcurl will verify peer certificate
[2016.01.10-10.56.47:254][  0]LogInit:  - bUseHttpProxy = false  - Libcurl will NOT use HTTP proxy
[2016.01.10-10.56.47:254][  0]LogInit:  - bDontReuseConnections = false  - Libcurl will reuse connections
[2016.01.10-10.56.47:254][  0]LogInit:  - CertBundlePath = nullptr  - Libcurl will use whatever was configured at build time.
[2016.01.10-10.56.47:259][  0]LogInit: Presizing for 0 objects not considered by GC, pre-allocating 0 bytes.
[2016.01.10-10.56.47:264][  0]LogInit: Object subsystem initialized
[2016.01.10-10.56.47:266][  0]LogInit: Selected Device Profile: [Windows]
[2016.01.10-10.56.47:266][  0]LogInit: Applying CVar settings loaded from the selected device profile: [Windows]
[2016.01.10-10.56.47:272][  0]LogInit: Computer: ADMIN
[2016.01.10-10.56.47:272][  0]LogInit: User: user
[2016.01.10-10.56.47:272][  0]LogInit: CPU Page size=4096, Cores=4
[2016.01.10-10.56.47:272][  0]LogInit: High frequency timer resolution =3.515637 MHz
[2016.01.10-10.56.47:272][  0]LogMemory: Memory total: Physical=8.0GB (8GB approx)
[2016.01.10-10.56.47:272][  0]LogMemory: Platform Memory Stats for Windows
[2016.01.10-10.56.47:272][  0]LogMemory: Process Physical Memory: 51.90 MB used, 51.90 MB peak
[2016.01.10-10.56.47:272][  0]LogMemory: Process Virtual Memory: 56.86 MB used, 56.86 MB peak
[2016.01.10-10.56.47:272][  0]LogMemory: Physical Memory: 5863.52 MB used, 8141.13 MB total
[2016.01.10-10.56.47:272][  0]LogMemory: Virtual Memory: 345.18 MB used, 134217728.00 MB total
[2016.01.10-10.56.47:335][  0]LogTextLocalizationManager: No specific translations for ('en-GB') exist, so ('en') translations will be used.
[2016.01.10-10.56.47:851][  0]LogD3D11RHI: Found D3D11 adapter 0: NVIDIA GeForce GTX 750 Ti (Feature Level 11_0)
[2016.01.10-10.56.47:851][  0]LogD3D11RHI: Adapter has 1988MB of dedicated video memory, 0MB of dedicated system memory, and 2048MB of shared system memory, 1 output[s]
[2016.01.10-10.56.47:852][  0]LogD3D11RHI: Found D3D11 adapter 1: Microsoft Basic Render Driver (Feature Level 11_0)
[2016.01.10-10.56.47:852][  0]LogD3D11RHI: Adapter has 0MB of dedicated video memory, 0MB of dedicated system memory, and 256MB of shared system memory, 0 output[s]
[2016.01.10-10.56.47:852][  0]LogD3D11RHI: Chosen D3D11 Adapter Id = 0
[2016.01.10-10.56.47:855][  0]LogD3D11RHI: !Direct3DDevice
[2016.01.10-10.56.47:855][  0]LogRHI: Texture pool is 1361 MB (70% of 1945 MB)
[2016.01.10-10.56.47:865][  0]LogD3D11RHI: Async texture creation enabled
[2016.01.10-10.56.48:274][  0]LogShaderCompilers: Guid format shader working directory is 15 characters bigger than the processId version (../../../../../../../WORK/gamejam/Intermediate/Shaders/WorkingDirectory/4756/).
[2016.01.10-10.56.48:274][  0]LogShaderCompilers: Cleaned the shader compiler working directory '../../../../../../../WORK/gamejam/Intermediate/Shaders/tmp/7892CDF044E04AECAE63F4A3007BC3CC/'.
[2016.01.10-10.56.48:274][  0]LogShaderCompilers:Display: Using Local Shader Compiler.
[2016.01.10-10.56.50:021][  0]LogTemp:Display: Loaded TP AllDesktopTargetPlatform
[2016.01.10-10.56.50:024][  0]LogTemp:Display: Loaded TP WindowsClientTargetPlatform
[2016.01.10-10.56.50:028][  0]LogTemp:Display: Loaded TP WindowsNoEditorTargetPlatform
[2016.01.10-10.56.50:031][  0]LogTemp:Display: Loaded TP WindowsServerTargetPlatform
[2016.01.10-10.56.50:034][  0]LogTemp:Display: Loaded TP WindowsTargetPlatform
[2016.01.10-10.56.50:037][  0]LogTemp:Display: Loaded TP AndroidTargetPlatform
[2016.01.10-10.56.50:039][  0]LogTemp:Display: Loaded TP Android_ASTCTargetPlatform
[2016.01.10-10.56.50:041][  0]LogTemp:Display: Loaded TP Android_ATCTargetPlatform
[2016.01.10-10.56.50:044][  0]LogTemp:Display: Loaded TP Android_DXTTargetPlatform
[2016.01.10-10.56.50:046][  0]LogTemp:Display: Loaded TP Android_ETC1TargetPlatform
[2016.01.10-10.56.50:049][  0]LogTemp:Display: Loaded TP Android_ETC2TargetPlatform
[2016.01.10-10.56.50:051][  0]LogTemp:Display: Loaded TP Android_PVRTCTargetPlatform
[2016.01.10-10.56.50:052][  0]LogTemp:Display: Loaded TP HTML5TargetPlatform
[2016.01.10-10.56.50:067][  0]LogTemp:Display: Loaded TP IOSTargetPlatform
[2016.01.10-10.56.50:070][  0]LogTemp:Display: Loaded TP LinuxNoEditorTargetPlatform
[2016.01.10-10.56.50:072][  0]LogTemp:Display: Loaded TP LinuxServerTargetPlatform
[2016.01.10-10.56.50:075][  0]LogTemp:Display: Loaded TP LinuxTargetPlatform
[2016.01.10-10.56.50:075][  0]LogTargetPlatformManager:Display: Building Assets For Windows
[2016.01.10-10.56.50:164][  0]LogDerivedDataCache:Display: Max Cache Size: 512 MB
[2016.01.10-10.56.50:543][  0]LogDerivedDataCache: Loaded boot cache 0.38s 41MB C:/Users/user/AppData/Local/UnrealEngine/4.9/DerivedDataCache/Boot.ddc.
[2016.01.10-10.56.50:543][  0]LogDerivedDataCache:Display: Loaded Boot cache: C:/Users/user/AppData/Local/UnrealEngine/4.9/DerivedDataCache/Boot.ddc
[2016.01.10-10.56.50:543][  0]LogDerivedDataCache: FDerivedDataBackendGraph:  Pak pak cache file ../../../../../../../WORK/gamejam/DerivedDataCache/DDC.ddp not found, will not use a pak cache.
[2016.01.10-10.56.50:543][  0]LogDerivedDataCache: Unable to find inner node Pak for hierarchical cache Hierarchy.
[2016.01.10-10.56.50:543][  0]LogDerivedDataCache: FDerivedDataBackendGraph:  CompressedPak pak cache file ../../../../../../../WORK/gamejam/DerivedDataCache/Compressed.ddp not found, will not use a pak cache.
[2016.01.10-10.56.50:543][  0]LogDerivedDataCache: Unable to find inner node CompressedPak for hierarchical cache Hierarchy.
[2016.01.10-10.56.50:664][  0]LogDerivedDataCache:Display: Pak cache opened for reading ../../../Engine/DerivedDataCache/Compressed.ddp.
[2016.01.10-10.56.50:675][  0]LogDerivedDataCache: Using Local data cache path C:/Users/user/AppData/Local/UnrealEngine/Common/DerivedDataCache: Writable
[2016.01.10-10.57.09:463][  0]LogInit: Selected Device Profile: [Windows]
[2016.01.10-10.57.09:653][  0]LogContentStreaming: Texture pool size is 0.000000MB
[2016.01.10-10.57.12:016][  0]LogMeshUtilities: No automatic mesh reduction module available
[2016.01.10-10.57.12:017][  0]LogMeshUtilities: No automatic mesh merging module available
[2016.01.10-10.57.18:044][  0]LogInit: WinSock: version 1.1 (2.2), MaxSocks=32767, MaxUdp=65467
[2016.01.10-10.57.54:108][  0]UdpMessaging: Initializing bridge on interface 0.0.0.0:0 to multicast group 230.0.0.1:6666.
[2016.01.10-10.57.54:613][  0]LogAssetRegistry: FAssetRegistry took 0.0142 seconds to start up
[2016.01.10-10.57.58:565][  0]SourceControl: Info Source control is disabled
[2016.01.10-10.57.58:577][  0]SourceControl: Info Source control is disabled
[2016.01.10-10.57.58:745][  0]SourceControl: Info Source control is disabled
[2016.01.10-10.57.58:923][  0]SourceControl: Info Source control is disabled
[2016.01.10-10.58.01:482][  0]LogLinker:Warning: Asset '../../../Engine/Plugins/Runtime/LeapMotionController/Content/LM_PassthroughMaterial.uasset' has been saved with empty engine version. The asset will be loaded but may be incompatible.
[2016.01.10-10.58.02:501][  0]LogObj: 28361 objects as part of root set at end of initial load.
[2016.01.10-10.58.02:501][  0]LogUObjectAllocator: 6038872 out of 0 bytes used by permanent object pool.
[2016.01.10-10.58.04:308][  0]LogEngine: Initializing Engine...
[2016.01.10-10.58.04:360][  0]LogHMD: Can't find Oculus library dev build: is proper Runtime installed? Version: 0.7.0.0
[2016.01.10-10.58.05:341][  0]LogHMD: SteamVR failed to initialize.  Err: 108
[2016.01.10-10.58.07:761][  0]LogAIModule: Creating AISystem for world NewWorld
[2016.01.10-10.58.08:163][  0]LogInit: XAudio2 using 'Headphones (S)"%2i! R!7 r)sm %!d3et)' : 2 channels at 44.1 kHz using 16 bits per sample (channel mask 0x3)
[2016.01.10-10.58.08:487][  0]LogInit: FAudioDevice initialized.
[2016.01.10-10.58.08:513][  0]LogDerivedDataCache: Saved boot cache 0.03s 41MB C:/Users/user/AppData/Local/UnrealEngine/4.9/DerivedDataCache/Boot.ddc.
[2016.01.10-10.58.08:520][  0]LogInit: Texture streaming: Enabled
[2016.01.10-10.58.09:743][  0]LogAnalytics: Creating configured Analytics provider AnalyticsET
[2016.01.10-10.58.09:743][  0]LogAnalytics: [UEEditor.Rocket.Release] APIServer = http://et2.epicgames.com/ET2/. AppVersion = 4.9.2-2707645+++depot+UE4-Releases+4.9
[2016.01.10-10.58.09:743][  0]LogAnalytics: [UEEditor.Rocket.Release] SetUserId 063ef5e840611d3826e0a3a0a7689965|bdf101df1db24ab0b29feb25013572ab|508531e8-b6df-41a8-944b-227a8d127274
[2016.01.10-10.58.09:743][  0]LogAnalytics: [UEEditor.Rocket.Release] AnalyticsET::StartSession
[2016.01.10-10.58.10:420][  0]LogInit: Transaction tracking system initialized
[2016.01.10-10.58.12:786][  0]BlueprintLog: New page: Editor Load
[2016.01.10-10.58.20:689][  0]LocalizationService: Info Localization service is disabled
[2016.01.10-10.58.22:013][  0]LogConsoleResponse:Display: 
[2016.01.10-10.58.24:602][  0]LogFileCache: Scanning file cache for directory 'D:/WORK/gamejam/Content/' took 0.01s
[2016.01.10-10.58.24:602][  0]LogCook:Display: Done creating registry. It took  0.00s.
[2016.01.10-10.58.25:340][  0]SourceControl: Info Source control is disabled
[2016.01.10-10.58.25:367][  0]Cmd: MAP LOAD FILE="../../../../../../../WORK/gamejam/Content/Maps/Level0polish.umap" TEMPLATE=0 SHOWPROGRESS=1 FEATURELEVEL=3
[2016.01.10-10.58.25:385][  0]LightingResults: New page: Lighting Build
[2016.01.10-10.58.25:454][  0]MapCheck: New page: Map Check
[2016.01.10-10.58.25:454][  0]LightingResults: New page: Lighting Build
[2016.01.10-10.58.25:600][  0]LogParticles: Destroying 0 GPU particle simulations for FXSystem 0x00000010AD2E1D00
[2016.01.10-10.58.35:781][  0]LogAIModule: Creating AISystem for world Level0polish
[2016.01.10-10.58.39:359][  0]LogEditorServer: Finished looking for orphan Actors (0.000 secs)
[2016.01.10-10.58.39:399][  0]Cmd: MAP CHECKDEP NOCLEARLOG
[2016.01.10-10.58.39:463][  0]MapCheck: Info Map check complete: 0 Error(s), 0 Warning(s), took 63.9ms to complete.
[2016.01.10-10.58.39:493][  0]LogFileHelpers: Loading map 'Level0polish' took 14.126
[2016.01.10-10.58.41:216][  0]LogCollectionManager: Loaded 0 collections in 0.003002 seconds
[2016.01.10-10.58.41:299][  0]LogFileCache: Scanning file cache for directory 'D:/WORK/gamejam/Saved/Collections/' took 0.01s
[2016.01.10-10.58.41:299][  0]LogFileCache: Scanning file cache for directory 'D:/WORK/gamejam/Content/Developers/user/Collections/' took 0.01s
[2016.01.10-10.58.41:299][  0]LogFileCache: Scanning file cache for directory 'D:/WORK/gamejam/Content/Collections/' took 0.01s
[2016.01.10-10.58.41:299][  0]LogContentBrowser: Native class hierarchy populated in 0.0085 seconds. Added 1867 classes and 333 folders.
[2016.01.10-10.58.41:381][  0]LogCollectionManager: Rebuilt the GUID cache for 0 collections in 0.000006 seconds
[2016.01.10-10.58.41:503][  0]LogContentBrowser: Native class hierarchy updated for 'WidgetCarousel' in 0.0005 seconds. Added 0 classes and 0 folders.
[2016.01.10-10.58.42:453][  0]LogContentBrowser: Native class hierarchy updated for 'AddContentDialog' in 0.0009 seconds. Added 0 classes and 0 folders.
[2016.01.10-10.58.42:887][  0]LogContentBrowser: Native class hierarchy updated for 'SceneOutliner' in 0.0004 seconds. Added 1 classes and 2 folders.
[2016.01.10-10.58.43:335][  0]LogCrashTracker: Crashtracker disabled due to settings.
[2016.01.10-10.58.43:439][  0]LogUObjectGlobals:Warning: Failed to find object 'Class None.'
[2016.01.10-10.58.43:521][  0]LogLoad: Full Startup: 116.91 seconds (BP compile: 0.99 seconds)
[2016.01.10-10.58.43:876][  0]LoadErrors:Error: Error /Game/Maps/Level0polish : Failed import for CurveFloat /Game/FirstPersonBP/Blueprints/Door2.Door2_C:CurveFloat_0__256DA8D9
[2016.01.10-10.58.43:876][  0]LoadErrors:Error: Error /Game/Maps/Level0polish : Failed import for CurveFloat /Game/FirstPersonBP/Blueprints/ThisButton2.ThisButton2_C:CurveFloat_0_1_2_3__B219A375__B6BB1B11
[2016.01.10-10.58.43:877][  0]LoadErrors:Error: Error /Game/Maps/Level0polish : Failed import for CurveFloat /Game/FirstPersonBP/Blueprints/ThisButton2.ThisButton2_C:CurveFloat_0_1__71EEED09__79CD0ECA
[2016.01.10-10.58.43:877][  0]LoadErrors:Error: Error /Game/Maps/Level0polish : Failed import for CurveFloat /Game/FirstPersonBP/Blueprints/ThisButton2.ThisButton2_C:CurveFloat_0__256DA8D9
[2016.01.10-10.58.44:214][  0]LogContentStreaming: Texture pool size now 400 MB
[2016.01.10-10.58.44:919][  0]LogRenderer: Reallocating scene render targets to support 744x632 (Frame:2).
[2016.01.10-10.58.45:733][  1]Cmd: UpdateLandscapeEditorData -warnings
[2016.01.10-10.58.45:864][  1]LogFileCache: Retrieving MD5 hashes for directory 'D:/WORK/gamejam/Content/' took 1.96s
[2016.01.10-10.58.46:335][  8]LogAssetRegistry: Asset discovery search completed in 51.7348 seconds
[2016.01.10-10.58.46:335][  8]LogCollectionManager: Rebuilt the object cache for 0 collections in 0.000001 seconds (found 0 objects)
[2016.01.10-10.58.46:335][  8]LogCollectionManager: Fixed up redirectors for 0 collections in 0.000027 seconds (updated 0 objects)
[2016.01.10-10.58.47:177][ 19]AssetReimport: New page: Outstanding source content changes 02:58:47
[2016.01.10-10.58.50:624][ 79]AssetReimport:Warning: Warning Can't create a new asset at /Game/texture/rockstair/rockstairlowpoly_DefaultMaterial_BaseColor - one already exists.
[2016.01.10-10.58.50:624][ 79]AssetReimport:Warning: Warning Can't create a new asset at /Game/texture/rockstair/rockstairlowpoly_DefaultMaterial_Normal - one already exists.
[2016.01.10-10.58.50:624][ 79]AssetReimport:Warning: Warning Can't create a new asset at /Game/texture/rockstair/rockstairlowpoly_DefaultMaterial_RoughnessMetallic - one already exists.
[2016.01.10-10.59.04:774][598]LogActorFactory: Actor Factory created rockstairs
[2016.01.10-10.59.05:437][636]LogActorFactory: Actor Factory created rockstairs
[2016.01.10-10.59.12:026][991]Cmd: TRANSACTION UNDO
[2016.01.10-10.59.12:026][991]LogEditorTransaction: Undo Rotate Actors
[2016.01.10-10.59.15:858][ 83]Cmd: MODE ROTGRID=1
[2016.01.10-10.59.40:215][517]LogEditorViewport: Clicking on Actor (LMB): StaticMeshActor (rockstairs)
[2016.01.10-10.59.43:367][710]Cmd: DELETE
[2016.01.10-10.59.43:367][710]Cmd: ACTOR DELETE
[2016.01.10-10.59.43:394][710]LogEditorActor: Deleted Actor: Brush
[2016.01.10-10.59.44:366][710]LogEditorActor: Deleted 1 Actors (0.982 secs)
[2016.01.10-10.59.44:927][745]LogEditorViewport: Clicking on Actor (LMB): StaticMeshActor (rockstairs)
[2016.01.10-10.59.57:547][508]LogEditorViewport: Clicking on Actor (CTRL LMB): StaticMeshActor (rockstairs)
[2016.01.10-11.00.23:348][ 63]LogEditorViewport: Clicking on Actor (CTRL LMB): StaticMeshActor (rockstairs2)
[2016.01.10-11.00.24:202][115]LogEditorViewport: Clicking on Actor (CTRL LMB): StaticMeshActor (rockstairs)
[2016.01.10-11.00.32:291][612]LogEditorViewport: Clicking on Actor (LMB): Landscape (Landscape)
[2016.01.10-11.00.33:778][701]LogEditorViewport: Clicking on Actor (LMB): StaticMeshActor (rockstairs2)
[2016.01.10-11.00.34:369][736]LogEditorViewport: Clicking on Actor (LMB): StaticMeshActor (rockstairs)
[2016.01.10-11.00.34:947][771]LogEditorViewport: Clicking on Actor (CTRL LMB): StaticMeshActor (rockstairs2)
[2016.01.10-11.00.35:498][803]LogEditorViewport: Clicking on Actor (CTRL LMB): StaticMeshActor (rockstairs4)
[2016.01.10-11.00.35:850][823]LogEditorViewport: Clicking on Actor (CTRL LMB): StaticMeshActor (rockstairs3)
[2016.01.10-11.00.36:416][857]LogEditorViewport: Clicking on Actor (LMB): StaticMeshActor (rockstairs2)
[2016.01.10-11.00.36:921][887]LogEditorViewport: Clicking on Actor (CTRL LMB): StaticMeshActor (rockstairs4)
[2016.01.10-11.00.41:563][170]LogEditorViewport: Clicking on Actor (LMB): StaticMeshActor (rockstairs4)
[2016.01.10-11.00.45:211][393]LogEditorViewport: Clicking on Actor (LMB): StaticMeshActor (rockstairs2)
[2016.01.10-11.00.50:966][745]Cmd: TRANSACTION UNDO
[2016.01.10-11.00.50:966][745]LogEditorTransaction: Undo Move Actors
[2016.01.10-11.00.52:593][801]LogEditorViewport: Clicking on Actor (LMB): StaticMeshActor (rockstairs)
[2016.01.10-11.00.52:950][812]LogEditorViewport: Clicking on Actor (LMB): StaticMeshActor (rockstairs3)
[2016.01.10-11.00.53:380][825]LogEditorViewport: Clicking on Actor (LMB): StaticMeshActor (rockstairs4)
[2016.01.10-11.01.03:077][370]LogEditorViewport: Clicking on Actor (LMB): StaticMeshActor (rockstairs2)
[2016.01.10-11.01.03:467][393]LogEditorViewport: Clicking on Actor (LMB): StaticMeshActor (rockstairs)
[2016.01.10-11.01.03:923][420]LogEditorViewport: Clicking on Actor (LMB): StaticMeshActor (rockstairs)
[2016.01.10-11.01.07:075][577]LogLinker:Warning: Asset '../../../Engine/Content/ArtTools/RenderToTexture/Macros/RenderToTextureMacros.uasset' has been saved with empty engine version. The asset will be loaded but may be incompatible.
[2016.01.10-11.01.07:974][577]LogContentBrowser: Native class hierarchy updated for 'BlueprintGraph' in 0.0017 seconds. Added 107 classes and 0 folders.
[2016.01.10-11.01.35:052][528]LogEditorViewport: Clicking on Actor (LMB): StaticMeshActor (rockstairs4)
[2016.01.10-11.01.36:531][617]LogEditorViewport: Clicking on Actor (CTRL LMB): StaticMeshActor (rockstairs3)
[2016.01.10-11.01.37:048][647]LogEditorViewport: Clicking on Actor (CTRL LMB): StaticMeshActor (rockstairs2)
[2016.01.10-11.01.37:468][672]LogEditorViewport: Clicking on Actor (CTRL LMB): StaticMeshActor (rockstairs)
[2016.01.10-11.01.44:320][ 85]LogEditorViewport: Clicking on Actor (LMB): PointLight (PointLight)
[2016.01.10-11.02.21:518][348]Cmd: OBJ SAVEPACKAGE PACKAGE="/Game/Maps/Level0polish" FILE="../../../../../../../WORK/gamejam/Content/Maps/Level0polish.umap" SILENT=true AUTOSAVING=false KEEPDIRTY=false
[2016.01.10-11.02.22:304][348]LogSavePackage: Save=731.844910ms
[2016.01.10-11.02.22:304][348]LogSavePackage: Moving '../../../../../../../WORK/gamejam/Saved/Level0polishF47E56504C1D6A5A92223C9A7DA8BDB9.tmp' to '../../../../../../../WORK/gamejam/Content/Maps/Level0polish.umap'
[2016.01.10-11.02.22:307][348]LogSavePackage: Total save time: 765.127629ms
[2016.01.10-11.02.22:307][348]LogSavePackage:Warning: Finished SavePackage ../../../../../../../WORK/gamejam/Content/Maps/Level0polish.umap
[2016.01.10-11.03.27:558][352]LogEditorViewport: Clicking on Actor (LMB): StaticMeshActor (rockstairs4)
[2016.01.10-11.03.30:068][504]LogEditorViewport: Clicking on Actor (LMB): StaticMeshActor (rockstairs2)
[2016.01.10-11.03.30:829][550]Cmd: DELETE
[2016.01.10-11.03.30:829][550]Cmd: ACTOR DELETE
[2016.01.10-11.03.30:835][550]LogEditorActor: Deleted Actor: StaticMeshActor
[2016.01.10-11.03.30:891][550]LogEditorActor: Deleted 1 Actors (0.061 secs)
[2016.01.10-11.03.31:197][570]LogEditorViewport: Clicking on Actor (LMB): StaticMeshActor (rockstairs4)
[2016.01.10-11.03.31:299][575]Cmd: DELETE
[2016.01.10-11.03.31:299][575]Cmd: ACTOR DELETE
[2016.01.10-11.03.31:300][575]LogEditorActor: Deleted Actor: StaticMeshActor
[2016.01.10-11.03.31:321][575]LogEditorActor: Deleted 1 Actors (0.022 secs)
[2016.01.10-11.03.31:592][593]LogEditorViewport: Clicking on Actor (LMB): StaticMeshActor (rockstairs)
[2016.01.10-11.03.31:655][596]Cmd: DELETE
[2016.01.10-11.03.31:655][596]Cmd: ACTOR DELETE
[2016.01.10-11.03.31:657][596]LogEditorActor: Deleted Actor: StaticMeshActor
[2016.01.10-11.03.31:679][596]LogEditorActor: Deleted 1 Actors (0.023 secs)
[2016.01.10-11.03.32:566][652]LogEditorViewport: Clicking on Actor (LMB): StaticMeshActor (rockstairs3)
[2016.01.10-11.03.32:954][675]LogEditorViewport: Clicking on Actor (LMB): StaticMeshActor (rockstairs3)
[2016.01.10-11.03.33:804][727]Cmd: DELETE
[2016.01.10-11.03.33:804][727]Cmd: ACTOR DELETE
[2016.01.10-11.03.33:807][727]LogEditorActor: Deleted Actor: StaticMeshActor
[2016.01.10-11.03.33:846][727]LogEditorActor: Deleted 1 Actors (0.042 secs)
[2016.01.10-11.03.34:188][749]LogEditorViewport: Clicking on Actor (LMB): Landscape (Landscape)
[2016.01.10-11.04.43:271][807]SourceControl:Error: Error Failed to enable Git source control. You need to initialize the project as a Git repository first.
[2016.01.10-11.04.46:087][855]SourceControl: Info Source control is disabled
[2016.01.10-11.05.36:858][307]SourceControl:Error: Error Failed to enable Git source control. You need to initialize the project as a Git repository first.
[2016.01.10-11.05.45:209][453]SourceControl:Error: Error Failed to enable Git source control. You need to initialize the project as a Git repository first.
[2016.01.10-11.05.58:810][697]SourceControl:Error: Error Failed to enable Git source control. You need to initialize the project as a Git repository first.
[2016.01.10-11.06.01:511][751]SourceControl: Info Source control is disabled
[2016.01.10-11.07.08:285][517]BlueprintLog: New page: Compile Stairs
[2016.01.10-11.07.08:420][517]LogParticles: Destroying 0 GPU particle simulations for FXSystem 0x000000109B0C0540
[2016.01.10-11.07.08:426][517]BlueprintEditorCompileResults: Info [0621.81] Compile of Stairs successful! [in 140 ms]
[2016.01.10-11.07.39:178][381]BlueprintLog: New page: Compile Stairs
[2016.01.10-11.07.39:236][381]BlueprintEditorCompileResults: Info [0652.62] Compile of Stairs successful! [in 57 ms]
[2016.01.10-11.08.41:282][217]BlueprintLog: New page: Compile Stairs
[2016.01.10-11.08.41:345][217]BlueprintEditorCompileResults: Info [0714.73] Compile of Stairs successful! [in 62 ms]
[2016.01.10-11.08.59:907][768]LogEditorTransaction: Undo Modify Component(s)
[2016.01.10-11.09.17:586][262]LogEditorTransaction: Undo Modify Component(s)
[2016.01.10-11.09.33:501][701]Cmd: OBJ SAVEPACKAGE PACKAGE="/Game/Maps/Level0polish" FILE="../../../../../../../WORK/gamejam/Content/Maps/Level0polish.umap" SILENT=true AUTOSAVING=false KEEPDIRTY=false
[2016.01.10-11.09.34:210][701]LogSavePackage: Save=651.973999ms
[2016.01.10-11.09.34:210][701]LogSavePackage: Moving '../../../../../../../WORK/gamejam/Saved/Level0polishA5AFBBD8447BEC2CCF9FE7887D59FF41.tmp' to '../../../../../../../WORK/gamejam/Content/Maps/Level0polish.umap'
[2016.01.10-11.09.34:212][701]LogSavePackage: Total save time: 690.994266ms
[2016.01.10-11.09.34:212][701]LogSavePackage:Warning: Finished SavePackage ../../../../../../../WORK/gamejam/Content/Maps/Level0polish.umap
[2016.01.10-11.09.34:236][701]LogFileHelpers: Saving map 'Level0polish' took 0.816
[2016.01.10-11.09.34:286][701]Cmd: OBJ SAVEPACKAGE PACKAGE="/Game/FirstPersonBP/Blueprints/Stairs" FILE="../../../../../../../WORK/gamejam/Content/FirstPersonBP/Blueprints/Stairs.uasset" SILENT=true
[2016.01.10-11.09.34:343][701]LogSavePackage: Save=56.087704ms
[2016.01.10-11.09.34:343][701]LogSavePackage: Moving '../../../../../../../WORK/gamejam/Saved/StairsB613BF2842A177DE2D6530917FC9C946.tmp' to '../../../../../../../WORK/gamejam/Content/FirstPersonBP/Blueprints/Stairs.uasset'
[2016.01.10-11.09.34:345][701]LogSavePackage: Total save time: 57.595823ms
[2016.01.10-11.09.34:345][701]LogSavePackage:Warning: Finished SavePackage ../../../../../../../WORK/gamejam/Content/FirstPersonBP/Blueprints/Stairs.uasset
[2016.01.10-11.09.36:817][772]BlueprintLog: New page: Compile Stairs
[2016.01.10-11.09.36:875][772]BlueprintEditorCompileResults: Info [0770.26] Compile of Stairs successful! [in 58 ms]
[2016.01.10-11.09.43:642][120]LogEditorViewport: Clicking on Actor (LMB): Stairs_C (Stairs)
[2016.01.10-11.09.44:653][182]Cmd: DELETE
[2016.01.10-11.09.44:653][182]Cmd: ACTOR DELETE
[2016.01.10-11.09.44:656][182]LogEditorActor: Deleted Actor: Stairs_C
[2016.01.10-11.09.44:690][182]LogParticles: Destroying 0 GPU particle simulations for FXSystem 0x00000010D9D11580
[2016.01.10-11.09.44:694][182]LogEditorActor: Deleted 1 Actors (0.040 secs)
[2016.01.10-11.09.58:774][587]BlueprintLog: New page: Compile Stairs
[2016.01.10-11.09.58:848][587]BlueprintEditorCompileResults: Info [0792.24] Compile of Stairs successful! [in 73 ms]
[2016.01.10-11.09.59:254][593]Cmd: OBJ SAVEPACKAGE PACKAGE="/Game/Maps/Level0polish" FILE="../../../../../../../WORK/gamejam/Content/Maps/Level0polish.umap" SILENT=true AUTOSAVING=false KEEPDIRTY=false
[2016.01.10-11.09.59:846][593]LogSavePackage: Save=569.433655ms
[2016.01.10-11.09.59:846][593]LogSavePackage: Moving '../../../../../../../WORK/gamejam/Saved/Level0polishDFE6D43E4DCA99A884EEEF8396F0C6B0.tmp' to '../../../../../../../WORK/gamejam/Content/Maps/Level0polish.umap'
[2016.01.10-11.09.59:848][593]LogSavePackage: Total save time: 572.055079ms
[2016.01.10-11.09.59:848][593]LogSavePackage:Warning: Finished SavePackage ../../../../../../../WORK/gamejam/Content/Maps/Level0polish.umap
[2016.01.10-11.09.59:870][593]LogFileHelpers: Saving map 'Level0polish' took 0.676
[2016.01.10-11.09.59:912][593]Cmd: OBJ SAVEPACKAGE PACKAGE="/Game/FirstPersonBP/Blueprints/Stairs" FILE="../../../../../../../WORK/gamejam/Content/FirstPersonBP/Blueprints/Stairs.uasset" SILENT=true
[2016.01.10-11.09.59:932][593]LogSavePackage: Save=16.049154ms
[2016.01.10-11.09.59:932][593]LogSavePackage: Moving '../../../../../../../WORK/gamejam/Saved/StairsE70A8BAF4F39197CE5463AAFDC46D01F.tmp' to '../../../../../../../WORK/gamejam/Content/FirstPersonBP/Blueprints/Stairs.uasset'
[2016.01.10-11.09.59:934][593]LogSavePackage: Total save time: 20.534541ms
[2016.01.10-11.09.59:934][593]LogSavePackage:Warning: Finished SavePackage ../../../../../../../WORK/gamejam/Content/FirstPersonBP/Blueprints/Stairs.uasset
[2016.01.10-11.10.03:345][736]Cmd: TRANSACTION UNDO
[2016.01.10-11.10.03:345][736]LogEditorTransaction: Undo Create Actors
[2016.01.10-11.10.06:387][807]LogParticles: Destroying 0 GPU particle simulations for FXSystem 0x00000010DADEE7A0
[2016.01.10-11.10.06:461][807]Cmd: OBJ SAVEPACKAGE PACKAGE="/Game/Maps/Level0polish" FILE="../../../../../../../WORK/gamejam/Content/Maps/Level0polish.umap" SILENT=true AUTOSAVING=false KEEPDIRTY=false
[2016.01.10-11.10.07:069][807]LogSavePackage: Save=586.422913ms
[2016.01.10-11.10.07:069][807]LogSavePackage: Moving '../../../../../../../WORK/gamejam/Saved/Level0polish4632B97E4A5EFB19BCF9109A682271C7.tmp' to '../../../../../../../WORK/gamejam/Content/Maps/Level0polish.umap'
[2016.01.10-11.10.07:071][807]LogSavePackage: Total save time: 589.612920ms
[2016.01.10-11.10.07:071][807]LogSavePackage:Warning: Finished SavePackage ../../../../../../../WORK/gamejam/Content/Maps/Level0polish.umap
[2016.01.10-11.10.07:093][807]LogFileHelpers: Saving map 'Level0polish' took 0.674
[2016.01.10-11.10.12:112][949]SourceControl:Error: Error Failed to enable Git source control. You need to initialize the project as a Git repository first.
[2016.01.10-11.10.13:619][982]SourceControl:Error: Error Failed to enable Git source control. You need to initialize the project as a Git repository first.
[2016.01.10-11.10.13:721][984]SourceControl:Error: Error Failed to enable Git source control. You need to initialize the project as a Git repository first.
[2016.01.10-11.10.13:883][986]SourceControl:Error: Error Failed to enable Git source control. You need to initialize the project as a Git repository first.
[2016.01.10-11.10.22:609][ 71]SourceControl: Info Source control is disabled
[2016.01.10-11.16.29:420][634]SourceControl:Error: Error Failed to enable Git source control. You need to initialize the project as a Git repository first.
[2016.01.10-11.16.34:401][723]SourceControl: Info Source control is disabled
[2016.01.10-11.20.13:550][151]SourceControl:Error: Error Failed to enable Git source control. You need to initialize the project as a Git repository first.
[2016.01.10-11.20.18:458][250]SourceControl:Error: Error Failed to enable Git source control. You need to initialize the project as a Git repository first.
[2016.01.10-11.20.24:932][353]SourceControl: Info Source control is disabled
[2016.01.10-11.21.06:970][115]LogMetaData: Removing '/Game/props/Stairs.Stairs:UserConstructionScript.K2Node_FunctionEntry_204' ref from Metadata '/Game/FirstPersonBP/Blueprints/Stairs.PackageMetaData'
[2016.01.10-11.21.06:970][115]LogMetaData: Removing '/Game/props/Stairs.SKEL_Stairs_C' ref from Metadata '/Game/FirstPersonBP/Blueprints/Stairs.PackageMetaData'
[2016.01.10-11.21.06:970][115]LogMetaData: Removing '/Game/props/Stairs.Stairs_C' ref from Metadata '/Game/FirstPersonBP/Blueprints/Stairs.PackageMetaData'
[2016.01.10-11.21.06:970][115]LogMetaData: Removing '/Game/props/Stairs.Stairs:EventGraph.K2Node_Event_235' ref from Metadata '/Game/FirstPersonBP/Blueprints/Stairs.PackageMetaData'
[2016.01.10-11.21.06:970][115]LogMetaData: Removing '/Game/props/Stairs.Stairs:EventGraph.K2Node_Event_236' ref from Metadata '/Game/FirstPersonBP/Blueprints/Stairs.PackageMetaData'
[2016.01.10-11.21.06:970][115]LogMetaData: Removing '/Game/props/Stairs.Stairs:EventGraph.K2Node_Event_237' ref from Metadata '/Game/FirstPersonBP/Blueprints/Stairs.PackageMetaData'
[2016.01.10-11.21.07:061][115]Cmd: OBJ SAVEPACKAGE PACKAGE="/Game/props/Stairs" FILE="../../../../../../../WORK/gamejam/Content/props/Stairs.uasset" SILENT=true
[2016.01.10-11.21.07:081][115]LogSavePackage: Save=18.022339ms
[2016.01.10-11.21.07:081][115]LogSavePackage: Moving '../../../../../../../WORK/gamejam/Saved/Stairs71ACCB96446A498661EEAFB66BD62537.tmp' to '../../../../../../../WORK/gamejam/Content/props/Stairs.uasset'
[2016.01.10-11.21.07:082][115]LogSavePackage: Total save time: 19.181162ms
[2016.01.10-11.21.07:082][115]LogSavePackage:Warning: Finished SavePackage ../../../../../../../WORK/gamejam/Content/props/Stairs.uasset
[2016.01.10-11.21.26:464][974]LogEditorViewport: Clicking on Actor (LMB): Stairs_C (Stairs)
[2016.01.10-11.21.42:775][461]LogMaterial: Missing cached shader map for material rockstair, compiling. 
[2016.01.10-11.21.43:177][461]LogMaterial: Missing cached shader map for material rockstair, compiling. 
[2016.01.10-11.21.43:199][461]LogMaterial: 0.000252 seconds spent updating 1 materials, 1 interfaces, 0 instances, 0 with static permutations.
[2016.01.10-11.21.43:233][461]LogMaterial: Missing cached shader map for material FMatExpressionPreview MaterialExpressionTextureSample_1, compiling. 
[2016.01.10-11.21.43:257][461]LogMaterial: Missing cached shader map for material FMatExpressionPreview MaterialExpressionTextureSample_0, compiling. 
[2016.01.10-11.21.43:268][461]LogMaterial: Missing cached shader map for material FMatExpressionPreview MaterialExpressionTextureSample_2, compiling. 
[2016.01.10-11.21.44:984][499]MaterialEditorStats: Info Base pass shader with only dynamic lighting: 54 instructions
[2016.01.10-11.21.44:984][499]MaterialEditorStats: Info Vertex shader: 33 instructions
[2016.01.10-11.21.44:984][499]MaterialEditorStats: Info Texture samplers: 3/16
[2016.01.10-11.21.52:193][681]LogMaterial: Missing cached shader map for material rockstair, compiling. 
[2016.01.10-11.21.52:209][681]LogMaterial: 0.000326 seconds spent updating 1 materials, 1 interfaces, 0 instances, 0 with static permutations.
[2016.01.10-11.21.52:968][702]MaterialEditorStats: Info Base pass shader with only dynamic lighting: 47 instructions
[2016.01.10-11.21.52:968][702]MaterialEditorStats: Info Vertex shader: 33 instructions
[2016.01.10-11.21.52:968][702]MaterialEditorStats: Info Texture samplers: 2/16
[2016.01.10-11.21.57:001][783]LogMaterial: Missing cached shader map for material rockstair, compiling. 
[2016.01.10-11.21.57:011][783]LogMaterial: 0.000180 seconds spent updating 1 materials, 1 interfaces, 0 instances, 0 with static permutations.
[2016.01.10-11.21.57:055][783]LogMaterial: Missing cached shader map for material FMatExpressionPreview MaterialExpressionTextureSample_0, compiling. 
[2016.01.10-11.21.57:635][800]MaterialEditorStats: Info Base pass shader with only dynamic lighting: 50 instructions
[2016.01.10-11.21.57:635][800]MaterialEditorStats: Info Vertex shader: 33 instructions
[2016.01.10-11.21.57:635][800]MaterialEditorStats: Info Texture samplers: 3/16
[2016.01.10-11.22.02:183][892]LogMaterial: Missing cached shader map for material rockstair, compiling. 
[2016.01.10-11.22.02:193][892]LogMaterial: 0.000146 seconds spent updating 1 materials, 1 interfaces, 0 instances, 0 with static permutations.
[2016.01.10-11.22.02:256][892]LogMaterial: Missing cached shader map for material FMatExpressionPreview MaterialExpressionTextureSample_0, compiling. 
[2016.01.10-11.22.02:850][909]MaterialEditorStats: Info Base pass shader with only dynamic lighting: 54 instructions
[2016.01.10-11.22.02:850][909]MaterialEditorStats: Info Vertex shader: 33 instructions
[2016.01.10-11.22.02:850][909]MaterialEditorStats: Info Texture samplers: 3/16
[2016.01.10-11.22.04:847][965]LogMaterialEditor: Applying material rockstair
[2016.01.10-11.22.05:347][965]LogMaterial: Missing cached shader map for material rockstair, compiling. 
[2016.01.10-11.22.05:363][965]LogMaterial: 0.000076 seconds spent updating 1 materials, 1 interfaces, 0 instances, 0 with static permutations.
[2016.01.10-11.22.05:418][965]LogMaterial: Missing cached shader map for material rockstair, compiling. 
[2016.01.10-11.22.05:480][965]LogMaterial: Missing cached shader map for material rockstair, compiling. 
[2016.01.10-11.22.05:491][965]LogMaterial: 0.002318 seconds spent updating 1 materials, 1 interfaces, 0 instances, 0 with static permutations.
[2016.01.10-11.22.07:134][ 12]MaterialEditorStats: Info Base pass shader with only dynamic lighting: 73 instructions
[2016.01.10-11.22.07:134][ 12]MaterialEditorStats: Info Vertex shader: 33 instructions
[2016.01.10-11.22.07:134][ 12]MaterialEditorStats: Info Texture samplers: 6/16
[2016.01.10-11.22.13:275][181]LogMaterialEditor: Saving and Compiling material rockstair
[2016.01.10-11.22.13:447][181]Cmd: OBJ SAVEPACKAGE PACKAGE="/Game/material/rockstair" FILE="../../../../../../../WORK/gamejam/Content/material/rockstair.uasset" SILENT=true
[2016.01.10-11.22.13:508][181]LogSavePackage: Save=38.119408ms
[2016.01.10-11.22.13:508][181]LogSavePackage: Moving '../../../../../../../WORK/gamejam/Saved/rockstairB63AE72B495E765C0037869638AC639A.tmp' to '../../../../../../../WORK/gamejam/Content/material/rockstair.uasset'
[2016.01.10-11.22.13:509][181]LogSavePackage: Total save time: 60.782727ms
[2016.01.10-11.22.13:509][181]LogSavePackage:Warning: Finished SavePackage ../../../../../../../WORK/gamejam/Content/material/rockstair.uasset
[2016.01.10-11.22.35:870][864]LogEditorViewport: Clicking on Actor (LMB): Landscape (Landscape)
[2016.01.10-11.22.42:974][294]LogEditorViewport: Clicking on Actor (LMB): Stairs_C (Stairs)
[2016.01.10-11.22.50:438][744]LogEditorViewport: Clicking on Actor (LMB): Stairs_C (Stairs)
[2016.01.10-11.23.07:345][762]LogEditorViewport: Clicking on Actor (LMB): StaticMeshActor (batu_low10)
[2016.01.10-11.23.28:263][ 25]LogRenderer: Reallocating scene render targets to support 1120x716 (Frame:20905).
[2016.01.10-11.23.28:369][ 26]LogRenderer: Reallocating scene render targets to support 1368x768 (Frame:20907).
[2016.01.10-11.24.14:422][880]Cmd: OBJ SAVEPACKAGE PACKAGE="/Game/Maps/Level0polish" FILE="../../../../../../../WORK/gamejam/Content/Maps/Level0polish.umap" SILENT=true AUTOSAVING=false KEEPDIRTY=false
[2016.01.10-11.24.14:452][880]LogParticles: Destroying 0 GPU particle simulations for FXSystem 0x00000010B4DBAF20
[2016.01.10-11.24.14:452][880]LogParticles: Destroying 0 GPU particle simulations for FXSystem 0x00000010C5295940
[2016.01.10-11.24.15:053][880]LogSavePackage: Save=575.276123ms
[2016.01.10-11.24.15:053][880]LogSavePackage: Moving '../../../../../../../WORK/gamejam/Saved/Level0polish2F4173A2431450760B2239ABAEB5A60B.tmp' to '../../../../../../../WORK/gamejam/Content/Maps/Level0polish.umap'
[2016.01.10-11.24.15:055][880]LogSavePackage: Total save time: 598.365813ms
[2016.01.10-11.24.15:055][880]LogSavePackage:Warning: Finished SavePackage ../../../../../../../WORK/gamejam/Content/Maps/Level0polish.umap
[2016.01.10-11.24.16:391][935]LogWindowsTextInputMethodSystem:Display: IME system now deactivated.
[2016.01.10-11.24.16:391][935]LogWindowsTextInputMethodSystem:Display: IME system now deactivated.
[2016.01.10-11.24.16:719][936]Cmd: QUIT_EDITOR
[2016.01.10-11.24.17:168][936]LogExit: Preparing to exit.
[2016.01.10-11.24.17:867][936]LogActorComponent: UnregisterComponent: (None.StaticMeshComponent_12) Not registered. Aborting.
[2016.01.10-11.24.17:867][936]LogActorComponent: UnregisterComponent: (None.StaticMeshComponent_15) Not registered. Aborting.
[2016.01.10-11.24.18:069][936]LogExit: Editor shut down
[2016.01.10-11.24.18:070][936]LogExit: Transaction tracking system shut down
[2016.01.10-11.24.18:119][936]LogParticles: Destroying 0 GPU particle simulations for FXSystem 0x00000010B27BC680
[2016.01.10-11.24.18:123][936]LogParticles: Destroying 0 GPU particle simulations for FXSystem 0x00000010B890DDA0
[2016.01.10-11.24.18:123][936]LogParticles: Destroying 0 GPU particle simulations for FXSystem 0x00000010B87AA5C0
[2016.01.10-11.24.18:123][936]LogParticles: Destroying 0 GPU particle simulations for FXSystem 0x00000010C44F6F20
[2016.01.10-11.24.18:123][936]LogParticles: Destroying 0 GPU particle simulations for FXSystem 0x00000010C44F6DE0
[2016.01.10-11.24.19:532][936]LogExit: Object subsystem successfully closed.
[2016.01.10-11.24.19:730][936]LogD3D11RHI: Shutdown
[2016.01.10-11.24.19:730][936]LogD3D11RHI: CleanupD3DDevice
[2016.01.10-11.24.19:909][936]LogD3D11RHI: ~FD3D11DynamicRHI
[2016.01.10-11.24.20:604][936]LogModuleManager: Shutting down and abandoning module MaterialEditor (199)
[2016.01.10-11.24.20:604][936]LogModuleManager: Shutting down and abandoning module BlueprintGraph (198)
[2016.01.10-11.24.20:604][936]LogModuleManager: Shutting down and abandoning module CrashTracker (197)
[2016.01.10-11.24.20:604][936]LogModuleManager: Shutting down and abandoning module SceneOutliner (196)
[2016.01.10-11.24.20:604][936]LogModuleManager: Shutting down and abandoning module SuperSearch (195)
[2016.01.10-11.24.20:604][936]LogModuleManager: Shutting down and abandoning module WidgetCarousel (194)
[2016.01.10-11.24.20:604][936]LogModuleManager: Shutting down and abandoning module AddContentDialog (193)
[2016.01.10-11.24.20:639][936]LogModuleManager: Shutting down and abandoning module EditorWidgets (192)
[2016.01.10-11.24.20:639][936]LogModuleManager: Shutting down and abandoning module CollectionManager (191)
[2016.01.10-11.24.20:651][936]LogModuleManager: Shutting down and abandoning module StatsViewer (190)
[2016.01.10-11.24.20:672][936]LogModuleManager: Shutting down and abandoning module FoliageEdit (189)
[2016.01.10-11.24.20:684][936]LogModuleManager: Shutting down and abandoning module LandscapeEditor (188)
[2016.01.10-11.24.20:705][936]LogModuleManager: Shutting down and abandoning module ActorPickerMode (187)
[2016.01.10-11.24.20:705][936]LogModuleManager: Shutting down and abandoning module GeometryMode (186)
[2016.01.10-11.24.20:705][936]LogModuleManager: Shutting down and abandoning module TextureAlignMode (185)
[2016.01.10-11.24.20:705][936]LogModuleManager: Shutting down and abandoning module BspMode (184)
[2016.01.10-11.24.20:705][936]LogModuleManager: Shutting down and abandoning module PlacementMode (183)
[2016.01.10-11.24.20:705][936]LogModuleManager: Shutting down and abandoning module AutomationWorker (182)
[2016.01.10-11.24.20:717][936]LogModuleManager: Shutting down and abandoning module CharacterAI (181)
[2016.01.10-11.24.20:718][936]LogModuleManager: Shutting down and abandoning module SmartSnapping (180)
[2016.01.10-11.24.20:718][936]LogModuleManager: Shutting down and abandoning module ViewportSnapping (179)
[2016.01.10-11.24.20:718][936]LogModuleManager: Shutting down and abandoning module LogVisualizer (178)
[2016.01.10-11.24.20:744][936]LogModuleManager: Shutting down and abandoning module GameProjectGeneration (177)
[2016.01.10-11.24.20:752][936]LogModuleManager: Shutting down and abandoning module IntroTutorials (176)
[2016.01.10-11.24.20:761][936]LogModuleManager: Shutting down and abandoning module EditorLiveStreaming (175)
[2016.01.10-11.24.20:761][936]LogModuleManager: Shutting down and abandoning module IOSPlatformEditor (174)
[2016.01.10-11.24.20:774][936]LogModuleManager: Shutting down and abandoning module HTML5PlatformEditor (173)
[2016.01.10-11.24.20:774][936]LogModuleManager: Shutting down and abandoning module AndroidDeviceDetection (172)
[2016.01.10-11.24.21:501][936]LogModuleManager: Shutting down and abandoning module AndroidPlatformEditor (171)
[2016.01.10-11.24.21:501][936]LogModuleManager: Shutting down and abandoning module IOSRuntimeSettings (170)
[2016.01.10-11.24.21:501][936]LogModuleManager: Shutting down and abandoning module AndroidRuntimeSettings (169)
[2016.01.10-11.24.21:501][936]LogModuleManager: Shutting down and abandoning module MergeActors (168)
[2016.01.10-11.24.21:520][936]LogModuleManager: Shutting down and abandoning module SizeMap (167)
[2016.01.10-11.24.21:520][936]LogModuleManager: Shutting down and abandoning module TreeMap (166)
[2016.01.10-11.24.21:528][936]LogModuleManager: Shutting down and abandoning module ReferenceViewer (165)
[2016.01.10-11.24.21:528][936]LogModuleManager: Shutting down and abandoning module LocalizationService (164)
[2016.01.10-11.24.21:538][936]LogModuleManager: Shutting down and abandoning module LocalizationDashboard (163)
[2016.01.10-11.24.21:553][936]LogModuleManager: Shutting down and abandoning module HardwareTargeting (162)
[2016.01.10-11.24.21:553][936]LogModuleManager: Shutting down and abandoning module DeviceProfileEditor (161)
[2016.01.10-11.24.21:553][936]LogModuleManager: Shutting down and abandoning module UndoHistory (160)
[2016.01.10-11.24.21:568][936]LogModuleManager: Shutting down and abandoning module GameplayTagsEditor (159)
[2016.01.10-11.24.21:568][936]LogModuleManager: Shutting down and abandoning module UserFeedback (158)
[2016.01.10-11.24.21:568][936]LogModuleManager: Shutting down and abandoning module XmlParser (157)
[2016.01.10-11.24.21:580][936]LogModuleManager: Shutting down and abandoning module Blutility (156)
[2016.01.10-11.24.21:581][936]LogModuleManager: Shutting down and abandoning module ProjectTargetPlatformEditor (155)
[2016.01.10-11.24.21:592][936]LogModuleManager: Shutting down and abandoning module ProjectSettingsViewer (154)
[2016.01.10-11.24.21:592][936]LogModuleManager: Shutting down and abandoning module InputBindingEditor (153)
[2016.01.10-11.24.21:611][936]LogModuleManager: Shutting down and abandoning module EditorSettingsViewer (152)
[2016.01.10-11.24.21:611][936]LogModuleManager: Shutting down and abandoning module SettingsEditor (151)
[2016.01.10-11.24.21:646][936]LogModuleManager: Shutting down and abandoning module ProjectLauncher (150)
[2016.01.10-11.24.21:658][936]LogModuleManager: Shutting down and abandoning module SessionFrontend (149)
[2016.01.10-11.24.21:668][936]LogModuleManager: Shutting down and abandoning module ProfilerClient (148)
[2016.01.10-11.24.21:674][936]LogModuleManager: Shutting down and abandoning module TargetDeviceServices (147)
[2016.01.10-11.24.21:674][936]LogModuleManager: Shutting down and abandoning module DeviceManager (146)
[2016.01.10-11.24.21:686][936]LogModuleManager: Shutting down and abandoning module AutomationController (145)
[2016.01.10-11.24.21:687][936]LogModuleManager: Shutting down and abandoning module AutomationWindow (144)
[2016.01.10-11.24.21:704][936]LogModuleManager: Shutting down and abandoning module Layers (143)
[2016.01.10-11.24.21:725][936]LogModuleManager: Shutting down and abandoning module ComponentVisualizers (142)
[2016.01.10-11.24.21:725][936]LogModuleManager: Shutting down and abandoning module DetailCustomizations (141)
[2016.01.10-11.24.21:739][936]LogModuleManager: Shutting down and abandoning module PackagesDialog (140)
[2016.01.10-11.24.21:739][936]LogModuleManager: Shutting down and abandoning module Persona (139)
[2016.01.10-11.24.21:774][936]LogModuleManager: Shutting down and abandoning module Kismet (138)
[2016.01.10-11.24.21:774][936]LogModuleManager: Shutting down and abandoning module GraphEditor (137)
[2016.01.10-11.24.21:775][936]LogModuleManager: Shutting down and abandoning module ClassViewer (136)
[2016.01.10-11.24.21:778][936]LogModuleManager: Shutting down and abandoning module Toolbox (135)
[2016.01.10-11.24.21:778][936]LogModuleManager: Shutting down and abandoning module ModuleUI (134)
[2016.01.10-11.24.21:785][936]LogModuleManager: Shutting down and abandoning module MovieSceneTools (133)
[2016.01.10-11.24.21:785][936]LogModuleManager: Shutting down and abandoning module OutputLog (132)
[2016.01.10-11.24.21:793][936]LogModuleManager: Shutting down and abandoning module GammaUI (131)
[2016.01.10-11.24.21:807][936]LogModuleManager: Shutting down and abandoning module Documentation (130)
[2016.01.10-11.24.21:807][936]LogModuleManager: Shutting down and abandoning module GameLiveStreaming (129)
[2016.01.10-11.24.21:822][936]LogModuleManager: Shutting down and abandoning module StreamingPauseRendering (128)
[2016.01.10-11.24.21:847][936]LogModuleManager: Shutting down and abandoning module AnalyticsET (127)
[2016.01.10-11.24.21:847][936]LogModuleManager: Shutting down and abandoning module Analytics (126)
[2016.01.10-11.24.21:847][936]LogModuleManager: Shutting down and abandoning module AITestSuite (125)
[2016.01.10-11.24.21:870][936]LogModuleManager: Shutting down and abandoning module GameplayDebugger (124)
[2016.01.10-11.24.21:870][936]LogModuleManager: Shutting down and abandoning module AIModule (123)
[2016.01.10-11.24.21:877][936]LogModuleManager: Shutting down and abandoning module ProfilerService (122)
[2016.01.10-11.24.22:004][936]LogModuleManager: Shutting down and abandoning module TaskGraph (121)
[2016.01.10-11.24.22:422][936]LogModuleManager: Shutting down and abandoning module SlateRemote (120)
[2016.01.10-11.24.22:422][936]LogModuleManager: Shutting down and abandoning module SteamVRController (119)
[2016.01.10-11.24.22:422][936]LogModuleManager: Shutting down and abandoning module SteamVR (118)
[2016.01.10-11.24.22:422][936]LogModuleManager: Shutting down and abandoning module ProceduralMeshComponent (117)
[2016.01.10-11.24.22:422][936]LogModuleManager: Shutting down and abandoning module OculusRift (116)
[2016.01.10-11.24.22:422][936]LogModuleManager: Shutting down and abandoning module OculusLibrary (115)
[2016.01.10-11.24.22:422][936]LogModuleManager: Shutting down and abandoning module LeapMotionController (114)
[2016.01.10-11.24.22:543][936]LogModuleManager: Shutting down and abandoning module CustomMeshComponent (113)
[2016.01.10-11.24.22:549][936]LogModuleManager: Shutting down and abandoning module CableComponent (112)
[2016.01.10-11.24.22:549][936]LogModuleManager: Shutting down and abandoning module ArchVisCharacter (111)
[2016.01.10-11.24.22:549][936]LogModuleManager: Shutting down and abandoning module MessagingDebugger (110)
[2016.01.10-11.24.22:662][936]LogModuleManager: Shutting down and abandoning module MediaPlayerEditor (109)
[2016.01.10-11.24.22:810][936]LogModuleManager: Shutting down and abandoning module HTML5Networking (108)
[2016.01.10-11.24.22:810][936]LogModuleManager: Shutting down and abandoning module SpeedTreeImporter (107)
[2016.01.10-11.24.22:811][936]LogModuleManager: Shutting down and abandoning module PluginBrowser (106)
[2016.01.10-11.24.22:912][936]LogModuleManager: Shutting down and abandoning module EpicSurvey (105)
[2016.01.10-11.24.22:912][936]LogModuleManager: Shutting down and abandoning module DesktopPlatform (104)
[2016.01.10-11.24.23:098][936]LogModuleManager: Shutting down and abandoning module VisualStudioSourceCodeAccess (103)
[2016.01.10-11.24.23:158][936]LogModuleManager: Shutting down and abandoning module UObjectPlugin (102)
[2016.01.10-11.24.23:158][936]LogModuleManager: Shutting down and abandoning module SubversionSourceControl (101)
[2016.01.10-11.24.23:272][936]LogModuleManager: Shutting down and abandoning module PerforceSourceControl (100)
[2016.01.10-11.24.23:404][936]LogModuleManager: Shutting down and abandoning module SourceControl (99)
[2016.01.10-11.24.23:404][936]LogModuleManager: Shutting down and abandoning module GitSourceControl (98)
[2016.01.10-11.24.23:458][936]LogModuleManager: Shutting down and abandoning module LightPropagationVolumeEditor (97)
[2016.01.10-11.24.23:458][936]LogModuleManager: Shutting down and abandoning module PaperTiledImporter (96)
[2016.01.10-11.24.23:506][936]LogModuleManager: Shutting down and abandoning module PaperSpriteSheetImporter (95)
[2016.01.10-11.24.23:515][936]LogModuleManager: Shutting down and abandoning module MeshPaint (94)
[2016.01.10-11.24.23:522][936]LogModuleManager: Shutting down and abandoning module SlateReflector (93)
[2016.01.10-11.24.23:532][936]LogModuleManager: Shutting down and abandoning module HotReload (92)
[2016.01.10-11.24.23:558][936]LogModuleManager: Shutting down and abandoning module MainFrame (91)
[2016.01.10-11.24.23:558][936]LogModuleManager: Shutting down and abandoning module LevelEditor (90)
[2016.01.10-11.24.23:620][936]LogModuleManager: Shutting down and abandoning module DirectoryWatcher (89)
[2016.01.10-11.24.23:622][936]LogModuleManager: Shutting down and abandoning module AssetRegistry (88)
[2016.01.10-11.24.23:681][936]LogModuleManager: Shutting down and abandoning module ContentBrowser (87)
[2016.01.10-11.24.23:681][936]LogModuleManager: Shutting down and abandoning module Paper2DEditor (86)
[2016.01.10-11.24.23:724][936]LogModuleManager: Shutting down and abandoning module UdpMessaging (85)
[2016.01.10-11.24.23:825][936]LogModuleManager: Shutting down and abandoning module LightPropagationVolumeRuntime (84)
[2016.01.10-11.24.23:825][936]LogModuleManager: Shutting down and abandoning module Paper2D (83)
[2016.01.10-11.24.24:033][936]LogModuleManager: Shutting down and abandoning module WindowsMoviePlayer (82)
[2016.01.10-11.24.24:095][936]LogModuleManager: Shutting down and abandoning module Media (81)
[2016.01.10-11.24.24:095][936]LogModuleManager: Shutting down and abandoning module WmfMedia (80)
[2016.01.10-11.24.24:129][936]LogModuleManager: Shutting down and abandoning module OnlineBlueprintSupport (79)
[2016.01.10-11.24.24:129][936]LogModuleManager: Shutting down and abandoning module GameplayTasksEditor (78)
[2016.01.10-11.24.24:129][936]LogModuleManager: Shutting down and abandoning module PropertyEditor (77)
[2016.01.10-11.24.24:129][936]LogModuleManager: Shutting down and abandoning module BehaviorTreeEditor (76)
[2016.01.10-11.24.24:181][936]LogModuleManager: Shutting down and abandoning module FunctionalTesting (75)
[2016.01.10-11.24.24:181][936]LogModuleManager: Shutting down and abandoning module CollisionAnalyzer (74)
[2016.01.10-11.24.24:212][936]LogModuleManager: Shutting down and abandoning module WorkspaceMenuStructure (73)
[2016.01.10-11.24.24:212][936]LogModuleManager: Shutting down and abandoning module MessageLog (72)
[2016.01.10-11.24.24:212][936]LogModuleManager: Shutting down and abandoning module Sequencer (71)
[2016.01.10-11.24.24:339][936]LogModuleManager: Shutting down and abandoning module AssetTools (70)
[2016.01.10-11.24.24:410][936]LogModuleManager: Shutting down and abandoning module UMGEditor (69)
[2016.01.10-11.24.24:425][936]LogModuleManager: Shutting down and abandoning module UMG (68)
[2016.01.10-11.24.24:486][936]LogModuleManager: Shutting down and abandoning module Slate (67)
[2016.01.10-11.24.24:487][936]LogModuleManager: Shutting down and abandoning module EditorStyle (66)
[2016.01.10-11.24.24:492][936]LogModuleManager: Shutting down and abandoning module SessionServices (65)
[2016.01.10-11.24.24:492][936]LogModuleManager: Shutting down and abandoning module SourceCodeAccess (64)
[2016.01.10-11.24.24:492][936]LogModuleManager: Shutting down and abandoning module HeadMountedDisplay (63)
[2016.01.10-11.24.24:492][936]LogModuleManager: Shutting down and abandoning module XAudio2 (62)
[2016.01.10-11.24.24:492][936]LogModuleManager: Shutting down and abandoning module Networking (60)
[2016.01.10-11.24.24:492][936]LogModuleManager: Shutting down and abandoning module Core (59)
[2016.01.10-11.24.24:492][936]LogModuleManager: Shutting down and abandoning module KismetCompiler (58)
[2016.01.10-11.24.24:492][936]LogModuleManager: Shutting down and abandoning module PhysXFormats (57)
[2016.01.10-11.24.24:515][936]LogModuleManager: Shutting down and abandoning module MeshUtilities (56)
[2016.01.10-11.24.24:583][936]LogModuleManager: Shutting down and abandoning module CookingStats (55)
[2016.01.10-11.24.24:592][936]LogModuleManager: Shutting down and abandoning module DerivedDataCache (54)
[2016.01.10-11.24.24:671][936]LogDerivedDataCache: Shutdown
[2016.01.10-11.24.24:671][936]LogModuleManager: Shutting down and abandoning module ShaderFormatOpenGL (53)
[2016.01.10-11.24.24:699][936]LogModuleManager: Shutting down and abandoning module ShaderFormatD3D (52)
[2016.01.10-11.24.24:783][936]LogModuleManager: Shutting down and abandoning module MetalShaderFormat (51)
[2016.01.10-11.24.24:800][936]LogModuleManager: Shutting down and abandoning module TextureFormatUncompressed (50)
[2016.01.10-11.24.24:800][936]LogModuleManager: Shutting down and abandoning module TextureFormatPVR (49)
[2016.01.10-11.24.24:810][936]LogModuleManager: Shutting down and abandoning module TextureFormatIntelISPCTexComp (48)
[2016.01.10-11.24.24:862][936]LogModuleManager: Shutting down and abandoning module TextureFormatDXT (47)
[2016.01.10-11.24.24:870][936]LogModuleManager: Shutting down and abandoning module ImageWrapper (46)
[2016.01.10-11.24.24:870][936]LogModuleManager: Shutting down and abandoning module TextureFormatASTC (45)
[2016.01.10-11.24.24:870][936]LogModuleManager: Shutting down and abandoning module TextureFormatAndroid (44)
[2016.01.10-11.24.24:870][936]LogModuleManager: Shutting down and abandoning module AudioFormatOpus (43)
[2016.01.10-11.24.24:926][936]LogModuleManager: Shutting down and abandoning module AudioFormatOgg (42)
[2016.01.10-11.24.24:967][936]LogModuleManager: Shutting down and abandoning module AudioFormatADPCM (41)
[2016.01.10-11.24.25:013][936]LogModuleManager: Shutting down and abandoning module LinuxTargetPlatform (40)
[2016.01.10-11.24.25:013][936]LogModuleManager: Shutting down and abandoning module LinuxServerTargetPlatform (39)
[2016.01.10-11.24.25:041][936]LogModuleManager: Shutting down and abandoning module LinuxNoEditorTargetPlatform (38)
[2016.01.10-11.24.25:073][936]LogModuleManager: Shutting down and abandoning module Messaging (37)
[2016.01.10-11.24.25:073][936]LogModuleManager: Shutting down and abandoning module IOSTargetPlatform (36)
[2016.01.10-11.24.25:073][936]LogModuleManager: Shutting down and abandoning module HTML5TargetPlatform (35)
[2016.01.10-11.24.25:073][936]LogModuleManager: Shutting down and abandoning module Android_PVRTCTargetPlatform (34)
[2016.01.10-11.24.25:086][936]LogModuleManager: Shutting down and abandoning module Android_ETC2TargetPlatform (33)
[2016.01.10-11.24.25:231][936]LogModuleManager: Shutting down and abandoning module Android_ETC1TargetPlatform (32)
[2016.01.10-11.24.25:277][936]LogModuleManager: Shutting down and abandoning module Android_DXTTargetPlatform (31)
[2016.01.10-11.24.25:287][936]LogModuleManager: Shutting down and abandoning module Android_ATCTargetPlatform (30)
[2016.01.10-11.24.25:385][936]LogModuleManager: Shutting down and abandoning module Android_ASTCTargetPlatform (29)
[2016.01.10-11.24.25:430][936]LogModuleManager: Shutting down and abandoning module AndroidTargetPlatform (28)
[2016.01.10-11.24.25:440][936]LogModuleManager: Shutting down and abandoning module WindowsTargetPlatform (27)
[2016.01.10-11.24.25:440][936]LogModuleManager: Shutting down and abandoning module WindowsServerTargetPlatform (26)
[2016.01.10-11.24.25:691][936]LogModuleManager: Shutting down and abandoning module WindowsNoEditorTargetPlatform (25)
[2016.01.10-11.24.25:742][936]LogModuleManager: Shutting down and abandoning module WindowsClientTargetPlatform (24)
[2016.01.10-11.24.25:949][936]LogModuleManager: Shutting down and abandoning module AllDesktopTargetPlatform (23)
[2016.01.10-11.24.25:957][936]LogModuleManager: Shutting down and abandoning module TargetPlatform (22)
[2016.01.10-11.24.25:957][936]LogModuleManager: Shutting down and abandoning module InputCore (21)
[2016.01.10-11.24.25:957][936]LogModuleManager: Shutting down and abandoning module Settings (20)
[2016.01.10-11.24.25:957][936]LogModuleManager: Shutting down and abandoning module OnlineSubsystem (18)
[2016.01.10-11.24.25:957][936]LogModuleManager: Shutting down and abandoning module HTTP (17)
[2016.01.10-11.24.27:960][936]LogModuleManager: Shutting down and abandoning module XMPP (16)
[2016.01.10-11.24.29:221][936]LogModuleManager: Shutting down and abandoning module ExampleDeviceProfileSelector (15)
[2016.01.10-11.24.29:221][936]LogModuleManager: Shutting down and abandoning module TextureCompressor (14)
[2016.01.10-11.24.29:265][936]LogModuleManager: Shutting down and abandoning module ShaderCore (13)
[2016.01.10-11.24.29:265][936]LogModuleManager: Shutting down and abandoning module Landscape (12)
[2016.01.10-11.24.29:265][936]LogModuleManager: Shutting down and abandoning module SlateRHIRenderer (11)
[2016.01.10-11.24.29:535][936]LogModuleManager: Shutting down and abandoning module OpenGLDrv (10)
[2016.01.10-11.24.29:902][936]LogModuleManager: Shutting down and abandoning module D3D11RHI (9)
[2016.01.10-11.24.29:902][936]LogModuleManager: Shutting down and abandoning module AnimGraphRuntime (8)
[2016.01.10-11.24.29:902][936]LogModuleManager: Shutting down and abandoning module Renderer (7)
[2016.01.10-11.24.29:902][936]LogModuleManager: Shutting down and abandoning module Engine (6)
[2016.01.10-11.24.29:902][936]LogModuleManager: Shutting down and abandoning module CoreUObject (5)
[2016.01.10-11.24.29:902][936]LogModuleManager: Shutting down and abandoning module NetworkFile (4)
[2016.01.10-11.24.30:369][936]LogModuleManager: Shutting down and abandoning module StreamingFile (3)
[2016.01.10-11.24.30:481][936]LogModuleManager: Shutting down and abandoning module SandboxFile (2)
[2016.01.10-11.24.30:654][936]LogModuleManager: Shutting down and abandoning module PakFile (1)
[2016.01.10-11.24.30:668][936]LogExit: Exiting.
[2016.01.10-11.24.30:691][936]Log file closed, 01/10/16 19:24:30
