[2016.01.10-08.30.20:547][  0]Log file open, 01/10/16 16:30:20
[2016.01.10-08.30.20:547][  0]LogInit:Display: Running engine for game: GameJam
[2016.01.10-08.30.20:547][  0]LogInit:Display: RandInit(169283622) SRandInit(169283623).
[2016.01.10-08.30.20:547][  0]LogTaskGraph: Started task graph with 4 named threads and 7 total threads.
[2016.01.10-08.30.20:547][  0]LogStats: Stats thread started at 0.065853
[2016.01.10-08.30.20:547][  0]LogInit: Version: 4.9.2-2707645+++depot+UE4-Releases+4.9
[2016.01.10-08.30.20:547][  0]LogInit: API Version: 2672455
[2016.01.10-08.30.20:547][  0]LogInit: Compiled (64-bit): Sep 28 2015 10:25:44
[2016.01.10-08.30.20:547][  0]LogInit: Compiled with Visual C++: 18.00.21005.01
[2016.01.10-08.30.20:547][  0]LogInit: Build Configuration: Development
[2016.01.10-08.30.20:547][  0]LogInit: Branch Name: ++depot+UE4-Releases+4.9
[2016.01.10-08.30.20:547][  0]LogInit: Command line:  
[2016.01.10-08.30.20:547][  0]LogInit: Base directory: D:/program/ue4/Epic Games/4.9/Engine/Binaries/Win64/
[2016.01.10-08.30.20:547][  0]LogInit: Rocket: 1
[2016.01.10-08.30.20:552][  0]LogInit: Using libcurl 7.41.0
[2016.01.10-08.30.20:552][  0]LogInit:  - built for x86_64-pc-win32
[2016.01.10-08.30.20:552][  0]LogInit:  - supports SSL with WinSSL
[2016.01.10-08.30.20:552][  0]LogInit:  - other features:
[2016.01.10-08.30.20:552][  0]LogInit:      CURL_VERSION_SSL
[2016.01.10-08.30.20:552][  0]LogInit:      CURL_VERSION_IPV6
[2016.01.10-08.30.20:552][  0]LogInit:      CURL_VERSION_ASYNCHDNS
[2016.01.10-08.30.20:552][  0]LogInit:      CURL_VERSION_LARGEFILE
[2016.01.10-08.30.20:552][  0]LogInit:      CURL_VERSION_IDN
[2016.01.10-08.30.20:552][  0]LogInit:  CurlRequestOptions (configurable via config and command line):
[2016.01.10-08.30.20:552][  0]LogInit:  - bVerifyPeer = true  - Libcurl will verify peer certificate
[2016.01.10-08.30.20:552][  0]LogInit:  - bUseHttpProxy = false  - Libcurl will NOT use HTTP proxy
[2016.01.10-08.30.20:552][  0]LogInit:  - bDontReuseConnections = false  - Libcurl will reuse connections
[2016.01.10-08.30.20:552][  0]LogInit:  - CertBundlePath = nullptr  - Libcurl will use whatever was configured at build time.
[2016.01.10-08.30.20:556][  0]LogInit: Presizing for 0 objects not considered by GC, pre-allocating 0 bytes.
[2016.01.10-08.30.20:561][  0]LogInit: Object subsystem initialized
[2016.01.10-08.30.20:562][  0]LogInit: Selected Device Profile: [Windows]
[2016.01.10-08.30.20:562][  0]LogInit: Applying CVar settings loaded from the selected device profile: [Windows]
[2016.01.10-08.30.20:569][  0]LogInit: Computer: ADMIN
[2016.01.10-08.30.20:569][  0]LogInit: User: user
[2016.01.10-08.30.20:569][  0]LogInit: CPU Page size=4096, Cores=4
[2016.01.10-08.30.20:569][  0]LogInit: High frequency timer resolution =3.515637 MHz
[2016.01.10-08.30.20:569][  0]LogMemory: Memory total: Physical=8.0GB (8GB approx)
[2016.01.10-08.30.20:569][  0]LogMemory: Platform Memory Stats for Windows
[2016.01.10-08.30.20:569][  0]LogMemory: Process Physical Memory: 51.83 MB used, 51.83 MB peak
[2016.01.10-08.30.20:569][  0]LogMemory: Process Virtual Memory: 54.82 MB used, 54.82 MB peak
[2016.01.10-08.30.20:569][  0]LogMemory: Physical Memory: 3857.05 MB used, 8141.13 MB total
[2016.01.10-08.30.20:569][  0]LogMemory: Virtual Memory: 343.25 MB used, 134217728.00 MB total
[2016.01.10-08.30.20:599][  0]LogTextLocalizationManager: No specific translations for ('en-GB') exist, so ('en') translations will be used.
[2016.01.10-08.30.21:176][  0]LogD3D11RHI: Found D3D11 adapter 0: NVIDIA GeForce GTX 750 Ti (Feature Level 11_0)
[2016.01.10-08.30.21:176][  0]LogD3D11RHI: Adapter has 1988MB of dedicated video memory, 0MB of dedicated system memory, and 2048MB of shared system memory, 1 output[s]
[2016.01.10-08.30.21:177][  0]LogD3D11RHI: Found D3D11 adapter 1: Microsoft Basic Render Driver (Feature Level 11_0)
[2016.01.10-08.30.21:177][  0]LogD3D11RHI: Adapter has 0MB of dedicated video memory, 0MB of dedicated system memory, and 256MB of shared system memory, 0 output[s]
[2016.01.10-08.30.21:177][  0]LogD3D11RHI: Chosen D3D11 Adapter Id = 0
[2016.01.10-08.30.21:180][  0]LogD3D11RHI: !Direct3DDevice
[2016.01.10-08.30.21:180][  0]LogRHI: Texture pool is 1361 MB (70% of 1945 MB)
[2016.01.10-08.30.21:188][  0]LogD3D11RHI: Async texture creation enabled
[2016.01.10-08.30.21:573][  0]LogShaderCompilers: Guid format shader working directory is 15 characters bigger than the processId version (../../../../../../../WORK/gamejam/Intermediate/Shaders/WorkingDirectory/7244/).
[2016.01.10-08.30.21:573][  0]LogShaderCompilers: Cleaned the shader compiler working directory '../../../../../../../WORK/gamejam/Intermediate/Shaders/tmp/7EB766AE484DEFBEBE5A7EBCB7261A69/'.
[2016.01.10-08.30.21:573][  0]LogShaderCompilers:Display: Using Local Shader Compiler.
[2016.01.10-08.30.22:343][  0]LogTemp:Display: Loaded TP AllDesktopTargetPlatform
[2016.01.10-08.30.22:347][  0]LogTemp:Display: Loaded TP WindowsClientTargetPlatform
[2016.01.10-08.30.22:351][  0]LogTemp:Display: Loaded TP WindowsNoEditorTargetPlatform
[2016.01.10-08.30.22:354][  0]LogTemp:Display: Loaded TP WindowsServerTargetPlatform
[2016.01.10-08.30.22:357][  0]LogTemp:Display: Loaded TP WindowsTargetPlatform
[2016.01.10-08.30.22:359][  0]LogTemp:Display: Loaded TP AndroidTargetPlatform
[2016.01.10-08.30.22:361][  0]LogTemp:Display: Loaded TP Android_ASTCTargetPlatform
[2016.01.10-08.30.22:363][  0]LogTemp:Display: Loaded TP Android_ATCTargetPlatform
[2016.01.10-08.30.22:365][  0]LogTemp:Display: Loaded TP Android_DXTTargetPlatform
[2016.01.10-08.30.22:367][  0]LogTemp:Display: Loaded TP Android_ETC1TargetPlatform
[2016.01.10-08.30.22:370][  0]LogTemp:Display: Loaded TP Android_ETC2TargetPlatform
[2016.01.10-08.30.22:372][  0]LogTemp:Display: Loaded TP Android_PVRTCTargetPlatform
[2016.01.10-08.30.22:372][  0]LogTemp:Display: Loaded TP HTML5TargetPlatform
[2016.01.10-08.30.22:387][  0]LogTemp:Display: Loaded TP IOSTargetPlatform
[2016.01.10-08.30.22:389][  0]LogTemp:Display: Loaded TP LinuxNoEditorTargetPlatform
[2016.01.10-08.30.22:392][  0]LogTemp:Display: Loaded TP LinuxServerTargetPlatform
[2016.01.10-08.30.22:394][  0]LogTemp:Display: Loaded TP LinuxTargetPlatform
[2016.01.10-08.30.22:394][  0]LogTargetPlatformManager:Display: Building Assets For Windows
[2016.01.10-08.30.22:441][  0]LogDerivedDataCache:Display: Max Cache Size: 512 MB
[2016.01.10-08.30.22:484][  0]LogDerivedDataCache: Loaded boot cache 0.04s 41MB C:/Users/user/AppData/Local/UnrealEngine/4.9/DerivedDataCache/Boot.ddc.
[2016.01.10-08.30.22:484][  0]LogDerivedDataCache:Display: Loaded Boot cache: C:/Users/user/AppData/Local/UnrealEngine/4.9/DerivedDataCache/Boot.ddc
[2016.01.10-08.30.22:484][  0]LogDerivedDataCache: FDerivedDataBackendGraph:  Pak pak cache file ../../../../../../../WORK/gamejam/DerivedDataCache/DDC.ddp not found, will not use a pak cache.
[2016.01.10-08.30.22:484][  0]LogDerivedDataCache: Unable to find inner node Pak for hierarchical cache Hierarchy.
[2016.01.10-08.30.22:484][  0]LogDerivedDataCache: FDerivedDataBackendGraph:  CompressedPak pak cache file ../../../../../../../WORK/gamejam/DerivedDataCache/Compressed.ddp not found, will not use a pak cache.
[2016.01.10-08.30.22:484][  0]LogDerivedDataCache: Unable to find inner node CompressedPak for hierarchical cache Hierarchy.
[2016.01.10-08.30.22:592][  0]LogDerivedDataCache:Display: Pak cache opened for reading ../../../Engine/DerivedDataCache/Compressed.ddp.
[2016.01.10-08.30.22:604][  0]LogDerivedDataCache: Using Local data cache path C:/Users/user/AppData/Local/UnrealEngine/Common/DerivedDataCache: Writable
[2016.01.10-08.30.22:735][  0]LogInit: Selected Device Profile: [Windows]
[2016.01.10-08.30.22:737][  0]LogContentStreaming: Texture pool size is 0.000000MB
[2016.01.10-08.30.22:822][  0]LogMeshUtilities: No automatic mesh reduction module available
[2016.01.10-08.30.22:822][  0]LogMeshUtilities: No automatic mesh merging module available
[2016.01.10-08.30.22:997][  0]LogInit: WinSock: version 1.1 (2.2), MaxSocks=32767, MaxUdp=65467
[2016.01.10-08.30.23:493][  0]UdpMessaging: Initializing bridge on interface 0.0.0.0:0 to multicast group 230.0.0.1:6666.
[2016.01.10-08.30.23:624][  0]LogAssetRegistry: FAssetRegistry took 0.0112 seconds to start up
[2016.01.10-08.30.23:728][  0]SourceControl: Info Source control is disabled
[2016.01.10-08.30.23:736][  0]SourceControl: Info Source control is disabled
[2016.01.10-08.30.23:742][  0]SourceControl: Info Source control is disabled
[2016.01.10-08.30.23:748][  0]SourceControl: Info Source control is disabled
[2016.01.10-08.30.23:824][  0]LogLinker:Warning: Asset '../../../Engine/Plugins/Runtime/LeapMotionController/Content/LM_PassthroughMaterial.uasset' has been saved with empty engine version. The asset will be loaded but may be incompatible.
[2016.01.10-08.30.23:867][  0]LogObj: 28361 objects as part of root set at end of initial load.
[2016.01.10-08.30.23:868][  0]LogUObjectAllocator: 6038872 out of 0 bytes used by permanent object pool.
[2016.01.10-08.30.23:912][  0]LogEngine: Initializing Engine...
[2016.01.10-08.30.23:913][  0]LogHMD: Can't find Oculus library dev build: is proper Runtime installed? Version: 0.7.0.0
[2016.01.10-08.30.23:916][  0]LogHMD: SteamVR failed to initialize.  Err: 108
[2016.01.10-08.30.24:009][  0]LogAIModule: Creating AISystem for world NewWorld
[2016.01.10-08.30.24:012][  0]LogInit: XAudio2 using 'Headphones (S)"%2i! R!7 r)sm %!d3et)' : 2 channels at 44.1 kHz using 16 bits per sample (channel mask 0x3)
[2016.01.10-08.30.24:316][  0]LogInit: FAudioDevice initialized.
[2016.01.10-08.30.24:346][  0]LogDerivedDataCache: Saved boot cache 0.03s 41MB C:/Users/user/AppData/Local/UnrealEngine/4.9/DerivedDataCache/Boot.ddc.
[2016.01.10-08.30.24:352][  0]LogInit: Texture streaming: Enabled
[2016.01.10-08.30.24:356][  0]LogAnalytics: Creating configured Analytics provider AnalyticsET
[2016.01.10-08.30.24:356][  0]LogAnalytics: [UEEditor.Rocket.Release] APIServer = http://et2.epicgames.com/ET2/. AppVersion = 4.9.2-2707645+++depot+UE4-Releases+4.9
[2016.01.10-08.30.24:356][  0]LogAnalytics: [UEEditor.Rocket.Release] SetUserId 063ef5e840611d3826e0a3a0a7689965|bdf101df1db24ab0b29feb25013572ab|508531e8-b6df-41a8-944b-227a8d127274
[2016.01.10-08.30.24:356][  0]LogAnalytics: [UEEditor.Rocket.Release] AnalyticsET::StartSession
[2016.01.10-08.30.24:366][  0]LogWindowsTextInputMethodSystem:Display: IME system now deactivated.
[2016.01.10-08.30.24:366][  0]LogWindowsTextInputMethodSystem:Display: IME system now deactivated.
[2016.01.10-08.30.24:380][  0]LogInit: Transaction tracking system initialized
[2016.01.10-08.30.24:398][  0]BlueprintLog: New page: Editor Load
[2016.01.10-08.30.24:442][  0]LocalizationService: Info Localization service is disabled
[2016.01.10-08.30.24:491][  0]LogConsoleResponse:Display: 
[2016.01.10-08.30.24:577][  0]LogCook:Display: Done creating registry. It took  0.00s.
[2016.01.10-08.30.24:584][  0]LogFileCache: Scanning file cache for directory 'D:/WORK/gamejam/Content/' took 0.01s
[2016.01.10-08.30.24:612][  0]SourceControl: Info Source control is disabled
[2016.01.10-08.30.24:612][  0]Cmd: MAP LOAD FILE="../../../../../../../WORK/gamejam/Content/Maps/MainMenu.umap" TEMPLATE=0 SHOWPROGRESS=1 FEATURELEVEL=3
[2016.01.10-08.30.24:612][  0]LightingResults: New page: Lighting Build
[2016.01.10-08.30.24:614][  0]MapCheck: New page: Map Check
[2016.01.10-08.30.24:614][  0]LightingResults: New page: Lighting Build
[2016.01.10-08.30.24:622][  0]LogParticles: Destroying 0 GPU particle simulations for FXSystem 0x0000012804991DA0
[2016.01.10-08.30.24:890][  0]LogAIModule: Creating AISystem for world MainMenu
[2016.01.10-08.30.24:900][  0]LogEditorServer: Finished looking for orphan Actors (0.000 secs)
[2016.01.10-08.30.24:901][  0]Cmd: MAP CHECKDEP NOCLEARLOG
[2016.01.10-08.30.24:935][  0]MapCheck: Info Map check complete: 0 Error(s), 0 Warning(s), took 33.947ms to complete.
[2016.01.10-08.30.24:935][  0]LogFileHelpers: Loading map 'MainMenu' took 0.323
[2016.01.10-08.30.25:019][  0]LogCollectionManager: Loaded 0 collections in 0.000925 seconds
[2016.01.10-08.30.25:058][  0]LogFileCache: Scanning file cache for directory 'D:/WORK/gamejam/Saved/Collections/' took 0.01s
[2016.01.10-08.30.25:058][  0]LogFileCache: Scanning file cache for directory 'D:/WORK/gamejam/Content/Developers/user/Collections/' took 0.01s
[2016.01.10-08.30.25:058][  0]LogFileCache: Scanning file cache for directory 'D:/WORK/gamejam/Content/Collections/' took 0.01s
[2016.01.10-08.30.25:058][  0]LogContentBrowser: Native class hierarchy populated in 0.0055 seconds. Added 1867 classes and 333 folders.
[2016.01.10-08.30.25:060][  0]LogCollectionManager: Rebuilt the GUID cache for 0 collections in 0.000002 seconds
[2016.01.10-08.30.25:064][  0]LogContentBrowser: Native class hierarchy updated for 'WidgetCarousel' in 0.0002 seconds. Added 0 classes and 0 folders.
[2016.01.10-08.30.25:092][  0]LogContentBrowser: Native class hierarchy updated for 'AddContentDialog' in 0.0002 seconds. Added 0 classes and 0 folders.
[2016.01.10-08.30.25:095][  0]LogContentBrowser: Native class hierarchy updated for 'SceneOutliner' in 0.0002 seconds. Added 1 classes and 2 folders.
[2016.01.10-08.30.25:114][  0]LogCrashTracker: Crashtracker disabled due to settings.
[2016.01.10-08.30.25:117][  0]LogUObjectGlobals:Warning: Failed to find object 'Class None.'
[2016.01.10-08.30.25:139][  0]LogLoad: Full Startup: 5.04 seconds (BP compile: 0.05 seconds)
[2016.01.10-08.30.25:184][  0]LogContentStreaming: Texture pool size now 400 MB
[2016.01.10-08.30.25:279][  0]LogRenderer: Reallocating scene render targets to support 1044x552 (Frame:2).
[2016.01.10-08.30.25:413][  3]LogAssetRegistry: Asset discovery search completed in 1.8009 seconds
[2016.01.10-08.30.25:414][  3]LogCollectionManager: Rebuilt the object cache for 0 collections in 0.000001 seconds (found 0 objects)
[2016.01.10-08.30.25:414][  3]LogCollectionManager: Fixed up redirectors for 0 collections in 0.000028 seconds (updated 0 objects)
[2016.01.10-08.30.31:280][135]LogMaterial: Missing cached shader map for material snowy_landscape, compiling. 
[2016.01.10-08.30.31:358][135]LogMaterial: Missing cached shader map for material snowy_landscape, compiling. 
[2016.01.10-08.30.31:363][135]LogMaterial: 0.000062 seconds spent updating 1 materials, 1 interfaces, 0 instances, 0 with static permutations.
[2016.01.10-08.30.31:400][135]LogMaterial: Missing cached shader map for material FMatExpressionPreview MaterialExpressionTextureSample_6, compiling. 
[2016.01.10-08.30.31:403][135]LogMaterial: Missing cached shader map for material FMatExpressionPreview MaterialExpressionTextureSample_8, compiling. 
[2016.01.10-08.30.31:406][135]LogMaterial: Missing cached shader map for material FMatExpressionPreview MaterialExpressionTextureSample_7, compiling. 
[2016.01.10-08.30.32:324][158]MaterialEditorStats: Info Base pass shader with static lighting: 87 instructions
[2016.01.10-08.30.32:324][158]MaterialEditorStats: Info Base pass shader with only dynamic lighting: 55 instructions
[2016.01.10-08.30.32:324][158]MaterialEditorStats: Info Vertex shader: 33 instructions
[2016.01.10-08.30.32:324][158]MaterialEditorStats: Info Texture samplers: 5/16
[2016.01.10-08.31.03:025][754]LogAIModule: Creating AISystem for world Level0polish
[2016.01.10-08.31.03:029][754]LogParticles:Warning: InitializeSystem called on an unregistered component. Template=/Game/Particles/P_Debris.P_Debris Component=/Game/Maps/Level0polish.Level0polish:PersistentLevel.P_Debris_2.ParticleSystemComponent0
[2016.01.10-08.31.03:029][754]LogParticles:Warning: InitializeSystem called on an unregistered component. Template=/Game/Particles/P_Debris.P_Debris Component=/Game/Maps/Level0polish.Level0polish:PersistentLevel.P_Debris2.ParticleSystemComponent0
[2016.01.10-08.31.03:029][754]LogParticles:Warning: InitializeSystem called on an unregistered component. Template=/Game/Particles/P_Debris.P_Debris Component=/Game/Maps/Level0polish.Level0polish:PersistentLevel.P_Debris3.ParticleSystemComponent0
[2016.01.10-08.31.03:029][754]LogParticles:Warning: InitializeSystem called on an unregistered component. Template=/Game/Particles/P_Debris.P_Debris Component=/Game/Maps/Level0polish.Level0polish:PersistentLevel.P_Debris4.ParticleSystemComponent0
[2016.01.10-08.31.03:029][754]LogParticles:Warning: InitializeSystem called on an unregistered component. Template=/Game/Particles/P_Debris.P_Debris Component=/Game/Maps/Level0polish.Level0polish:PersistentLevel.P_Debris5.ParticleSystemComponent0
[2016.01.10-08.31.03:029][754]LogParticles:Warning: InitializeSystem called on an unregistered component. Template=/Game/Particles/P_Debris.P_Debris Component=/Game/Maps/Level0polish.Level0polish:PersistentLevel.P_Debris6_9.ParticleSystemComponent0
[2016.01.10-08.31.03:029][754]LogParticles:Warning: InitializeSystem called on an unregistered component. Template=/Game/Particles/P_Debris.P_Debris Component=/Game/Maps/Level0polish.Level0polish:PersistentLevel.P_Debris7.ParticleSystemComponent0
[2016.01.10-08.31.03:029][754]LogParticles:Warning: InitializeSystem called on an unregistered component. Template=/Game/Particles/P_Debris.P_Debris Component=/Game/Maps/Level0polish.Level0polish:PersistentLevel.P_Debris8.ParticleSystemComponent0
[2016.01.10-08.31.03:029][754]LogParticles:Warning: InitializeSystem called on an unregistered component. Template=/Game/Particles/P_Debris.P_Debris Component=/Game/Maps/Level0polish.Level0polish:PersistentLevel.P_Debris9.ParticleSystemComponent0
[2016.01.10-08.31.03:029][754]LogParticles:Warning: InitializeSystem called on an unregistered component. Template=/Game/Particles/P_Debris.P_Debris Component=/Game/Maps/Level0polish.Level0polish:PersistentLevel.P_Debris10.ParticleSystemComponent0
[2016.01.10-08.31.03:029][754]LogParticles:Warning: InitializeSystem called on an unregistered component. Template=/Game/Particles/P_Debris.P_Debris Component=/Game/Maps/Level0polish.Level0polish:PersistentLevel.P_Debris11.ParticleSystemComponent0
[2016.01.10-08.31.03:030][754]LogParticles:Warning: InitializeSystem called on an unregistered component. Template=/Game/Particles/P_Debris.P_Debris Component=/Game/Maps/Level0polish.Level0polish:PersistentLevel.P_Debris12.ParticleSystemComponent0
[2016.01.10-08.31.03:067][754]LogParticles: Destroying 0 GPU particle simulations for FXSystem 0x00000094F99C4900
[2016.01.10-08.31.03:080][754]Cmd: MAP LOAD FILE="../../../../../../../WORK/gamejam/Content/Maps/Level0polish.umap" TEMPLATE=0 SHOWPROGRESS=1 FEATURELEVEL=3
[2016.01.10-08.31.03:080][754]LightingResults: New page: Lighting Build
[2016.01.10-08.31.03:092][754]LoadErrors: New page: Loading map: Level0polish.umap
[2016.01.10-08.31.03:093][754]MapCheck: New page: Map Check
[2016.01.10-08.31.03:093][754]LightingResults: New page: Lighting Build
[2016.01.10-08.31.03:103][754]LogParticles: Destroying 0 GPU particle simulations for FXSystem 0x000000948965CCC0
[2016.01.10-08.31.03:135][754]LogEditorServer: Finished looking for orphan Actors (0.000 secs)
[2016.01.10-08.31.03:159][754]Cmd: MAP CHECKDEP NOCLEARLOG
[2016.01.10-08.31.03:193][754]MapCheck: Info Map check complete: 0 Error(s), 0 Warning(s), took 33.923ms to complete.
[2016.01.10-08.31.03:193][754]LogFileHelpers: Loading map 'Level0polish' took 0.113
[2016.01.10-08.31.03:202][754]LoadErrors:Error: Error /Game/Maps/Level0polish : Failed import for CurveFloat /Game/FirstPersonBP/Blueprints/Door2.Door2_C:CurveFloat_0__256DA8D9
[2016.01.10-08.31.03:202][754]LoadErrors:Error: Error /Game/Maps/Level0polish : Failed import for CurveFloat /Game/FirstPersonBP/Blueprints/ThisButton2.ThisButton2_C:CurveFloat_0_1_2_3__B219A375__B6BB1B11
[2016.01.10-08.31.03:202][754]LoadErrors:Error: Error /Game/Maps/Level0polish : Failed import for CurveFloat /Game/FirstPersonBP/Blueprints/ThisButton2.ThisButton2_C:CurveFloat_0_1__71EEED09__79CD0ECA
[2016.01.10-08.31.03:202][754]LoadErrors:Error: Error /Game/Maps/Level0polish : Failed import for CurveFloat /Game/FirstPersonBP/Blueprints/ThisButton2.ThisButton2_C:CurveFloat_0__256DA8D9
[2016.01.10-08.31.03:213][755]Cmd: UpdateLandscapeEditorData -warnings
[2016.01.10-08.31.03:215][755]Cmd: UpdateLandscapeEditorData
[2016.01.10-08.31.35:210][568]Cmd: STAT FPS
[2016.01.10-08.31.41:980][901]Cmd: STAT FPS
[2016.01.10-08.32.15:303][572]LogActorFactory: Actor Factory created 1M_Cube
[2016.01.10-08.32.16:181][626]LogActorFactory: Actor Factory created 1M_Cube
[2016.01.10-08.32.26:994][117]LogEditorViewport: Clicking on Actor (LMB): StaticMeshActor (1M_Cube)
[2016.01.10-08.32.27:294][135]Cmd: DELETE
[2016.01.10-08.32.27:294][135]Cmd: ACTOR DELETE
[2016.01.10-08.32.27:296][135]LogEditorActor: Deleted Actor: StaticMeshActor
[2016.01.10-08.32.27:311][135]LogEditorActor: Deleted 1 Actors (0.017 secs)
[2016.01.10-08.32.43:649][971]LogActorFactory: Actor Factory created Cube
[2016.01.10-08.32.44:232][  5]LogActorFactory: Actor Factory created Cube
[2016.01.10-08.32.50:655][376]LogEditorViewport: Clicking on Actor (LMB): StaticMeshActor (Cube)
[2016.01.10-08.32.52:451][458]Cmd: DELETE
[2016.01.10-08.32.52:451][458]Cmd: ACTOR DELETE
[2016.01.10-08.32.52:452][458]LogEditorActor: Deleted Actor: StaticMeshActor
[2016.01.10-08.32.52:484][458]LogEditorActor: Deleted 1 Actors (0.033 secs)
[2016.01.10-08.33.10:868][404]Cmd: BRUSH ADD SELECTNEWBRUSH
[2016.01.10-08.33.13:868][570]LogRenderer: Reallocating scene render targets to support 1044x572 (Frame:9590).
[2016.01.10-08.34.51:330][487]LogEditorViewport: Clicking on Actor (LMB): StaticMeshActor (Cube72)
[2016.01.10-08.36.17:167][314]LogEditorViewport: Clicking on Actor (LMB): StaticMeshActor (Cube67)
[2016.01.10-08.36.18:476][393]Cmd: DELETE
[2016.01.10-08.36.18:476][393]Cmd: ACTOR DELETE
[2016.01.10-08.36.18:478][393]LogEditorActor: Deleted Actor: StaticMeshActor
[2016.01.10-08.36.18:519][393]LogEditorActor: Deleted 1 Actors (0.042 secs)
[2016.01.10-08.36.19:029][425]LogEditorViewport: Clicking on Actor (LMB): StaticMeshActor (Cube69)
[2016.01.10-08.36.19:302][440]Cmd: DELETE
[2016.01.10-08.36.19:302][440]Cmd: ACTOR DELETE
[2016.01.10-08.36.19:303][440]LogEditorActor: Deleted Actor: StaticMeshActor
[2016.01.10-08.36.19:322][440]LogEditorActor: Deleted 1 Actors (0.020 secs)
[2016.01.10-08.36.19:855][473]LogEditorViewport: Clicking on Actor (LMB): StaticMeshActor (Cube75)
[2016.01.10-08.36.20:037][482]Cmd: DELETE
[2016.01.10-08.36.20:037][482]Cmd: ACTOR DELETE
[2016.01.10-08.36.20:039][482]LogEditorActor: Deleted Actor: StaticMeshActor
[2016.01.10-08.36.20:053][482]LogEditorActor: Deleted 1 Actors (0.016 secs)
[2016.01.10-08.36.20:556][512]LogEditorViewport: Clicking on Actor (LMB): StaticMeshActor (Cube73)
[2016.01.10-08.36.20:767][523]Cmd: DELETE
[2016.01.10-08.36.20:768][523]Cmd: ACTOR DELETE
[2016.01.10-08.36.20:769][523]LogEditorActor: Deleted Actor: StaticMeshActor
[2016.01.10-08.36.20:785][523]LogEditorActor: Deleted 1 Actors (0.017 secs)
[2016.01.10-08.36.22:260][614]LogEditorViewport: Clicking on Actor (LMB): StaticMeshActor (Cube70)
[2016.01.10-08.36.22:562][631]Cmd: DELETE
[2016.01.10-08.36.22:563][631]Cmd: ACTOR DELETE
[2016.01.10-08.36.22:564][631]LogEditorActor: Deleted Actor: StaticMeshActor
[2016.01.10-08.36.22:582][631]LogEditorActor: Deleted 1 Actors (0.020 secs)
[2016.01.10-08.36.22:952][654]LogEditorViewport: Clicking on Actor (LMB): StaticMeshActor (Cube72)
[2016.01.10-08.36.23:191][667]Cmd: DELETE
[2016.01.10-08.36.23:191][667]Cmd: ACTOR DELETE
[2016.01.10-08.36.23:193][667]LogEditorActor: Deleted Actor: StaticMeshActor
[2016.01.10-08.36.23:210][667]LogEditorActor: Deleted 1 Actors (0.018 secs)
[2016.01.10-08.36.23:710][698]LogEditorViewport: Clicking on Actor (LMB): StaticMeshActor (Cube71)
[2016.01.10-08.36.23:944][711]Cmd: DELETE
[2016.01.10-08.36.23:944][711]Cmd: ACTOR DELETE
[2016.01.10-08.36.23:946][711]LogEditorActor: Deleted Actor: StaticMeshActor
[2016.01.10-08.36.23:967][711]LogEditorActor: Deleted 1 Actors (0.022 secs)
[2016.01.10-08.36.24:333][734]LogEditorViewport: Clicking on Actor (LMB): StaticMeshActor (Cube76)
[2016.01.10-08.36.24:526][744]Cmd: DELETE
[2016.01.10-08.36.24:526][744]Cmd: ACTOR DELETE
[2016.01.10-08.36.24:527][744]LogEditorActor: Deleted Actor: StaticMeshActor
[2016.01.10-08.36.24:545][744]LogEditorActor: Deleted 1 Actors (0.019 secs)
[2016.01.10-08.36.24:796][760]LogEditorViewport: Clicking on Actor (LMB): StaticMeshActor (Cube78)
[2016.01.10-08.36.25:623][809]Cmd: DELETE
[2016.01.10-08.36.25:623][809]Cmd: ACTOR DELETE
[2016.01.10-08.36.25:625][809]LogEditorActor: Deleted Actor: StaticMeshActor
[2016.01.10-08.36.25:639][809]LogEditorActor: Deleted 1 Actors (0.016 secs)
[2016.01.10-08.41.09:548][328]Cmd: OBJ SAVEPACKAGE PACKAGE="/Game/Maps/Level0polish" FILE="../../../../../../../WORK/gamejam/Saved/Autosaves/Game/Maps/Level0polish_Auto1.umap" SILENT=true AUTOSAVING=true KEEPDIRTY=false
[2016.01.10-08.41.10:330][328]LogSavePackage: Save=771.356934ms
[2016.01.10-08.41.10:330][328]LogSavePackage: Moving '../../../../../../../WORK/gamejam/Saved/Level0polish_Auto1864711BF4ED64AB3B763158AFE653315.tmp' to '../../../../../../../WORK/gamejam/Saved/Autosaves/Game/Maps/Level0polish_Auto1.umap'
[2016.01.10-08.41.10:330][328]LogSavePackage: Total save time: 780.699484ms
[2016.01.10-08.41.10:330][328]LogSavePackage:Warning: Finished SavePackage ../../../../../../../WORK/gamejam/Saved/Autosaves/Game/Maps/Level0polish_Auto1.umap
[2016.01.10-08.41.10:331][328]LogFileHelpers: Editor autosave (incl. sublevels) for '/Game/Maps/Level0polish' took 0.803
[2016.01.10-08.41.10:331][328]LogFileHelpers: Editor autosave (incl. sublevels) for all levels took 0.803
[2016.01.10-09.39.45:433][327]LogWindowsTextInputMethodSystem:Display: IME system now deactivated.
[2016.01.10-09.39.45:517][327]LogWindowsTextInputMethodSystem:Display: IME system now activated using TSF (Microsoft IME).
[2016.01.10-09.39.50:340][530]Cmd: OBJ SAVEPACKAGE PACKAGE="/Game/Maps/Level0polish" FILE="../../../../../../../WORK/gamejam/Content/Maps/Level0polish.umap" SILENT=true AUTOSAVING=false KEEPDIRTY=false
[2016.01.10-09.39.51:560][530]LogSavePackage: Save=776.527527ms
[2016.01.10-09.39.51:560][530]LogSavePackage: Moving '../../../../../../../WORK/gamejam/Saved/Level0polishF1AA656341EAA24B02135E90C364F0FF.tmp' to '../../../../../../../WORK/gamejam/Content/Maps/Level0polish.umap'
[2016.01.10-09.39.51:563][530]LogSavePackage: Total save time: 1169.834372ms
[2016.01.10-09.39.51:563][530]LogSavePackage:Warning: Finished SavePackage ../../../../../../../WORK/gamejam/Content/Maps/Level0polish.umap
[2016.01.10-09.39.52:767][590]LogWindowsTextInputMethodSystem:Display: IME system now activated using TSF (Microsoft IME).
[2016.01.10-09.39.52:772][590]LogWindowsTextInputMethodSystem:Display: IME system now activated using TSF (Microsoft IME).
[2016.01.10-09.39.53:027][591]Cmd: QUIT_EDITOR
[2016.01.10-09.39.53:277][591]LogExit: Preparing to exit.
[2016.01.10-09.39.53:587][591]LogExit: Editor shut down
[2016.01.10-09.39.53:587][591]LogExit: Transaction tracking system shut down
[2016.01.10-09.39.53:588][591]LogParticles: Destroying 0 GPU particle simulations for FXSystem 0x000000948B3B1C60
[2016.01.10-09.39.53:588][591]LogParticles: Destroying 0 GPU particle simulations for FXSystem 0x0000009501CE7880
[2016.01.10-09.39.53:589][591]LogParticles: Destroying 0 GPU particle simulations for FXSystem 0x0000009508C2B9C0
[2016.01.10-09.39.53:591][591]LogParticles: Destroying 0 GPU particle simulations for FXSystem 0x0000009489910400
[2016.01.10-09.39.53:592][591]LogParticles: Destroying 0 GPU particle simulations for FXSystem 0x0000009489912FC0
[2016.01.10-09.39.53:714][591]LogExit: Object subsystem successfully closed.
[2016.01.10-09.39.53:736][591]LogD3D11RHI: Shutdown
[2016.01.10-09.39.53:736][591]LogD3D11RHI: CleanupD3DDevice
[2016.01.10-09.39.53:777][591]LogD3D11RHI: ~FD3D11DynamicRHI
[2016.01.10-09.39.53:787][591]LogModuleManager: Shutting down and abandoning module MaterialEditor (198)
[2016.01.10-09.39.53:787][591]LogModuleManager: Shutting down and abandoning module CrashTracker (197)
[2016.01.10-09.39.53:787][591]LogModuleManager: Shutting down and abandoning module SceneOutliner (196)
[2016.01.10-09.39.53:787][591]LogModuleManager: Shutting down and abandoning module SuperSearch (195)
[2016.01.10-09.39.53:787][591]LogModuleManager: Shutting down and abandoning module WidgetCarousel (194)
[2016.01.10-09.39.53:787][591]LogModuleManager: Shutting down and abandoning module AddContentDialog (193)
[2016.01.10-09.39.53:789][591]LogModuleManager: Shutting down and abandoning module EditorWidgets (192)
[2016.01.10-09.39.53:789][591]LogModuleManager: Shutting down and abandoning module CollectionManager (191)
[2016.01.10-09.39.53:789][591]LogModuleManager: Shutting down and abandoning module StatsViewer (190)
[2016.01.10-09.39.53:789][591]LogModuleManager: Shutting down and abandoning module FoliageEdit (189)
[2016.01.10-09.39.53:789][591]LogModuleManager: Shutting down and abandoning module LandscapeEditor (188)
[2016.01.10-09.39.53:790][591]LogModuleManager: Shutting down and abandoning module ActorPickerMode (187)
[2016.01.10-09.39.53:790][591]LogModuleManager: Shutting down and abandoning module GeometryMode (186)
[2016.01.10-09.39.53:790][591]LogModuleManager: Shutting down and abandoning module TextureAlignMode (185)
[2016.01.10-09.39.53:790][591]LogModuleManager: Shutting down and abandoning module BspMode (184)
[2016.01.10-09.39.53:790][591]LogModuleManager: Shutting down and abandoning module PlacementMode (183)
[2016.01.10-09.39.53:790][591]LogModuleManager: Shutting down and abandoning module AutomationWorker (182)
[2016.01.10-09.39.53:790][591]LogModuleManager: Shutting down and abandoning module CharacterAI (181)
[2016.01.10-09.39.53:790][591]LogModuleManager: Shutting down and abandoning module SmartSnapping (180)
[2016.01.10-09.39.53:790][591]LogModuleManager: Shutting down and abandoning module ViewportSnapping (179)
[2016.01.10-09.39.53:790][591]LogModuleManager: Shutting down and abandoning module LogVisualizer (178)
[2016.01.10-09.39.53:790][591]LogModuleManager: Shutting down and abandoning module GameProjectGeneration (177)
[2016.01.10-09.39.53:790][591]LogModuleManager: Shutting down and abandoning module IntroTutorials (176)
[2016.01.10-09.39.53:790][591]LogModuleManager: Shutting down and abandoning module EditorLiveStreaming (175)
[2016.01.10-09.39.53:790][591]LogModuleManager: Shutting down and abandoning module IOSPlatformEditor (174)
[2016.01.10-09.39.53:790][591]LogModuleManager: Shutting down and abandoning module HTML5PlatformEditor (173)
[2016.01.10-09.39.53:790][591]LogModuleManager: Shutting down and abandoning module AndroidDeviceDetection (172)
[2016.01.10-09.39.54:472][591]LogModuleManager: Shutting down and abandoning module AndroidPlatformEditor (171)
[2016.01.10-09.39.54:472][591]LogModuleManager: Shutting down and abandoning module IOSRuntimeSettings (170)
[2016.01.10-09.39.54:472][591]LogModuleManager: Shutting down and abandoning module AndroidRuntimeSettings (169)
[2016.01.10-09.39.54:472][591]LogModuleManager: Shutting down and abandoning module MergeActors (168)
[2016.01.10-09.39.54:472][591]LogModuleManager: Shutting down and abandoning module SizeMap (167)
[2016.01.10-09.39.54:472][591]LogModuleManager: Shutting down and abandoning module TreeMap (166)
[2016.01.10-09.39.54:472][591]LogModuleManager: Shutting down and abandoning module ReferenceViewer (165)
[2016.01.10-09.39.54:472][591]LogModuleManager: Shutting down and abandoning module LocalizationService (164)
[2016.01.10-09.39.54:472][591]LogModuleManager: Shutting down and abandoning module LocalizationDashboard (163)
[2016.01.10-09.39.54:472][591]LogModuleManager: Shutting down and abandoning module HardwareTargeting (162)
[2016.01.10-09.39.54:472][591]LogModuleManager: Shutting down and abandoning module DeviceProfileEditor (161)
[2016.01.10-09.39.54:472][591]LogModuleManager: Shutting down and abandoning module UndoHistory (160)
[2016.01.10-09.39.54:472][591]LogModuleManager: Shutting down and abandoning module GameplayTagsEditor (159)
[2016.01.10-09.39.54:472][591]LogModuleManager: Shutting down and abandoning module UserFeedback (158)
[2016.01.10-09.39.54:472][591]LogModuleManager: Shutting down and abandoning module XmlParser (157)
[2016.01.10-09.39.54:472][591]LogModuleManager: Shutting down and abandoning module Blutility (156)
[2016.01.10-09.39.54:472][591]LogModuleManager: Shutting down and abandoning module ProjectTargetPlatformEditor (155)
[2016.01.10-09.39.54:472][591]LogModuleManager: Shutting down and abandoning module ProjectSettingsViewer (154)
[2016.01.10-09.39.54:473][591]LogModuleManager: Shutting down and abandoning module InputBindingEditor (153)
[2016.01.10-09.39.54:473][591]LogModuleManager: Shutting down and abandoning module EditorSettingsViewer (152)
[2016.01.10-09.39.54:473][591]LogModuleManager: Shutting down and abandoning module SettingsEditor (151)
[2016.01.10-09.39.54:473][591]LogModuleManager: Shutting down and abandoning module ProjectLauncher (150)
[2016.01.10-09.39.54:473][591]LogModuleManager: Shutting down and abandoning module SessionFrontend (149)
[2016.01.10-09.39.54:473][591]LogModuleManager: Shutting down and abandoning module ProfilerClient (148)
[2016.01.10-09.39.54:473][591]LogModuleManager: Shutting down and abandoning module TargetDeviceServices (147)
[2016.01.10-09.39.54:473][591]LogModuleManager: Shutting down and abandoning module DeviceManager (146)
[2016.01.10-09.39.54:473][591]LogModuleManager: Shutting down and abandoning module AutomationController (145)
[2016.01.10-09.39.54:473][591]LogModuleManager: Shutting down and abandoning module AutomationWindow (144)
[2016.01.10-09.39.54:473][591]LogModuleManager: Shutting down and abandoning module Layers (143)
[2016.01.10-09.39.54:473][591]LogModuleManager: Shutting down and abandoning module ComponentVisualizers (142)
[2016.01.10-09.39.54:473][591]LogModuleManager: Shutting down and abandoning module DetailCustomizations (141)
[2016.01.10-09.39.54:474][591]LogModuleManager: Shutting down and abandoning module PackagesDialog (140)
[2016.01.10-09.39.54:474][591]LogModuleManager: Shutting down and abandoning module Persona (139)
[2016.01.10-09.39.54:474][591]LogModuleManager: Shutting down and abandoning module Kismet (138)
[2016.01.10-09.39.54:474][591]LogModuleManager: Shutting down and abandoning module GraphEditor (137)
[2016.01.10-09.39.54:474][591]LogModuleManager: Shutting down and abandoning module ClassViewer (136)
[2016.01.10-09.39.54:474][591]LogModuleManager: Shutting down and abandoning module Toolbox (135)
[2016.01.10-09.39.54:474][591]LogModuleManager: Shutting down and abandoning module ModuleUI (134)
[2016.01.10-09.39.54:474][591]LogModuleManager: Shutting down and abandoning module MovieSceneTools (133)
[2016.01.10-09.39.54:474][591]LogModuleManager: Shutting down and abandoning module OutputLog (132)
[2016.01.10-09.39.54:474][591]LogModuleManager: Shutting down and abandoning module GammaUI (131)
[2016.01.10-09.39.54:474][591]LogModuleManager: Shutting down and abandoning module Documentation (130)
[2016.01.10-09.39.54:474][591]LogModuleManager: Shutting down and abandoning module GameLiveStreaming (129)
[2016.01.10-09.39.54:474][591]LogModuleManager: Shutting down and abandoning module StreamingPauseRendering (128)
[2016.01.10-09.39.54:474][591]LogModuleManager: Shutting down and abandoning module AnalyticsET (127)
[2016.01.10-09.39.54:474][591]LogModuleManager: Shutting down and abandoning module Analytics (126)
[2016.01.10-09.39.54:474][591]LogModuleManager: Shutting down and abandoning module AITestSuite (125)
[2016.01.10-09.39.54:474][591]LogModuleManager: Shutting down and abandoning module GameplayDebugger (124)
[2016.01.10-09.39.54:474][591]LogModuleManager: Shutting down and abandoning module AIModule (123)
[2016.01.10-09.39.54:474][591]LogModuleManager: Shutting down and abandoning module ProfilerService (122)
[2016.01.10-09.39.54:518][591]LogModuleManager: Shutting down and abandoning module TaskGraph (121)
[2016.01.10-09.39.54:518][591]LogModuleManager: Shutting down and abandoning module SlateRemote (120)
[2016.01.10-09.39.54:518][591]LogModuleManager: Shutting down and abandoning module SteamVRController (119)
[2016.01.10-09.39.54:518][591]LogModuleManager: Shutting down and abandoning module SteamVR (118)
[2016.01.10-09.39.54:518][591]LogModuleManager: Shutting down and abandoning module ProceduralMeshComponent (117)
[2016.01.10-09.39.54:518][591]LogModuleManager: Shutting down and abandoning module OculusRift (116)
[2016.01.10-09.39.54:518][591]LogModuleManager: Shutting down and abandoning module OculusLibrary (115)
[2016.01.10-09.39.54:518][591]LogModuleManager: Shutting down and abandoning module LeapMotionController (114)
[2016.01.10-09.39.54:539][591]LogModuleManager: Shutting down and abandoning module CustomMeshComponent (113)
[2016.01.10-09.39.54:539][591]LogModuleManager: Shutting down and abandoning module CableComponent (112)
[2016.01.10-09.39.54:539][591]LogModuleManager: Shutting down and abandoning module ArchVisCharacter (111)
[2016.01.10-09.39.54:539][591]LogModuleManager: Shutting down and abandoning module MessagingDebugger (110)
[2016.01.10-09.39.54:539][591]LogModuleManager: Shutting down and abandoning module MediaPlayerEditor (109)
[2016.01.10-09.39.54:539][591]LogModuleManager: Shutting down and abandoning module HTML5Networking (108)
[2016.01.10-09.39.54:539][591]LogModuleManager: Shutting down and abandoning module SpeedTreeImporter (107)
[2016.01.10-09.39.54:539][591]LogModuleManager: Shutting down and abandoning module PluginBrowser (106)
[2016.01.10-09.39.54:539][591]LogModuleManager: Shutting down and abandoning module EpicSurvey (105)
[2016.01.10-09.39.54:539][591]LogModuleManager: Shutting down and abandoning module DesktopPlatform (104)
[2016.01.10-09.39.54:539][591]LogModuleManager: Shutting down and abandoning module VisualStudioSourceCodeAccess (103)
[2016.01.10-09.39.54:539][591]LogModuleManager: Shutting down and abandoning module UObjectPlugin (102)
[2016.01.10-09.39.54:539][591]LogModuleManager: Shutting down and abandoning module SubversionSourceControl (101)
[2016.01.10-09.39.54:539][591]LogModuleManager: Shutting down and abandoning module PerforceSourceControl (100)
[2016.01.10-09.39.54:539][591]LogModuleManager: Shutting down and abandoning module SourceControl (99)
[2016.01.10-09.39.54:539][591]LogModuleManager: Shutting down and abandoning module GitSourceControl (98)
[2016.01.10-09.39.54:539][591]LogModuleManager: Shutting down and abandoning module LightPropagationVolumeEditor (97)
[2016.01.10-09.39.54:539][591]LogModuleManager: Shutting down and abandoning module PaperTiledImporter (96)
[2016.01.10-09.39.54:539][591]LogModuleManager: Shutting down and abandoning module PaperSpriteSheetImporter (95)
[2016.01.10-09.39.54:539][591]LogModuleManager: Shutting down and abandoning module MeshPaint (94)
[2016.01.10-09.39.54:539][591]LogModuleManager: Shutting down and abandoning module SlateReflector (93)
[2016.01.10-09.39.54:540][591]LogModuleManager: Shutting down and abandoning module HotReload (92)
[2016.01.10-09.39.54:540][591]LogModuleManager: Shutting down and abandoning module MainFrame (91)
[2016.01.10-09.39.54:540][591]LogModuleManager: Shutting down and abandoning module LevelEditor (90)
[2016.01.10-09.39.54:541][591]LogModuleManager: Shutting down and abandoning module DirectoryWatcher (89)
[2016.01.10-09.39.54:545][591]LogModuleManager: Shutting down and abandoning module AssetRegistry (88)
[2016.01.10-09.39.54:638][591]LogModuleManager: Shutting down and abandoning module ContentBrowser (87)
[2016.01.10-09.39.54:639][591]LogModuleManager: Shutting down and abandoning module Paper2DEditor (86)
[2016.01.10-09.39.54:639][591]LogModuleManager: Shutting down and abandoning module UdpMessaging (85)
[2016.01.10-09.39.54:740][591]LogModuleManager: Shutting down and abandoning module LightPropagationVolumeRuntime (84)
[2016.01.10-09.39.54:740][591]LogModuleManager: Shutting down and abandoning module Paper2D (83)
[2016.01.10-09.39.54:740][591]LogModuleManager: Shutting down and abandoning module WindowsMoviePlayer (82)
[2016.01.10-09.39.54:750][591]LogModuleManager: Shutting down and abandoning module Media (81)
[2016.01.10-09.39.54:750][591]LogModuleManager: Shutting down and abandoning module WmfMedia (80)
[2016.01.10-09.39.54:750][591]LogModuleManager: Shutting down and abandoning module OnlineBlueprintSupport (79)
[2016.01.10-09.39.54:750][591]LogModuleManager: Shutting down and abandoning module GameplayTasksEditor (78)
[2016.01.10-09.39.54:750][591]LogModuleManager: Shutting down and abandoning module PropertyEditor (77)
[2016.01.10-09.39.54:750][591]LogModuleManager: Shutting down and abandoning module BehaviorTreeEditor (76)
[2016.01.10-09.39.54:750][591]LogModuleManager: Shutting down and abandoning module FunctionalTesting (75)
[2016.01.10-09.39.54:751][591]LogModuleManager: Shutting down and abandoning module CollisionAnalyzer (74)
[2016.01.10-09.39.54:751][591]LogModuleManager: Shutting down and abandoning module WorkspaceMenuStructure (73)
[2016.01.10-09.39.54:751][591]LogModuleManager: Shutting down and abandoning module MessageLog (72)
[2016.01.10-09.39.54:751][591]LogModuleManager: Shutting down and abandoning module Sequencer (71)
[2016.01.10-09.39.54:751][591]LogModuleManager: Shutting down and abandoning module AssetTools (70)
[2016.01.10-09.39.54:751][591]LogModuleManager: Shutting down and abandoning module UMGEditor (69)
[2016.01.10-09.39.54:751][591]LogModuleManager: Shutting down and abandoning module UMG (68)
[2016.01.10-09.39.54:751][591]LogModuleManager: Shutting down and abandoning module Slate (67)
[2016.01.10-09.39.54:751][591]LogModuleManager: Shutting down and abandoning module EditorStyle (66)
[2016.01.10-09.39.54:757][591]LogModuleManager: Shutting down and abandoning module SessionServices (65)
[2016.01.10-09.39.54:757][591]LogModuleManager: Shutting down and abandoning module SourceCodeAccess (64)
[2016.01.10-09.39.54:757][591]LogModuleManager: Shutting down and abandoning module HeadMountedDisplay (63)
[2016.01.10-09.39.54:757][591]LogModuleManager: Shutting down and abandoning module XAudio2 (62)
[2016.01.10-09.39.54:757][591]LogModuleManager: Shutting down and abandoning module Networking (60)
[2016.01.10-09.39.54:757][591]LogModuleManager: Shutting down and abandoning module Core (59)
[2016.01.10-09.39.54:757][591]LogModuleManager: Shutting down and abandoning module KismetCompiler (58)
[2016.01.10-09.39.54:757][591]LogModuleManager: Shutting down and abandoning module PhysXFormats (57)
[2016.01.10-09.39.54:757][591]LogModuleManager: Shutting down and abandoning module MeshUtilities (56)
[2016.01.10-09.39.54:757][591]LogModuleManager: Shutting down and abandoning module CookingStats (55)
[2016.01.10-09.39.54:795][591]LogModuleManager: Shutting down and abandoning module DerivedDataCache (54)
[2016.01.10-09.39.54:808][591]LogDerivedDataCache: Shutdown
[2016.01.10-09.39.54:808][591]LogModuleManager: Shutting down and abandoning module ShaderFormatOpenGL (53)
[2016.01.10-09.39.54:808][591]LogModuleManager: Shutting down and abandoning module ShaderFormatD3D (52)
[2016.01.10-09.39.54:808][591]LogModuleManager: Shutting down and abandoning module MetalShaderFormat (51)
[2016.01.10-09.39.54:808][591]LogModuleManager: Shutting down and abandoning module TextureFormatUncompressed (50)
[2016.01.10-09.39.54:808][591]LogModuleManager: Shutting down and abandoning module TextureFormatPVR (49)
[2016.01.10-09.39.54:808][591]LogModuleManager: Shutting down and abandoning module TextureFormatIntelISPCTexComp (48)
[2016.01.10-09.39.54:808][591]LogModuleManager: Shutting down and abandoning module TextureFormatDXT (47)
[2016.01.10-09.39.54:808][591]LogModuleManager: Shutting down and abandoning module ImageWrapper (46)
[2016.01.10-09.39.54:808][591]LogModuleManager: Shutting down and abandoning module TextureFormatASTC (45)
[2016.01.10-09.39.54:808][591]LogModuleManager: Shutting down and abandoning module TextureFormatAndroid (44)
[2016.01.10-09.39.54:809][591]LogModuleManager: Shutting down and abandoning module AudioFormatOpus (43)
[2016.01.10-09.39.54:809][591]LogModuleManager: Shutting down and abandoning module AudioFormatOgg (42)
[2016.01.10-09.39.54:809][591]LogModuleManager: Shutting down and abandoning module AudioFormatADPCM (41)
[2016.01.10-09.39.54:809][591]LogModuleManager: Shutting down and abandoning module LinuxTargetPlatform (40)
[2016.01.10-09.39.54:809][591]LogModuleManager: Shutting down and abandoning module LinuxServerTargetPlatform (39)
[2016.01.10-09.39.54:809][591]LogModuleManager: Shutting down and abandoning module LinuxNoEditorTargetPlatform (38)
[2016.01.10-09.39.54:809][591]LogModuleManager: Shutting down and abandoning module Messaging (37)
[2016.01.10-09.39.54:809][591]LogModuleManager: Shutting down and abandoning module IOSTargetPlatform (36)
[2016.01.10-09.39.54:809][591]LogModuleManager: Shutting down and abandoning module HTML5TargetPlatform (35)
[2016.01.10-09.39.54:809][591]LogModuleManager: Shutting down and abandoning module Android_PVRTCTargetPlatform (34)
[2016.01.10-09.39.54:809][591]LogModuleManager: Shutting down and abandoning module Android_ETC2TargetPlatform (33)
[2016.01.10-09.39.54:809][591]LogModuleManager: Shutting down and abandoning module Android_ETC1TargetPlatform (32)
[2016.01.10-09.39.54:809][591]LogModuleManager: Shutting down and abandoning module Android_DXTTargetPlatform (31)
[2016.01.10-09.39.54:809][591]LogModuleManager: Shutting down and abandoning module Android_ATCTargetPlatform (30)
[2016.01.10-09.39.54:809][591]LogModuleManager: Shutting down and abandoning module Android_ASTCTargetPlatform (29)
[2016.01.10-09.39.54:809][591]LogModuleManager: Shutting down and abandoning module AndroidTargetPlatform (28)
[2016.01.10-09.39.54:809][591]LogModuleManager: Shutting down and abandoning module WindowsTargetPlatform (27)
[2016.01.10-09.39.54:809][591]LogModuleManager: Shutting down and abandoning module WindowsServerTargetPlatform (26)
[2016.01.10-09.39.54:809][591]LogModuleManager: Shutting down and abandoning module WindowsNoEditorTargetPlatform (25)
[2016.01.10-09.39.54:809][591]LogModuleManager: Shutting down and abandoning module WindowsClientTargetPlatform (24)
[2016.01.10-09.39.54:809][591]LogModuleManager: Shutting down and abandoning module AllDesktopTargetPlatform (23)
[2016.01.10-09.39.54:809][591]LogModuleManager: Shutting down and abandoning module TargetPlatform (22)
[2016.01.10-09.39.54:809][591]LogModuleManager: Shutting down and abandoning module InputCore (21)
[2016.01.10-09.39.54:809][591]LogModuleManager: Shutting down and abandoning module Settings (20)
[2016.01.10-09.39.54:810][591]LogModuleManager: Shutting down and abandoning module OnlineSubsystem (18)
[2016.01.10-09.39.54:810][591]LogModuleManager: Shutting down and abandoning module HTTP (17)
[2016.01.10-09.39.57:812][591]LogModuleManager: Shutting down and abandoning module XMPP (16)
[2016.01.10-09.39.57:812][591]LogModuleManager: Shutting down and abandoning module ExampleDeviceProfileSelector (15)
[2016.01.10-09.39.57:812][591]LogModuleManager: Shutting down and abandoning module TextureCompressor (14)
[2016.01.10-09.39.57:812][591]LogModuleManager: Shutting down and abandoning module ShaderCore (13)
[2016.01.10-09.39.57:812][591]LogModuleManager: Shutting down and abandoning module Landscape (12)
[2016.01.10-09.39.57:812][591]LogModuleManager: Shutting down and abandoning module SlateRHIRenderer (11)
[2016.01.10-09.39.57:820][591]LogModuleManager: Shutting down and abandoning module OpenGLDrv (10)
[2016.01.10-09.39.57:820][591]LogModuleManager: Shutting down and abandoning module D3D11RHI (9)
[2016.01.10-09.39.57:820][591]LogModuleManager: Shutting down and abandoning module AnimGraphRuntime (8)
[2016.01.10-09.39.57:820][591]LogModuleManager: Shutting down and abandoning module Renderer (7)
[2016.01.10-09.39.57:820][591]LogModuleManager: Shutting down and abandoning module Engine (6)
[2016.01.10-09.39.57:820][591]LogModuleManager: Shutting down and abandoning module CoreUObject (5)
[2016.01.10-09.39.57:820][591]LogModuleManager: Shutting down and abandoning module NetworkFile (4)
[2016.01.10-09.39.57:820][591]LogModuleManager: Shutting down and abandoning module StreamingFile (3)
[2016.01.10-09.39.57:820][591]LogModuleManager: Shutting down and abandoning module SandboxFile (2)
[2016.01.10-09.39.57:820][591]LogModuleManager: Shutting down and abandoning module PakFile (1)
[2016.01.10-09.39.57:821][591]LogExit: Exiting.
[2016.01.10-09.39.57:822][591]Log file closed, 01/10/16 17:39:57
