[2016.01.09-08.06.38:942][  0]Log file open, 01/09/16 16:06:38
[2016.01.09-08.06.38:942][  0]LogInit:Display: Running engine for game: GameJam
[2016.01.09-08.06.38:942][  0]LogInit:Display: RandInit(635998196) SRandInit(635998196).
[2016.01.09-08.06.38:942][  0]LogTaskGraph: Started task graph with 4 named threads and 7 total threads.
[2016.01.09-08.06.38:942][  0]LogStats: Stats thread started at 0.065660
[2016.01.09-08.06.38:942][  0]LogInit: Version: 4.9.2-2707645+++depot+UE4-Releases+4.9
[2016.01.09-08.06.38:942][  0]LogInit: API Version: 2672455
[2016.01.09-08.06.38:942][  0]LogInit: Compiled (64-bit): Sep 28 2015 10:25:44
[2016.01.09-08.06.38:942][  0]LogInit: Compiled with Visual C++: 18.00.21005.01
[2016.01.09-08.06.38:942][  0]LogInit: Build Configuration: Development
[2016.01.09-08.06.38:942][  0]LogInit: Branch Name: ++depot+UE4-Releases+4.9
[2016.01.09-08.06.38:942][  0]LogInit: Command line:  
[2016.01.09-08.06.38:942][  0]LogInit: Base directory: D:/program/ue4/Epic Games/4.9/Engine/Binaries/Win64/
[2016.01.09-08.06.38:942][  0]LogInit: Rocket: 1
[2016.01.09-08.06.38:947][  0]LogInit: Using libcurl 7.41.0
[2016.01.09-08.06.38:947][  0]LogInit:  - built for x86_64-pc-win32
[2016.01.09-08.06.38:947][  0]LogInit:  - supports SSL with WinSSL
[2016.01.09-08.06.38:947][  0]LogInit:  - other features:
[2016.01.09-08.06.38:947][  0]LogInit:      CURL_VERSION_SSL
[2016.01.09-08.06.38:947][  0]LogInit:      CURL_VERSION_IPV6
[2016.01.09-08.06.38:947][  0]LogInit:      CURL_VERSION_ASYNCHDNS
[2016.01.09-08.06.38:947][  0]LogInit:      CURL_VERSION_LARGEFILE
[2016.01.09-08.06.38:947][  0]LogInit:      CURL_VERSION_IDN
[2016.01.09-08.06.38:947][  0]LogInit:  CurlRequestOptions (configurable via config and command line):
[2016.01.09-08.06.38:947][  0]LogInit:  - bVerifyPeer = true  - Libcurl will verify peer certificate
[2016.01.09-08.06.38:947][  0]LogInit:  - bUseHttpProxy = false  - Libcurl will NOT use HTTP proxy
[2016.01.09-08.06.38:947][  0]LogInit:  - bDontReuseConnections = false  - Libcurl will reuse connections
[2016.01.09-08.06.38:947][  0]LogInit:  - CertBundlePath = nullptr  - Libcurl will use whatever was configured at build time.
[2016.01.09-08.06.38:951][  0]LogInit: Presizing for 0 objects not considered by GC, pre-allocating 0 bytes.
[2016.01.09-08.06.38:956][  0]LogInit: Object subsystem initialized
[2016.01.09-08.06.38:957][  0]LogInit: Selected Device Profile: [Windows]
[2016.01.09-08.06.38:957][  0]LogInit: Applying CVar settings loaded from the selected device profile: [Windows]
[2016.01.09-08.06.38:983][  0]LogInit: Computer: ADMIN
[2016.01.09-08.06.38:983][  0]LogInit: User: user
[2016.01.09-08.06.38:983][  0]LogInit: CPU Page size=4096, Cores=4
[2016.01.09-08.06.38:983][  0]LogInit: High frequency timer resolution =3.515637 MHz
[2016.01.09-08.06.38:983][  0]LogMemory: Memory total: Physical=8.0GB (8GB approx)
[2016.01.09-08.06.38:983][  0]LogMemory: Platform Memory Stats for Windows
[2016.01.09-08.06.38:983][  0]LogMemory: Process Physical Memory: 51.89 MB used, 51.89 MB peak
[2016.01.09-08.06.38:983][  0]LogMemory: Process Virtual Memory: 54.90 MB used, 54.90 MB peak
[2016.01.09-08.06.38:983][  0]LogMemory: Physical Memory: 2353.78 MB used, 8141.13 MB total
[2016.01.09-08.06.38:983][  0]LogMemory: Virtual Memory: 343.25 MB used, 134217728.00 MB total
[2016.01.09-08.06.39:010][  0]LogTextLocalizationManager: No specific translations for ('en-GB') exist, so ('en') translations will be used.
[2016.01.09-08.06.39:592][  0]LogD3D11RHI: Found D3D11 adapter 0: NVIDIA GeForce GTX 750 Ti (Feature Level 11_0)
[2016.01.09-08.06.39:592][  0]LogD3D11RHI: Adapter has 1988MB of dedicated video memory, 0MB of dedicated system memory, and 2048MB of shared system memory, 1 output[s]
[2016.01.09-08.06.39:593][  0]LogD3D11RHI: Found D3D11 adapter 1: Microsoft Basic Render Driver (Feature Level 11_0)
[2016.01.09-08.06.39:593][  0]LogD3D11RHI: Adapter has 0MB of dedicated video memory, 0MB of dedicated system memory, and 256MB of shared system memory, 0 output[s]
[2016.01.09-08.06.39:593][  0]LogD3D11RHI: Chosen D3D11 Adapter Id = 0
[2016.01.09-08.06.39:596][  0]LogD3D11RHI: !Direct3DDevice
[2016.01.09-08.06.39:596][  0]LogRHI: Texture pool is 1361 MB (70% of 1945 MB)
[2016.01.09-08.06.39:603][  0]LogD3D11RHI: Async texture creation enabled
[2016.01.09-08.06.40:041][  0]LogShaderCompilers: Guid format shader working directory is 15 characters bigger than the processId version (../../../../../../../WORK/gamejam/Intermediate/Shaders/WorkingDirectory/4888/).
[2016.01.09-08.06.40:041][  0]LogShaderCompilers: Cleaned the shader compiler working directory '../../../../../../../WORK/gamejam/Intermediate/Shaders/tmp/CFF438C24EC1098443382585793F1DDB/'.
[2016.01.09-08.06.40:041][  0]LogShaderCompilers:Display: Using Local Shader Compiler.
[2016.01.09-08.06.42:023][  0]LogTemp:Display: Loaded TP AllDesktopTargetPlatform
[2016.01.09-08.06.42:027][  0]LogTemp:Display: Loaded TP WindowsClientTargetPlatform
[2016.01.09-08.06.42:030][  0]LogTemp:Display: Loaded TP WindowsNoEditorTargetPlatform
[2016.01.09-08.06.42:033][  0]LogTemp:Display: Loaded TP WindowsServerTargetPlatform
[2016.01.09-08.06.42:036][  0]LogTemp:Display: Loaded TP WindowsTargetPlatform
[2016.01.09-08.06.42:038][  0]LogTemp:Display: Loaded TP AndroidTargetPlatform
[2016.01.09-08.06.42:041][  0]LogTemp:Display: Loaded TP Android_ASTCTargetPlatform
[2016.01.09-08.06.42:043][  0]LogTemp:Display: Loaded TP Android_ATCTargetPlatform
[2016.01.09-08.06.42:045][  0]LogTemp:Display: Loaded TP Android_DXTTargetPlatform
[2016.01.09-08.06.42:048][  0]LogTemp:Display: Loaded TP Android_ETC1TargetPlatform
[2016.01.09-08.06.42:050][  0]LogTemp:Display: Loaded TP Android_ETC2TargetPlatform
[2016.01.09-08.06.42:052][  0]LogTemp:Display: Loaded TP Android_PVRTCTargetPlatform
[2016.01.09-08.06.42:053][  0]LogTemp:Display: Loaded TP HTML5TargetPlatform
[2016.01.09-08.06.42:068][  0]LogTemp:Display: Loaded TP IOSTargetPlatform
[2016.01.09-08.06.42:070][  0]LogTemp:Display: Loaded TP LinuxNoEditorTargetPlatform
[2016.01.09-08.06.42:073][  0]LogTemp:Display: Loaded TP LinuxServerTargetPlatform
[2016.01.09-08.06.42:076][  0]LogTemp:Display: Loaded TP LinuxTargetPlatform
[2016.01.09-08.06.42:076][  0]LogTargetPlatformManager:Display: Building Assets For Windows
[2016.01.09-08.06.42:124][  0]LogDerivedDataCache:Display: Max Cache Size: 512 MB
[2016.01.09-08.06.42:482][  0]LogDerivedDataCache: Loaded boot cache 0.36s 41MB C:/Users/user/AppData/Local/UnrealEngine/4.9/DerivedDataCache/Boot.ddc.
[2016.01.09-08.06.42:482][  0]LogDerivedDataCache:Display: Loaded Boot cache: C:/Users/user/AppData/Local/UnrealEngine/4.9/DerivedDataCache/Boot.ddc
[2016.01.09-08.06.42:483][  0]LogDerivedDataCache: FDerivedDataBackendGraph:  Pak pak cache file ../../../../../../../WORK/gamejam/DerivedDataCache/DDC.ddp not found, will not use a pak cache.
[2016.01.09-08.06.42:483][  0]LogDerivedDataCache: Unable to find inner node Pak for hierarchical cache Hierarchy.
[2016.01.09-08.06.42:483][  0]LogDerivedDataCache: FDerivedDataBackendGraph:  CompressedPak pak cache file ../../../../../../../WORK/gamejam/DerivedDataCache/Compressed.ddp not found, will not use a pak cache.
[2016.01.09-08.06.42:483][  0]LogDerivedDataCache: Unable to find inner node CompressedPak for hierarchical cache Hierarchy.
[2016.01.09-08.06.42:613][  0]LogDerivedDataCache:Display: Pak cache opened for reading ../../../Engine/DerivedDataCache/Compressed.ddp.
[2016.01.09-08.06.42:637][  0]LogDerivedDataCache: Using Local data cache path C:/Users/user/AppData/Local/UnrealEngine/Common/DerivedDataCache: Writable
[2016.01.09-08.06.49:506][  0]LogInit: Selected Device Profile: [Windows]
[2016.01.09-08.06.49:570][  0]LogContentStreaming: Texture pool size is 0.000000MB
[2016.01.09-08.06.51:374][  0]LogMeshUtilities: No automatic mesh reduction module available
[2016.01.09-08.06.51:374][  0]LogMeshUtilities: No automatic mesh merging module available
[2016.01.09-08.06.55:541][  0]LogInit: WinSock: version 1.1 (2.2), MaxSocks=32767, MaxUdp=65467
[2016.01.09-08.07.19:125][  0]UdpMessaging: Initializing bridge on interface 0.0.0.0:0 to multicast group 230.0.0.1:6666.
[2016.01.09-08.07.19:863][  0]LogAssetRegistry: FAssetRegistry took 0.0145 seconds to start up
[2016.01.09-08.07.24:071][  0]SourceControl: Info Source control is disabled
[2016.01.09-08.07.24:169][  0]SourceControl: Info Source control is disabled
[2016.01.09-08.07.24:213][  0]SourceControl: Info Source control is disabled
[2016.01.09-08.07.24:268][  0]SourceControl: Info Source control is disabled
[2016.01.09-08.07.25:052][  0]LogLinker:Warning: Asset '../../../Engine/Plugins/Runtime/LeapMotionController/Content/LM_PassthroughMaterial.uasset' has been saved with empty engine version. The asset will be loaded but may be incompatible.
[2016.01.09-08.07.25:446][  0]LogObj: 28361 objects as part of root set at end of initial load.
[2016.01.09-08.07.25:446][  0]LogUObjectAllocator: 6038872 out of 0 bytes used by permanent object pool.
[2016.01.09-08.07.26:693][  0]LogEngine: Initializing Engine...
[2016.01.09-08.07.26:726][  0]LogHMD: Can't find Oculus library dev build: is proper Runtime installed? Version: 0.7.0.0
[2016.01.09-08.07.27:153][  0]LogHMD: SteamVR failed to initialize.  Err: 108
[2016.01.09-08.07.28:335][  0]LogAIModule: Creating AISystem for world NewWorld
[2016.01.09-08.07.28:609][  0]LogInit: XAudio2 using 'Headphones (S)"%2i! R!7 r)sm %!d3et)' : 2 channels at 44.1 kHz using 16 bits per sample (channel mask 0x3)
[2016.01.09-08.07.28:981][  0]LogInit: FAudioDevice initialized.
[2016.01.09-08.07.29:098][  0]LogDerivedDataCache: Saved boot cache 0.12s 41MB C:/Users/user/AppData/Local/UnrealEngine/4.9/DerivedDataCache/Boot.ddc.
[2016.01.09-08.07.29:141][  0]LogInit: Texture streaming: Enabled
[2016.01.09-08.07.29:833][  0]LogAnalytics: Creating configured Analytics provider AnalyticsET
[2016.01.09-08.07.29:844][  0]LogAnalytics: [UEEditor.Rocket.Release] APIServer = http://et2.epicgames.com/ET2/. AppVersion = 4.9.2-2707645+++depot+UE4-Releases+4.9
[2016.01.09-08.07.29:844][  0]LogAnalytics: [UEEditor.Rocket.Release] SetUserId 063ef5e840611d3826e0a3a0a7689965|bdf101df1db24ab0b29feb25013572ab|508531e8-b6df-41a8-944b-227a8d127274
[2016.01.09-08.07.29:885][  0]LogAnalytics: [UEEditor.Rocket.Release] AnalyticsET::StartSession
[2016.01.09-08.07.30:809][  0]LogInit: Transaction tracking system initialized
[2016.01.09-08.07.33:657][  0]BlueprintLog: New page: Editor Load
[2016.01.09-08.07.38:714][  0]LocalizationService: Info Localization service is disabled
[2016.01.09-08.07.42:662][  0]LogConsoleResponse:Display: 
[2016.01.09-08.07.46:468][  0]LogFileCache: Scanning file cache for directory 'D:/WORK/gamejam/Content/' took 0.03s
[2016.01.09-08.07.46:468][  0]LogCook:Display: Done creating registry. It took  0.00s.
[2016.01.09-08.07.49:822][  0]SourceControl: Info Source control is disabled
[2016.01.09-08.07.49:924][  0]Cmd: MAP LOAD FILE="../../../../../../../WORK/gamejam/Content/Maps/MainMenu.umap" TEMPLATE=0 SHOWPROGRESS=1 FEATURELEVEL=3
[2016.01.09-08.07.49:992][  0]LightingResults: New page: Lighting Build
[2016.01.09-08.07.50:385][  0]MapCheck: New page: Map Check
[2016.01.09-08.07.50:386][  0]LightingResults: New page: Lighting Build
[2016.01.09-08.07.51:098][  0]LogParticles: Destroying 0 GPU particle simulations for FXSystem 0x0000001C27591DA0
[2016.01.09-08.07.54:904][  0]LogAIModule: Creating AISystem for world MainMenu
[2016.01.09-08.07.56:980][  0]LogEditorServer: Finished looking for orphan Actors (0.000 secs)
[2016.01.09-08.07.57:085][  0]Cmd: MAP CHECKDEP NOCLEARLOG
[2016.01.09-08.07.57:178][  0]MapCheck: Info Map check complete: 0 Error(s), 0 Warning(s), took 92.804ms to complete.
[2016.01.09-08.07.57:190][  0]LogFileHelpers: Loading map 'MainMenu' took 7.313
[2016.01.09-08.08.01:110][  0]LogCollectionManager: Loaded 0 collections in 0.002720 seconds
[2016.01.09-08.08.01:379][  0]LogFileCache: Scanning file cache for directory 'D:/WORK/gamejam/Saved/Collections/' took 0.01s
[2016.01.09-08.08.01:379][  0]LogFileCache: Scanning file cache for directory 'D:/WORK/gamejam/Content/Developers/user/Collections/' took 0.01s
[2016.01.09-08.08.01:379][  0]LogFileCache: Scanning file cache for directory 'D:/WORK/gamejam/Content/Collections/' took 0.01s
[2016.01.09-08.08.01:379][  0]LogContentBrowser: Native class hierarchy populated in 0.0342 seconds. Added 1868 classes and 335 folders.
[2016.01.09-08.08.01:753][  0]LogCollectionManager: Rebuilt the GUID cache for 0 collections in 0.000004 seconds
[2016.01.09-08.08.01:876][  0]LogContentBrowser: Native class hierarchy updated for 'WidgetCarousel' in 0.0006 seconds. Added 0 classes and 0 folders.
[2016.01.09-08.08.02:943][  0]LogContentBrowser: Native class hierarchy updated for 'AddContentDialog' in 0.0010 seconds. Added 0 classes and 0 folders.
[2016.01.09-08.08.03:000][  0]LogCrashTracker: Crashtracker disabled due to settings.
[2016.01.09-08.08.03:178][  0]LogUObjectGlobals:Warning: Failed to find object 'Class None.'
[2016.01.09-08.08.03:260][  0]LogLoad: Full Startup: 85.45 seconds (BP compile: 0.73 seconds)
[2016.01.09-08.08.04:350][  0]LogContentStreaming: Texture pool size now 400 MB
[2016.01.09-08.08.05:280][  0]LogRenderer: Reallocating scene render targets to support 860x632 (Frame:2).
[2016.01.09-08.08.06:127][  5]LogAssetRegistry: Asset discovery search completed in 46.2758 seconds
[2016.01.09-08.08.06:127][  5]LogCollectionManager: Rebuilt the object cache for 0 collections in 0.000001 seconds (found 0 objects)
[2016.01.09-08.08.06:127][  5]LogCollectionManager: Fixed up redirectors for 0 collections in 0.000014 seconds (updated 0 objects)
[2016.01.09-08.08.27:983][377]LogMaterial: Missing cached shader map for material stone, compiling. 
[2016.01.09-08.08.28:388][377]LogMaterial: Missing cached shader map for material stone, compiling. 
[2016.01.09-08.08.28:393][377]LogMaterial: 0.000056 seconds spent updating 1 materials, 1 interfaces, 0 instances, 0 with static permutations.
[2016.01.09-08.08.28:433][377]LogMaterial: Missing cached shader map for material FMatExpressionPreview MaterialExpressionConstant3Vector_0, compiling. 
[2016.01.09-08.08.29:964][431]MaterialEditorStats: Info Base pass shader with static lighting: 63 instructions
[2016.01.09-08.08.29:964][431]MaterialEditorStats: Info Base pass shader with only dynamic lighting: 31 instructions
[2016.01.09-08.08.29:964][431]MaterialEditorStats: Info Vertex shader: 31 instructions
[2016.01.09-08.08.29:964][431]MaterialEditorStats: Info Texture samplers: 2/16
[2016.01.09-08.08.32:208][654]LogMaterial: Missing cached shader map for material stone, compiling. 
[2016.01.09-08.08.32:213][654]LogMaterial: 0.000073 seconds spent updating 1 materials, 1 interfaces, 0 instances, 0 with static permutations.
[2016.01.09-08.08.32:881][708]MaterialEditorStats: Info Base pass shader with static lighting: 63 instructions
[2016.01.09-08.08.32:881][708]MaterialEditorStats: Info Base pass shader with only dynamic lighting: 31 instructions
[2016.01.09-08.08.32:881][708]MaterialEditorStats: Info Vertex shader: 31 instructions
[2016.01.09-08.08.32:881][708]MaterialEditorStats: Info Texture samplers: 2/16
[2016.01.09-08.08.33:136][734]LogMaterial: Missing cached shader map for material stone, compiling. 
[2016.01.09-08.08.33:141][734]LogMaterial: 0.000079 seconds spent updating 1 materials, 1 interfaces, 0 instances, 0 with static permutations.
[2016.01.09-08.08.33:796][787]MaterialEditorStats: Info Base pass shader with static lighting: 63 instructions
[2016.01.09-08.08.33:796][787]MaterialEditorStats: Info Base pass shader with only dynamic lighting: 31 instructions
[2016.01.09-08.08.33:796][787]MaterialEditorStats: Info Vertex shader: 31 instructions
[2016.01.09-08.08.33:796][787]MaterialEditorStats: Info Texture samplers: 2/16
[2016.01.09-08.08.44:937][714]LogMaterial: Missing cached shader map for material stone, compiling. 
[2016.01.09-08.08.44:942][714]LogMaterial: 0.000071 seconds spent updating 1 materials, 1 interfaces, 0 instances, 0 with static permutations.
[2016.01.09-08.08.44:943][714]LogMaterial: Missing cached shader map for material FMatExpressionPreview MaterialExpressionTextureSample_0, compiling. 
[2016.01.09-08.08.44:978][714]LogMaterial: Missing cached shader map for material FMatExpressionPreview MaterialExpressionTextureSample_0, compiling. 
[2016.01.09-08.08.44:992][714]LogMaterial: Missing cached shader map for material stone, compiling. 
[2016.01.09-08.08.44:998][714]LogMaterial: 0.000095 seconds spent updating 1 materials, 1 interfaces, 0 instances, 0 with static permutations.
[2016.01.09-08.08.44:999][714]LogMaterial: Missing cached shader map for material FMatExpressionPreview MaterialExpressionTextureSample_1, compiling. 
[2016.01.09-08.08.45:024][714]LogMaterial: Missing cached shader map for material FMatExpressionPreview MaterialExpressionTextureSample_0, compiling. 
[2016.01.09-08.08.45:027][714]LogMaterial: Missing cached shader map for material FMatExpressionPreview MaterialExpressionTextureSample_1, compiling. 
[2016.01.09-08.08.45:042][714]LogMaterial: Missing cached shader map for material stone, compiling. 
[2016.01.09-08.08.45:047][714]LogMaterial: 0.000080 seconds spent updating 1 materials, 1 interfaces, 0 instances, 0 with static permutations.
[2016.01.09-08.08.45:048][714]LogMaterial: Missing cached shader map for material FMatExpressionPreview MaterialExpressionTextureSample_2, compiling. 
[2016.01.09-08.08.45:075][714]LogMaterial: Missing cached shader map for material FMatExpressionPreview MaterialExpressionTextureSample_0, compiling. 
[2016.01.09-08.08.45:077][714]LogMaterial: Missing cached shader map for material FMatExpressionPreview MaterialExpressionTextureSample_1, compiling. 
[2016.01.09-08.08.45:080][714]LogMaterial: Missing cached shader map for material FMatExpressionPreview MaterialExpressionTextureSample_2, compiling. 
[2016.01.09-08.08.45:811][758]MaterialEditorStats: Info Base pass shader with static lighting: 63 instructions
[2016.01.09-08.08.45:811][758]MaterialEditorStats: Info Base pass shader with only dynamic lighting: 31 instructions
[2016.01.09-08.08.45:811][758]MaterialEditorStats: Info Vertex shader: 31 instructions
[2016.01.09-08.08.45:811][758]MaterialEditorStats: Info Texture samplers: 2/16
[2016.01.09-08.08.50:603][251]LogMaterial: Missing cached shader map for material stone, compiling. 
[2016.01.09-08.08.50:608][251]LogMaterial: 0.000057 seconds spent updating 1 materials, 1 interfaces, 0 instances, 0 with static permutations.
[2016.01.09-08.08.50:654][251]LogMaterial: Missing cached shader map for material FMatExpressionPreview MaterialExpressionTextureSample_0, compiling. 
[2016.01.09-08.08.51:336][299]MaterialEditorStats: Info Base pass shader with static lighting: 64 instructions
[2016.01.09-08.08.51:336][299]MaterialEditorStats: Info Base pass shader with only dynamic lighting: 32 instructions
[2016.01.09-08.08.51:336][299]MaterialEditorStats: Info Vertex shader: 33 instructions
[2016.01.09-08.08.51:336][299]MaterialEditorStats: Info Texture samplers: 3/16
[2016.01.09-08.08.54:901][700]LogMaterial: Missing cached shader map for material stone, compiling. 
[2016.01.09-08.08.54:906][700]LogMaterial: 0.000129 seconds spent updating 1 materials, 1 interfaces, 0 instances, 0 with static permutations.
[2016.01.09-08.08.54:947][700]LogMaterial: Missing cached shader map for material FMatExpressionPreview MaterialExpressionTextureSample_1, compiling. 
[2016.01.09-08.08.55:609][747]MaterialEditorStats: Info Base pass shader with static lighting: 79 instructions
[2016.01.09-08.08.55:609][747]MaterialEditorStats: Info Base pass shader with only dynamic lighting: 47 instructions
[2016.01.09-08.08.55:609][747]MaterialEditorStats: Info Vertex shader: 33 instructions
[2016.01.09-08.08.55:609][747]MaterialEditorStats: Info Texture samplers: 4/16
[2016.01.09-08.08.58:099][ 24]LogMaterial: Missing cached shader map for material stone, compiling. 
[2016.01.09-08.08.58:104][ 24]LogMaterial: 0.000039 seconds spent updating 1 materials, 1 interfaces, 0 instances, 0 with static permutations.
[2016.01.09-08.08.58:132][ 24]LogMaterial: Missing cached shader map for material FMatExpressionPreview MaterialExpressionTextureSample_2, compiling. 
[2016.01.09-08.08.58:832][ 75]MaterialEditorStats: Info Base pass shader with static lighting: 82 instructions
[2016.01.09-08.08.58:832][ 75]MaterialEditorStats: Info Base pass shader with only dynamic lighting: 50 instructions
[2016.01.09-08.08.58:832][ 75]MaterialEditorStats: Info Vertex shader: 33 instructions
[2016.01.09-08.08.58:832][ 75]MaterialEditorStats: Info Texture samplers: 5/16
[2016.01.09-08.09.05:154][698]LogMaterial: Missing cached shader map for material stone, compiling. 
[2016.01.09-08.09.05:159][698]LogMaterial: 0.000099 seconds spent updating 1 materials, 1 interfaces, 0 instances, 0 with static permutations.
[2016.01.09-08.09.05:891][750]MaterialEditorStats: Info Base pass shader with static lighting: 79 instructions
[2016.01.09-08.09.05:891][750]MaterialEditorStats: Info Base pass shader with only dynamic lighting: 47 instructions
[2016.01.09-08.09.05:891][750]MaterialEditorStats: Info Vertex shader: 33 instructions
[2016.01.09-08.09.05:891][750]MaterialEditorStats: Info Texture samplers: 4/16
[2016.01.09-08.09.07:287][909]LogMaterial: Missing cached shader map for material stone, compiling. 
[2016.01.09-08.09.07:292][909]LogMaterial: 0.000074 seconds spent updating 1 materials, 1 interfaces, 0 instances, 0 with static permutations.
[2016.01.09-08.09.07:316][909]LogMaterial: Missing cached shader map for material FMatExpressionPreview MaterialExpressionTextureSample_2, compiling. 
[2016.01.09-08.09.08:010][958]MaterialEditorStats: Info Base pass shader with static lighting: 82 instructions
[2016.01.09-08.09.08:010][958]MaterialEditorStats: Info Base pass shader with only dynamic lighting: 50 instructions
[2016.01.09-08.09.08:010][958]MaterialEditorStats: Info Vertex shader: 33 instructions
[2016.01.09-08.09.08:010][958]MaterialEditorStats: Info Texture samplers: 5/16
[2016.01.09-08.09.09:758][153]LogMaterial: Missing cached shader map for material stone, compiling. 
[2016.01.09-08.09.09:764][153]LogMaterial: 0.000121 seconds spent updating 1 materials, 1 interfaces, 0 instances, 0 with static permutations.
[2016.01.09-08.09.09:794][153]LogMaterial: Missing cached shader map for material FMatExpressionPreview MaterialExpressionTextureSample_2, compiling. 
[2016.01.09-08.09.10:510][206]MaterialEditorStats: Info Base pass shader with static lighting: 86 instructions
[2016.01.09-08.09.10:510][206]MaterialEditorStats: Info Base pass shader with only dynamic lighting: 54 instructions
[2016.01.09-08.09.10:510][206]MaterialEditorStats: Info Vertex shader: 33 instructions
[2016.01.09-08.09.10:510][206]MaterialEditorStats: Info Texture samplers: 5/16
[2016.01.09-08.09.12:863][451]LogMaterial: Missing cached shader map for material stone, compiling. 
[2016.01.09-08.09.12:868][451]LogMaterial: 0.000098 seconds spent updating 1 materials, 1 interfaces, 0 instances, 0 with static permutations.
[2016.01.09-08.09.13:599][505]MaterialEditorStats: Info Base pass shader with static lighting: 79 instructions
[2016.01.09-08.09.13:599][505]MaterialEditorStats: Info Base pass shader with only dynamic lighting: 47 instructions
[2016.01.09-08.09.13:599][505]MaterialEditorStats: Info Vertex shader: 33 instructions
[2016.01.09-08.09.13:599][505]MaterialEditorStats: Info Texture samplers: 4/16
[2016.01.09-08.09.15:316][699]LogMaterial: Missing cached shader map for material stone, compiling. 
[2016.01.09-08.09.15:321][699]LogMaterial: 0.000033 seconds spent updating 1 materials, 1 interfaces, 0 instances, 0 with static permutations.
[2016.01.09-08.09.15:350][699]LogMaterial: Missing cached shader map for material FMatExpressionPreview MaterialExpressionTextureSample_2, compiling. 
[2016.01.09-08.09.16:122][756]MaterialEditorStats: Info Base pass shader with static lighting: 82 instructions
[2016.01.09-08.09.16:122][756]MaterialEditorStats: Info Base pass shader with only dynamic lighting: 50 instructions
[2016.01.09-08.09.16:122][756]MaterialEditorStats: Info Vertex shader: 33 instructions
[2016.01.09-08.09.16:122][756]MaterialEditorStats: Info Texture samplers: 5/16
[2016.01.09-08.09.22:348][337]LogMaterial: Missing cached shader map for material stone, compiling. 
[2016.01.09-08.09.22:353][337]LogMaterial: 0.000087 seconds spent updating 1 materials, 1 interfaces, 0 instances, 0 with static permutations.
[2016.01.09-08.09.23:049][392]MaterialEditorStats: Info Base pass shader with static lighting: 79 instructions
[2016.01.09-08.09.23:049][392]MaterialEditorStats: Info Base pass shader with only dynamic lighting: 47 instructions
[2016.01.09-08.09.23:049][392]MaterialEditorStats: Info Vertex shader: 33 instructions
[2016.01.09-08.09.23:049][392]MaterialEditorStats: Info Texture samplers: 4/16
[2016.01.09-08.09.24:251][530]LogMaterial: Missing cached shader map for material stone, compiling. 
[2016.01.09-08.09.24:256][530]LogMaterial: 0.000069 seconds spent updating 1 materials, 1 interfaces, 0 instances, 0 with static permutations.
[2016.01.09-08.09.24:284][530]LogMaterial: Missing cached shader map for material FMatExpressionPreview MaterialExpressionTextureSample_2, compiling. 
[2016.01.09-08.09.24:984][580]MaterialEditorStats: Info Base pass shader with static lighting: 82 instructions
[2016.01.09-08.09.24:984][580]MaterialEditorStats: Info Base pass shader with only dynamic lighting: 50 instructions
[2016.01.09-08.09.24:984][580]MaterialEditorStats: Info Vertex shader: 33 instructions
[2016.01.09-08.09.24:984][580]MaterialEditorStats: Info Texture samplers: 5/16
[2016.01.09-08.09.27:219][786]LogMaterialEditor: Applying material stone
[2016.01.09-08.09.27:734][786]LogMaterial: Missing cached shader map for material stone, compiling. 
[2016.01.09-08.09.27:752][786]LogMaterial: 0.000075 seconds spent updating 1 materials, 1 interfaces, 0 instances, 0 with static permutations.
[2016.01.09-08.09.27:811][786]LogMaterial: Missing cached shader map for material stone, compiling. 
[2016.01.09-08.09.27:844][786]LogMaterial: Missing cached shader map for material stone, compiling. 
[2016.01.09-08.09.27:856][786]LogMaterial: 0.001298 seconds spent updating 1 materials, 1 interfaces, 0 instances, 0 with static permutations.
[2016.01.09-08.09.29:926][966]MaterialEditorStats: Info Base pass shader with static lighting: 103 instructions
[2016.01.09-08.09.29:926][966]MaterialEditorStats: Info Base pass shader with only dynamic lighting: 71 instructions
[2016.01.09-08.09.29:926][966]MaterialEditorStats: Info Vertex shader: 33 instructions
[2016.01.09-08.09.29:926][966]MaterialEditorStats: Info Texture samplers: 6/16
[2016.01.09-08.10.02:975][354]LogMaterial: Missing cached shader map for material PreviewMaterial_0, compiling. 
[2016.01.09-08.10.03:029][354]LogMaterial: Missing cached shader map for material PreviewMaterial_0, compiling. 
[2016.01.09-08.10.03:034][354]LogMaterial: 0.000049 seconds spent updating 1 materials, 1 interfaces, 0 instances, 0 with static permutations.
[2016.01.09-08.10.03:062][354]LogMaterial: Missing cached shader map for material FMatExpressionPreview MaterialExpressionTextureSample_0, compiling. 
[2016.01.09-08.10.03:066][354]LogMaterial: Missing cached shader map for material FMatExpressionPreview MaterialExpressionTextureSample_2, compiling. 
[2016.01.09-08.10.03:069][354]LogMaterial: Missing cached shader map for material FMatExpressionPreview MaterialExpressionTextureSample_1, compiling. 
[2016.01.09-08.10.04:045][418]MaterialEditorStats: Info Base pass shader with static lighting: 82 instructions
[2016.01.09-08.10.04:045][418]MaterialEditorStats: Info Base pass shader with only dynamic lighting: 50 instructions
[2016.01.09-08.10.04:045][418]MaterialEditorStats: Info Vertex shader: 33 instructions
[2016.01.09-08.10.04:045][418]MaterialEditorStats: Info Texture samplers: 5/16
[2016.01.09-08.11.33:971][855]LogMaterial: Missing cached shader map for material PreviewMaterial_0, compiling. 
[2016.01.09-08.11.33:976][855]LogMaterial: 0.000084 seconds spent updating 1 materials, 1 interfaces, 0 instances, 0 with static permutations.
[2016.01.09-08.11.35:021][926]MaterialEditorStats: Info Base pass shader with static lighting: 82 instructions
[2016.01.09-08.11.35:021][926]MaterialEditorStats: Info Base pass shader with only dynamic lighting: 50 instructions
[2016.01.09-08.11.35:021][926]MaterialEditorStats: Info Vertex shader: 33 instructions
[2016.01.09-08.11.35:021][926]MaterialEditorStats: Info Texture samplers: 5/16
[2016.01.09-08.11.40:533][502]LogMaterial: Missing cached shader map for material PreviewMaterial_0, compiling. 
[2016.01.09-08.11.40:538][502]LogMaterial: 0.000121 seconds spent updating 1 materials, 1 interfaces, 0 instances, 0 with static permutations.
[2016.01.09-08.11.40:564][502]LogMaterial: Missing cached shader map for material FMatExpressionPreview MaterialExpressionTextureSample_0, compiling. 
[2016.01.09-08.11.41:271][548]MaterialEditorStats: Info Base pass shader with static lighting: 82 instructions
[2016.01.09-08.11.41:271][548]MaterialEditorStats: Info Base pass shader with only dynamic lighting: 50 instructions
[2016.01.09-08.11.41:271][548]MaterialEditorStats: Info Vertex shader: 33 instructions
[2016.01.09-08.11.41:271][548]MaterialEditorStats: Info Texture samplers: 5/16
[2016.01.09-08.12.15:210][236]LogMaterial: Missing cached shader map for material PreviewMaterial_0, compiling. 
[2016.01.09-08.12.15:231][236]LogMaterial: 0.000125 seconds spent updating 1 materials, 1 interfaces, 0 instances, 0 with static permutations.
[2016.01.09-08.12.16:274][317]MaterialEditorStats: Info Base pass shader with static lighting: 82 instructions
[2016.01.09-08.12.16:274][317]MaterialEditorStats: Info Base pass shader with only dynamic lighting: 50 instructions
[2016.01.09-08.12.16:274][317]MaterialEditorStats: Info Vertex shader: 33 instructions
[2016.01.09-08.12.16:274][317]MaterialEditorStats: Info Texture samplers: 5/16
[2016.01.09-08.12.20:744][826]LogMaterial: Missing cached shader map for material PreviewMaterial_0, compiling. 
[2016.01.09-08.12.20:748][826]LogMaterial: 0.000115 seconds spent updating 1 materials, 1 interfaces, 0 instances, 0 with static permutations.
[2016.01.09-08.12.21:452][870]MaterialEditorStats: Info Base pass shader with static lighting: 82 instructions
[2016.01.09-08.12.21:452][870]MaterialEditorStats: Info Base pass shader with only dynamic lighting: 50 instructions
[2016.01.09-08.12.21:452][870]MaterialEditorStats: Info Vertex shader: 33 instructions
[2016.01.09-08.12.21:452][870]MaterialEditorStats: Info Texture samplers: 5/16
[2016.01.09-08.12.22:943][ 35]LogMaterial: Missing cached shader map for material PreviewMaterial_0, compiling. 
[2016.01.09-08.12.22:948][ 35]LogMaterial: 0.000086 seconds spent updating 1 materials, 1 interfaces, 0 instances, 0 with static permutations.
[2016.01.09-08.12.22:976][ 35]LogMaterial: Missing cached shader map for material FMatExpressionPreview MaterialExpressionTextureSample_1, compiling. 
[2016.01.09-08.12.23:655][ 79]MaterialEditorStats: Info Base pass shader with static lighting: 82 instructions
[2016.01.09-08.12.23:655][ 79]MaterialEditorStats: Info Base pass shader with only dynamic lighting: 50 instructions
[2016.01.09-08.12.23:655][ 79]MaterialEditorStats: Info Vertex shader: 33 instructions
[2016.01.09-08.12.23:655][ 79]MaterialEditorStats: Info Texture samplers: 5/16
[2016.01.09-08.12.25:675][302]LogMaterial: Missing cached shader map for material PreviewMaterial_0, compiling. 
[2016.01.09-08.12.25:680][302]LogMaterial: 0.000096 seconds spent updating 1 materials, 1 interfaces, 0 instances, 0 with static permutations.
[2016.01.09-08.12.25:704][302]LogMaterial: Missing cached shader map for material FMatExpressionPreview MaterialExpressionTextureSample_2, compiling. 
[2016.01.09-08.12.26:414][346]MaterialEditorStats: Info Base pass shader with static lighting: 82 instructions
[2016.01.09-08.12.26:414][346]MaterialEditorStats: Info Base pass shader with only dynamic lighting: 50 instructions
[2016.01.09-08.12.26:414][346]MaterialEditorStats: Info Vertex shader: 33 instructions
[2016.01.09-08.12.26:414][346]MaterialEditorStats: Info Texture samplers: 5/16
[2016.01.09-08.12.43:001][ 94]LogMaterial: Missing cached shader map for material FMatExpressionPreview MaterialExpressionTextureCoordinate_2, compiling. 
[2016.01.09-08.12.52:509][962]LogMaterial: Missing cached shader map for material PreviewMaterial_0, compiling. 
[2016.01.09-08.12.52:514][962]LogMaterial: 0.000044 seconds spent updating 1 materials, 1 interfaces, 0 instances, 0 with static permutations.
[2016.01.09-08.12.52:543][962]LogMaterial: Missing cached shader map for material FMatExpressionPreview MaterialExpressionTextureCoordinate_2, compiling. 
[2016.01.09-08.12.53:102][  0]LogMaterial: Missing cached shader map for material PreviewMaterial_0, compiling. 
[2016.01.09-08.12.53:108][  0]LogMaterial: 0.000024 seconds spent updating 1 materials, 1 interfaces, 0 instances, 0 with static permutations.
[2016.01.09-08.12.53:134][  0]LogMaterial: Missing cached shader map for material FMatExpressionPreview MaterialExpressionTextureCoordinate_2, compiling. 
[2016.01.09-08.12.53:933][ 53]MaterialEditorStats: Info Base pass shader with static lighting: 83 instructions
[2016.01.09-08.12.53:933][ 53]MaterialEditorStats: Info Base pass shader with only dynamic lighting: 51 instructions
[2016.01.09-08.12.53:933][ 53]MaterialEditorStats: Info Vertex shader: 33 instructions
[2016.01.09-08.12.53:933][ 53]MaterialEditorStats: Info Texture samplers: 5/16
[2016.01.09-08.12.58:742][465]LogMaterial: Missing cached shader map for material PreviewMaterial_0, compiling. 
[2016.01.09-08.12.58:747][465]LogMaterial: 0.000076 seconds spent updating 1 materials, 1 interfaces, 0 instances, 0 with static permutations.
[2016.01.09-08.12.58:772][465]LogMaterial: Missing cached shader map for material FMatExpressionPreview MaterialExpressionTextureCoordinate_2, compiling. 
[2016.01.09-08.12.59:210][494]LogMaterial: Missing cached shader map for material PreviewMaterial_0, compiling. 
[2016.01.09-08.12.59:215][494]LogMaterial: 0.000022 seconds spent updating 1 materials, 1 interfaces, 0 instances, 0 with static permutations.
[2016.01.09-08.12.59:238][494]LogMaterial: Missing cached shader map for material FMatExpressionPreview MaterialExpressionTextureCoordinate_2, compiling. 
[2016.01.09-08.13.00:094][548]MaterialEditorStats: Info Base pass shader with static lighting: 82 instructions
[2016.01.09-08.13.00:094][548]MaterialEditorStats: Info Base pass shader with only dynamic lighting: 50 instructions
[2016.01.09-08.13.00:094][548]MaterialEditorStats: Info Vertex shader: 33 instructions
[2016.01.09-08.13.00:094][548]MaterialEditorStats: Info Texture samplers: 5/16
[2016.01.09-08.13.04:486][928]LogMaterial: Missing cached shader map for material PreviewMaterial_0, compiling. 
[2016.01.09-08.13.04:491][928]LogMaterial: 0.000068 seconds spent updating 1 materials, 1 interfaces, 0 instances, 0 with static permutations.
[2016.01.09-08.13.04:517][928]LogMaterial: Missing cached shader map for material FMatExpressionPreview MaterialExpressionTextureCoordinate_2, compiling. 
[2016.01.09-08.13.04:979][957]LogMaterial: Missing cached shader map for material PreviewMaterial_0, compiling. 
[2016.01.09-08.13.04:987][957]LogMaterial: 0.000029 seconds spent updating 1 materials, 1 interfaces, 0 instances, 0 with static permutations.
[2016.01.09-08.13.05:011][957]LogMaterial: Missing cached shader map for material FMatExpressionPreview MaterialExpressionTextureCoordinate_2, compiling. 
[2016.01.09-08.13.05:791][  7]MaterialEditorStats: Info Base pass shader with static lighting: 83 instructions
[2016.01.09-08.13.05:791][  7]MaterialEditorStats: Info Base pass shader with only dynamic lighting: 51 instructions
[2016.01.09-08.13.05:791][  7]MaterialEditorStats: Info Vertex shader: 33 instructions
[2016.01.09-08.13.05:791][  7]MaterialEditorStats: Info Texture samplers: 5/16
[2016.01.09-08.13.08:482][239]LogMaterial: Missing cached shader map for material PreviewMaterial_0, compiling. 
[2016.01.09-08.13.08:487][239]LogMaterial: 0.000045 seconds spent updating 1 materials, 1 interfaces, 0 instances, 0 with static permutations.
[2016.01.09-08.13.08:511][239]LogMaterial: Missing cached shader map for material FMatExpressionPreview MaterialExpressionTextureCoordinate_2, compiling. 
[2016.01.09-08.13.09:219][286]MaterialEditorStats: Info Base pass shader with static lighting: 83 instructions
[2016.01.09-08.13.09:219][286]MaterialEditorStats: Info Base pass shader with only dynamic lighting: 51 instructions
[2016.01.09-08.13.09:219][286]MaterialEditorStats: Info Vertex shader: 33 instructions
[2016.01.09-08.13.09:219][286]MaterialEditorStats: Info Texture samplers: 5/16
[2016.01.09-08.13.10:414][391]LogMaterial: Missing cached shader map for material PreviewMaterial_0, compiling. 
[2016.01.09-08.13.10:419][391]LogMaterial: 0.000052 seconds spent updating 1 materials, 1 interfaces, 0 instances, 0 with static permutations.
[2016.01.09-08.13.10:447][391]LogMaterial: Missing cached shader map for material FMatExpressionPreview MaterialExpressionTextureCoordinate_2, compiling. 
[2016.01.09-08.13.11:129][462]MaterialEditorStats: Info Base pass shader with static lighting: 82 instructions
[2016.01.09-08.13.11:129][462]MaterialEditorStats: Info Base pass shader with only dynamic lighting: 50 instructions
[2016.01.09-08.13.11:129][462]MaterialEditorStats: Info Vertex shader: 33 instructions
[2016.01.09-08.13.11:129][462]MaterialEditorStats: Info Texture samplers: 5/16
[2016.01.09-08.13.12:083][547]LogMaterial: Missing cached shader map for material PreviewMaterial_0, compiling. 
[2016.01.09-08.13.12:088][547]LogMaterial: 0.000046 seconds spent updating 1 materials, 1 interfaces, 0 instances, 0 with static permutations.
[2016.01.09-08.13.12:116][547]LogMaterial: Missing cached shader map for material FMatExpressionPreview MaterialExpressionTextureCoordinate_2, compiling. 
[2016.01.09-08.13.12:836][595]MaterialEditorStats: Info Base pass shader with static lighting: 82 instructions
[2016.01.09-08.13.12:836][595]MaterialEditorStats: Info Base pass shader with only dynamic lighting: 50 instructions
[2016.01.09-08.13.12:836][595]MaterialEditorStats: Info Vertex shader: 32 instructions
[2016.01.09-08.13.12:836][595]MaterialEditorStats: Info Texture samplers: 5/16
[2016.01.09-08.13.19:664][218]LogMaterial: Missing cached shader map for material PreviewMaterial_0, compiling. 
[2016.01.09-08.13.19:669][218]LogMaterial: 0.000075 seconds spent updating 1 materials, 1 interfaces, 0 instances, 0 with static permutations.
[2016.01.09-08.13.19:693][218]LogMaterial: Missing cached shader map for material FMatExpressionPreview MaterialExpressionTextureCoordinate_2, compiling. 
[2016.01.09-08.13.20:400][264]MaterialEditorStats: Info Base pass shader with static lighting: 82 instructions
[2016.01.09-08.13.20:400][264]MaterialEditorStats: Info Base pass shader with only dynamic lighting: 50 instructions
[2016.01.09-08.13.20:400][264]MaterialEditorStats: Info Vertex shader: 34 instructions
[2016.01.09-08.13.20:400][264]MaterialEditorStats: Info Texture samplers: 5/16
[2016.01.09-08.13.23:656][547]LogMaterial: Missing cached shader map for material PreviewMaterial_0, compiling. 
[2016.01.09-08.13.23:661][547]LogMaterial: 0.000063 seconds spent updating 1 materials, 1 interfaces, 0 instances, 0 with static permutations.
[2016.01.09-08.13.23:685][547]LogMaterial: Missing cached shader map for material FMatExpressionPreview MaterialExpressionTextureCoordinate_2, compiling. 
[2016.01.09-08.13.24:373][591]MaterialEditorStats: Info Base pass shader with static lighting: 82 instructions
[2016.01.09-08.13.24:373][591]MaterialEditorStats: Info Base pass shader with only dynamic lighting: 50 instructions
[2016.01.09-08.13.24:373][591]MaterialEditorStats: Info Vertex shader: 32 instructions
[2016.01.09-08.13.24:373][591]MaterialEditorStats: Info Texture samplers: 5/16
[2016.01.09-08.13.24:780][627]LogMaterialEditor: Applying material stone
[2016.01.09-08.13.25:321][627]LogMaterial: Missing cached shader map for material PreviewMaterial_0, compiling. 
[2016.01.09-08.13.25:340][627]LogMaterial: 0.000118 seconds spent updating 1 materials, 1 interfaces, 0 instances, 0 with static permutations.
[2016.01.09-08.13.25:351][627]LogMaterial: Missing cached shader map for material stone, compiling. 
[2016.01.09-08.13.25:378][627]LogMaterial: Missing cached shader map for material stone, compiling. 
[2016.01.09-08.13.25:389][627]LogMaterial: 0.001522 seconds spent updating 1 materials, 1 interfaces, 0 instances, 0 with static permutations.
[2016.01.09-08.13.27:553][796]MaterialEditorStats: Info Base pass shader with static lighting: 103 instructions
[2016.01.09-08.13.27:553][796]MaterialEditorStats: Info Base pass shader with only dynamic lighting: 71 instructions
[2016.01.09-08.13.27:553][796]MaterialEditorStats: Info Vertex shader: 32 instructions
[2016.01.09-08.13.27:553][796]MaterialEditorStats: Info Texture samplers: 6/16
[2016.01.09-08.13.36:990][867]LogEditorViewport: Clicking on Actor (LMB): StaticMeshActor (Cube67)
[2016.01.09-08.13.54:173][576]LogMaterial: Missing cached shader map for material PreviewMaterial_0, compiling. 
[2016.01.09-08.13.54:178][576]LogMaterial: 0.000080 seconds spent updating 1 materials, 1 interfaces, 0 instances, 0 with static permutations.
[2016.01.09-08.13.54:202][576]LogMaterial: Missing cached shader map for material FMatExpressionPreview MaterialExpressionTextureCoordinate_2, compiling. 
[2016.01.09-08.13.55:179][645]MaterialEditorStats: Info Base pass shader with static lighting: 82 instructions
[2016.01.09-08.13.55:179][645]MaterialEditorStats: Info Base pass shader with only dynamic lighting: 50 instructions
[2016.01.09-08.13.55:179][645]MaterialEditorStats: Info Vertex shader: 33 instructions
[2016.01.09-08.13.55:179][645]MaterialEditorStats: Info Texture samplers: 5/16
[2016.01.09-08.14.02:166][258]LogMaterial: Missing cached shader map for material PreviewMaterial_0, compiling. 
[2016.01.09-08.14.02:170][258]LogMaterial: 0.000051 seconds spent updating 1 materials, 1 interfaces, 0 instances, 0 with static permutations.
[2016.01.09-08.14.02:194][258]LogMaterial: Missing cached shader map for material FMatExpressionPreview MaterialExpressionTextureCoordinate_2, compiling. 
[2016.01.09-08.14.02:915][307]MaterialEditorStats: Info Base pass shader with static lighting: 83 instructions
[2016.01.09-08.14.02:915][307]MaterialEditorStats: Info Base pass shader with only dynamic lighting: 51 instructions
[2016.01.09-08.14.02:915][307]MaterialEditorStats: Info Vertex shader: 33 instructions
[2016.01.09-08.14.02:915][307]MaterialEditorStats: Info Texture samplers: 5/16
[2016.01.09-08.14.04:187][419]LogMaterial: Missing cached shader map for material PreviewMaterial_0, compiling. 
[2016.01.09-08.14.04:192][419]LogMaterial: 0.000094 seconds spent updating 1 materials, 1 interfaces, 0 instances, 0 with static permutations.
[2016.01.09-08.14.04:221][419]LogMaterial: Missing cached shader map for material FMatExpressionPreview MaterialExpressionTextureCoordinate_2, compiling. 
[2016.01.09-08.14.04:909][465]MaterialEditorStats: Info Base pass shader with static lighting: 83 instructions
[2016.01.09-08.14.04:909][465]MaterialEditorStats: Info Base pass shader with only dynamic lighting: 51 instructions
[2016.01.09-08.14.04:909][465]MaterialEditorStats: Info Vertex shader: 33 instructions
[2016.01.09-08.14.04:909][465]MaterialEditorStats: Info Texture samplers: 5/16
[2016.01.09-08.14.06:485][601]LogMaterialEditor: Applying material stone
[2016.01.09-08.14.06:957][601]LogMaterial: Missing cached shader map for material PreviewMaterial_0, compiling. 
[2016.01.09-08.14.06:975][601]LogMaterial: 0.000103 seconds spent updating 1 materials, 1 interfaces, 0 instances, 0 with static permutations.
[2016.01.09-08.14.06:998][601]LogMaterial: Missing cached shader map for material stone, compiling. 
[2016.01.09-08.14.07:035][601]LogMaterial: Missing cached shader map for material stone, compiling. 
[2016.01.09-08.14.07:047][601]LogMaterial: 0.001509 seconds spent updating 1 materials, 1 interfaces, 0 instances, 0 with static permutations.
[2016.01.09-08.14.09:136][762]MaterialEditorStats: Info Base pass shader with static lighting: 104 instructions
[2016.01.09-08.14.09:136][762]MaterialEditorStats: Info Base pass shader with only dynamic lighting: 72 instructions
[2016.01.09-08.14.09:136][762]MaterialEditorStats: Info Vertex shader: 33 instructions
[2016.01.09-08.14.09:136][762]MaterialEditorStats: Info Texture samplers: 6/16
[2016.01.09-08.14.18:605][848]LogEditorViewport: Clicking on Actor (LMB): StaticMeshActor (Cube69)
[2016.01.09-08.14.22:085][208]LogEditorViewport: Clicking on Actor (LMB): PointLight (PointLight)
[2016.01.09-08.14.46:731][836]LogMaterial: Missing cached shader map for material PreviewMaterial_0, compiling. 
[2016.01.09-08.14.46:736][836]LogMaterial: 0.000060 seconds spent updating 1 materials, 1 interfaces, 0 instances, 0 with static permutations.
[2016.01.09-08.14.46:763][836]LogMaterial: Missing cached shader map for material FMatExpressionPreview MaterialExpressionTextureCoordinate_2, compiling. 
[2016.01.09-08.14.47:847][904]LogMaterial: Missing cached shader map for material PreviewMaterial_0, compiling. 
[2016.01.09-08.14.47:853][904]LogMaterial: 0.000069 seconds spent updating 1 materials, 1 interfaces, 0 instances, 0 with static permutations.
[2016.01.09-08.14.47:881][904]LogMaterial: Missing cached shader map for material FMatExpressionPreview MaterialExpressionTextureCoordinate_2, compiling. 
[2016.01.09-08.14.48:641][950]MaterialEditorStats: Info Base pass shader with static lighting: 83 instructions
[2016.01.09-08.14.48:641][950]MaterialEditorStats: Info Base pass shader with only dynamic lighting: 51 instructions
[2016.01.09-08.14.48:641][950]MaterialEditorStats: Info Vertex shader: 33 instructions
[2016.01.09-08.14.48:641][950]MaterialEditorStats: Info Texture samplers: 5/16
[2016.01.09-08.14.50:431][ 93]LogMaterialEditor: Applying material stone
[2016.01.09-08.14.50:905][ 93]LogMaterial: Missing cached shader map for material PreviewMaterial_0, compiling. 
[2016.01.09-08.14.50:923][ 93]LogMaterial: 0.000076 seconds spent updating 1 materials, 1 interfaces, 0 instances, 0 with static permutations.
[2016.01.09-08.14.50:938][ 93]LogMaterial: Missing cached shader map for material stone, compiling. 
[2016.01.09-08.14.50:973][ 93]LogMaterial: Missing cached shader map for material stone, compiling. 
[2016.01.09-08.14.50:987][ 93]LogMaterial: 0.001588 seconds spent updating 1 materials, 1 interfaces, 0 instances, 0 with static permutations.
[2016.01.09-08.14.53:129][252]MaterialEditorStats: Info Base pass shader with static lighting: 104 instructions
[2016.01.09-08.14.53:129][252]MaterialEditorStats: Info Base pass shader with only dynamic lighting: 72 instructions
[2016.01.09-08.14.53:129][252]MaterialEditorStats: Info Vertex shader: 33 instructions
[2016.01.09-08.14.53:129][252]MaterialEditorStats: Info Texture samplers: 6/16
[2016.01.09-08.15.24:178][190]LogMaterial: Missing cached shader map for material PreviewMaterial_0, compiling. 
[2016.01.09-08.15.24:183][190]LogMaterial: 0.000059 seconds spent updating 1 materials, 1 interfaces, 0 instances, 0 with static permutations.
[2016.01.09-08.15.24:207][190]LogMaterial: Missing cached shader map for material FMatExpressionPreview MaterialExpressionTextureCoordinate_2, compiling. 
[2016.01.09-08.15.25:200][258]MaterialEditorStats: Info Base pass shader with static lighting: 83 instructions
[2016.01.09-08.15.25:200][258]MaterialEditorStats: Info Base pass shader with only dynamic lighting: 51 instructions
[2016.01.09-08.15.25:201][258]MaterialEditorStats: Info Vertex shader: 33 instructions
[2016.01.09-08.15.25:201][258]MaterialEditorStats: Info Texture samplers: 5/16
[2016.01.09-08.15.31:510][803]LogMaterialEditor: Applying material stone
[2016.01.09-08.15.31:981][803]LogMaterial: Missing cached shader map for material PreviewMaterial_0, compiling. 
[2016.01.09-08.15.31:999][803]LogMaterial: 0.000078 seconds spent updating 1 materials, 1 interfaces, 0 instances, 0 with static permutations.
[2016.01.09-08.15.32:016][803]LogMaterial: Missing cached shader map for material stone, compiling. 
[2016.01.09-08.15.32:052][803]LogMaterial: Missing cached shader map for material stone, compiling. 
[2016.01.09-08.15.32:062][803]LogMaterial: 0.001066 seconds spent updating 1 materials, 1 interfaces, 0 instances, 0 with static permutations.
[2016.01.09-08.15.34:198][969]MaterialEditorStats: Info Base pass shader with static lighting: 104 instructions
[2016.01.09-08.15.34:198][969]MaterialEditorStats: Info Base pass shader with only dynamic lighting: 72 instructions
[2016.01.09-08.15.34:198][969]MaterialEditorStats: Info Vertex shader: 33 instructions
[2016.01.09-08.15.34:198][969]MaterialEditorStats: Info Texture samplers: 6/16
[2016.01.09-08.15.42:202][815]LogMaterial: Missing cached shader map for material PreviewMaterial_0, compiling. 
[2016.01.09-08.15.42:206][815]LogMaterial: 0.000069 seconds spent updating 1 materials, 1 interfaces, 0 instances, 0 with static permutations.
[2016.01.09-08.15.42:234][815]LogMaterial: Missing cached shader map for material FMatExpressionPreview MaterialExpressionTextureCoordinate_2, compiling. 
[2016.01.09-08.15.42:922][859]MaterialEditorStats: Info Base pass shader with static lighting: 83 instructions
[2016.01.09-08.15.42:922][859]MaterialEditorStats: Info Base pass shader with only dynamic lighting: 51 instructions
[2016.01.09-08.15.42:922][859]MaterialEditorStats: Info Vertex shader: 33 instructions
[2016.01.09-08.15.42:922][859]MaterialEditorStats: Info Texture samplers: 5/16
[2016.01.09-08.15.49:263][458]LogMaterialEditor: Applying material stone
[2016.01.09-08.15.49:740][458]LogMaterial: Missing cached shader map for material PreviewMaterial_0, compiling. 
[2016.01.09-08.15.49:758][458]LogMaterial: 0.000100 seconds spent updating 1 materials, 1 interfaces, 0 instances, 0 with static permutations.
[2016.01.09-08.15.49:779][458]LogMaterial: Missing cached shader map for material stone, compiling. 
[2016.01.09-08.15.49:810][458]LogMaterial: Missing cached shader map for material stone, compiling. 
[2016.01.09-08.15.49:821][458]LogMaterial: 0.001485 seconds spent updating 1 materials, 1 interfaces, 0 instances, 0 with static permutations.
[2016.01.09-08.15.51:912][614]MaterialEditorStats: Info Base pass shader with static lighting: 104 instructions
[2016.01.09-08.15.51:912][614]MaterialEditorStats: Info Base pass shader with only dynamic lighting: 72 instructions
[2016.01.09-08.15.51:912][614]MaterialEditorStats: Info Vertex shader: 33 instructions
[2016.01.09-08.15.51:912][614]MaterialEditorStats: Info Texture samplers: 6/16
[2016.01.09-08.15.54:948][947]LogEditorViewport: Clicking Background
[2016.01.09-08.16.55:832][426]LogEditorViewport: Clicking on Actor (LMB): StaticMeshActor (Cube6)
[2016.01.09-08.17.01:713][844]Cmd: OBJ SAVEPACKAGE PACKAGE="/Game/Maps/MainMenu" FILE="../../../../../../../WORK/gamejam/Content/Maps/MainMenu.umap" SILENT=true AUTOSAVING=false KEEPDIRTY=false
[2016.01.09-08.17.01:768][844]LogParticles: Destroying 0 GPU particle simulations for FXSystem 0x0000001C15DB3100
[2016.01.09-08.17.02:205][844]LogSavePackage: Save=374.657562ms
[2016.01.09-08.17.02:206][844]LogSavePackage: Moving '../../../../../../../WORK/gamejam/Saved/MainMenu5649AAA842134F23BAE3FCB6B10C32A8.tmp' to '../../../../../../../WORK/gamejam/Content/Maps/MainMenu.umap'
[2016.01.09-08.17.02:210][844]LogSavePackage: Total save time: 430.218194ms
[2016.01.09-08.17.02:210][844]LogSavePackage:Warning: Finished SavePackage ../../../../../../../WORK/gamejam/Content/Maps/MainMenu.umap
[2016.01.09-08.17.05:545][960]Cmd: OBJ SAVEPACKAGE PACKAGE="/Game/material/stone" FILE="../../../../../../../WORK/gamejam/Content/material/stone.uasset" SILENT=true
[2016.01.09-08.17.05:593][960]LogSavePackage: Save=44.360950ms
[2016.01.09-08.17.05:593][960]LogSavePackage: Moving '../../../../../../../WORK/gamejam/Saved/stone166E39824DB76F043F11388D0EA8FCFB.tmp' to '../../../../../../../WORK/gamejam/Content/material/stone.uasset'
[2016.01.09-08.17.05:595][960]LogSavePackage: Total save time: 48.253275ms
[2016.01.09-08.17.05:595][960]LogSavePackage:Warning: Finished SavePackage ../../../../../../../WORK/gamejam/Content/material/stone.uasset
[2016.01.09-08.17.05:801][960]LogWindowsTextInputMethodSystem:Display: IME system now deactivated.
[2016.01.09-08.17.05:801][960]LogWindowsTextInputMethodSystem:Display: IME system now deactivated.
[2016.01.09-08.17.06:079][961]Cmd: QUIT_EDITOR
[2016.01.09-08.17.06:437][961]LogExit: Preparing to exit.
[2016.01.09-08.17.07:238][961]LogExit: Editor shut down
[2016.01.09-08.17.07:239][961]LogExit: Transaction tracking system shut down
[2016.01.09-08.17.07:527][961]LogParticles: Destroying 0 GPU particle simulations for FXSystem 0x0000001C1410CF40
[2016.01.09-08.17.07:528][961]LogParticles: Destroying 0 GPU particle simulations for FXSystem 0x0000001C31F91C60
[2016.01.09-08.17.07:528][961]LogParticles: Destroying 0 GPU particle simulations for FXSystem 0x0000001C339CB6A0
[2016.01.09-08.17.07:545][961]LogParticles: Destroying 0 GPU particle simulations for FXSystem 0x0000001C1521B7E0
[2016.01.09-08.17.08:407][961]LogExit: Object subsystem successfully closed.
[2016.01.09-08.17.08:914][961]LogD3D11RHI: Shutdown
[2016.01.09-08.17.08:914][961]LogD3D11RHI: CleanupD3DDevice
[2016.01.09-08.17.08:994][961]LogD3D11RHI: ~FD3D11DynamicRHI
[2016.01.09-08.17.09:310][961]LogModuleManager: Shutting down and abandoning module MaterialEditor (198)
[2016.01.09-08.17.09:310][961]LogModuleManager: Shutting down and abandoning module CrashTracker (197)
[2016.01.09-08.17.09:310][961]LogModuleManager: Shutting down and abandoning module SuperSearch (196)
[2016.01.09-08.17.09:310][961]LogModuleManager: Shutting down and abandoning module WidgetCarousel (195)
[2016.01.09-08.17.09:310][961]LogModuleManager: Shutting down and abandoning module AddContentDialog (194)
[2016.01.09-08.17.09:324][961]LogModuleManager: Shutting down and abandoning module EditorWidgets (193)
[2016.01.09-08.17.09:324][961]LogModuleManager: Shutting down and abandoning module CollectionManager (192)
[2016.01.09-08.17.09:324][961]LogModuleManager: Shutting down and abandoning module SceneOutliner (191)
[2016.01.09-08.17.09:339][961]LogModuleManager: Shutting down and abandoning module StatsViewer (190)
[2016.01.09-08.17.09:339][961]LogModuleManager: Shutting down and abandoning module FoliageEdit (189)
[2016.01.09-08.17.09:339][961]LogModuleManager: Shutting down and abandoning module LandscapeEditor (188)
[2016.01.09-08.17.09:368][961]LogModuleManager: Shutting down and abandoning module ActorPickerMode (187)
[2016.01.09-08.17.09:368][961]LogModuleManager: Shutting down and abandoning module GeometryMode (186)
[2016.01.09-08.17.09:368][961]LogModuleManager: Shutting down and abandoning module TextureAlignMode (185)
[2016.01.09-08.17.09:368][961]LogModuleManager: Shutting down and abandoning module BspMode (184)
[2016.01.09-08.17.09:368][961]LogModuleManager: Shutting down and abandoning module PlacementMode (183)
[2016.01.09-08.17.09:368][961]LogModuleManager: Shutting down and abandoning module AutomationWorker (182)
[2016.01.09-08.17.09:368][961]LogModuleManager: Shutting down and abandoning module CharacterAI (181)
[2016.01.09-08.17.09:369][961]LogModuleManager: Shutting down and abandoning module SmartSnapping (180)
[2016.01.09-08.17.09:369][961]LogModuleManager: Shutting down and abandoning module ViewportSnapping (179)
[2016.01.09-08.17.09:369][961]LogModuleManager: Shutting down and abandoning module LogVisualizer (178)
[2016.01.09-08.17.09:405][961]LogModuleManager: Shutting down and abandoning module GameProjectGeneration (177)
[2016.01.09-08.17.09:412][961]LogModuleManager: Shutting down and abandoning module IntroTutorials (176)
[2016.01.09-08.17.09:433][961]LogModuleManager: Shutting down and abandoning module EditorLiveStreaming (175)
[2016.01.09-08.17.09:433][961]LogModuleManager: Shutting down and abandoning module IOSPlatformEditor (174)
[2016.01.09-08.17.09:433][961]LogModuleManager: Shutting down and abandoning module HTML5PlatformEditor (173)
[2016.01.09-08.17.09:433][961]LogModuleManager: Shutting down and abandoning module AndroidDeviceDetection (172)
[2016.01.09-08.17.09:458][961]LogModuleManager: Shutting down and abandoning module AndroidPlatformEditor (171)
[2016.01.09-08.17.09:458][961]LogModuleManager: Shutting down and abandoning module IOSRuntimeSettings (170)
[2016.01.09-08.17.09:458][961]LogModuleManager: Shutting down and abandoning module AndroidRuntimeSettings (169)
[2016.01.09-08.17.09:458][961]LogModuleManager: Shutting down and abandoning module MergeActors (168)
[2016.01.09-08.17.09:472][961]LogModuleManager: Shutting down and abandoning module SizeMap (167)
[2016.01.09-08.17.09:472][961]LogModuleManager: Shutting down and abandoning module TreeMap (166)
[2016.01.09-08.17.09:472][961]LogModuleManager: Shutting down and abandoning module ReferenceViewer (165)
[2016.01.09-08.17.09:472][961]LogModuleManager: Shutting down and abandoning module LocalizationService (164)
[2016.01.09-08.17.09:472][961]LogModuleManager: Shutting down and abandoning module LocalizationDashboard (163)
[2016.01.09-08.17.09:528][961]LogModuleManager: Shutting down and abandoning module HardwareTargeting (162)
[2016.01.09-08.17.09:528][961]LogModuleManager: Shutting down and abandoning module DeviceProfileEditor (161)
[2016.01.09-08.17.09:528][961]LogModuleManager: Shutting down and abandoning module UndoHistory (160)
[2016.01.09-08.17.09:528][961]LogModuleManager: Shutting down and abandoning module GameplayTagsEditor (159)
[2016.01.09-08.17.09:528][961]LogModuleManager: Shutting down and abandoning module UserFeedback (158)
[2016.01.09-08.17.09:529][961]LogModuleManager: Shutting down and abandoning module XmlParser (157)
[2016.01.09-08.17.09:529][961]LogModuleManager: Shutting down and abandoning module Blutility (156)
[2016.01.09-08.17.09:529][961]LogModuleManager: Shutting down and abandoning module ProjectTargetPlatformEditor (155)
[2016.01.09-08.17.09:529][961]LogModuleManager: Shutting down and abandoning module ProjectSettingsViewer (154)
[2016.01.09-08.17.09:529][961]LogModuleManager: Shutting down and abandoning module InputBindingEditor (153)
[2016.01.09-08.17.09:529][961]LogModuleManager: Shutting down and abandoning module EditorSettingsViewer (152)
[2016.01.09-08.17.09:529][961]LogModuleManager: Shutting down and abandoning module SettingsEditor (151)
[2016.01.09-08.17.09:530][961]LogModuleManager: Shutting down and abandoning module ProjectLauncher (150)
[2016.01.09-08.17.09:530][961]LogModuleManager: Shutting down and abandoning module SessionFrontend (149)
[2016.01.09-08.17.09:530][961]LogModuleManager: Shutting down and abandoning module ProfilerClient (148)
[2016.01.09-08.17.09:584][961]LogModuleManager: Shutting down and abandoning module TargetDeviceServices (147)
[2016.01.09-08.17.09:584][961]LogModuleManager: Shutting down and abandoning module DeviceManager (146)
[2016.01.09-08.17.09:584][961]LogModuleManager: Shutting down and abandoning module AutomationController (145)
[2016.01.09-08.17.09:584][961]LogModuleManager: Shutting down and abandoning module AutomationWindow (144)
[2016.01.09-08.17.09:605][961]LogModuleManager: Shutting down and abandoning module Layers (143)
[2016.01.09-08.17.09:626][961]LogModuleManager: Shutting down and abandoning module ComponentVisualizers (142)
[2016.01.09-08.17.09:626][961]LogModuleManager: Shutting down and abandoning module DetailCustomizations (141)
[2016.01.09-08.17.09:626][961]LogModuleManager: Shutting down and abandoning module PackagesDialog (140)
[2016.01.09-08.17.09:627][961]LogModuleManager: Shutting down and abandoning module Persona (139)
[2016.01.09-08.17.09:658][961]LogModuleManager: Shutting down and abandoning module Kismet (138)
[2016.01.09-08.17.09:733][961]LogModuleManager: Shutting down and abandoning module GraphEditor (137)
[2016.01.09-08.17.09:733][961]LogModuleManager: Shutting down and abandoning module ClassViewer (136)
[2016.01.09-08.17.09:733][961]LogModuleManager: Shutting down and abandoning module Toolbox (135)
[2016.01.09-08.17.09:733][961]LogModuleManager: Shutting down and abandoning module ModuleUI (134)
[2016.01.09-08.17.09:778][961]LogModuleManager: Shutting down and abandoning module MovieSceneTools (133)
[2016.01.09-08.17.09:778][961]LogModuleManager: Shutting down and abandoning module OutputLog (132)
[2016.01.09-08.17.09:778][961]LogModuleManager: Shutting down and abandoning module GammaUI (131)
[2016.01.09-08.17.09:791][961]LogModuleManager: Shutting down and abandoning module Documentation (130)
[2016.01.09-08.17.09:791][961]LogModuleManager: Shutting down and abandoning module GameLiveStreaming (129)
[2016.01.09-08.17.09:792][961]LogModuleManager: Shutting down and abandoning module StreamingPauseRendering (128)
[2016.01.09-08.17.09:792][961]LogModuleManager: Shutting down and abandoning module AnalyticsET (127)
[2016.01.09-08.17.09:792][961]LogModuleManager: Shutting down and abandoning module Analytics (126)
[2016.01.09-08.17.09:792][961]LogModuleManager: Shutting down and abandoning module AITestSuite (125)
[2016.01.09-08.17.09:792][961]LogModuleManager: Shutting down and abandoning module GameplayDebugger (124)
[2016.01.09-08.17.09:792][961]LogModuleManager: Shutting down and abandoning module AIModule (123)
[2016.01.09-08.17.09:792][961]LogModuleManager: Shutting down and abandoning module ProfilerService (122)
[2016.01.09-08.17.09:845][961]LogModuleManager: Shutting down and abandoning module TaskGraph (121)
[2016.01.09-08.17.09:845][961]LogModuleManager: Shutting down and abandoning module SlateRemote (120)
[2016.01.09-08.17.09:845][961]LogModuleManager: Shutting down and abandoning module SteamVRController (119)
[2016.01.09-08.17.09:845][961]LogModuleManager: Shutting down and abandoning module SteamVR (118)
[2016.01.09-08.17.09:845][961]LogModuleManager: Shutting down and abandoning module ProceduralMeshComponent (117)
[2016.01.09-08.17.09:845][961]LogModuleManager: Shutting down and abandoning module OculusRift (116)
[2016.01.09-08.17.09:845][961]LogModuleManager: Shutting down and abandoning module OculusLibrary (115)
[2016.01.09-08.17.09:845][961]LogModuleManager: Shutting down and abandoning module LeapMotionController (114)
[2016.01.09-08.17.09:865][961]LogModuleManager: Shutting down and abandoning module CustomMeshComponent (113)
[2016.01.09-08.17.09:875][961]LogModuleManager: Shutting down and abandoning module CableComponent (112)
[2016.01.09-08.17.09:875][961]LogModuleManager: Shutting down and abandoning module ArchVisCharacter (111)
[2016.01.09-08.17.09:875][961]LogModuleManager: Shutting down and abandoning module MessagingDebugger (110)
[2016.01.09-08.17.09:938][961]LogModuleManager: Shutting down and abandoning module MediaPlayerEditor (109)
[2016.01.09-08.17.09:945][961]LogModuleManager: Shutting down and abandoning module HTML5Networking (108)
[2016.01.09-08.17.09:945][961]LogModuleManager: Shutting down and abandoning module SpeedTreeImporter (107)
[2016.01.09-08.17.09:945][961]LogModuleManager: Shutting down and abandoning module PluginBrowser (106)
[2016.01.09-08.17.09:945][961]LogModuleManager: Shutting down and abandoning module EpicSurvey (105)
[2016.01.09-08.17.09:945][961]LogModuleManager: Shutting down and abandoning module DesktopPlatform (104)
[2016.01.09-08.17.09:945][961]LogModuleManager: Shutting down and abandoning module VisualStudioSourceCodeAccess (103)
[2016.01.09-08.17.09:945][961]LogModuleManager: Shutting down and abandoning module UObjectPlugin (102)
[2016.01.09-08.17.09:945][961]LogModuleManager: Shutting down and abandoning module SubversionSourceControl (101)
[2016.01.09-08.17.09:945][961]LogModuleManager: Shutting down and abandoning module PerforceSourceControl (100)
[2016.01.09-08.17.09:945][961]LogModuleManager: Shutting down and abandoning module SourceControl (99)
[2016.01.09-08.17.09:945][961]LogModuleManager: Shutting down and abandoning module GitSourceControl (98)
[2016.01.09-08.17.09:945][961]LogModuleManager: Shutting down and abandoning module LightPropagationVolumeEditor (97)
[2016.01.09-08.17.09:946][961]LogModuleManager: Shutting down and abandoning module PaperTiledImporter (96)
[2016.01.09-08.17.09:946][961]LogModuleManager: Shutting down and abandoning module PaperSpriteSheetImporter (95)
[2016.01.09-08.17.09:946][961]LogModuleManager: Shutting down and abandoning module MeshPaint (94)
[2016.01.09-08.17.09:946][961]LogModuleManager: Shutting down and abandoning module SlateReflector (93)
[2016.01.09-08.17.09:956][961]LogModuleManager: Shutting down and abandoning module HotReload (92)
[2016.01.09-08.17.09:956][961]LogModuleManager: Shutting down and abandoning module MainFrame (91)
[2016.01.09-08.17.09:956][961]LogModuleManager: Shutting down and abandoning module LevelEditor (90)
[2016.01.09-08.17.09:959][961]LogModuleManager: Shutting down and abandoning module DirectoryWatcher (89)
[2016.01.09-08.17.09:961][961]LogModuleManager: Shutting down and abandoning module AssetRegistry (88)
[2016.01.09-08.17.10:131][961]LogModuleManager: Shutting down and abandoning module ContentBrowser (87)
[2016.01.09-08.17.10:133][961]LogModuleManager: Shutting down and abandoning module Paper2DEditor (86)
[2016.01.09-08.17.10:209][961]LogModuleManager: Shutting down and abandoning module UdpMessaging (85)
[2016.01.09-08.17.10:310][961]LogModuleManager: Shutting down and abandoning module LightPropagationVolumeRuntime (84)
[2016.01.09-08.17.10:310][961]LogModuleManager: Shutting down and abandoning module Paper2D (83)
[2016.01.09-08.17.10:310][961]LogModuleManager: Shutting down and abandoning module WindowsMoviePlayer (82)
[2016.01.09-08.17.10:337][961]LogModuleManager: Shutting down and abandoning module Media (81)
[2016.01.09-08.17.10:337][961]LogModuleManager: Shutting down and abandoning module WmfMedia (80)
[2016.01.09-08.17.10:338][961]LogModuleManager: Shutting down and abandoning module OnlineBlueprintSupport (79)
[2016.01.09-08.17.10:338][961]LogModuleManager: Shutting down and abandoning module GameplayTasksEditor (78)
[2016.01.09-08.17.10:338][961]LogModuleManager: Shutting down and abandoning module PropertyEditor (77)
[2016.01.09-08.17.10:338][961]LogModuleManager: Shutting down and abandoning module BehaviorTreeEditor (76)
[2016.01.09-08.17.10:338][961]LogModuleManager: Shutting down and abandoning module FunctionalTesting (75)
[2016.01.09-08.17.10:338][961]LogModuleManager: Shutting down and abandoning module CollisionAnalyzer (74)
[2016.01.09-08.17.10:338][961]LogModuleManager: Shutting down and abandoning module WorkspaceMenuStructure (73)
[2016.01.09-08.17.10:338][961]LogModuleManager: Shutting down and abandoning module MessageLog (72)
[2016.01.09-08.17.10:338][961]LogModuleManager: Shutting down and abandoning module Sequencer (71)
[2016.01.09-08.17.10:339][961]LogModuleManager: Shutting down and abandoning module AssetTools (70)
[2016.01.09-08.17.10:361][961]LogModuleManager: Shutting down and abandoning module UMGEditor (69)
[2016.01.09-08.17.10:373][961]LogModuleManager: Shutting down and abandoning module UMG (68)
[2016.01.09-08.17.10:373][961]LogModuleManager: Shutting down and abandoning module Slate (67)
[2016.01.09-08.17.10:373][961]LogModuleManager: Shutting down and abandoning module EditorStyle (66)
[2016.01.09-08.17.10:379][961]LogModuleManager: Shutting down and abandoning module SessionServices (65)
[2016.01.09-08.17.10:379][961]LogModuleManager: Shutting down and abandoning module SourceCodeAccess (64)
[2016.01.09-08.17.10:379][961]LogModuleManager: Shutting down and abandoning module HeadMountedDisplay (63)
[2016.01.09-08.17.10:379][961]LogModuleManager: Shutting down and abandoning module XAudio2 (62)
[2016.01.09-08.17.10:379][961]LogModuleManager: Shutting down and abandoning module Networking (60)
[2016.01.09-08.17.10:379][961]LogModuleManager: Shutting down and abandoning module Core (59)
[2016.01.09-08.17.10:379][961]LogModuleManager: Shutting down and abandoning module KismetCompiler (58)
[2016.01.09-08.17.10:379][961]LogModuleManager: Shutting down and abandoning module PhysXFormats (57)
[2016.01.09-08.17.10:379][961]LogModuleManager: Shutting down and abandoning module MeshUtilities (56)
[2016.01.09-08.17.10:402][961]LogModuleManager: Shutting down and abandoning module CookingStats (55)
[2016.01.09-08.17.10:403][961]LogModuleManager: Shutting down and abandoning module DerivedDataCache (54)
[2016.01.09-08.17.10:470][961]LogDerivedDataCache: Shutdown
[2016.01.09-08.17.10:470][961]LogModuleManager: Shutting down and abandoning module ShaderFormatOpenGL (53)
[2016.01.09-08.17.11:242][961]LogModuleManager: Shutting down and abandoning module ShaderFormatD3D (52)
[2016.01.09-08.17.11:242][961]LogModuleManager: Shutting down and abandoning module MetalShaderFormat (51)
[2016.01.09-08.17.11:251][961]LogModuleManager: Shutting down and abandoning module TextureFormatUncompressed (50)
[2016.01.09-08.17.11:251][961]LogModuleManager: Shutting down and abandoning module TextureFormatPVR (49)
[2016.01.09-08.17.11:251][961]LogModuleManager: Shutting down and abandoning module TextureFormatIntelISPCTexComp (48)
[2016.01.09-08.17.11:251][961]LogModuleManager: Shutting down and abandoning module TextureFormatDXT (47)
[2016.01.09-08.17.11:251][961]LogModuleManager: Shutting down and abandoning module ImageWrapper (46)
[2016.01.09-08.17.11:251][961]LogModuleManager: Shutting down and abandoning module TextureFormatASTC (45)
[2016.01.09-08.17.11:252][961]LogModuleManager: Shutting down and abandoning module TextureFormatAndroid (44)
[2016.01.09-08.17.11:252][961]LogModuleManager: Shutting down and abandoning module AudioFormatOpus (43)
[2016.01.09-08.17.11:261][961]LogModuleManager: Shutting down and abandoning module AudioFormatOgg (42)
[2016.01.09-08.17.11:261][961]LogModuleManager: Shutting down and abandoning module AudioFormatADPCM (41)
[2016.01.09-08.17.11:261][961]LogModuleManager: Shutting down and abandoning module LinuxTargetPlatform (40)
[2016.01.09-08.17.11:261][961]LogModuleManager: Shutting down and abandoning module LinuxServerTargetPlatform (39)
[2016.01.09-08.17.11:261][961]LogModuleManager: Shutting down and abandoning module LinuxNoEditorTargetPlatform (38)
[2016.01.09-08.17.11:261][961]LogModuleManager: Shutting down and abandoning module Messaging (37)
[2016.01.09-08.17.11:261][961]LogModuleManager: Shutting down and abandoning module IOSTargetPlatform (36)
[2016.01.09-08.17.11:261][961]LogModuleManager: Shutting down and abandoning module HTML5TargetPlatform (35)
[2016.01.09-08.17.11:261][961]LogModuleManager: Shutting down and abandoning module Android_PVRTCTargetPlatform (34)
[2016.01.09-08.17.11:404][961]LogModuleManager: Shutting down and abandoning module Android_ETC2TargetPlatform (33)
[2016.01.09-08.17.11:608][961]LogModuleManager: Shutting down and abandoning module Android_ETC1TargetPlatform (32)
[2016.01.09-08.17.11:636][961]LogModuleManager: Shutting down and abandoning module Android_DXTTargetPlatform (31)
[2016.01.09-08.17.11:647][961]LogModuleManager: Shutting down and abandoning module Android_ATCTargetPlatform (30)
[2016.01.09-08.17.11:686][961]LogModuleManager: Shutting down and abandoning module Android_ASTCTargetPlatform (29)
[2016.01.09-08.17.11:686][961]LogModuleManager: Shutting down and abandoning module AndroidTargetPlatform (28)
[2016.01.09-08.17.11:700][961]LogModuleManager: Shutting down and abandoning module WindowsTargetPlatform (27)
[2016.01.09-08.17.11:700][961]LogModuleManager: Shutting down and abandoning module WindowsServerTargetPlatform (26)
[2016.01.09-08.17.11:710][961]LogModuleManager: Shutting down and abandoning module WindowsNoEditorTargetPlatform (25)
[2016.01.09-08.17.11:809][961]LogModuleManager: Shutting down and abandoning module WindowsClientTargetPlatform (24)
[2016.01.09-08.17.11:816][961]LogModuleManager: Shutting down and abandoning module AllDesktopTargetPlatform (23)
[2016.01.09-08.17.11:816][961]LogModuleManager: Shutting down and abandoning module TargetPlatform (22)
[2016.01.09-08.17.11:816][961]LogModuleManager: Shutting down and abandoning module InputCore (21)
[2016.01.09-08.17.11:816][961]LogModuleManager: Shutting down and abandoning module Settings (20)
[2016.01.09-08.17.11:816][961]LogModuleManager: Shutting down and abandoning module OnlineSubsystem (18)
[2016.01.09-08.17.11:816][961]LogModuleManager: Shutting down and abandoning module HTTP (17)
[2016.01.09-08.17.13:820][961]LogModuleManager: Shutting down and abandoning module XMPP (16)
[2016.01.09-08.17.14:145][961]LogModuleManager: Shutting down and abandoning module ExampleDeviceProfileSelector (15)
[2016.01.09-08.17.14:145][961]LogModuleManager: Shutting down and abandoning module TextureCompressor (14)
[2016.01.09-08.17.14:157][961]LogModuleManager: Shutting down and abandoning module ShaderCore (13)
[2016.01.09-08.17.14:157][961]LogModuleManager: Shutting down and abandoning module Landscape (12)
[2016.01.09-08.17.14:157][961]LogModuleManager: Shutting down and abandoning module SlateRHIRenderer (11)
[2016.01.09-08.17.14:158][961]LogModuleManager: Shutting down and abandoning module OpenGLDrv (10)
[2016.01.09-08.17.14:169][961]LogModuleManager: Shutting down and abandoning module D3D11RHI (9)
[2016.01.09-08.17.14:169][961]LogModuleManager: Shutting down and abandoning module AnimGraphRuntime (8)
[2016.01.09-08.17.14:169][961]LogModuleManager: Shutting down and abandoning module Renderer (7)
[2016.01.09-08.17.14:169][961]LogModuleManager: Shutting down and abandoning module Engine (6)
[2016.01.09-08.17.14:169][961]LogModuleManager: Shutting down and abandoning module CoreUObject (5)
[2016.01.09-08.17.14:169][961]LogModuleManager: Shutting down and abandoning module NetworkFile (4)
[2016.01.09-08.17.14:185][961]LogModuleManager: Shutting down and abandoning module StreamingFile (3)
[2016.01.09-08.17.14:185][961]LogModuleManager: Shutting down and abandoning module SandboxFile (2)
[2016.01.09-08.17.14:246][961]LogModuleManager: Shutting down and abandoning module PakFile (1)
[2016.01.09-08.17.14:320][961]LogExit: Exiting.
[2016.01.09-08.17.14:355][961]Log file closed, 01/09/16 16:17:14
