[2016.01.10-07.52.13:860][  0]Log file open, 01/10/16 15:52:13
[2016.01.10-07.52.13:860][  0]LogInit:Display: Running engine for game: GameJam
[2016.01.10-07.52.13:860][  0]LogInit:Display: RandInit(717542722) SRandInit(717542722).
[2016.01.10-07.52.13:860][  0]LogTaskGraph: Started task graph with 4 named threads and 7 total threads.
[2016.01.10-07.52.13:860][  0]LogStats: Stats thread started at 0.065462
[2016.01.10-07.52.13:860][  0]LogInit: Version: 4.9.2-2707645+++depot+UE4-Releases+4.9
[2016.01.10-07.52.13:860][  0]LogInit: API Version: 2672455
[2016.01.10-07.52.13:860][  0]LogInit: Compiled (64-bit): Sep 28 2015 10:25:44
[2016.01.10-07.52.13:860][  0]LogInit: Compiled with Visual C++: 18.00.21005.01
[2016.01.10-07.52.13:860][  0]LogInit: Build Configuration: Development
[2016.01.10-07.52.13:860][  0]LogInit: Branch Name: ++depot+UE4-Releases+4.9
[2016.01.10-07.52.13:860][  0]LogInit: Command line:  
[2016.01.10-07.52.13:860][  0]LogInit: Base directory: D:/program/ue4/Epic Games/4.9/Engine/Binaries/Win64/
[2016.01.10-07.52.13:860][  0]LogInit: Rocket: 1
[2016.01.10-07.52.13:882][  0]LogInit: Using libcurl 7.41.0
[2016.01.10-07.52.13:882][  0]LogInit:  - built for x86_64-pc-win32
[2016.01.10-07.52.13:882][  0]LogInit:  - supports SSL with WinSSL
[2016.01.10-07.52.13:882][  0]LogInit:  - other features:
[2016.01.10-07.52.13:882][  0]LogInit:      CURL_VERSION_SSL
[2016.01.10-07.52.13:882][  0]LogInit:      CURL_VERSION_IPV6
[2016.01.10-07.52.13:882][  0]LogInit:      CURL_VERSION_ASYNCHDNS
[2016.01.10-07.52.13:882][  0]LogInit:      CURL_VERSION_LARGEFILE
[2016.01.10-07.52.13:882][  0]LogInit:      CURL_VERSION_IDN
[2016.01.10-07.52.13:882][  0]LogInit:  CurlRequestOptions (configurable via config and command line):
[2016.01.10-07.52.13:882][  0]LogInit:  - bVerifyPeer = true  - Libcurl will verify peer certificate
[2016.01.10-07.52.13:882][  0]LogInit:  - bUseHttpProxy = false  - Libcurl will NOT use HTTP proxy
[2016.01.10-07.52.13:882][  0]LogInit:  - bDontReuseConnections = false  - Libcurl will reuse connections
[2016.01.10-07.52.13:882][  0]LogInit:  - CertBundlePath = nullptr  - Libcurl will use whatever was configured at build time.
[2016.01.10-07.52.13:898][  0]LogInit: Presizing for 0 objects not considered by GC, pre-allocating 0 bytes.
[2016.01.10-07.52.13:907][  0]LogInit: Object subsystem initialized
[2016.01.10-07.52.13:909][  0]LogInit: Selected Device Profile: [Windows]
[2016.01.10-07.52.13:909][  0]LogInit: Applying CVar settings loaded from the selected device profile: [Windows]
[2016.01.10-07.52.13:972][  0]LogInit: Computer: ADMIN
[2016.01.10-07.52.13:972][  0]LogInit: User: user
[2016.01.10-07.52.13:972][  0]LogInit: CPU Page size=4096, Cores=4
[2016.01.10-07.52.13:972][  0]LogInit: High frequency timer resolution =3.515637 MHz
[2016.01.10-07.52.13:972][  0]LogMemory: Memory total: Physical=8.0GB (8GB approx)
[2016.01.10-07.52.13:972][  0]LogMemory: Platform Memory Stats for Windows
[2016.01.10-07.52.13:972][  0]LogMemory: Process Physical Memory: 51.86 MB used, 51.86 MB peak
[2016.01.10-07.52.13:972][  0]LogMemory: Process Virtual Memory: 54.89 MB used, 54.89 MB peak
[2016.01.10-07.52.13:972][  0]LogMemory: Physical Memory: 2112.28 MB used, 8141.13 MB total
[2016.01.10-07.52.13:972][  0]LogMemory: Virtual Memory: 343.25 MB used, 134217728.00 MB total
[2016.01.10-07.52.14:033][  0]LogTextLocalizationManager: No specific translations for ('en-GB') exist, so ('en') translations will be used.
[2016.01.10-07.52.14:593][  0]LogD3D11RHI: Found D3D11 adapter 0: NVIDIA GeForce GTX 750 Ti (Feature Level 11_0)
[2016.01.10-07.52.14:593][  0]LogD3D11RHI: Adapter has 1988MB of dedicated video memory, 0MB of dedicated system memory, and 2048MB of shared system memory, 1 output[s]
[2016.01.10-07.52.14:593][  0]LogD3D11RHI: Found D3D11 adapter 1: Microsoft Basic Render Driver (Feature Level 11_0)
[2016.01.10-07.52.14:593][  0]LogD3D11RHI: Adapter has 0MB of dedicated video memory, 0MB of dedicated system memory, and 256MB of shared system memory, 0 output[s]
[2016.01.10-07.52.14:593][  0]LogD3D11RHI: Chosen D3D11 Adapter Id = 0
[2016.01.10-07.52.14:596][  0]LogD3D11RHI: !Direct3DDevice
[2016.01.10-07.52.14:596][  0]LogRHI: Texture pool is 1361 MB (70% of 1945 MB)
[2016.01.10-07.52.14:604][  0]LogD3D11RHI: Async texture creation enabled
[2016.01.10-07.52.15:002][  0]LogShaderCompilers: Guid format shader working directory is 15 characters bigger than the processId version (../../../../../../../WORK/gamejam/Intermediate/Shaders/WorkingDirectory/8580/).
[2016.01.10-07.52.15:003][  0]LogShaderCompilers: Cleaned the shader compiler working directory '../../../../../../../WORK/gamejam/Intermediate/Shaders/tmp/4BA23F6D46EBE588DA025383794A417F/'.
[2016.01.10-07.52.15:003][  0]LogShaderCompilers:Display: Using Local Shader Compiler.
[2016.01.10-07.52.16:571][  0]LogTemp:Display: Loaded TP AllDesktopTargetPlatform
[2016.01.10-07.52.16:587][  0]LogTemp:Display: Loaded TP WindowsClientTargetPlatform
[2016.01.10-07.52.16:600][  0]LogTemp:Display: Loaded TP WindowsNoEditorTargetPlatform
[2016.01.10-07.52.16:609][  0]LogTemp:Display: Loaded TP WindowsServerTargetPlatform
[2016.01.10-07.52.16:651][  0]LogTemp:Display: Loaded TP WindowsTargetPlatform
[2016.01.10-07.52.16:658][  0]LogTemp:Display: Loaded TP AndroidTargetPlatform
[2016.01.10-07.52.16:664][  0]LogTemp:Display: Loaded TP Android_ASTCTargetPlatform
[2016.01.10-07.52.16:692][  0]LogTemp:Display: Loaded TP Android_ATCTargetPlatform
[2016.01.10-07.52.16:719][  0]LogTemp:Display: Loaded TP Android_DXTTargetPlatform
[2016.01.10-07.52.16:743][  0]LogTemp:Display: Loaded TP Android_ETC1TargetPlatform
[2016.01.10-07.52.16:764][  0]LogTemp:Display: Loaded TP Android_ETC2TargetPlatform
[2016.01.10-07.52.16:772][  0]LogTemp:Display: Loaded TP Android_PVRTCTargetPlatform
[2016.01.10-07.52.16:774][  0]LogTemp:Display: Loaded TP HTML5TargetPlatform
[2016.01.10-07.52.16:846][  0]LogTemp:Display: Loaded TP IOSTargetPlatform
[2016.01.10-07.52.16:867][  0]LogTemp:Display: Loaded TP LinuxNoEditorTargetPlatform
[2016.01.10-07.52.16:874][  0]LogTemp:Display: Loaded TP LinuxServerTargetPlatform
[2016.01.10-07.52.16:882][  0]LogTemp:Display: Loaded TP LinuxTargetPlatform
[2016.01.10-07.52.16:882][  0]LogTargetPlatformManager:Display: Building Assets For Windows
[2016.01.10-07.52.17:516][  0]LogDerivedDataCache:Display: Max Cache Size: 512 MB
[2016.01.10-07.52.17:902][  0]LogDerivedDataCache: Loaded boot cache 0.39s 41MB C:/Users/user/AppData/Local/UnrealEngine/4.9/DerivedDataCache/Boot.ddc.
[2016.01.10-07.52.17:902][  0]LogDerivedDataCache:Display: Loaded Boot cache: C:/Users/user/AppData/Local/UnrealEngine/4.9/DerivedDataCache/Boot.ddc
[2016.01.10-07.52.17:902][  0]LogDerivedDataCache: FDerivedDataBackendGraph:  Pak pak cache file ../../../../../../../WORK/gamejam/DerivedDataCache/DDC.ddp not found, will not use a pak cache.
[2016.01.10-07.52.17:902][  0]LogDerivedDataCache: Unable to find inner node Pak for hierarchical cache Hierarchy.
[2016.01.10-07.52.17:902][  0]LogDerivedDataCache: FDerivedDataBackendGraph:  CompressedPak pak cache file ../../../../../../../WORK/gamejam/DerivedDataCache/Compressed.ddp not found, will not use a pak cache.
[2016.01.10-07.52.17:902][  0]LogDerivedDataCache: Unable to find inner node CompressedPak for hierarchical cache Hierarchy.
[2016.01.10-07.52.18:096][  0]LogDerivedDataCache:Display: Pak cache opened for reading ../../../Engine/DerivedDataCache/Compressed.ddp.
[2016.01.10-07.52.18:107][  0]LogDerivedDataCache: Using Local data cache path C:/Users/user/AppData/Local/UnrealEngine/Common/DerivedDataCache: Writable
[2016.01.10-07.52.24:553][  0]LogInit: Selected Device Profile: [Windows]
[2016.01.10-07.52.24:583][  0]LogContentStreaming: Texture pool size is 0.000000MB
[2016.01.10-07.52.25:632][  0]LogMeshUtilities: No automatic mesh reduction module available
[2016.01.10-07.52.25:632][  0]LogMeshUtilities: No automatic mesh merging module available
[2016.01.10-07.52.28:457][  0]LogInit: WinSock: version 1.1 (2.2), MaxSocks=32767, MaxUdp=65467
[2016.01.10-07.52.50:654][  0]UdpMessaging: Initializing bridge on interface 0.0.0.0:0 to multicast group 230.0.0.1:6666.
[2016.01.10-07.52.52:392][  0]LogAssetRegistry: FAssetRegistry took 0.0470 seconds to start up
[2016.01.10-07.52.56:640][  0]SourceControl: Info Source control is disabled
[2016.01.10-07.52.56:844][  0]SourceControl: Info Source control is disabled
[2016.01.10-07.52.56:980][  0]SourceControl: Info Source control is disabled
[2016.01.10-07.52.57:183][  0]SourceControl: Info Source control is disabled
[2016.01.10-07.52.57:980][  0]LogLinker:Warning: Asset '../../../Engine/Plugins/Runtime/LeapMotionController/Content/LM_PassthroughMaterial.uasset' has been saved with empty engine version. The asset will be loaded but may be incompatible.
[2016.01.10-07.52.58:309][  0]LogObj: 28361 objects as part of root set at end of initial load.
[2016.01.10-07.52.58:309][  0]LogUObjectAllocator: 6038872 out of 0 bytes used by permanent object pool.
[2016.01.10-07.52.58:924][  0]LogEngine: Initializing Engine...
[2016.01.10-07.52.58:966][  0]LogHMD: Can't find Oculus library dev build: is proper Runtime installed? Version: 0.7.0.0
[2016.01.10-07.52.59:225][  0]LogHMD: SteamVR failed to initialize.  Err: 108
[2016.01.10-07.53.00:053][  0]LogAIModule: Creating AISystem for world NewWorld
[2016.01.10-07.53.00:146][  0]LogInit: XAudio2 using 'Headphones (S)"%2i! R!7 r)sm %!d3et)' : 2 channels at 44.1 kHz using 16 bits per sample (channel mask 0x3)
[2016.01.10-07.53.00:161][  0]LogInit: FAudioDevice initialized.
[2016.01.10-07.53.00:193][  0]LogDerivedDataCache: Saved boot cache 0.03s 41MB C:/Users/user/AppData/Local/UnrealEngine/4.9/DerivedDataCache/Boot.ddc.
[2016.01.10-07.53.00:198][  0]LogInit: Texture streaming: Enabled
[2016.01.10-07.53.01:045][  0]LogAnalytics: Creating configured Analytics provider AnalyticsET
[2016.01.10-07.53.01:045][  0]LogAnalytics: [UEEditor.Rocket.Release] APIServer = http://et2.epicgames.com/ET2/. AppVersion = 4.9.2-2707645+++depot+UE4-Releases+4.9
[2016.01.10-07.53.01:045][  0]LogAnalytics: [UEEditor.Rocket.Release] SetUserId 063ef5e840611d3826e0a3a0a7689965|bdf101df1db24ab0b29feb25013572ab|508531e8-b6df-41a8-944b-227a8d127274
[2016.01.10-07.53.01:067][  0]LogAnalytics: [UEEditor.Rocket.Release] AnalyticsET::StartSession
[2016.01.10-07.53.01:510][  0]LogWindowsTextInputMethodSystem:Display: IME system now deactivated.
[2016.01.10-07.53.01:510][  0]LogWindowsTextInputMethodSystem:Display: IME system now deactivated.
[2016.01.10-07.53.02:409][  0]LogInit: Transaction tracking system initialized
[2016.01.10-07.53.03:627][  0]BlueprintLog: New page: Editor Load
[2016.01.10-07.53.08:392][  0]LocalizationService: Info Localization service is disabled
[2016.01.10-07.53.11:371][  0]LogConsoleResponse:Display: 
[2016.01.10-07.53.15:179][  0]LogFileCache: Scanning file cache for directory 'D:/WORK/gamejam/Content/' took 0.12s
[2016.01.10-07.53.15:179][  0]LogCook:Display: Done creating registry. It took  0.00s.
[2016.01.10-07.53.17:607][  0]SourceControl: Info Source control is disabled
[2016.01.10-07.53.17:849][  0]Cmd: MAP LOAD FILE="../../../../../../../WORK/gamejam/Content/Maps/MainMenu.umap" TEMPLATE=0 SHOWPROGRESS=1 FEATURELEVEL=3
[2016.01.10-07.53.18:002][  0]LightingResults: New page: Lighting Build
[2016.01.10-07.53.18:037][  0]MapCheck: New page: Map Check
[2016.01.10-07.53.18:037][  0]LightingResults: New page: Lighting Build
[2016.01.10-07.53.18:143][  0]LogParticles: Destroying 0 GPU particle simulations for FXSystem 0x000000728B289DA0
[2016.01.10-07.53.22:778][  0]LogAIModule: Creating AISystem for world MainMenu
[2016.01.10-07.53.23:090][  0]LogEditorServer: Finished looking for orphan Actors (0.014 secs)
[2016.01.10-07.53.23:106][  0]Cmd: MAP CHECKDEP NOCLEARLOG
[2016.01.10-07.53.23:205][  0]MapCheck: Info Map check complete: 0 Error(s), 0 Warning(s), took 98.86ms to complete.
[2016.01.10-07.53.23:205][  0]LogFileHelpers: Loading map 'MainMenu' took 5.395
[2016.01.10-07.53.24:599][  0]LogCollectionManager: Loaded 0 collections in 0.004855 seconds
[2016.01.10-07.53.24:707][  0]LogFileCache: Scanning file cache for directory 'D:/WORK/gamejam/Saved/Collections/' took 0.01s
[2016.01.10-07.53.24:707][  0]LogFileCache: Scanning file cache for directory 'D:/WORK/gamejam/Content/Developers/user/Collections/' took 0.01s
[2016.01.10-07.53.24:707][  0]LogFileCache: Scanning file cache for directory 'D:/WORK/gamejam/Content/Collections/' took 0.01s
[2016.01.10-07.53.24:707][  0]LogContentBrowser: Native class hierarchy populated in 0.0397 seconds. Added 1868 classes and 335 folders.
[2016.01.10-07.53.24:761][  0]LogCollectionManager: Rebuilt the GUID cache for 0 collections in 0.000008 seconds
[2016.01.10-07.53.24:852][  0]LogContentBrowser: Native class hierarchy updated for 'WidgetCarousel' in 0.0010 seconds. Added 0 classes and 0 folders.
[2016.01.10-07.53.25:918][  0]LogContentBrowser: Native class hierarchy updated for 'AddContentDialog' in 0.0010 seconds. Added 0 classes and 0 folders.
[2016.01.10-07.53.25:967][  0]LogCrashTracker: Crashtracker disabled due to settings.
[2016.01.10-07.53.26:056][  0]LogUObjectGlobals:Warning: Failed to find object 'Class None.'
[2016.01.10-07.53.26:105][  0]LogLoad: Full Startup: 73.41 seconds (BP compile: 0.44 seconds)
[2016.01.10-07.53.26:322][  0]LogContentStreaming: Texture pool size now 400 MB
[2016.01.10-07.53.26:613][  0]LogRenderer: Reallocating scene render targets to support 860x632 (Frame:2).
[2016.01.10-07.53.26:993][  5]LogAssetRegistry: Asset discovery search completed in 34.6140 seconds
[2016.01.10-07.53.26:993][  5]LogCollectionManager: Rebuilt the object cache for 0 collections in 0.000000 seconds (found 0 objects)
[2016.01.10-07.53.26:993][  5]LogCollectionManager: Fixed up redirectors for 0 collections in 0.000014 seconds (updated 0 objects)
[2016.01.10-07.54.31:860][300]LogAIModule: Creating AISystem for world Level0polish
[2016.01.10-07.54.31:883][300]LogParticles:Warning: InitializeSystem called on an unregistered component. Template=/Game/Particles/P_Debris.P_Debris Component=/Game/Maps/Level0polish.Level0polish:PersistentLevel.P_Debris_2.ParticleSystemComponent0
[2016.01.10-07.54.31:883][300]LogParticles:Warning: InitializeSystem called on an unregistered component. Template=/Game/Particles/P_Debris.P_Debris Component=/Game/Maps/Level0polish.Level0polish:PersistentLevel.P_Debris2.ParticleSystemComponent0
[2016.01.10-07.54.31:883][300]LogParticles:Warning: InitializeSystem called on an unregistered component. Template=/Game/Particles/P_Debris.P_Debris Component=/Game/Maps/Level0polish.Level0polish:PersistentLevel.P_Debris3.ParticleSystemComponent0
[2016.01.10-07.54.31:883][300]LogParticles:Warning: InitializeSystem called on an unregistered component. Template=/Game/Particles/P_Debris.P_Debris Component=/Game/Maps/Level0polish.Level0polish:PersistentLevel.P_Debris4.ParticleSystemComponent0
[2016.01.10-07.54.31:883][300]LogParticles:Warning: InitializeSystem called on an unregistered component. Template=/Game/Particles/P_Debris.P_Debris Component=/Game/Maps/Level0polish.Level0polish:PersistentLevel.P_Debris5.ParticleSystemComponent0
[2016.01.10-07.54.31:883][300]LogParticles:Warning: InitializeSystem called on an unregistered component. Template=/Game/Particles/P_Debris.P_Debris Component=/Game/Maps/Level0polish.Level0polish:PersistentLevel.P_Debris6_9.ParticleSystemComponent0
[2016.01.10-07.54.31:883][300]LogParticles:Warning: InitializeSystem called on an unregistered component. Template=/Game/Particles/P_Debris.P_Debris Component=/Game/Maps/Level0polish.Level0polish:PersistentLevel.P_Debris7.ParticleSystemComponent0
[2016.01.10-07.54.31:884][300]LogParticles:Warning: InitializeSystem called on an unregistered component. Template=/Game/Particles/P_Debris.P_Debris Component=/Game/Maps/Level0polish.Level0polish:PersistentLevel.P_Debris8.ParticleSystemComponent0
[2016.01.10-07.54.31:884][300]LogParticles:Warning: InitializeSystem called on an unregistered component. Template=/Game/Particles/P_Debris.P_Debris Component=/Game/Maps/Level0polish.Level0polish:PersistentLevel.P_Debris9.ParticleSystemComponent0
[2016.01.10-07.54.31:884][300]LogParticles:Warning: InitializeSystem called on an unregistered component. Template=/Game/Particles/P_Debris.P_Debris Component=/Game/Maps/Level0polish.Level0polish:PersistentLevel.P_Debris10.ParticleSystemComponent0
[2016.01.10-07.54.31:884][300]LogParticles:Warning: InitializeSystem called on an unregistered component. Template=/Game/Particles/P_Debris.P_Debris Component=/Game/Maps/Level0polish.Level0polish:PersistentLevel.P_Debris11.ParticleSystemComponent0
[2016.01.10-07.54.31:885][300]LogParticles:Warning: InitializeSystem called on an unregistered component. Template=/Game/Particles/P_Debris.P_Debris Component=/Game/Maps/Level0polish.Level0polish:PersistentLevel.P_Debris12.ParticleSystemComponent0
[2016.01.10-07.54.32:084][300]Cmd: MAP LOAD FILE="../../../../../../../WORK/gamejam/Content/Maps/Level0polish.umap" TEMPLATE=0 SHOWPROGRESS=1 FEATURELEVEL=3
[2016.01.10-07.54.32:084][300]LightingResults: New page: Lighting Build
[2016.01.10-07.54.32:112][300]LoadErrors: New page: Loading map: Level0polish.umap
[2016.01.10-07.54.32:123][300]MapCheck: New page: Map Check
[2016.01.10-07.54.32:123][300]LightingResults: New page: Lighting Build
[2016.01.10-07.54.32:145][300]LogParticles: Destroying 0 GPU particle simulations for FXSystem 0x00000072FEC2FD80
[2016.01.10-07.54.34:936][300]LogEditorServer: Finished looking for orphan Actors (0.000 secs)
[2016.01.10-07.54.34:960][300]Cmd: MAP CHECKDEP NOCLEARLOG
[2016.01.10-07.54.34:995][300]MapCheck: Info Map check complete: 0 Error(s), 0 Warning(s), took 34.845ms to complete.
[2016.01.10-07.54.34:995][300]LogFileHelpers: Loading map 'Level0polish' took 2.912
[2016.01.10-07.54.35:000][300]LoadErrors:Error: Error /Game/Maps/Level0polish : Failed import for CurveFloat /Game/FirstPersonBP/Blueprints/Door2.Door2_C:CurveFloat_0__256DA8D9
[2016.01.10-07.54.35:019][300]LoadErrors:Error: Error /Game/Maps/Level0polish : Failed import for CurveFloat /Game/FirstPersonBP/Blueprints/ThisButton2.ThisButton2_C:CurveFloat_0_1_2_3__B219A375__B6BB1B11
[2016.01.10-07.54.35:019][300]LoadErrors:Error: Error /Game/Maps/Level0polish : Failed import for CurveFloat /Game/FirstPersonBP/Blueprints/ThisButton2.ThisButton2_C:CurveFloat_0_1__71EEED09__79CD0ECA
[2016.01.10-07.54.35:019][300]LoadErrors:Error: Error /Game/Maps/Level0polish : Failed import for CurveFloat /Game/FirstPersonBP/Blueprints/ThisButton2.ThisButton2_C:CurveFloat_0__256DA8D9
[2016.01.10-07.54.35:094][301]Cmd: UpdateLandscapeEditorData -warnings
[2016.01.10-07.54.35:222][301]Cmd: UpdateLandscapeEditorData
[2016.01.10-07.54.53:026][411]LogRenderer: Reallocating scene render targets to support 884x632 (Frame:5168).
[2016.01.10-07.54.56:256][792]Cmd: STAT FPS
[2016.01.10-07.54.59:811][196]LogWindowsTextInputMethodSystem:Display: IME system now deactivated.
[2016.01.10-07.54.59:812][196]LogWindowsTextInputMethodSystem:Display: IME system now deactivated.
[2016.01.10-07.55.00:063][197]Cmd: QUIT_EDITOR
[2016.01.10-07.55.00:395][197]LogExit: Preparing to exit.
[2016.01.10-07.55.01:066][197]LogExit: Editor shut down
[2016.01.10-07.55.01:066][197]LogExit: Transaction tracking system shut down
[2016.01.10-07.55.01:067][197]LogParticles: Destroying 0 GPU particle simulations for FXSystem 0x000000729757B880
[2016.01.10-07.55.01:067][197]LogParticles: Destroying 0 GPU particle simulations for FXSystem 0x00000072978162A0
[2016.01.10-07.55.01:103][197]LogParticles: Destroying 0 GPU particle simulations for FXSystem 0x00000072973D8540
[2016.01.10-07.55.01:105][197]LogParticles: Destroying 0 GPU particle simulations for FXSystem 0x00000072973DAFC0
[2016.01.10-07.55.01:648][197]LogExit: Object subsystem successfully closed.
[2016.01.10-07.55.01:805][197]LogD3D11RHI: Shutdown
[2016.01.10-07.55.01:805][197]LogD3D11RHI: CleanupD3DDevice
[2016.01.10-07.55.01:891][197]LogD3D11RHI: ~FD3D11DynamicRHI
[2016.01.10-07.55.02:252][197]LogModuleManager: Shutting down and abandoning module CrashTracker (197)
[2016.01.10-07.55.02:252][197]LogModuleManager: Shutting down and abandoning module SuperSearch (196)
[2016.01.10-07.55.02:252][197]LogModuleManager: Shutting down and abandoning module WidgetCarousel (195)
[2016.01.10-07.55.02:252][197]LogModuleManager: Shutting down and abandoning module AddContentDialog (194)
[2016.01.10-07.55.02:279][197]LogModuleManager: Shutting down and abandoning module EditorWidgets (193)
[2016.01.10-07.55.02:279][197]LogModuleManager: Shutting down and abandoning module CollectionManager (192)
[2016.01.10-07.55.02:279][197]LogModuleManager: Shutting down and abandoning module SceneOutliner (191)
[2016.01.10-07.55.02:279][197]LogModuleManager: Shutting down and abandoning module StatsViewer (190)
[2016.01.10-07.55.02:279][197]LogModuleManager: Shutting down and abandoning module FoliageEdit (189)
[2016.01.10-07.55.02:279][197]LogModuleManager: Shutting down and abandoning module LandscapeEditor (188)
[2016.01.10-07.55.02:310][197]LogModuleManager: Shutting down and abandoning module ActorPickerMode (187)
[2016.01.10-07.55.02:310][197]LogModuleManager: Shutting down and abandoning module GeometryMode (186)
[2016.01.10-07.55.02:310][197]LogModuleManager: Shutting down and abandoning module TextureAlignMode (185)
[2016.01.10-07.55.02:310][197]LogModuleManager: Shutting down and abandoning module BspMode (184)
[2016.01.10-07.55.02:310][197]LogModuleManager: Shutting down and abandoning module PlacementMode (183)
[2016.01.10-07.55.02:310][197]LogModuleManager: Shutting down and abandoning module AutomationWorker (182)
[2016.01.10-07.55.02:310][197]LogModuleManager: Shutting down and abandoning module CharacterAI (181)
[2016.01.10-07.55.02:310][197]LogModuleManager: Shutting down and abandoning module SmartSnapping (180)
[2016.01.10-07.55.02:310][197]LogModuleManager: Shutting down and abandoning module ViewportSnapping (179)
[2016.01.10-07.55.02:310][197]LogModuleManager: Shutting down and abandoning module LogVisualizer (178)
[2016.01.10-07.55.02:310][197]LogModuleManager: Shutting down and abandoning module GameProjectGeneration (177)
[2016.01.10-07.55.02:319][197]LogModuleManager: Shutting down and abandoning module IntroTutorials (176)
[2016.01.10-07.55.02:319][197]LogModuleManager: Shutting down and abandoning module EditorLiveStreaming (175)
[2016.01.10-07.55.02:319][197]LogModuleManager: Shutting down and abandoning module IOSPlatformEditor (174)
[2016.01.10-07.55.02:319][197]LogModuleManager: Shutting down and abandoning module HTML5PlatformEditor (173)
[2016.01.10-07.55.02:319][197]LogModuleManager: Shutting down and abandoning module AndroidDeviceDetection (172)
[2016.01.10-07.55.02:610][197]LogModuleManager: Shutting down and abandoning module AndroidPlatformEditor (171)
[2016.01.10-07.55.02:610][197]LogModuleManager: Shutting down and abandoning module IOSRuntimeSettings (170)
[2016.01.10-07.55.02:610][197]LogModuleManager: Shutting down and abandoning module AndroidRuntimeSettings (169)
[2016.01.10-07.55.02:610][197]LogModuleManager: Shutting down and abandoning module MergeActors (168)
[2016.01.10-07.55.02:621][197]LogModuleManager: Shutting down and abandoning module SizeMap (167)
[2016.01.10-07.55.02:621][197]LogModuleManager: Shutting down and abandoning module TreeMap (166)
[2016.01.10-07.55.02:621][197]LogModuleManager: Shutting down and abandoning module ReferenceViewer (165)
[2016.01.10-07.55.02:621][197]LogModuleManager: Shutting down and abandoning module LocalizationService (164)
[2016.01.10-07.55.02:621][197]LogModuleManager: Shutting down and abandoning module LocalizationDashboard (163)
[2016.01.10-07.55.02:636][197]LogModuleManager: Shutting down and abandoning module HardwareTargeting (162)
[2016.01.10-07.55.02:636][197]LogModuleManager: Shutting down and abandoning module DeviceProfileEditor (161)
[2016.01.10-07.55.02:636][197]LogModuleManager: Shutting down and abandoning module UndoHistory (160)
[2016.01.10-07.55.02:636][197]LogModuleManager: Shutting down and abandoning module GameplayTagsEditor (159)
[2016.01.10-07.55.02:636][197]LogModuleManager: Shutting down and abandoning module UserFeedback (158)
[2016.01.10-07.55.02:636][197]LogModuleManager: Shutting down and abandoning module XmlParser (157)
[2016.01.10-07.55.02:636][197]LogModuleManager: Shutting down and abandoning module Blutility (156)
[2016.01.10-07.55.02:636][197]LogModuleManager: Shutting down and abandoning module ProjectTargetPlatformEditor (155)
[2016.01.10-07.55.02:636][197]LogModuleManager: Shutting down and abandoning module ProjectSettingsViewer (154)
[2016.01.10-07.55.02:636][197]LogModuleManager: Shutting down and abandoning module InputBindingEditor (153)
[2016.01.10-07.55.02:643][197]LogModuleManager: Shutting down and abandoning module EditorSettingsViewer (152)
[2016.01.10-07.55.02:643][197]LogModuleManager: Shutting down and abandoning module SettingsEditor (151)
[2016.01.10-07.55.02:644][197]LogModuleManager: Shutting down and abandoning module ProjectLauncher (150)
[2016.01.10-07.55.02:644][197]LogModuleManager: Shutting down and abandoning module SessionFrontend (149)
[2016.01.10-07.55.02:644][197]LogModuleManager: Shutting down and abandoning module ProfilerClient (148)
[2016.01.10-07.55.02:658][197]LogModuleManager: Shutting down and abandoning module TargetDeviceServices (147)
[2016.01.10-07.55.02:658][197]LogModuleManager: Shutting down and abandoning module DeviceManager (146)
[2016.01.10-07.55.02:658][197]LogModuleManager: Shutting down and abandoning module AutomationController (145)
[2016.01.10-07.55.02:658][197]LogModuleManager: Shutting down and abandoning module AutomationWindow (144)
[2016.01.10-07.55.02:671][197]LogModuleManager: Shutting down and abandoning module Layers (143)
[2016.01.10-07.55.02:683][197]LogModuleManager: Shutting down and abandoning module ComponentVisualizers (142)
[2016.01.10-07.55.02:683][197]LogModuleManager: Shutting down and abandoning module DetailCustomizations (141)
[2016.01.10-07.55.02:698][197]LogModuleManager: Shutting down and abandoning module PackagesDialog (140)
[2016.01.10-07.55.02:711][197]LogModuleManager: Shutting down and abandoning module Persona (139)
[2016.01.10-07.55.02:724][197]LogModuleManager: Shutting down and abandoning module Kismet (138)
[2016.01.10-07.55.02:732][197]LogModuleManager: Shutting down and abandoning module GraphEditor (137)
[2016.01.10-07.55.02:733][197]LogModuleManager: Shutting down and abandoning module ClassViewer (136)
[2016.01.10-07.55.02:733][197]LogModuleManager: Shutting down and abandoning module Toolbox (135)
[2016.01.10-07.55.02:733][197]LogModuleManager: Shutting down and abandoning module ModuleUI (134)
[2016.01.10-07.55.02:744][197]LogModuleManager: Shutting down and abandoning module MovieSceneTools (133)
[2016.01.10-07.55.02:744][197]LogModuleManager: Shutting down and abandoning module OutputLog (132)
[2016.01.10-07.55.02:752][197]LogModuleManager: Shutting down and abandoning module GammaUI (131)
[2016.01.10-07.55.02:766][197]LogModuleManager: Shutting down and abandoning module Documentation (130)
[2016.01.10-07.55.02:766][197]LogModuleManager: Shutting down and abandoning module GameLiveStreaming (129)
[2016.01.10-07.55.02:781][197]LogModuleManager: Shutting down and abandoning module StreamingPauseRendering (128)
[2016.01.10-07.55.02:781][197]LogModuleManager: Shutting down and abandoning module AnalyticsET (127)
[2016.01.10-07.55.02:781][197]LogModuleManager: Shutting down and abandoning module Analytics (126)
[2016.01.10-07.55.02:781][197]LogModuleManager: Shutting down and abandoning module AITestSuite (125)
[2016.01.10-07.55.02:781][197]LogModuleManager: Shutting down and abandoning module GameplayDebugger (124)
[2016.01.10-07.55.02:781][197]LogModuleManager: Shutting down and abandoning module AIModule (123)
[2016.01.10-07.55.02:781][197]LogModuleManager: Shutting down and abandoning module ProfilerService (122)
[2016.01.10-07.55.03:010][197]LogModuleManager: Shutting down and abandoning module TaskGraph (121)
[2016.01.10-07.55.03:010][197]LogModuleManager: Shutting down and abandoning module SlateRemote (120)
[2016.01.10-07.55.03:010][197]LogModuleManager: Shutting down and abandoning module SteamVRController (119)
[2016.01.10-07.55.03:010][197]LogModuleManager: Shutting down and abandoning module SteamVR (118)
[2016.01.10-07.55.03:010][197]LogModuleManager: Shutting down and abandoning module ProceduralMeshComponent (117)
[2016.01.10-07.55.03:010][197]LogModuleManager: Shutting down and abandoning module OculusRift (116)
[2016.01.10-07.55.03:010][197]LogModuleManager: Shutting down and abandoning module OculusLibrary (115)
[2016.01.10-07.55.03:010][197]LogModuleManager: Shutting down and abandoning module LeapMotionController (114)
[2016.01.10-07.55.03:028][197]LogModuleManager: Shutting down and abandoning module CustomMeshComponent (113)
[2016.01.10-07.55.03:041][197]LogModuleManager: Shutting down and abandoning module CableComponent (112)
[2016.01.10-07.55.03:041][197]LogModuleManager: Shutting down and abandoning module ArchVisCharacter (111)
[2016.01.10-07.55.03:041][197]LogModuleManager: Shutting down and abandoning module MessagingDebugger (110)
[2016.01.10-07.55.03:053][197]LogModuleManager: Shutting down and abandoning module MediaPlayerEditor (109)
[2016.01.10-07.55.03:061][197]LogModuleManager: Shutting down and abandoning module HTML5Networking (108)
[2016.01.10-07.55.03:061][197]LogModuleManager: Shutting down and abandoning module SpeedTreeImporter (107)
[2016.01.10-07.55.03:061][197]LogModuleManager: Shutting down and abandoning module PluginBrowser (106)
[2016.01.10-07.55.03:061][197]LogModuleManager: Shutting down and abandoning module EpicSurvey (105)
[2016.01.10-07.55.03:061][197]LogModuleManager: Shutting down and abandoning module DesktopPlatform (104)
[2016.01.10-07.55.03:061][197]LogModuleManager: Shutting down and abandoning module VisualStudioSourceCodeAccess (103)
[2016.01.10-07.55.03:061][197]LogModuleManager: Shutting down and abandoning module UObjectPlugin (102)
[2016.01.10-07.55.03:061][197]LogModuleManager: Shutting down and abandoning module SubversionSourceControl (101)
[2016.01.10-07.55.03:061][197]LogModuleManager: Shutting down and abandoning module PerforceSourceControl (100)
[2016.01.10-07.55.03:061][197]LogModuleManager: Shutting down and abandoning module SourceControl (99)
[2016.01.10-07.55.03:061][197]LogModuleManager: Shutting down and abandoning module GitSourceControl (98)
[2016.01.10-07.55.03:061][197]LogModuleManager: Shutting down and abandoning module LightPropagationVolumeEditor (97)
[2016.01.10-07.55.03:061][197]LogModuleManager: Shutting down and abandoning module PaperTiledImporter (96)
[2016.01.10-07.55.03:061][197]LogModuleManager: Shutting down and abandoning module PaperSpriteSheetImporter (95)
[2016.01.10-07.55.03:061][197]LogModuleManager: Shutting down and abandoning module MeshPaint (94)
[2016.01.10-07.55.03:061][197]LogModuleManager: Shutting down and abandoning module SlateReflector (93)
[2016.01.10-07.55.03:072][197]LogModuleManager: Shutting down and abandoning module HotReload (92)
[2016.01.10-07.55.03:072][197]LogModuleManager: Shutting down and abandoning module MainFrame (91)
[2016.01.10-07.55.03:072][197]LogModuleManager: Shutting down and abandoning module LevelEditor (90)
[2016.01.10-07.55.03:087][197]LogModuleManager: Shutting down and abandoning module DirectoryWatcher (89)
[2016.01.10-07.55.03:089][197]LogModuleManager: Shutting down and abandoning module AssetRegistry (88)
[2016.01.10-07.55.03:206][197]LogModuleManager: Shutting down and abandoning module ContentBrowser (87)
[2016.01.10-07.55.03:207][197]LogModuleManager: Shutting down and abandoning module Paper2DEditor (86)
[2016.01.10-07.55.03:215][197]LogModuleManager: Shutting down and abandoning module UdpMessaging (85)
[2016.01.10-07.55.03:316][197]LogModuleManager: Shutting down and abandoning module LightPropagationVolumeRuntime (84)
[2016.01.10-07.55.03:316][197]LogModuleManager: Shutting down and abandoning module Paper2D (83)
[2016.01.10-07.55.03:316][197]LogModuleManager: Shutting down and abandoning module WindowsMoviePlayer (82)
[2016.01.10-07.55.03:324][197]LogModuleManager: Shutting down and abandoning module Media (81)
[2016.01.10-07.55.03:324][197]LogModuleManager: Shutting down and abandoning module WmfMedia (80)
[2016.01.10-07.55.03:325][197]LogModuleManager: Shutting down and abandoning module OnlineBlueprintSupport (79)
[2016.01.10-07.55.03:325][197]LogModuleManager: Shutting down and abandoning module GameplayTasksEditor (78)
[2016.01.10-07.55.03:325][197]LogModuleManager: Shutting down and abandoning module PropertyEditor (77)
[2016.01.10-07.55.03:325][197]LogModuleManager: Shutting down and abandoning module BehaviorTreeEditor (76)
[2016.01.10-07.55.03:325][197]LogModuleManager: Shutting down and abandoning module FunctionalTesting (75)
[2016.01.10-07.55.03:325][197]LogModuleManager: Shutting down and abandoning module CollisionAnalyzer (74)
[2016.01.10-07.55.03:325][197]LogModuleManager: Shutting down and abandoning module WorkspaceMenuStructure (73)
[2016.01.10-07.55.03:325][197]LogModuleManager: Shutting down and abandoning module MessageLog (72)
[2016.01.10-07.55.03:325][197]LogModuleManager: Shutting down and abandoning module Sequencer (71)
[2016.01.10-07.55.03:326][197]LogModuleManager: Shutting down and abandoning module AssetTools (70)
[2016.01.10-07.55.03:342][197]LogModuleManager: Shutting down and abandoning module UMGEditor (69)
[2016.01.10-07.55.03:355][197]LogModuleManager: Shutting down and abandoning module UMG (68)
[2016.01.10-07.55.03:355][197]LogModuleManager: Shutting down and abandoning module Slate (67)
[2016.01.10-07.55.03:355][197]LogModuleManager: Shutting down and abandoning module EditorStyle (66)
[2016.01.10-07.55.03:358][197]LogModuleManager: Shutting down and abandoning module SessionServices (65)
[2016.01.10-07.55.03:358][197]LogModuleManager: Shutting down and abandoning module SourceCodeAccess (64)
[2016.01.10-07.55.03:358][197]LogModuleManager: Shutting down and abandoning module HeadMountedDisplay (63)
[2016.01.10-07.55.03:358][197]LogModuleManager: Shutting down and abandoning module XAudio2 (62)
[2016.01.10-07.55.03:358][197]LogModuleManager: Shutting down and abandoning module Networking (60)
[2016.01.10-07.55.03:358][197]LogModuleManager: Shutting down and abandoning module Core (59)
[2016.01.10-07.55.03:358][197]LogModuleManager: Shutting down and abandoning module KismetCompiler (58)
[2016.01.10-07.55.03:358][197]LogModuleManager: Shutting down and abandoning module PhysXFormats (57)
[2016.01.10-07.55.03:358][197]LogModuleManager: Shutting down and abandoning module MeshUtilities (56)
[2016.01.10-07.55.03:358][197]LogModuleManager: Shutting down and abandoning module CookingStats (55)
[2016.01.10-07.55.03:362][197]LogModuleManager: Shutting down and abandoning module DerivedDataCache (54)
[2016.01.10-07.55.03:418][197]LogDerivedDataCache: Shutdown
[2016.01.10-07.55.03:418][197]LogModuleManager: Shutting down and abandoning module ShaderFormatOpenGL (53)
[2016.01.10-07.55.03:424][197]LogModuleManager: Shutting down and abandoning module ShaderFormatD3D (52)
[2016.01.10-07.55.03:424][197]LogModuleManager: Shutting down and abandoning module MetalShaderFormat (51)
[2016.01.10-07.55.03:442][197]LogModuleManager: Shutting down and abandoning module TextureFormatUncompressed (50)
[2016.01.10-07.55.03:442][197]LogModuleManager: Shutting down and abandoning module TextureFormatPVR (49)
[2016.01.10-07.55.03:442][197]LogModuleManager: Shutting down and abandoning module TextureFormatIntelISPCTexComp (48)
[2016.01.10-07.55.03:442][197]LogModuleManager: Shutting down and abandoning module TextureFormatDXT (47)
[2016.01.10-07.55.03:442][197]LogModuleManager: Shutting down and abandoning module ImageWrapper (46)
[2016.01.10-07.55.03:442][197]LogModuleManager: Shutting down and abandoning module TextureFormatASTC (45)
[2016.01.10-07.55.03:442][197]LogModuleManager: Shutting down and abandoning module TextureFormatAndroid (44)
[2016.01.10-07.55.03:442][197]LogModuleManager: Shutting down and abandoning module AudioFormatOpus (43)
[2016.01.10-07.55.03:442][197]LogModuleManager: Shutting down and abandoning module AudioFormatOgg (42)
[2016.01.10-07.55.03:442][197]LogModuleManager: Shutting down and abandoning module AudioFormatADPCM (41)
[2016.01.10-07.55.03:442][197]LogModuleManager: Shutting down and abandoning module LinuxTargetPlatform (40)
[2016.01.10-07.55.03:442][197]LogModuleManager: Shutting down and abandoning module LinuxServerTargetPlatform (39)
[2016.01.10-07.55.03:442][197]LogModuleManager: Shutting down and abandoning module LinuxNoEditorTargetPlatform (38)
[2016.01.10-07.55.03:442][197]LogModuleManager: Shutting down and abandoning module Messaging (37)
[2016.01.10-07.55.03:442][197]LogModuleManager: Shutting down and abandoning module IOSTargetPlatform (36)
[2016.01.10-07.55.03:442][197]LogModuleManager: Shutting down and abandoning module HTML5TargetPlatform (35)
[2016.01.10-07.55.03:442][197]LogModuleManager: Shutting down and abandoning module Android_PVRTCTargetPlatform (34)
[2016.01.10-07.55.03:453][197]LogModuleManager: Shutting down and abandoning module Android_ETC2TargetPlatform (33)
[2016.01.10-07.55.03:457][197]LogModuleManager: Shutting down and abandoning module Android_ETC1TargetPlatform (32)
[2016.01.10-07.55.03:469][197]LogModuleManager: Shutting down and abandoning module Android_DXTTargetPlatform (31)
[2016.01.10-07.55.03:487][197]LogModuleManager: Shutting down and abandoning module Android_ATCTargetPlatform (30)
[2016.01.10-07.55.03:502][197]LogModuleManager: Shutting down and abandoning module Android_ASTCTargetPlatform (29)
[2016.01.10-07.55.03:502][197]LogModuleManager: Shutting down and abandoning module AndroidTargetPlatform (28)
[2016.01.10-07.55.03:516][197]LogModuleManager: Shutting down and abandoning module WindowsTargetPlatform (27)
[2016.01.10-07.55.03:516][197]LogModuleManager: Shutting down and abandoning module WindowsServerTargetPlatform (26)
[2016.01.10-07.55.03:516][197]LogModuleManager: Shutting down and abandoning module WindowsNoEditorTargetPlatform (25)
[2016.01.10-07.55.03:516][197]LogModuleManager: Shutting down and abandoning module WindowsClientTargetPlatform (24)
[2016.01.10-07.55.03:516][197]LogModuleManager: Shutting down and abandoning module AllDesktopTargetPlatform (23)
[2016.01.10-07.55.03:516][197]LogModuleManager: Shutting down and abandoning module TargetPlatform (22)
[2016.01.10-07.55.03:516][197]LogModuleManager: Shutting down and abandoning module InputCore (21)
[2016.01.10-07.55.03:516][197]LogModuleManager: Shutting down and abandoning module Settings (20)
[2016.01.10-07.55.03:516][197]LogModuleManager: Shutting down and abandoning module OnlineSubsystem (18)
[2016.01.10-07.55.03:516][197]LogModuleManager: Shutting down and abandoning module HTTP (17)
[2016.01.10-07.55.05:518][197]LogModuleManager: Shutting down and abandoning module XMPP (16)
[2016.01.10-07.55.05:537][197]LogModuleManager: Shutting down and abandoning module ExampleDeviceProfileSelector (15)
[2016.01.10-07.55.05:537][197]LogModuleManager: Shutting down and abandoning module TextureCompressor (14)
[2016.01.10-07.55.05:549][197]LogModuleManager: Shutting down and abandoning module ShaderCore (13)
[2016.01.10-07.55.05:549][197]LogModuleManager: Shutting down and abandoning module Landscape (12)
[2016.01.10-07.55.05:549][197]LogModuleManager: Shutting down and abandoning module SlateRHIRenderer (11)
[2016.01.10-07.55.05:566][197]LogModuleManager: Shutting down and abandoning module OpenGLDrv (10)
[2016.01.10-07.55.05:577][197]LogModuleManager: Shutting down and abandoning module D3D11RHI (9)
[2016.01.10-07.55.05:577][197]LogModuleManager: Shutting down and abandoning module AnimGraphRuntime (8)
[2016.01.10-07.55.05:577][197]LogModuleManager: Shutting down and abandoning module Renderer (7)
[2016.01.10-07.55.05:577][197]LogModuleManager: Shutting down and abandoning module Engine (6)
[2016.01.10-07.55.05:577][197]LogModuleManager: Shutting down and abandoning module CoreUObject (5)
[2016.01.10-07.55.05:577][197]LogModuleManager: Shutting down and abandoning module NetworkFile (4)
[2016.01.10-07.55.05:593][197]LogModuleManager: Shutting down and abandoning module StreamingFile (3)
[2016.01.10-07.55.05:593][197]LogModuleManager: Shutting down and abandoning module SandboxFile (2)
[2016.01.10-07.55.05:604][197]LogModuleManager: Shutting down and abandoning module PakFile (1)
[2016.01.10-07.55.05:605][197]LogExit: Exiting.
[2016.01.10-07.55.05:617][197]Log file closed, 01/10/16 15:55:05
