[2016.01.10-10.44.54:722][  0]Log file open, 01/10/16 18:44:54
[2016.01.10-10.44.54:722][  0]LogInit:Display: Running engine for game: GameJam
[2016.01.10-10.44.54:722][  0]LogInit:Display: RandInit(-1509509637) SRandInit(-1509509637).
[2016.01.10-10.44.54:722][  0]LogTaskGraph: Started task graph with 4 named threads and 7 total threads.
[2016.01.10-10.44.54:722][  0]LogStats: Stats thread started at 0.071575
[2016.01.10-10.44.54:722][  0]LogInit: Version: 4.9.2-2707645+++depot+UE4-Releases+4.9
[2016.01.10-10.44.54:722][  0]LogInit: API Version: 2672455
[2016.01.10-10.44.54:722][  0]LogInit: Compiled (64-bit): Sep 28 2015 10:25:44
[2016.01.10-10.44.54:722][  0]LogInit: Compiled with Visual C++: 18.00.21005.01
[2016.01.10-10.44.54:722][  0]LogInit: Build Configuration: Development
[2016.01.10-10.44.54:722][  0]LogInit: Branch Name: ++depot+UE4-Releases+4.9
[2016.01.10-10.44.54:722][  0]LogInit: Command line:  
[2016.01.10-10.44.54:722][  0]LogInit: Base directory: D:/program/ue4/Epic Games/4.9/Engine/Binaries/Win64/
[2016.01.10-10.44.54:722][  0]LogInit: Rocket: 1
[2016.01.10-10.44.54:727][  0]LogInit: Using libcurl 7.41.0
[2016.01.10-10.44.54:727][  0]LogInit:  - built for x86_64-pc-win32
[2016.01.10-10.44.54:727][  0]LogInit:  - supports SSL with WinSSL
[2016.01.10-10.44.54:727][  0]LogInit:  - other features:
[2016.01.10-10.44.54:727][  0]LogInit:      CURL_VERSION_SSL
[2016.01.10-10.44.54:727][  0]LogInit:      CURL_VERSION_IPV6
[2016.01.10-10.44.54:727][  0]LogInit:      CURL_VERSION_ASYNCHDNS
[2016.01.10-10.44.54:727][  0]LogInit:      CURL_VERSION_LARGEFILE
[2016.01.10-10.44.54:727][  0]LogInit:      CURL_VERSION_IDN
[2016.01.10-10.44.54:727][  0]LogInit:  CurlRequestOptions (configurable via config and command line):
[2016.01.10-10.44.54:727][  0]LogInit:  - bVerifyPeer = true  - Libcurl will verify peer certificate
[2016.01.10-10.44.54:727][  0]LogInit:  - bUseHttpProxy = false  - Libcurl will NOT use HTTP proxy
[2016.01.10-10.44.54:727][  0]LogInit:  - bDontReuseConnections = false  - Libcurl will reuse connections
[2016.01.10-10.44.54:727][  0]LogInit:  - CertBundlePath = nullptr  - Libcurl will use whatever was configured at build time.
[2016.01.10-10.44.54:731][  0]LogInit: Presizing for 0 objects not considered by GC, pre-allocating 0 bytes.
[2016.01.10-10.44.54:737][  0]LogInit: Object subsystem initialized
[2016.01.10-10.44.54:738][  0]LogInit: Selected Device Profile: [Windows]
[2016.01.10-10.44.54:738][  0]LogInit: Applying CVar settings loaded from the selected device profile: [Windows]
[2016.01.10-10.44.54:745][  0]LogInit: Computer: ADMIN
[2016.01.10-10.44.54:745][  0]LogInit: User: user
[2016.01.10-10.44.54:745][  0]LogInit: CPU Page size=4096, Cores=4
[2016.01.10-10.44.54:745][  0]LogInit: High frequency timer resolution =3.515637 MHz
[2016.01.10-10.44.54:745][  0]LogMemory: Memory total: Physical=8.0GB (8GB approx)
[2016.01.10-10.44.54:745][  0]LogMemory: Platform Memory Stats for Windows
[2016.01.10-10.44.54:745][  0]LogMemory: Process Physical Memory: 51.86 MB used, 51.86 MB peak
[2016.01.10-10.44.54:745][  0]LogMemory: Process Virtual Memory: 56.86 MB used, 56.86 MB peak
[2016.01.10-10.44.54:745][  0]LogMemory: Physical Memory: 3965.62 MB used, 8141.13 MB total
[2016.01.10-10.44.54:745][  0]LogMemory: Virtual Memory: 345.18 MB used, 134217728.00 MB total
[2016.01.10-10.44.54:772][  0]LogTextLocalizationManager: No specific translations for ('en-GB') exist, so ('en') translations will be used.
[2016.01.10-10.44.55:388][  0]LogD3D11RHI: Found D3D11 adapter 0: NVIDIA GeForce GTX 750 Ti (Feature Level 11_0)
[2016.01.10-10.44.55:389][  0]LogD3D11RHI: Adapter has 1988MB of dedicated video memory, 0MB of dedicated system memory, and 2048MB of shared system memory, 1 output[s]
[2016.01.10-10.44.55:389][  0]LogD3D11RHI: Found D3D11 adapter 1: Microsoft Basic Render Driver (Feature Level 11_0)
[2016.01.10-10.44.55:389][  0]LogD3D11RHI: Adapter has 0MB of dedicated video memory, 0MB of dedicated system memory, and 256MB of shared system memory, 0 output[s]
[2016.01.10-10.44.55:389][  0]LogD3D11RHI: Chosen D3D11 Adapter Id = 0
[2016.01.10-10.44.55:393][  0]LogD3D11RHI: !Direct3DDevice
[2016.01.10-10.44.55:393][  0]LogRHI: Texture pool is 1361 MB (70% of 1945 MB)
[2016.01.10-10.44.55:402][  0]LogD3D11RHI: Async texture creation enabled
[2016.01.10-10.44.55:816][  0]LogShaderCompilers: Guid format shader working directory is 15 characters bigger than the processId version (../../../../../../../WORK/gamejam/Intermediate/Shaders/WorkingDirectory/1240/).
[2016.01.10-10.44.55:816][  0]LogShaderCompilers: Cleaned the shader compiler working directory '../../../../../../../WORK/gamejam/Intermediate/Shaders/tmp/19001F504C9AF4B9199A65A8D418E298/'.
[2016.01.10-10.44.55:816][  0]LogShaderCompilers:Display: Using Local Shader Compiler.
[2016.01.10-10.44.56:850][  0]LogTemp:Display: Loaded TP AllDesktopTargetPlatform
[2016.01.10-10.44.56:853][  0]LogTemp:Display: Loaded TP WindowsClientTargetPlatform
[2016.01.10-10.44.56:857][  0]LogTemp:Display: Loaded TP WindowsNoEditorTargetPlatform
[2016.01.10-10.44.56:860][  0]LogTemp:Display: Loaded TP WindowsServerTargetPlatform
[2016.01.10-10.44.56:864][  0]LogTemp:Display: Loaded TP WindowsTargetPlatform
[2016.01.10-10.44.56:867][  0]LogTemp:Display: Loaded TP AndroidTargetPlatform
[2016.01.10-10.44.56:869][  0]LogTemp:Display: Loaded TP Android_ASTCTargetPlatform
[2016.01.10-10.44.56:871][  0]LogTemp:Display: Loaded TP Android_ATCTargetPlatform
[2016.01.10-10.44.56:874][  0]LogTemp:Display: Loaded TP Android_DXTTargetPlatform
[2016.01.10-10.44.56:877][  0]LogTemp:Display: Loaded TP Android_ETC1TargetPlatform
[2016.01.10-10.44.56:879][  0]LogTemp:Display: Loaded TP Android_ETC2TargetPlatform
[2016.01.10-10.44.56:882][  0]LogTemp:Display: Loaded TP Android_PVRTCTargetPlatform
[2016.01.10-10.44.56:882][  0]LogTemp:Display: Loaded TP HTML5TargetPlatform
[2016.01.10-10.44.56:898][  0]LogTemp:Display: Loaded TP IOSTargetPlatform
[2016.01.10-10.44.56:900][  0]LogTemp:Display: Loaded TP LinuxNoEditorTargetPlatform
[2016.01.10-10.44.56:903][  0]LogTemp:Display: Loaded TP LinuxServerTargetPlatform
[2016.01.10-10.44.56:906][  0]LogTemp:Display: Loaded TP LinuxTargetPlatform
[2016.01.10-10.44.56:906][  0]LogTargetPlatformManager:Display: Building Assets For Windows
[2016.01.10-10.44.56:956][  0]LogDerivedDataCache:Display: Max Cache Size: 512 MB
[2016.01.10-10.44.57:005][  0]LogDerivedDataCache: Loaded boot cache 0.05s 41MB C:/Users/user/AppData/Local/UnrealEngine/4.9/DerivedDataCache/Boot.ddc.
[2016.01.10-10.44.57:005][  0]LogDerivedDataCache:Display: Loaded Boot cache: C:/Users/user/AppData/Local/UnrealEngine/4.9/DerivedDataCache/Boot.ddc
[2016.01.10-10.44.57:005][  0]LogDerivedDataCache: FDerivedDataBackendGraph:  Pak pak cache file ../../../../../../../WORK/gamejam/DerivedDataCache/DDC.ddp not found, will not use a pak cache.
[2016.01.10-10.44.57:005][  0]LogDerivedDataCache: Unable to find inner node Pak for hierarchical cache Hierarchy.
[2016.01.10-10.44.57:005][  0]LogDerivedDataCache: FDerivedDataBackendGraph:  CompressedPak pak cache file ../../../../../../../WORK/gamejam/DerivedDataCache/Compressed.ddp not found, will not use a pak cache.
[2016.01.10-10.44.57:005][  0]LogDerivedDataCache: Unable to find inner node CompressedPak for hierarchical cache Hierarchy.
[2016.01.10-10.44.57:123][  0]LogDerivedDataCache:Display: Pak cache opened for reading ../../../Engine/DerivedDataCache/Compressed.ddp.
[2016.01.10-10.44.57:135][  0]LogDerivedDataCache: Using Local data cache path C:/Users/user/AppData/Local/UnrealEngine/Common/DerivedDataCache: Writable
[2016.01.10-10.44.57:270][  0]LogInit: Selected Device Profile: [Windows]
[2016.01.10-10.44.57:272][  0]LogContentStreaming: Texture pool size is 0.000000MB
[2016.01.10-10.44.57:365][  0]LogMeshUtilities: No automatic mesh reduction module available
[2016.01.10-10.44.57:365][  0]LogMeshUtilities: No automatic mesh merging module available
[2016.01.10-10.44.57:554][  0]LogInit: WinSock: version 1.1 (2.2), MaxSocks=32767, MaxUdp=65467
[2016.01.10-10.44.58:092][  0]Ud